Running Rust examples (20)...
=== Example: branching_bad ===
==> cargo run --package openinfer --example branching_bad --features vulkan -- --target vulkan
0 8f6412a7-3233-4a28-b7fb-c1fa1b291164 [entry] -- op matmul(x,w) >> h -- (1ms 532us 135ns)
1 9eab3093-48cd-4da7-a5db-d3a58b679ff7 [entry] -- op is_finite(h) >> cond -- (0ms 9us 374ns)
7 f2561baa-70a8-4694-bc2c-12a6129e55ba [bad] -- op fill(h) >> h -- (0ms 52us 291ns)
8 5636a932-9943-4d68-812d-7dde9677bb60 [bad] -- return
9 4904e6ed-b874-4234-818f-50531a7a4ace [algorithm] -- op add(h,x) >> h -- (0ms 62us 916ns)
10 e7378a76-ffc8-4e82-9a66-61019ef7d918 [algorithm] -- return
4 d86dca5d-c452-4e7a-8f0e-6c549869e732 [entry] -- return
branch condition: false
h[0..100] = [NaN, -1.6191635, 1.9223928, -0.5900496, -1.4298182, -1.2646194, 0.81199145, -0.29402804, 0.40900683, -1.0378484, -1.3911409, -0.3824942, -0.39965796, -0.5789803, 1.9948573, 0.57005286, -1.9125714, -0.07803035, -0.7567271, 1.8490815, 0.12245965, 0.08744073, -0.049154043, 0.1809628, 1.7674994, 1.7445683, -1.5426888, 1.6718054, 1.310194, -1.372572, 0.15709949, 0.45003772, 0.37553525, 1.013504, -1.0684189, 0.7961166, -0.7092413, 1.6136756, 1.8817787, -0.71331155, 0.50361085, 0.3119042, -0.9204968, 1.575788, -1.4955177, -1.25213, 1.9723754, -1.0020918, -1.9858856, 1.2910538, 1.080719, 1.0460563, 1.1128011, 0.992995, 0.743531, 0.39066052, -0.26690888, -1.9280562, 1.7468729, -0.2523806, -1.3370771, 1.6038256, 1.7167454, 1.2041135, 1.220151, -0.016360521, -0.579975, 0.8463018, -0.5428113, 1.3154616, 1.7843723, -1.3906889, -1.0405134, 1.357729, -1.5992846, 0.31235576, -1.147106, -1.2236832, -1.094735, 0.92385936, 0.67897296, -1.4407067, -0.95826185, 1.569963, 1.6063905, 1.6889081, 0.8055761, 1.8530431, -0.5621623, 0.15377927, 0.73950124, 1.6642103, 1.7946639, -0.29309535, 1.7243066, 0.33243966, -0.64327705, 0.7116773, 1.7865682, 1.7103577]

=== Example: branching_good ===
==> cargo run --package openinfer --example branching_good --features vulkan -- --target vulkan
0 9b27f0f3-4560-4661-aa6c-eb85ed5c9c33 [entry] -- op matmul(x,w) >> h -- (1ms 517us 135ns)
1 5fbcc367-2a78-4a75-9310-03a7be6187f2 [entry] -- op is_finite(h) >> cond -- (62ms 365us 206ns)
5 1121656d-3c51-4a7e-92ca-a1b93796745b [ok] -- op relu(h) >> h -- (0ms 17us 187ns)
6 b47403ea-e9fa-46f1-89a1-3d67f0a61a2a [ok] -- return
9 abf3d470-58df-4b61-ae99-a199f3fca614 [algorithm] -- op add(h,x) >> h -- (0ms 21us 666ns)
10 a22c0346-c668-4fdf-afee-144f4619cc28 [algorithm] -- return
4 70f1e705-e32d-4d39-b26c-3a4fea324558 [entry] -- return
branch condition: true
h[0..100] = [2.0239592, -1.6191635, 2.744454, -0.5900496, -1.4298182, 1.6507204, 0.81199145, 5.764553, 1.9409255, 5.648093, -1.3911409, 11.957923, 7.077614, -0.5789803, 5.3101964, 0.57005286, 5.915539, 15.664672, 3.7640586, 1.8490815, 0.12245965, 2.1702774, 2.8210373, 0.1809628, 1.7674994, 5.9436994, -1.5426888, 13.82932, 2.095467, -1.372572, 0.15709949, 0.45003772, 0.37553525, 1.013504, -0.4680097, 6.217968, 1.3188831, 12.470709, 7.35823, -0.71331155, 0.50361085, 7.3153563, -0.9204968, 4.68917, 11.087004, 1.5467951, 1.9723754, -1.0020918, -1.9858856, 4.12646, 1.080719, 1.5935214, 6.7715373, 5.6089115, 6.0948076, 0.39066052, 16.165125, -1.9280562, 1.7468729, -0.2523806, -1.3370771, 8.586332, 1.7167454, 12.462051, 1.220151, 16.234509, -0.579975, 4.768345, -0.40354517, 1.3154616, 6.3475823, 3.9559426, 4.105327, 8.369709, -1.5992846, 13.363925, -0.28400642, -1.2236832, -1.094735, 10.961312, 5.7909937, 3.2890697, 2.8219156, 1.569963, 1.6063905, 3.0355773, 10.7854185, 1.8530431, 11.274473, 0.15377927, 7.9682093, 1.6642103, 5.8666353, 2.909561, 1.7243066, 0.33243966, -0.64327705, 12.2764, 1.7865682, 1.7103577]

=== Example: cache_auto_dim ===
==> cargo run --package openinfer --example cache_auto_dim --features vulkan -- --target vulkan
step 1 L shape = [5, 4]
step 1 M shape = [2, 7]
step 1 N shape = [7, 2]

step 2 L shape = [8, 6]
step 2 M shape = [2, 12]
step 2 N shape = [12, 2]

step 3 L shape = [11, 8]
step 3 M shape = [2, 17]
step 3 N shape = [17, 2]

=== Example: cache_fixed_limit ===
==> cargo run --package openinfer --example cache_fixed_limit --features vulkan -- --target vulkan
Expected cache limit error: auto_dim M exceeds fixed max 4 for 0

=== Example: cache_scalar ===
==> cargo run --package openinfer --example cache_scalar --features vulkan -- --target vulkan
step 0 read = 0
step 1 read = 1

=== Example: cache_table ===
==> cargo run --package openinfer --example cache_table --features vulkan -- --target vulkan
out_full shape = [3, 4]
out_slice shape = [2, 4]
out_reset[0..8] = [0.64990544, 0.94848967, 0.59415936, 0.3824712, 0.0, 0.0, 0.0, 0.0]

=== Example: cache_weight_update ===
==> cargo run --package openinfer --example cache_weight_update --features vulkan -- --target vulkan
step 1 out[0..4] = [0.31340373, -0.7802436, 1.0227059, -0.38774607]
step 2 out[0..4] = [0.62680745, -1.5604872, 2.0454118, -0.7754921]

=== Example: deserialize ===
==> cargo run --package openinfer --example deserialize --features vulkan -- --target vulkan
0 712eb158-2913-4b78-b5ef-9b49abbd559b [entry] -- assign t0
1 993207e0-bf56-4b44-bf96-bdd2de6799e4 [entry] -- op add(x,a) >> t0 -- (0ms 0us 0ns)
2 6d3fabf9-417c-4402-af4c-504fe802c012 [entry] -- op mul(y,t0) >> y -- (0ms 0us 0ns)
3 a51b0772-4fe5-49ad-b699-c70c1b082c0d [entry] -- return
y[0..100] = [30.264147, 27.615976, 1.9704801, 31.83252, 29.052525, -48.182278, 20.4248, 7.507924, 37.558743, -28.50735, -35.1819, 27.580126, -44.666138, -25.246027, 26.937254, 28.90633, 8.0797615, 23.964973, 0.05002767, 44.516903, 37.50197, 47.43583, -21.900875, -31.254988, -40.761982, -36.465603, 49.469322, 44.252487, -32.795532, -40.36075, -6.7792597, -11.271144, 16.422276, -1.1752007, -29.752789, 46.59925, 44.940166, -27.010052, -10.770239, 1.5567281, 20.003702, -30.934765, 23.028147, 31.150932, -0.14228255, -29.447533, -42.323906, 2.8432312, 34.513756, 16.971205, 26.575024, 0.75591534, -18.642351, 40.631363, 26.2729, 32.881565, 26.748686, -40.06402, 46.28954, 48.408157, -36.104546, -33.249332, -4.846969, 49.904427, -16.938805, 39.563164, -14.025449, 19.113659, -9.0368395, -43.860786, 28.370054, -43.25571, 39.53979, 11.042625, 20.978024, 6.621832, 18.90035, 32.71466, -14.236973, 20.444061, 38.066776, -44.103844, 34.30115, -44.486805, 48.789642, -2.5016356, 39.35639, 21.938873, -25.855982, 34.94481, -31.510696, -44.453808, -27.462963, -19.82955, 37.413155, -32.052902, 34.575325, 3.5758142, 11.11801, 49.920616]

=== Example: dtypes ===
==> cargo run --package openinfer --example dtypes --features vulkan -- --target vulkan
vulkan features: i64/u64=true, f64=false, f16=true
vulkan universal graph: ok
vulkan special graph: ok

=== Example: graph_nodes_traverse ===
==> cargo run --package openinfer --example graph_nodes_traverse --features vulkan -- --target vulkan
y={5.00, 5.00 ... 5.00, 5.00}      -- [Assign] entry ::  ()
y={5.00, 5.00 ... 5.00, 5.00}      -- [OpExecute] entry :: add (0ms 13us 489ns)
y={30.26, 27.62 ... 33.23, -39.93} -- [OpExecute] entry :: mul (0ms 10us 677ns)
y={30.26, 27.62 ... 33.23, -39.93} -- [Return] entry ::  ()

=== Example: loop ===
==> cargo run --package openinfer --example loop --features vulkan -- --target vulkan
0 6aa45db7-da0b-4ac1-9d35-d1a8c3fe8913 [entry] -- op add(x,QKV[0, 0]) >> y -- (0ms 0us 0ns)
1 5cc96b2a-bd17-4447-bb43-539abb87c369 [entry] -- op add(y,QKV[l=0, h=0]) >> y -- (0ms 0us 0ns)
1 5cc96b2a-bd17-4447-bb43-539abb87c369 [entry] -- op add(y,QKV[l=0, h=1]) >> y -- (0ms 0us 0ns)
1 5cc96b2a-bd17-4447-bb43-539abb87c369 [entry] -- op add(y,QKV[l=0, h=2]) >> y -- (0ms 0us 0ns)
1 5cc96b2a-bd17-4447-bb43-539abb87c369 [entry] -- op add(y,QKV[l=1, h=0]) >> y -- (0ms 0us 0ns)
1 5cc96b2a-bd17-4447-bb43-539abb87c369 [entry] -- op add(y,QKV[l=1, h=1]) >> y -- (0ms 0us 0ns)
1 5cc96b2a-bd17-4447-bb43-539abb87c369 [entry] -- op add(y,QKV[l=1, h=2]) >> y -- (0ms 0us 0ns)
4 b33d1429-1dce-4830-80d3-76b5c4594608 [entry] -- return
y[0..8] = [-2.7829034, 2.3224664, -0.26026878, -4.221941, 1.1039405, 0.055676937, -0.09576627, 4.407773]

=== Example: minimal ===
==> cargo run --package openinfer --example minimal --features vulkan -- --target vulkan
y[0..100] = [30.264147, 27.615976, 1.9704801, 31.83252, 29.052525, -48.182278, 20.4248, 7.507924, 37.558743, -28.50735, -35.1819, 27.580126, -44.666138, -25.246027, 26.937254, 28.90633, 8.0797615, 23.964973, 0.05002767, 44.516903, 37.50197, 47.43583, -21.900875, -31.254988, -40.761982, -36.465603, 49.469322, 44.252487, -32.795532, -40.36075, -6.7792597, -11.271144, 16.422276, -1.1752007, -29.752789, 46.59925, 44.940166, -27.010052, -10.770239, 1.5567281, 20.003702, -30.934765, 23.028147, 31.150932, -0.14228255, -29.447533, -42.323906, 2.8432312, 34.513756, 16.971205, 26.575024, 0.75591534, -18.642351, 40.631363, 26.2729, 32.881565, 26.748686, -40.06402, 46.28954, 48.408157, -36.104546, -33.249332, -4.846969, 49.904427, -16.938805, 39.563164, -14.025449, 19.113659, -9.0368395, -43.860786, 28.370054, -43.25571, 39.53979, 11.042625, 20.978024, 6.621832, 18.90035, 32.71466, -14.236973, 20.444061, 38.066776, -44.103844, 34.30115, -44.486805, 48.789642, -2.5016356, 39.35639, 21.938873, -25.855982, 34.94481, -31.510696, -44.453808, -27.462963, -19.82955, 37.413155, -32.052902, 34.575325, 3.5758142, 11.11801, 49.920616]

=== Example: multidim_broadcast ===
==> cargo run --package openinfer --example multidim_broadcast --features vulkan -- --target vulkan
out shape = [2, 4]
out[] = [0.0, 0.11, 0.22, 0.33, 0.8, 1.02, 1.24, 1.4599999]
out[0] = [0.0, 0.11, 0.22, 0.33]
out[1] = [0.8, 1.02, 1.24, 1.4599999]
out[1,3] = [1.4599999]

=== Example: ops_matrix ===
==> cargo run --package openinfer --example ops_matrix --features vulkan -- --target vulkan
=== i8 ===
[✅] add[0..4] = [-5, -3, -1, 1] -- CPUref: [-5, -3, -1, 1]
[✅] mul[0..4] = [4, 0, -2, -2] -- CPUref: [4, 0, -2, -2]
[✅] abs[0..4] = [4, 3, 2, 1] -- CPUref: [4, 3, 2, 1]
[✅] relu[0..4] = [0, 0, 0, 0] -- CPUref: [0, 0, 0, 0]
[✅] fill[0..4] = [1, 1, 1, 1] -- CPUref: [1, 1, 1, 1]
[✅] finite = true -- CPUref: true
[✅] mm[0..4] = [-1, -4, -7, -10] -- CPUref: [-1, -4, -7, -10]

=== i16 ===
[✅] add[0..4] = [-5, -3, -1, 1] -- CPUref: [-5, -3, -1, 1]
[✅] mul[0..4] = [4, 0, -2, -2] -- CPUref: [4, 0, -2, -2]
[✅] abs[0..4] = [4, 3, 2, 1] -- CPUref: [4, 3, 2, 1]
[✅] relu[0..4] = [0, 0, 0, 0] -- CPUref: [0, 0, 0, 0]
[✅] fill[0..4] = [1, 1, 1, 1] -- CPUref: [1, 1, 1, 1]
[✅] finite = true -- CPUref: true
[✅] mm[0..4] = [-1, -4, -7, -10] -- CPUref: [-1, -4, -7, -10]

=== i32 ===
[✅] add[0..4] = [-5, -3, -1, 1] -- CPUref: [-5, -3, -1, 1]
[✅] mul[0..4] = [4, 0, -2, -2] -- CPUref: [4, 0, -2, -2]
[✅] abs[0..4] = [4, 3, 2, 1] -- CPUref: [4, 3, 2, 1]
[✅] relu[0..4] = [0, 0, 0, 0] -- CPUref: [0, 0, 0, 0]
[✅] fill[0..4] = [1, 1, 1, 1] -- CPUref: [1, 1, 1, 1]
[✅] finite = true -- CPUref: true
[✅] mm[0..4] = [-1, -4, -7, -10] -- CPUref: [-1, -4, -7, -10]

=== i64 ===
[✅] add[0..4] = [-5, -3, -1, 1] -- CPUref: [-5, -3, -1, 1]
[✅] mul[0..4] = [4, 0, -2, -2] -- CPUref: [4, 0, -2, -2]
[✅] abs[0..4] = [4, 3, 2, 1] -- CPUref: [4, 3, 2, 1]
[✅] relu[0..4] = [0, 0, 0, 0] -- CPUref: [0, 0, 0, 0]
[✅] fill[0..4] = [1, 1, 1, 1] -- CPUref: [1, 1, 1, 1]
[✅] finite = true -- CPUref: true
[✅] mm[0..4] = [-1, -4, -7, -10] -- CPUref: [-1, -4, -7, -10]

=== u8 ===
[✅] add[0..4] = [1, 3, 5, 7] -- CPUref: [1, 3, 5, 7]
[✅] mul[0..4] = [0, 2, 6, 12] -- CPUref: [0, 2, 6, 12]
[✅] abs[0..4] = [0, 1, 2, 3] -- CPUref: [0, 1, 2, 3]
[✅] relu[0..4] = [0, 1, 2, 2] -- CPUref: [0, 1, 2, 2]
[✅] fill[0..4] = [1, 1, 1, 1] -- CPUref: [1, 1, 1, 1]
[✅] finite = true -- CPUref: true
[✅] mm[0..4] = [23, 26, 29, 32] -- CPUref: [23, 26, 29, 32]

=== u16 ===
[✅] add[0..4] = [1, 3, 5, 7] -- CPUref: [1, 3, 5, 7]
[✅] mul[0..4] = [0, 2, 6, 12] -- CPUref: [0, 2, 6, 12]
[✅] abs[0..4] = [0, 1, 2, 3] -- CPUref: [0, 1, 2, 3]
[✅] relu[0..4] = [0, 1, 2, 2] -- CPUref: [0, 1, 2, 2]
[✅] fill[0..4] = [1, 1, 1, 1] -- CPUref: [1, 1, 1, 1]
[✅] finite = true -- CPUref: true
[✅] mm[0..4] = [23, 26, 29, 32] -- CPUref: [23, 26, 29, 32]

=== u32 ===
[✅] add[0..4] = [1, 3, 5, 7] -- CPUref: [1, 3, 5, 7]
[✅] mul[0..4] = [0, 2, 6, 12] -- CPUref: [0, 2, 6, 12]
[✅] abs[0..4] = [0, 1, 2, 3] -- CPUref: [0, 1, 2, 3]
[✅] relu[0..4] = [0, 1, 2, 2] -- CPUref: [0, 1, 2, 2]
[✅] fill[0..4] = [1, 1, 1, 1] -- CPUref: [1, 1, 1, 1]
[✅] finite = true -- CPUref: true
[✅] mm[0..4] = [23, 26, 29, 32] -- CPUref: [23, 26, 29, 32]

=== u64 ===
[✅] add[0..4] = [1, 3, 5, 7] -- CPUref: [1, 3, 5, 7]
[✅] mul[0..4] = [0, 2, 6, 12] -- CPUref: [0, 2, 6, 12]
[✅] abs[0..4] = [0, 1, 2, 3] -- CPUref: [0, 1, 2, 3]
[✅] relu[0..4] = [0, 1, 2, 2] -- CPUref: [0, 1, 2, 2]
[✅] fill[0..4] = [1, 1, 1, 1] -- CPUref: [1, 1, 1, 1]
[✅] finite = true -- CPUref: true
[✅] mm[0..4] = [23, 26, 29, 32] -- CPUref: [23, 26, 29, 32]

=== f32 ===
[✅] add[0..4] = [-1.5, -0.5, 0.5, 1.5] -- CPUref: [-1.5, -0.5, 0.5, 1.5]
[✅] mul[0..4] = [-1.0, -1.5, -1.5, -1.0] -- CPUref: [-1.0, -1.5, -1.5, -1.0]
[✅] abs[0..4] = [2.0, 1.5, 1.0, 0.5] -- CPUref: [2.0, 1.5, 1.0, 0.5]
[✅] relu[0..4] = [-0.2, -0.15, -0.1, -0.05] -- CPUref: [-0.2, -0.15, -0.1, -0.05]
[✅] fill[0..4] = [1.0, 1.0, 1.0, 1.0] -- CPUref: [1.0, 1.0, 1.0, 1.0]
[✅] finite = true -- CPUref: true
[✅] mm[0..4] = [-2.875, -3.4375, -4.0, -4.5625] -- CPUref: [-2.875, -3.4375, -4.0, -4.5625]

=== bool ===
[✅] add[0..4] = [true, false, true, true] -- CPUref: [true, false, true, true]
[✅] mul[0..4] = [true, false, false, false] -- CPUref: [true, false, false, false]
[✅] abs[0..4] = [true, false, true, false] -- CPUref: [true, false, true, false]
[✅] relu[0..4] = [true, false, true, false] -- CPUref: [true, false, true, false]
[✅] fill[0..4] = [true, true, true, true] -- CPUref: [true, true, true, true]
[✅] finite = true -- CPUref: true
[✅] mm[0..4] = [true, true, false, true] -- CPUref: [true, true, false, true]

ops_matrix completed

=== Example: prefix_table ===
==> cargo run --package openinfer --example prefix_table --features vulkan -- --target vulkan
0 ba65d41b-722b-4ea8-acbc-e83ff21014e5 [entry] -- op add(x,W[0]) >> y -- (0ms 0us 0ns)
1 ef218362-878e-434c-8a88-987ee5029cc5 [entry] -- op add(y,W[1]) >> y -- (0ms 0us 0ns)
2 8bfb0fd7-2c7d-4a05-8166-1c0cb2fd3e78 [entry] -- op add(y,W[2]) >> y -- (0ms 0us 0ns)
3 ee01356c-5f18-463c-9331-613f1bad488d [entry] -- op add(y,W[3]) >> y -- (0ms 0us 0ns)
4 ee00b667-2e2b-4b65-9035-d553751efd6d [entry] -- op add(y,W[4]) >> y -- (0ms 0us 0ns)
5 023d345e-bca7-4094-a255-fc007c7ad867 [entry] -- op add(y,W[5]) >> y -- (0ms 0us 0ns)
6 cc65e743-d3e5-46c9-9f7b-da126bb9cfa5 [entry] -- op add(y,W[6]) >> y -- (0ms 0us 0ns)
7 e5e08ad6-1e88-4d11-b517-258fec9eb9ad [entry] -- op add(y,W[7]) >> y -- (0ms 0us 0ns)
8 ea855a49-e147-4cda-bfa8-b7f5719d68b4 [entry] -- op add(y,W[8]) >> y -- (0ms 0us 0ns)
9 0618aaff-8cc9-4922-bf58-2ceba52d65c6 [entry] -- op add(y,W[9]) >> y -- (0ms 0us 0ns)
10 880849c8-0cb3-4c6a-8afa-4cf12451309d [entry] -- op add(y,W[10]) >> y -- (0ms 0us 0ns)
11 aad37423-f36a-421e-a50a-8f9415799443 [entry] -- op add(y,QKV[0, 0]) >> y -- (0ms 0us 0ns)
12 d08b5a5f-84cd-4e23-9625-9d598bf8f2f4 [entry] -- op add(y,QKV[1, 2]) >> y -- (0ms 0us 0ns)
13 7637ddf6-76d6-4e63-8163-4587cbf87eb7 [entry] -- return
y[0..8] = [5.516369, -4.764134, 7.4285374, 1.0918117, -1.9848148, 1.5925673, 2.024328, -2.8601072]

=== Example: reference ===
==> cargo run --package openinfer --example reference --features vulkan -- --target vulkan
out[0..8] = [-0.05902803, -2.334038, -0.88252354, -0.32670987, -2.3555837, -1.8749657, 0.62715816, 0.058831856]

=== Example: relu ===
==> cargo run --package openinfer --example relu --features vulkan -- --target vulkan
relu settings: negative_slope=0.1, clamp_max=6
y[0..100] = [1.8087559, 1.3866806, 0.33173323, 1.6407619, 1.8560529, -0.28449327, 1.0288668, 0.504956, 2.2237687, -0.14269765, -0.22630219, 1.6319218, -0.25778076, -0.16878188, 1.7343187, 1.7622814, 0.7043607, 1.4960308, 0.1809287, 2.8136268, 2.0998993, 2.9779043, -0.1305167, -0.21637416, -0.27227134, -0.23228101, 2.9434233, 2.7890148, -0.1764123, -0.27036002, -0.041639637, -0.04457877, 0.91124296, -0.023652172, -0.18529692, 2.5455766, 2.9726543, -0.16377567, -0.06218157, 0.355994, 1.1154256, -0.20676656, 1.3259244, 2.012998, -0.021246552, -0.17725495, -0.2545968, 0.01877594, 2.282072, 0.8264966, 1.4845295, -0.012690306, -0.09335108, 2.256463, 1.76158, 2.2239628, 1.3917851, -0.26206112, 2.5514503, 2.9213443, -0.20307016, -0.1699215, -0.037825037, 2.8623204, -0.12176698, 2.5046635, -0.06706577, 1.063221, -0.07252431, -0.290985, 1.9118886, -0.25846705, 2.1355586, 0.70892763, 1.2049804, 0.6826155, 1.0299454, 1.7114267, -0.105031334, 0.995332, 2.1877937, -0.24935618, 1.8969593, -0.24962132, 2.7286143, 0.11227131, 2.1660914, 1.5176282, -0.14764471, 2.2066464, -0.20054439, -0.24743715, -0.15855315, -0.08932676, 2.3872929, -0.18758875, 2.310967, 0.13465309, 0.73882604, 2.8600612]

=== Example: serialize ===
==> cargo run --package openinfer --example serialize --features vulkan -- --target vulkan

=== Example: trace_example ===
==> cargo run --package openinfer --example trace_example --features vulkan -- --target vulkan
0 059472f0-f52f-4bdf-8cbe-5e1deb64b632 [entry] -- assign t0
1 6f3c7dba-c1b6-4618-ae4b-af5d0af8b93c [entry] -- op add(x,a) >> t0 -- (0ms 13us 177ns)
2 bad71ca2-24b7-4f91-b077-c85cf802c0ae [entry] -- op mul(y,t0) >> y -- (0ms 10us 416ns)
3 1a028f57-7923-4be0-8186-1d5e8d792ed5 [entry] -- return

=== Example: yield ===
==> cargo run --package openinfer --example yield --features vulkan -- --target vulkan
0 9d3e6900-6ab3-4065-aff8-b144f2051e86 [entry] -- op matmul(x,w) >> h -- (1ms 452us 968ns)
1 b93fbaef-56bc-450d-9b97-99c87ab13c81 [entry] -- yield x
5 14765da9-29e7-4051-bb91-770f17087b45 [writer] -- await x
8 1ffc4743-4385-472a-bb46-364c03dd5433 [reader] -- await x
2 c59c6ee4-22f6-4036-8550-a5d7c6377760 [entry] -- op relu(h) >> h -- (0ms 12us 187ns)
9 b265c22b-f9b3-4aac-811e-0be443969757 [reader] -- op relu(x) >> h2 -- (0ms 11us 822ns)
10 e2f51750-7e31-44d3-8fa0-0f201fcc92c2 [reader] -- yield x
6 58519bfd-862e-4b81-87db-6895f78f66f8 [writer] -- op add(x,bias) >> x -- (0ms 12us 604ns)
7 cb21a073-c195-47cf-a19d-e37443f961c2 [writer] -- yield x
3 c909a08a-7cdc-4c27-859b-3b611edb2638 [entry] -- await x
4 c37adbf7-89e3-449e-80ac-7e30707cf995 [entry] -- return
x[0..8] = [0.600452, 0.45852458, 0.11033394, 0.53058904, 0.6259034, -0.9439832, 0.3392783, 0.18437307]

All Rust examples completed successfully.
