Running Rust examples (16)...
=== Example: cache_auto_dim ===
==> cargo run --package openinfer --example cache_auto_dim --features vulkan -- --target vulkan
step 1 L shape = [5, 4]
step 1 M shape = [2, 7]
step 1 N shape = [7, 2]

step 2 L shape = [8, 6]
step 2 M shape = [2, 12]
step 2 N shape = [12, 2]

step 3 L shape = [11, 8]
step 3 M shape = [2, 17]
step 3 N shape = [17, 2]

=== Example: cache_fixed_limit ===
==> cargo run --package openinfer --example cache_fixed_limit --features vulkan -- --target vulkan
Expected cache limit error: auto_dim M exceeds fixed max 4 for 0

=== Example: cache_scalar ===
==> cargo run --package openinfer --example cache_scalar --features vulkan -- --target vulkan
step 0 read = 0
step 1 read = 1

=== Example: cache_table ===
==> cargo run --package openinfer --example cache_table --features vulkan -- --target vulkan
out_full shape = [3, 4]
out_slice shape = [2, 4]
out_reset[0..8] = [0.64990544, 0.94848967, 0.59415936, 0.3824712, 0.0, 0.0, 0.0, 0.0]

=== Example: cache_weight_update ===
==> cargo run --package openinfer --example cache_weight_update --features vulkan -- --target vulkan
step 1 out[0..4] = [0.31340373, -0.7802436, 1.0227059, -0.38774607]
step 2 out[0..4] = [0.62680745, -1.5604872, 2.0454118, -0.7754921]

=== Example: deserialize ===
==> cargo run --package openinfer --example deserialize --features vulkan -- --target vulkan
0 ae6ea8ce-2feb-40ba-a5bf-6fd93604391c [entry] -- assign t0
1 fbab8c64-e508-4495-a9d8-3ac190a2c7f1 [entry] -- op add(x,a) >> t0 -- (0ms 0us 0ns)
2 47d587e3-dd3a-4032-a7d3-002a08747913 [entry] -- op mul(y,t0) >> y -- (0ms 0us 0ns)
3 bef260a1-ae90-49e1-b65f-35288c346928 [entry] -- return
y[0..100] = [30.264147, 27.615976, 1.9704801, 31.83252, 29.052525, -48.182278, 20.4248, 7.507924, 37.558743, -28.50735, -35.1819, 27.580126, -44.666138, -25.246027, 26.937254, 28.90633, 8.0797615, 23.964973, 0.05002767, 44.516903, 37.50197, 47.43583, -21.900875, -31.254988, -40.761982, -36.465603, 49.469322, 44.252487, -32.795532, -40.36075, -6.7792597, -11.271144, 16.422276, -1.1752007, -29.752789, 46.59925, 44.940166, -27.010052, -10.770239, 1.5567281, 20.003702, -30.934765, 23.028147, 31.150932, -0.14228255, -29.447533, -42.323906, 2.8432312, 34.513756, 16.971205, 26.575024, 0.75591534, -18.642351, 40.631363, 26.2729, 32.881565, 26.748686, -40.06402, 46.28954, 48.408157, -36.104546, -33.249332, -4.846969, 49.904427, -16.938805, 39.563164, -14.025449, 19.113659, -9.0368395, -43.860786, 28.370054, -43.25571, 39.53979, 11.042625, 20.978024, 6.621832, 18.90035, 32.71466, -14.236973, 20.444061, 38.066776, -44.103844, 34.30115, -44.486805, 48.789642, -2.5016356, 39.35639, 21.938873, -25.855982, 34.94481, -31.510696, -44.453808, -27.462963, -19.82955, 37.413155, -32.052902, 34.575325, 3.5758142, 11.11801, 49.920616]

=== Example: graph_nodes_traverse ===
==> cargo run --package openinfer --example graph_nodes_traverse --features vulkan -- --target vulkan
y={5.00, 5.00 ... 5.00, 5.00}      -- [Assign] entry ::  ()
y={5.00, 5.00 ... 5.00, 5.00}      -- [OpExecute] entry :: add (0ms 11us 874ns)
y={30.26, 27.62 ... 33.23, -39.93} -- [OpExecute] entry :: mul (0ms 12us 187ns)
y={30.26, 27.62 ... 33.23, -39.93} -- [Return] entry ::  ()

=== Example: loop ===
==> cargo run --package openinfer --example loop --features vulkan -- --target vulkan
0 b2c0cde9-abb7-40ed-b5b6-18f9d0fcdd90 [entry] -- op add(x,QKV[0, 0]) >> y -- (0ms 0us 0ns)
1 734eb9b2-e0cd-41f2-ad62-8200d4377cdf [entry] -- op add(y,QKV[l=0, h=0]) >> y -- (0ms 0us 0ns)
1 734eb9b2-e0cd-41f2-ad62-8200d4377cdf [entry] -- op add(y,QKV[l=0, h=1]) >> y -- (0ms 0us 0ns)
1 734eb9b2-e0cd-41f2-ad62-8200d4377cdf [entry] -- op add(y,QKV[l=0, h=2]) >> y -- (0ms 0us 0ns)
1 734eb9b2-e0cd-41f2-ad62-8200d4377cdf [entry] -- op add(y,QKV[l=1, h=0]) >> y -- (0ms 0us 0ns)
1 734eb9b2-e0cd-41f2-ad62-8200d4377cdf [entry] -- op add(y,QKV[l=1, h=1]) >> y -- (0ms 0us 0ns)
1 734eb9b2-e0cd-41f2-ad62-8200d4377cdf [entry] -- op add(y,QKV[l=1, h=2]) >> y -- (0ms 0us 0ns)
4 af329825-d538-45d2-859a-482e1a1590d1 [entry] -- return
y[0..8] = [-2.7829034, 2.3224664, -0.26026878, -4.221941, 1.1039405, 0.055676937, -0.09576627, 4.407773]

=== Example: minimal ===
==> cargo run --package openinfer --example minimal --features vulkan -- --target vulkan
y[0..100] = [30.264147, 27.615976, 1.9704801, 31.83252, 29.052525, -48.182278, 20.4248, 7.507924, 37.558743, -28.50735, -35.1819, 27.580126, -44.666138, -25.246027, 26.937254, 28.90633, 8.0797615, 23.964973, 0.05002767, 44.516903, 37.50197, 47.43583, -21.900875, -31.254988, -40.761982, -36.465603, 49.469322, 44.252487, -32.795532, -40.36075, -6.7792597, -11.271144, 16.422276, -1.1752007, -29.752789, 46.59925, 44.940166, -27.010052, -10.770239, 1.5567281, 20.003702, -30.934765, 23.028147, 31.150932, -0.14228255, -29.447533, -42.323906, 2.8432312, 34.513756, 16.971205, 26.575024, 0.75591534, -18.642351, 40.631363, 26.2729, 32.881565, 26.748686, -40.06402, 46.28954, 48.408157, -36.104546, -33.249332, -4.846969, 49.904427, -16.938805, 39.563164, -14.025449, 19.113659, -9.0368395, -43.860786, 28.370054, -43.25571, 39.53979, 11.042625, 20.978024, 6.621832, 18.90035, 32.71466, -14.236973, 20.444061, 38.066776, -44.103844, 34.30115, -44.486805, 48.789642, -2.5016356, 39.35639, 21.938873, -25.855982, 34.94481, -31.510696, -44.453808, -27.462963, -19.82955, 37.413155, -32.052902, 34.575325, 3.5758142, 11.11801, 49.920616]

=== Example: multidim_broadcast ===
==> cargo run --package openinfer --example multidim_broadcast --features vulkan -- --target vulkan
out shape = [2, 4]
out[] = [0.0, 0.11, 0.22, 0.33, 0.8, 1.02, 1.24, 1.4599999]
out[0] = [0.0, 0.11, 0.22, 0.33]
out[1] = [0.8, 1.02, 1.24, 1.4599999]
out[1,3] = [1.4599999]

=== Example: prefix_table ===
==> cargo run --package openinfer --example prefix_table --features vulkan -- --target vulkan
0 7592b080-2d74-43eb-afbe-0bc8e0d7a47a [entry] -- op add(x,W[0]) >> y -- (0ms 0us 0ns)
1 745b1617-dc83-4830-afe0-c914c13cc2c5 [entry] -- op add(y,W[1]) >> y -- (0ms 0us 0ns)
2 82b933f9-d28e-48ba-8555-dc676579c877 [entry] -- op add(y,W[2]) >> y -- (0ms 0us 0ns)
3 7c0e3673-1afb-43d2-8b63-e167a85857ed [entry] -- op add(y,W[3]) >> y -- (0ms 0us 0ns)
4 b0a7e00c-dbd2-4568-9979-b4d92f4edfac [entry] -- op add(y,W[4]) >> y -- (0ms 0us 0ns)
5 0b6c9053-33b0-415c-997f-229bdfd4f696 [entry] -- op add(y,W[5]) >> y -- (0ms 0us 0ns)
6 991151a3-7012-4141-9724-1458d10354ac [entry] -- op add(y,W[6]) >> y -- (0ms 0us 0ns)
7 0e8606b4-df00-4957-b0db-55f536c1bb95 [entry] -- op add(y,W[7]) >> y -- (0ms 0us 0ns)
8 11736243-346a-4c40-9a1b-4000397ec161 [entry] -- op add(y,W[8]) >> y -- (0ms 0us 0ns)
9 ed835eba-9b54-48b8-af51-b94a1c58e596 [entry] -- op add(y,W[9]) >> y -- (0ms 0us 0ns)
10 271f7791-4492-4db7-a891-04c0a45b8c9b [entry] -- op add(y,W[10]) >> y -- (0ms 0us 0ns)
11 f1c98945-3910-4f64-acf7-9d6de2af8cbc [entry] -- op add(y,QKV[0, 0]) >> y -- (0ms 0us 0ns)
12 2d5884e6-eaac-4536-ab5e-fe1ecdee9b9e [entry] -- op add(y,QKV[1, 2]) >> y -- (0ms 0us 0ns)
13 d1391bc5-e4b8-46d9-a681-3c8e73fe0a13 [entry] -- return
y[0..8] = [5.516369, -4.764134, 7.4285374, 1.0918117, -1.9848148, 1.5925673, 2.024328, -2.8601072]

=== Example: reference ===
==> cargo run --package openinfer --example reference --features vulkan -- --target vulkan
out[0..8] = [-0.05902803, -2.334038, -0.88252354, -0.32670987, -2.3555837, -1.8749657, 0.62715816, 0.058831856]

=== Example: relu ===
==> cargo run --package openinfer --example relu --features vulkan -- --target vulkan
relu settings: negative_slope=0.1, clamp_max=6
y[0..100] = [1.8087559, 1.3866806, 0.33173323, 1.6407619, 1.8560529, -0.28449327, 1.0288668, 0.504956, 2.2237687, -0.14269765, -0.22630219, 1.6319218, -0.25778076, -0.16878188, 1.7343187, 1.7622814, 0.7043607, 1.4960308, 0.1809287, 2.8136268, 2.0998993, 2.9779043, -0.1305167, -0.21637416, -0.27227134, -0.23228101, 2.9434233, 2.7890148, -0.1764123, -0.27036002, -0.041639637, -0.04457877, 0.91124296, -0.023652172, -0.18529692, 2.5455766, 2.9726543, -0.16377567, -0.06218157, 0.355994, 1.1154256, -0.20676656, 1.3259244, 2.012998, -0.021246552, -0.17725495, -0.2545968, 0.01877594, 2.282072, 0.8264966, 1.4845295, -0.012690306, -0.09335108, 2.256463, 1.76158, 2.2239628, 1.3917851, -0.26206112, 2.5514503, 2.9213443, -0.20307016, -0.1699215, -0.037825037, 2.8623204, -0.12176698, 2.5046635, -0.06706577, 1.063221, -0.07252431, -0.290985, 1.9118886, -0.25846705, 2.1355586, 0.70892763, 1.2049804, 0.6826155, 1.0299454, 1.7114267, -0.105031334, 0.995332, 2.1877937, -0.24935618, 1.8969593, -0.24962132, 2.7286143, 0.11227131, 2.1660914, 1.5176282, -0.14764471, 2.2066464, -0.20054439, -0.24743715, -0.15855315, -0.08932676, 2.3872929, -0.18758875, 2.310967, 0.13465309, 0.73882604, 2.8600612]

=== Example: serialize ===
==> cargo run --package openinfer --example serialize --features vulkan -- --target vulkan

=== Example: trace_example ===
==> cargo run --package openinfer --example trace_example --features vulkan -- --target vulkan
0 88ffe652-9314-4169-a2df-618d91c1da81 [entry] -- assign t0
1 af6d0c2a-1f1d-4019-97f9-01830ecaddd5 [entry] -- op add(x,a) >> t0 -- (0ms 14us 739ns)
2 65284e68-3065-48f5-a598-50db581f93ea [entry] -- op mul(y,t0) >> y -- (0ms 12us 916ns)
3 c1e7bacc-78b3-4b27-b651-eb2b4b1c875d [entry] -- return

=== Example: worst_case ===
==> cargo run --package openinfer --example worst_case --features vulkan -- --target vulkan
0 1d94b07c-e569-4338-b207-39437a95b958 [entry] -- op add(x,w) >> x -- (8ms 765us 51ns)
0 1d94b07c-e569-4338-b207-39437a95b958 [entry] -- op add(x,w) >> x -- (12ms 785us 833ns)
0 1d94b07c-e569-4338-b207-39437a95b958 [entry] -- op add(x,w) >> x -- (7ms 365us 156ns)
0 1d94b07c-e569-4338-b207-39437a95b958 [entry] -- op add(x,w) >> x -- (6ms 653us 801ns)
0 1d94b07c-e569-4338-b207-39437a95b958 [entry] -- op add(x,w) >> x -- (8ms 301us 406ns)
0 1d94b07c-e569-4338-b207-39437a95b958 [entry] -- op add(x,w) >> x -- (5ms 751us 93ns)
0 1d94b07c-e569-4338-b207-39437a95b958 [entry] -- op add(x,w) >> x -- (6ms 20us 208ns)
0 1d94b07c-e569-4338-b207-39437a95b958 [entry] -- op add(x,w) >> x -- (6ms 235us 676ns)
0 1d94b07c-e569-4338-b207-39437a95b958 [entry] -- op add(x,w) >> x -- (8ms 357us 760ns)
0 1d94b07c-e569-4338-b207-39437a95b958 [entry] -- op add(x,w) >> x -- (5ms 978us 645ns)
0 1d94b07c-e569-4338-b207-39437a95b958 [entry] -- op add(x,w) >> x -- (7ms 777us 447ns)
0 1d94b07c-e569-4338-b207-39437a95b958 [entry] -- op add(x,w) >> x -- (5ms 900us 468ns)
0 1d94b07c-e569-4338-b207-39437a95b958 [entry] -- op add(x,w) >> x -- (7ms 998us 72ns)
0 1d94b07c-e569-4338-b207-39437a95b958 [entry] -- op add(x,w) >> x -- (5ms 886us 93ns)
0 1d94b07c-e569-4338-b207-39437a95b958 [entry] -- op add(x,w) >> x -- (7ms 399us 478ns)
0 1d94b07c-e569-4338-b207-39437a95b958 [entry] -- op add(x,w) >> x -- (5ms 871us 301ns)
0 1d94b07c-e569-4338-b207-39437a95b958 [entry] -- op add(x,w) >> x -- (6ms 424us 62ns)
0 1d94b07c-e569-4338-b207-39437a95b958 [entry] -- op add(x,w) >> x -- (5ms 939us 166ns)
0 1d94b07c-e569-4338-b207-39437a95b958 [entry] -- op add(x,w) >> x -- (5ms 964us 270ns)
0 1d94b07c-e569-4338-b207-39437a95b958 [entry] -- op add(x,w) >> x -- (5ms 957us 604ns)
0 1d94b07c-e569-4338-b207-39437a95b958 [entry] -- op add(x,w) >> x -- (5ms 965us 312ns)
0 1d94b07c-e569-4338-b207-39437a95b958 [entry] -- op add(x,w) >> x -- (5ms 972us 656ns)
0 1d94b07c-e569-4338-b207-39437a95b958 [entry] -- op add(x,w) >> x -- (5ms 995us 468ns)
0 1d94b07c-e569-4338-b207-39437a95b958 [entry] -- op add(x,w) >> x -- (5ms 967us 291ns)
0 1d94b07c-e569-4338-b207-39437a95b958 [entry] -- op add(x,w) >> x -- (5ms 907us 812ns)
0 1d94b07c-e569-4338-b207-39437a95b958 [entry] -- op add(x,w) >> x -- (5ms 871us 614ns)
0 1d94b07c-e569-4338-b207-39437a95b958 [entry] -- op add(x,w) >> x -- (5ms 902us 656ns)
0 1d94b07c-e569-4338-b207-39437a95b958 [entry] -- op add(x,w) >> x -- (5ms 878us 906ns)
0 1d94b07c-e569-4338-b207-39437a95b958 [entry] -- op add(x,w) >> x -- (5ms 889us 114ns)
0 1d94b07c-e569-4338-b207-39437a95b958 [entry] -- op add(x,w) >> x -- (5ms 857us 604ns)
0 1d94b07c-e569-4338-b207-39437a95b958 [entry] -- op add(x,w) >> x -- (5ms 813us 20ns)
0 1d94b07c-e569-4338-b207-39437a95b958 [entry] -- op add(x,w) >> x -- (5ms 857us 656ns)
0 1d94b07c-e569-4338-b207-39437a95b958 [entry] -- op add(x,w) >> x -- (5ms 837us 83ns)
0 1d94b07c-e569-4338-b207-39437a95b958 [entry] -- op add(x,w) >> x -- (5ms 932us 499ns)
0 1d94b07c-e569-4338-b207-39437a95b958 [entry] -- op add(x,w) >> x -- (5ms 844us 218ns)
0 1d94b07c-e569-4338-b207-39437a95b958 [entry] -- op add(x,w) >> x -- (5ms 918us 385ns)
0 1d94b07c-e569-4338-b207-39437a95b958 [entry] -- op add(x,w) >> x -- (5ms 871us 145ns)
0 1d94b07c-e569-4338-b207-39437a95b958 [entry] -- op add(x,w) >> x -- (5ms 797us 916ns)
0 1d94b07c-e569-4338-b207-39437a95b958 [entry] -- op add(x,w) >> x -- (5ms 929us 114ns)
0 1d94b07c-e569-4338-b207-39437a95b958 [entry] -- op add(x,w) >> x -- (5ms 838us 385ns)
0 1d94b07c-e569-4338-b207-39437a95b958 [entry] -- op add(x,w) >> x -- (5ms 868us 281ns)
0 1d94b07c-e569-4338-b207-39437a95b958 [entry] -- op add(x,w) >> x -- (5ms 823us 385ns)
0 1d94b07c-e569-4338-b207-39437a95b958 [entry] -- op add(x,w) >> x -- (5ms 825us 833ns)
0 1d94b07c-e569-4338-b207-39437a95b958 [entry] -- op add(x,w) >> x -- (5ms 885us 104ns)
0 1d94b07c-e569-4338-b207-39437a95b958 [entry] -- op add(x,w) >> x -- (5ms 813us 958ns)
0 1d94b07c-e569-4338-b207-39437a95b958 [entry] -- op add(x,w) >> x -- (5ms 979us 479ns)
0 1d94b07c-e569-4338-b207-39437a95b958 [entry] -- op add(x,w) >> x -- (5ms 847us 760ns)
0 1d94b07c-e569-4338-b207-39437a95b958 [entry] -- op add(x,w) >> x -- (5ms 967us 135ns)
0 1d94b07c-e569-4338-b207-39437a95b958 [entry] -- op add(x,w) >> x -- (5ms 843us 801ns)
0 1d94b07c-e569-4338-b207-39437a95b958 [entry] -- op add(x,w) >> x -- (5ms 852us 83ns)
0 1d94b07c-e569-4338-b207-39437a95b958 [entry] -- op add(x,w) >> x -- (5ms 991us 510ns)
0 1d94b07c-e569-4338-b207-39437a95b958 [entry] -- op add(x,w) >> x -- (6ms 21us 718ns)
0 1d94b07c-e569-4338-b207-39437a95b958 [entry] -- op add(x,w) >> x -- (5ms 905us 260ns)
0 1d94b07c-e569-4338-b207-39437a95b958 [entry] -- op add(x,w) >> x -- (5ms 913us 854ns)
0 1d94b07c-e569-4338-b207-39437a95b958 [entry] -- op add(x,w) >> x -- (6ms 2us 83ns)
0 1d94b07c-e569-4338-b207-39437a95b958 [entry] -- op add(x,w) >> x -- (5ms 940us 416ns)
0 1d94b07c-e569-4338-b207-39437a95b958 [entry] -- op add(x,w) >> x -- (5ms 886us 822ns)
0 1d94b07c-e569-4338-b207-39437a95b958 [entry] -- op add(x,w) >> x -- (5ms 903us 801ns)
0 1d94b07c-e569-4338-b207-39437a95b958 [entry] -- op add(x,w) >> x -- (5ms 804us 62ns)
0 1d94b07c-e569-4338-b207-39437a95b958 [entry] -- op add(x,w) >> x -- (5ms 927us 83ns)
0 1d94b07c-e569-4338-b207-39437a95b958 [entry] -- op add(x,w) >> x -- (5ms 884us 114ns)
0 1d94b07c-e569-4338-b207-39437a95b958 [entry] -- op add(x,w) >> x -- (5ms 879us 635ns)
0 1d94b07c-e569-4338-b207-39437a95b958 [entry] -- op add(x,w) >> x -- (5ms 858us 281ns)
0 1d94b07c-e569-4338-b207-39437a95b958 [entry] -- op add(x,w) >> x -- (5ms 813us 697ns)
0 1d94b07c-e569-4338-b207-39437a95b958 [entry] -- op add(x,w) >> x -- (5ms 947us 187ns)
0 1d94b07c-e569-4338-b207-39437a95b958 [entry] -- op add(x,w) >> x -- (5ms 829us 322ns)
0 1d94b07c-e569-4338-b207-39437a95b958 [entry] -- op add(x,w) >> x -- (5ms 954us 531ns)
0 1d94b07c-e569-4338-b207-39437a95b958 [entry] -- op add(x,w) >> x -- (5ms 907us 135ns)
0 1d94b07c-e569-4338-b207-39437a95b958 [entry] -- op add(x,w) >> x -- (5ms 960us 572ns)
0 1d94b07c-e569-4338-b207-39437a95b958 [entry] -- op add(x,w) >> x -- (5ms 845us 364ns)
0 1d94b07c-e569-4338-b207-39437a95b958 [entry] -- op add(x,w) >> x -- (5ms 810us 104ns)
0 1d94b07c-e569-4338-b207-39437a95b958 [entry] -- op add(x,w) >> x -- (5ms 829us 739ns)
0 1d94b07c-e569-4338-b207-39437a95b958 [entry] -- op add(x,w) >> x -- (5ms 815us 312ns)
0 1d94b07c-e569-4338-b207-39437a95b958 [entry] -- op add(x,w) >> x -- (5ms 950us 989ns)
0 1d94b07c-e569-4338-b207-39437a95b958 [entry] -- op add(x,w) >> x -- (5ms 854us 531ns)
0 1d94b07c-e569-4338-b207-39437a95b958 [entry] -- op add(x,w) >> x -- (5ms 935us 885ns)
0 1d94b07c-e569-4338-b207-39437a95b958 [entry] -- op add(x,w) >> x -- (5ms 834us 583ns)
0 1d94b07c-e569-4338-b207-39437a95b958 [entry] -- op add(x,w) >> x -- (5ms 814us 687ns)
0 1d94b07c-e569-4338-b207-39437a95b958 [entry] -- op add(x,w) >> x -- (5ms 913us 281ns)
0 1d94b07c-e569-4338-b207-39437a95b958 [entry] -- op add(x,w) >> x -- (6ms 146us 718ns)
0 1d94b07c-e569-4338-b207-39437a95b958 [entry] -- op add(x,w) >> x -- (6ms 14us 62ns)
0 1d94b07c-e569-4338-b207-39437a95b958 [entry] -- op add(x,w) >> x -- (5ms 850us 104ns)
0 1d94b07c-e569-4338-b207-39437a95b958 [entry] -- op add(x,w) >> x -- (5ms 910us 260ns)
0 1d94b07c-e569-4338-b207-39437a95b958 [entry] -- op add(x,w) >> x -- (5ms 885us 51ns)
0 1d94b07c-e569-4338-b207-39437a95b958 [entry] -- op add(x,w) >> x -- (5ms 789us 895ns)
0 1d94b07c-e569-4338-b207-39437a95b958 [entry] -- op add(x,w) >> x -- (5ms 896us 41ns)
0 1d94b07c-e569-4338-b207-39437a95b958 [entry] -- op add(x,w) >> x -- (5ms 844us 322ns)
0 1d94b07c-e569-4338-b207-39437a95b958 [entry] -- op add(x,w) >> x -- (5ms 950us 104ns)
0 1d94b07c-e569-4338-b207-39437a95b958 [entry] -- op add(x,w) >> x -- (5ms 922us 395ns)
0 1d94b07c-e569-4338-b207-39437a95b958 [entry] -- op add(x,w) >> x -- (5ms 946us 301ns)
0 1d94b07c-e569-4338-b207-39437a95b958 [entry] -- op add(x,w) >> x -- (5ms 877us 656ns)
0 1d94b07c-e569-4338-b207-39437a95b958 [entry] -- op add(x,w) >> x -- (5ms 857us 968ns)
0 1d94b07c-e569-4338-b207-39437a95b958 [entry] -- op add(x,w) >> x -- (5ms 918us 229ns)
0 1d94b07c-e569-4338-b207-39437a95b958 [entry] -- op add(x,w) >> x -- (5ms 820us 208ns)
0 1d94b07c-e569-4338-b207-39437a95b958 [entry] -- op add(x,w) >> x -- (5ms 914us 322ns)
0 1d94b07c-e569-4338-b207-39437a95b958 [entry] -- op add(x,w) >> x -- (5ms 932us 812ns)
0 1d94b07c-e569-4338-b207-39437a95b958 [entry] -- op add(x,w) >> x -- (5ms 886us 406ns)
0 1d94b07c-e569-4338-b207-39437a95b958 [entry] -- op add(x,w) >> x -- (5ms 855us 937ns)
0 1d94b07c-e569-4338-b207-39437a95b958 [entry] -- op add(x,w) >> x -- (5ms 849us 947ns)
0 1d94b07c-e569-4338-b207-39437a95b958 [entry] -- op add(x,w) >> x -- (5ms 819us 635ns)
0 1d94b07c-e569-4338-b207-39437a95b958 [entry] -- op add(x,w) >> x -- (5ms 790us 833ns)
0 1d94b07c-e569-4338-b207-39437a95b958 [entry] -- op add(x,w) >> x -- (5ms 944us 999ns)
0 1d94b07c-e569-4338-b207-39437a95b958 [entry] -- op add(x,w) >> x -- (5ms 861us 41ns)
0 1d94b07c-e569-4338-b207-39437a95b958 [entry] -- op add(x,w) >> x -- (5ms 819us 270ns)
0 1d94b07c-e569-4338-b207-39437a95b958 [entry] -- op add(x,w) >> x -- (5ms 988us 124ns)
0 1d94b07c-e569-4338-b207-39437a95b958 [entry] -- op add(x,w) >> x -- (5ms 818us 176ns)
0 1d94b07c-e569-4338-b207-39437a95b958 [entry] -- op add(x,w) >> x -- (5ms 954us 166ns)
0 1d94b07c-e569-4338-b207-39437a95b958 [entry] -- op add(x,w) >> x -- (5ms 882us 343ns)
0 1d94b07c-e569-4338-b207-39437a95b958 [entry] -- op add(x,w) >> x -- (5ms 869us 791ns)
0 1d94b07c-e569-4338-b207-39437a95b958 [entry] -- op add(x,w) >> x -- (5ms 860us 833ns)
0 1d94b07c-e569-4338-b207-39437a95b958 [entry] -- op add(x,w) >> x -- (5ms 819us 583ns)
0 1d94b07c-e569-4338-b207-39437a95b958 [entry] -- op add(x,w) >> x -- (5ms 854us 635ns)
0 1d94b07c-e569-4338-b207-39437a95b958 [entry] -- op add(x,w) >> x -- (5ms 791us 510ns)
0 1d94b07c-e569-4338-b207-39437a95b958 [entry] -- op add(x,w) >> x -- (5ms 845us 416ns)
0 1d94b07c-e569-4338-b207-39437a95b958 [entry] -- op add(x,w) >> x -- (5ms 977us 83ns)
0 1d94b07c-e569-4338-b207-39437a95b958 [entry] -- op add(x,w) >> x -- (5ms 998us 333ns)
0 1d94b07c-e569-4338-b207-39437a95b958 [entry] -- op add(x,w) >> x -- (5ms 940us 729ns)
0 1d94b07c-e569-4338-b207-39437a95b958 [entry] -- op add(x,w) >> x -- (5ms 872us 447ns)
0 1d94b07c-e569-4338-b207-39437a95b958 [entry] -- op add(x,w) >> x -- (5ms 856us 979ns)
0 1d94b07c-e569-4338-b207-39437a95b958 [entry] -- op add(x,w) >> x -- (5ms 788us 333ns)
0 1d94b07c-e569-4338-b207-39437a95b958 [entry] -- op add(x,w) >> x -- (5ms 860us 937ns)
0 1d94b07c-e569-4338-b207-39437a95b958 [entry] -- op add(x,w) >> x -- (5ms 895us 208ns)
0 1d94b07c-e569-4338-b207-39437a95b958 [entry] -- op add(x,w) >> x -- (5ms 995us 312ns)
0 1d94b07c-e569-4338-b207-39437a95b958 [entry] -- op add(x,w) >> x -- (5ms 867us 812ns)
0 1d94b07c-e569-4338-b207-39437a95b958 [entry] -- op add(x,w) >> x -- (5ms 868us 437ns)
0 1d94b07c-e569-4338-b207-39437a95b958 [entry] -- op add(x,w) >> x -- (5ms 848us 958ns)
0 1d94b07c-e569-4338-b207-39437a95b958 [entry] -- op add(x,w) >> x -- (5ms 786us 197ns)
0 1d94b07c-e569-4338-b207-39437a95b958 [entry] -- op add(x,w) >> x -- (5ms 909us 114ns)
0 1d94b07c-e569-4338-b207-39437a95b958 [entry] -- op add(x,w) >> x -- (5ms 825us 312ns)
0 1d94b07c-e569-4338-b207-39437a95b958 [entry] -- op add(x,w) >> x -- (5ms 915us 729ns)
0 1d94b07c-e569-4338-b207-39437a95b958 [entry] -- op add(x,w) >> x -- (5ms 934us 114ns)
0 1d94b07c-e569-4338-b207-39437a95b958 [entry] -- op add(x,w) >> x -- (5ms 823us 20ns)
0 1d94b07c-e569-4338-b207-39437a95b958 [entry] -- op add(x,w) >> x -- (5ms 969us 583ns)
0 1d94b07c-e569-4338-b207-39437a95b958 [entry] -- op add(x,w) >> x -- (5ms 955us 520ns)
0 1d94b07c-e569-4338-b207-39437a95b958 [entry] -- op add(x,w) >> x -- (6ms 5us 260ns)
0 1d94b07c-e569-4338-b207-39437a95b958 [entry] -- op add(x,w) >> x -- (5ms 910us 156ns)
0 1d94b07c-e569-4338-b207-39437a95b958 [entry] -- op add(x,w) >> x -- (5ms 980us 572ns)
0 1d94b07c-e569-4338-b207-39437a95b958 [entry] -- op add(x,w) >> x -- (5ms 936us 458ns)
0 1d94b07c-e569-4338-b207-39437a95b958 [entry] -- op add(x,w) >> x -- (5ms 936us 718ns)
0 1d94b07c-e569-4338-b207-39437a95b958 [entry] -- op add(x,w) >> x -- (6ms 8us 854ns)
0 1d94b07c-e569-4338-b207-39437a95b958 [entry] -- op add(x,w) >> x -- (5ms 855us 104ns)
0 1d94b07c-e569-4338-b207-39437a95b958 [entry] -- op add(x,w) >> x -- (5ms 859us 218ns)
0 1d94b07c-e569-4338-b207-39437a95b958 [entry] -- op add(x,w) >> x -- (5ms 836us 874ns)
0 1d94b07c-e569-4338-b207-39437a95b958 [entry] -- op add(x,w) >> x -- (5ms 986us 770ns)
0 1d94b07c-e569-4338-b207-39437a95b958 [entry] -- op add(x,w) >> x -- (5ms 916us 406ns)
0 1d94b07c-e569-4338-b207-39437a95b958 [entry] -- op add(x,w) >> x -- (6ms 31us 41ns)
0 1d94b07c-e569-4338-b207-39437a95b958 [entry] -- op add(x,w) >> x -- (5ms 874us 635ns)
0 1d94b07c-e569-4338-b207-39437a95b958 [entry] -- op add(x,w) >> x -- (5ms 779us 739ns)
0 1d94b07c-e569-4338-b207-39437a95b958 [entry] -- op add(x,w) >> x -- (5ms 904us 114ns)
0 1d94b07c-e569-4338-b207-39437a95b958 [entry] -- op add(x,w) >> x -- (5ms 905us 416ns)
0 1d94b07c-e569-4338-b207-39437a95b958 [entry] -- op add(x,w) >> x -- (6ms 277us 864ns)
0 1d94b07c-e569-4338-b207-39437a95b958 [entry] -- op add(x,w) >> x -- (5ms 891us 93ns)
0 1d94b07c-e569-4338-b207-39437a95b958 [entry] -- op add(x,w) >> x -- (5ms 869us 10ns)
0 1d94b07c-e569-4338-b207-39437a95b958 [entry] -- op add(x,w) >> x -- (5ms 943us 20ns)
0 1d94b07c-e569-4338-b207-39437a95b958 [entry] -- op add(x,w) >> x -- (5ms 873us 854ns)
0 1d94b07c-e569-4338-b207-39437a95b958 [entry] -- op add(x,w) >> x -- (5ms 809us 687ns)
0 1d94b07c-e569-4338-b207-39437a95b958 [entry] -- op add(x,w) >> x -- (5ms 797us 968ns)
0 1d94b07c-e569-4338-b207-39437a95b958 [entry] -- op add(x,w) >> x -- (5ms 883us 958ns)
0 1d94b07c-e569-4338-b207-39437a95b958 [entry] -- op add(x,w) >> x -- (5ms 861us 301ns)
0 1d94b07c-e569-4338-b207-39437a95b958 [entry] -- op add(x,w) >> x -- (5ms 839us 479ns)
0 1d94b07c-e569-4338-b207-39437a95b958 [entry] -- op add(x,w) >> x -- (5ms 945us 989ns)
0 1d94b07c-e569-4338-b207-39437a95b958 [entry] -- op add(x,w) >> x -- (5ms 777us 291ns)
0 1d94b07c-e569-4338-b207-39437a95b958 [entry] -- op add(x,w) >> x -- (5ms 912us 812ns)
0 1d94b07c-e569-4338-b207-39437a95b958 [entry] -- op add(x,w) >> x -- (5ms 952us 135ns)
0 1d94b07c-e569-4338-b207-39437a95b958 [entry] -- op add(x,w) >> x -- (5ms 986us 93ns)
0 1d94b07c-e569-4338-b207-39437a95b958 [entry] -- op add(x,w) >> x -- (5ms 920us 416ns)
0 1d94b07c-e569-4338-b207-39437a95b958 [entry] -- op add(x,w) >> x -- (5ms 850us 51ns)
0 1d94b07c-e569-4338-b207-39437a95b958 [entry] -- op add(x,w) >> x -- (5ms 876us 979ns)
0 1d94b07c-e569-4338-b207-39437a95b958 [entry] -- op add(x,w) >> x -- (5ms 789us 583ns)
0 1d94b07c-e569-4338-b207-39437a95b958 [entry] -- op add(x,w) >> x -- (5ms 868us 541ns)
0 1d94b07c-e569-4338-b207-39437a95b958 [entry] -- op add(x,w) >> x -- (5ms 920us 729ns)
0 1d94b07c-e569-4338-b207-39437a95b958 [entry] -- op add(x,w) >> x -- (5ms 936us 41ns)
0 1d94b07c-e569-4338-b207-39437a95b958 [entry] -- op add(x,w) >> x -- (5ms 956us 354ns)
0 1d94b07c-e569-4338-b207-39437a95b958 [entry] -- op add(x,w) >> x -- (5ms 888us 489ns)
0 1d94b07c-e569-4338-b207-39437a95b958 [entry] -- op add(x,w) >> x -- (5ms 898us 124ns)
0 1d94b07c-e569-4338-b207-39437a95b958 [entry] -- op add(x,w) >> x -- (5ms 798us 229ns)
0 1d94b07c-e569-4338-b207-39437a95b958 [entry] -- op add(x,w) >> x -- (5ms 857us 656ns)
0 1d94b07c-e569-4338-b207-39437a95b958 [entry] -- op add(x,w) >> x -- (5ms 840us 781ns)
0 1d94b07c-e569-4338-b207-39437a95b958 [entry] -- op add(x,w) >> x -- (5ms 876us 822ns)
0 1d94b07c-e569-4338-b207-39437a95b958 [entry] -- op add(x,w) >> x -- (5ms 823us 489ns)
0 1d94b07c-e569-4338-b207-39437a95b958 [entry] -- op add(x,w) >> x -- (5ms 794us 947ns)
0 1d94b07c-e569-4338-b207-39437a95b958 [entry] -- op add(x,w) >> x -- (5ms 849us 374ns)
0 1d94b07c-e569-4338-b207-39437a95b958 [entry] -- op add(x,w) >> x -- (5ms 819us 999ns)
0 1d94b07c-e569-4338-b207-39437a95b958 [entry] -- op add(x,w) >> x -- (5ms 909us 843ns)
0 1d94b07c-e569-4338-b207-39437a95b958 [entry] -- op add(x,w) >> x -- (5ms 984us 166ns)
0 1d94b07c-e569-4338-b207-39437a95b958 [entry] -- op add(x,w) >> x -- (5ms 855us 937ns)
0 1d94b07c-e569-4338-b207-39437a95b958 [entry] -- op add(x,w) >> x -- (5ms 843us 593ns)
0 1d94b07c-e569-4338-b207-39437a95b958 [entry] -- op add(x,w) >> x -- (5ms 767us 187ns)
0 1d94b07c-e569-4338-b207-39437a95b958 [entry] -- op add(x,w) >> x -- (5ms 824us 374ns)
0 1d94b07c-e569-4338-b207-39437a95b958 [entry] -- op add(x,w) >> x -- (5ms 864us 895ns)
0 1d94b07c-e569-4338-b207-39437a95b958 [entry] -- op add(x,w) >> x -- (5ms 892us 83ns)
0 1d94b07c-e569-4338-b207-39437a95b958 [entry] -- op add(x,w) >> x -- (5ms 928us 645ns)
0 1d94b07c-e569-4338-b207-39437a95b958 [entry] -- op add(x,w) >> x -- (5ms 940us 937ns)
0 1d94b07c-e569-4338-b207-39437a95b958 [entry] -- op add(x,w) >> x -- (5ms 852us 812ns)
0 1d94b07c-e569-4338-b207-39437a95b958 [entry] -- op add(x,w) >> x -- (5ms 852us 916ns)
0 1d94b07c-e569-4338-b207-39437a95b958 [entry] -- op add(x,w) >> x -- (5ms 917us 447ns)
0 1d94b07c-e569-4338-b207-39437a95b958 [entry] -- op add(x,w) >> x -- (5ms 812us 760ns)
0 1d94b07c-e569-4338-b207-39437a95b958 [entry] -- op add(x,w) >> x -- (5ms 918us 645ns)
0 1d94b07c-e569-4338-b207-39437a95b958 [entry] -- op add(x,w) >> x -- (5ms 885us 937ns)
0 1d94b07c-e569-4338-b207-39437a95b958 [entry] -- op add(x,w) >> x -- (5ms 877us 551ns)
0 1d94b07c-e569-4338-b207-39437a95b958 [entry] -- op add(x,w) >> x -- (5ms 846us 718ns)
0 1d94b07c-e569-4338-b207-39437a95b958 [entry] -- op add(x,w) >> x -- (5ms 776us 822ns)
0 1d94b07c-e569-4338-b207-39437a95b958 [entry] -- op add(x,w) >> x -- (5ms 834us 999ns)
0 1d94b07c-e569-4338-b207-39437a95b958 [entry] -- op add(x,w) >> x -- (5ms 861us 145ns)
0 1d94b07c-e569-4338-b207-39437a95b958 [entry] -- op add(x,w) >> x -- (5ms 890us 729ns)
0 1d94b07c-e569-4338-b207-39437a95b958 [entry] -- op add(x,w) >> x -- (5ms 906us 979ns)
0 1d94b07c-e569-4338-b207-39437a95b958 [entry] -- op add(x,w) >> x -- (5ms 826us 41ns)
0 1d94b07c-e569-4338-b207-39437a95b958 [entry] -- op add(x,w) >> x -- (5ms 869us 479ns)
0 1d94b07c-e569-4338-b207-39437a95b958 [entry] -- op add(x,w) >> x -- (5ms 774us 426ns)
0 1d94b07c-e569-4338-b207-39437a95b958 [entry] -- op add(x,w) >> x -- (5ms 840us 781ns)
0 1d94b07c-e569-4338-b207-39437a95b958 [entry] -- op add(x,w) >> x -- (5ms 869us 635ns)
0 1d94b07c-e569-4338-b207-39437a95b958 [entry] -- op add(x,w) >> x -- (5ms 946us 614ns)
0 1d94b07c-e569-4338-b207-39437a95b958 [entry] -- op add(x,w) >> x -- (5ms 863us 854ns)
0 1d94b07c-e569-4338-b207-39437a95b958 [entry] -- op add(x,w) >> x -- (5ms 910us 676ns)
0 1d94b07c-e569-4338-b207-39437a95b958 [entry] -- op add(x,w) >> x -- (5ms 903us 281ns)
0 1d94b07c-e569-4338-b207-39437a95b958 [entry] -- op add(x,w) >> x -- (5ms 814us 843ns)
0 1d94b07c-e569-4338-b207-39437a95b958 [entry] -- op add(x,w) >> x -- (5ms 903us 593ns)
0 1d94b07c-e569-4338-b207-39437a95b958 [entry] -- op add(x,w) >> x -- (5ms 895us 937ns)
0 1d94b07c-e569-4338-b207-39437a95b958 [entry] -- op add(x,w) >> x -- (6ms 116us 145ns)
0 1d94b07c-e569-4338-b207-39437a95b958 [entry] -- op add(x,w) >> x -- (5ms 799us 999ns)
0 1d94b07c-e569-4338-b207-39437a95b958 [entry] -- op add(x,w) >> x -- (5ms 929us 10ns)
0 1d94b07c-e569-4338-b207-39437a95b958 [entry] -- op add(x,w) >> x -- (6ms 100us 572ns)
0 1d94b07c-e569-4338-b207-39437a95b958 [entry] -- op add(x,w) >> x -- (5ms 864us 687ns)
0 1d94b07c-e569-4338-b207-39437a95b958 [entry] -- op add(x,w) >> x -- (5ms 911us 822ns)
0 1d94b07c-e569-4338-b207-39437a95b958 [entry] -- op add(x,w) >> x -- (5ms 833us 749ns)
0 1d94b07c-e569-4338-b207-39437a95b958 [entry] -- op add(x,w) >> x -- (5ms 871us 301ns)
0 1d94b07c-e569-4338-b207-39437a95b958 [entry] -- op add(x,w) >> x -- (5ms 825us 208ns)
0 1d94b07c-e569-4338-b207-39437a95b958 [entry] -- op add(x,w) >> x -- (5ms 816us 874ns)
0 1d94b07c-e569-4338-b207-39437a95b958 [entry] -- op add(x,w) >> x -- (5ms 944us 218ns)
0 1d94b07c-e569-4338-b207-39437a95b958 [entry] -- op add(x,w) >> x -- (5ms 915us 260ns)
0 1d94b07c-e569-4338-b207-39437a95b958 [entry] -- op add(x,w) >> x -- (5ms 926us 874ns)
0 1d94b07c-e569-4338-b207-39437a95b958 [entry] -- op add(x,w) >> x -- (5ms 965us 104ns)
0 1d94b07c-e569-4338-b207-39437a95b958 [entry] -- op add(x,w) >> x -- (5ms 998us 801ns)
0 1d94b07c-e569-4338-b207-39437a95b958 [entry] -- op add(x,w) >> x -- (5ms 904us 583ns)
0 1d94b07c-e569-4338-b207-39437a95b958 [entry] -- op add(x,w) >> x -- (5ms 815us 104ns)
0 1d94b07c-e569-4338-b207-39437a95b958 [entry] -- op add(x,w) >> x -- (5ms 918us 124ns)
0 1d94b07c-e569-4338-b207-39437a95b958 [entry] -- op add(x,w) >> x -- (5ms 891us 874ns)
0 1d94b07c-e569-4338-b207-39437a95b958 [entry] -- op add(x,w) >> x -- (5ms 921us 614ns)
0 1d94b07c-e569-4338-b207-39437a95b958 [entry] -- op add(x,w) >> x -- (5ms 851us 458ns)
0 1d94b07c-e569-4338-b207-39437a95b958 [entry] -- op add(x,w) >> x -- (5ms 843us 385ns)
0 1d94b07c-e569-4338-b207-39437a95b958 [entry] -- op add(x,w) >> x -- (5ms 894us 322ns)
0 1d94b07c-e569-4338-b207-39437a95b958 [entry] -- op add(x,w) >> x -- (5ms 796us 145ns)
0 1d94b07c-e569-4338-b207-39437a95b958 [entry] -- op add(x,w) >> x -- (5ms 849us 10ns)
0 1d94b07c-e569-4338-b207-39437a95b958 [entry] -- op add(x,w) >> x -- (5ms 804us 270ns)
0 1d94b07c-e569-4338-b207-39437a95b958 [entry] -- op add(x,w) >> x -- (5ms 931us 874ns)
0 1d94b07c-e569-4338-b207-39437a95b958 [entry] -- op add(x,w) >> x -- (5ms 890us 676ns)
0 1d94b07c-e569-4338-b207-39437a95b958 [entry] -- op add(x,w) >> x -- (5ms 911us 301ns)
0 1d94b07c-e569-4338-b207-39437a95b958 [entry] -- op add(x,w) >> x -- (5ms 913us 20ns)
0 1d94b07c-e569-4338-b207-39437a95b958 [entry] -- op add(x,w) >> x -- (5ms 908us 176ns)
0 1d94b07c-e569-4338-b207-39437a95b958 [entry] -- op add(x,w) >> x -- (5ms 929us 62ns)
0 1d94b07c-e569-4338-b207-39437a95b958 [entry] -- op add(x,w) >> x -- (5ms 878us 124ns)
0 1d94b07c-e569-4338-b207-39437a95b958 [entry] -- op add(x,w) >> x -- (6ms 7us 31ns)
0 1d94b07c-e569-4338-b207-39437a95b958 [entry] -- op add(x,w) >> x -- (5ms 958us 749ns)
0 1d94b07c-e569-4338-b207-39437a95b958 [entry] -- op add(x,w) >> x -- (5ms 979us 426ns)
0 1d94b07c-e569-4338-b207-39437a95b958 [entry] -- op add(x,w) >> x -- (5ms 861us 406ns)
0 1d94b07c-e569-4338-b207-39437a95b958 [entry] -- op add(x,w) >> x -- (5ms 794us 166ns)
0 1d94b07c-e569-4338-b207-39437a95b958 [entry] -- op add(x,w) >> x -- (5ms 841us 41ns)
0 1d94b07c-e569-4338-b207-39437a95b958 [entry] -- op add(x,w) >> x -- (5ms 802us 395ns)
0 1d94b07c-e569-4338-b207-39437a95b958 [entry] -- op add(x,w) >> x -- (5ms 841us 562ns)
0 1d94b07c-e569-4338-b207-39437a95b958 [entry] -- op add(x,w) >> x -- (5ms 840us 156ns)
0 1d94b07c-e569-4338-b207-39437a95b958 [entry] -- op add(x,w) >> x -- (5ms 864us 218ns)
0 1d94b07c-e569-4338-b207-39437a95b958 [entry] -- op add(x,w) >> x -- (5ms 843us 801ns)
0 1d94b07c-e569-4338-b207-39437a95b958 [entry] -- op add(x,w) >> x -- (5ms 783us 697ns)
0 1d94b07c-e569-4338-b207-39437a95b958 [entry] -- op add(x,w) >> x -- (5ms 844us 895ns)
0 1d94b07c-e569-4338-b207-39437a95b958 [entry] -- op add(x,w) >> x -- (5ms 836us 301ns)
0 1d94b07c-e569-4338-b207-39437a95b958 [entry] -- op add(x,w) >> x -- (5ms 936us 510ns)
0 1d94b07c-e569-4338-b207-39437a95b958 [entry] -- op add(x,w) >> x -- (5ms 916us 770ns)
0 1d94b07c-e569-4338-b207-39437a95b958 [entry] -- op add(x,w) >> x -- (5ms 898us 541ns)
0 1d94b07c-e569-4338-b207-39437a95b958 [entry] -- op add(x,w) >> x -- (5ms 875us 781ns)
0 1d94b07c-e569-4338-b207-39437a95b958 [entry] -- op add(x,w) >> x -- (5ms 813us 593ns)
0 1d94b07c-e569-4338-b207-39437a95b958 [entry] -- op add(x,w) >> x -- (5ms 881us 458ns)
0 1d94b07c-e569-4338-b207-39437a95b958 [entry] -- op add(x,w) >> x -- (5ms 890us 312ns)
0 1d94b07c-e569-4338-b207-39437a95b958 [entry] -- op add(x,w) >> x -- (5ms 915us 833ns)
0 1d94b07c-e569-4338-b207-39437a95b958 [entry] -- op add(x,w) >> x -- (5ms 882us 291ns)
0 1d94b07c-e569-4338-b207-39437a95b958 [entry] -- op add(x,w) >> x -- (5ms 875us 885ns)
0 1d94b07c-e569-4338-b207-39437a95b958 [entry] -- op add(x,w) >> x -- (5ms 855us 364ns)
0 1d94b07c-e569-4338-b207-39437a95b958 [entry] -- op add(x,w) >> x -- (5ms 877us 395ns)
0 1d94b07c-e569-4338-b207-39437a95b958 [entry] -- op add(x,w) >> x -- (6ms 46us 666ns)
0 1d94b07c-e569-4338-b207-39437a95b958 [entry] -- op add(x,w) >> x -- (5ms 886us 406ns)
0 1d94b07c-e569-4338-b207-39437a95b958 [entry] -- op add(x,w) >> x -- (5ms 863us 229ns)
0 1d94b07c-e569-4338-b207-39437a95b958 [entry] -- op add(x,w) >> x -- (6ms 33us 906ns)
0 1d94b07c-e569-4338-b207-39437a95b958 [entry] -- op add(x,w) >> x -- (5ms 927us 604ns)
0 1d94b07c-e569-4338-b207-39437a95b958 [entry] -- op add(x,w) >> x -- (5ms 816us 354ns)
0 1d94b07c-e569-4338-b207-39437a95b958 [entry] -- op add(x,w) >> x -- (5ms 873us 801ns)
0 1d94b07c-e569-4338-b207-39437a95b958 [entry] -- op add(x,w) >> x -- (5ms 905us 364ns)
0 1d94b07c-e569-4338-b207-39437a95b958 [entry] -- op add(x,w) >> x -- (5ms 884us 10ns)
0 1d94b07c-e569-4338-b207-39437a95b958 [entry] -- op add(x,w) >> x -- (5ms 992us 656ns)
0 1d94b07c-e569-4338-b207-39437a95b958 [entry] -- op add(x,w) >> x -- (5ms 940us 833ns)
0 1d94b07c-e569-4338-b207-39437a95b958 [entry] -- op add(x,w) >> x -- (5ms 907us 31ns)
0 1d94b07c-e569-4338-b207-39437a95b958 [entry] -- op add(x,w) >> x -- (5ms 796us 926ns)
0 1d94b07c-e569-4338-b207-39437a95b958 [entry] -- op add(x,w) >> x -- (5ms 882us 864ns)
0 1d94b07c-e569-4338-b207-39437a95b958 [entry] -- op add(x,w) >> x -- (6ms 96us 510ns)
0 1d94b07c-e569-4338-b207-39437a95b958 [entry] -- op add(x,w) >> x -- (5ms 874us 479ns)
0 1d94b07c-e569-4338-b207-39437a95b958 [entry] -- op add(x,w) >> x -- (6ms 16us 458ns)
0 1d94b07c-e569-4338-b207-39437a95b958 [entry] -- op add(x,w) >> x -- (5ms 895us 104ns)
0 1d94b07c-e569-4338-b207-39437a95b958 [entry] -- op add(x,w) >> x -- (5ms 957us 864ns)
0 1d94b07c-e569-4338-b207-39437a95b958 [entry] -- op add(x,w) >> x -- (5ms 826us 874ns)
0 1d94b07c-e569-4338-b207-39437a95b958 [entry] -- op add(x,w) >> x -- (5ms 874us 843ns)
0 1d94b07c-e569-4338-b207-39437a95b958 [entry] -- op add(x,w) >> x -- (5ms 876us 197ns)
0 1d94b07c-e569-4338-b207-39437a95b958 [entry] -- op add(x,w) >> x -- (5ms 823us 229ns)
0 1d94b07c-e569-4338-b207-39437a95b958 [entry] -- op add(x,w) >> x -- (5ms 866us 354ns)
0 1d94b07c-e569-4338-b207-39437a95b958 [entry] -- op add(x,w) >> x -- (6ms 4us 791ns)
0 1d94b07c-e569-4338-b207-39437a95b958 [entry] -- op add(x,w) >> x -- (6ms 141us 979ns)
0 1d94b07c-e569-4338-b207-39437a95b958 [entry] -- op add(x,w) >> x -- (5ms 875us 156ns)
0 1d94b07c-e569-4338-b207-39437a95b958 [entry] -- op add(x,w) >> x -- (5ms 978us 333ns)
0 1d94b07c-e569-4338-b207-39437a95b958 [entry] -- op add(x,w) >> x -- (5ms 818us 281ns)
0 1d94b07c-e569-4338-b207-39437a95b958 [entry] -- op add(x,w) >> x -- (5ms 852us 604ns)
0 1d94b07c-e569-4338-b207-39437a95b958 [entry] -- op add(x,w) >> x -- (5ms 828us 72ns)
0 1d94b07c-e569-4338-b207-39437a95b958 [entry] -- op add(x,w) >> x -- (5ms 825us 260ns)
0 1d94b07c-e569-4338-b207-39437a95b958 [entry] -- op add(x,w) >> x -- (5ms 829us 166ns)
0 1d94b07c-e569-4338-b207-39437a95b958 [entry] -- op add(x,w) >> x -- (5ms 832us 447ns)
0 1d94b07c-e569-4338-b207-39437a95b958 [entry] -- op add(x,w) >> x -- (6ms 15us 833ns)
0 1d94b07c-e569-4338-b207-39437a95b958 [entry] -- op add(x,w) >> x -- (5ms 818us 854ns)
0 1d94b07c-e569-4338-b207-39437a95b958 [entry] -- op add(x,w) >> x -- (5ms 809us 687ns)
0 1d94b07c-e569-4338-b207-39437a95b958 [entry] -- op add(x,w) >> x -- (5ms 855us 520ns)
0 1d94b07c-e569-4338-b207-39437a95b958 [entry] -- op add(x,w) >> x -- (5ms 803us 697ns)
0 1d94b07c-e569-4338-b207-39437a95b958 [entry] -- op add(x,w) >> x -- (5ms 871us 458ns)
0 1d94b07c-e569-4338-b207-39437a95b958 [entry] -- op add(x,w) >> x -- (5ms 965us 104ns)
0 1d94b07c-e569-4338-b207-39437a95b958 [entry] -- op add(x,w) >> x -- (5ms 903us 489ns)
0 1d94b07c-e569-4338-b207-39437a95b958 [entry] -- op add(x,w) >> x -- (5ms 894us 999ns)
0 1d94b07c-e569-4338-b207-39437a95b958 [entry] -- op add(x,w) >> x -- (5ms 868us 541ns)
0 1d94b07c-e569-4338-b207-39437a95b958 [entry] -- op add(x,w) >> x -- (5ms 923us 958ns)
0 1d94b07c-e569-4338-b207-39437a95b958 [entry] -- op add(x,w) >> x -- (5ms 877us 291ns)
0 1d94b07c-e569-4338-b207-39437a95b958 [entry] -- op add(x,w) >> x -- (6ms 82us 708ns)
0 1d94b07c-e569-4338-b207-39437a95b958 [entry] -- op add(x,w) >> x -- (5ms 824us 270ns)
0 1d94b07c-e569-4338-b207-39437a95b958 [entry] -- op add(x,w) >> x -- (5ms 869us 270ns)
0 1d94b07c-e569-4338-b207-39437a95b958 [entry] -- op add(x,w) >> x -- (5ms 920us 885ns)
0 1d94b07c-e569-4338-b207-39437a95b958 [entry] -- op add(x,w) >> x -- (5ms 827us 395ns)
0 1d94b07c-e569-4338-b207-39437a95b958 [entry] -- op add(x,w) >> x -- (5ms 858us 333ns)
0 1d94b07c-e569-4338-b207-39437a95b958 [entry] -- op add(x,w) >> x -- (5ms 794us 114ns)
0 1d94b07c-e569-4338-b207-39437a95b958 [entry] -- op add(x,w) >> x -- (5ms 819us 843ns)
0 1d94b07c-e569-4338-b207-39437a95b958 [entry] -- op add(x,w) >> x -- (5ms 974us 739ns)
0 1d94b07c-e569-4338-b207-39437a95b958 [entry] -- op add(x,w) >> x -- (5ms 930us 624ns)
0 1d94b07c-e569-4338-b207-39437a95b958 [entry] -- op add(x,w) >> x -- (5ms 813us 906ns)
0 1d94b07c-e569-4338-b207-39437a95b958 [entry] -- op add(x,w) >> x -- (5ms 849us 791ns)
0 1d94b07c-e569-4338-b207-39437a95b958 [entry] -- op add(x,w) >> x -- (5ms 876us 614ns)
0 1d94b07c-e569-4338-b207-39437a95b958 [entry] -- op add(x,w) >> x -- (5ms 902us 760ns)
0 1d94b07c-e569-4338-b207-39437a95b958 [entry] -- op add(x,w) >> x -- (5ms 897us 135ns)
0 1d94b07c-e569-4338-b207-39437a95b958 [entry] -- op add(x,w) >> x -- (5ms 843us 124ns)
0 1d94b07c-e569-4338-b207-39437a95b958 [entry] -- op add(x,w) >> x -- (5ms 885us 468ns)
0 1d94b07c-e569-4338-b207-39437a95b958 [entry] -- op add(x,w) >> x -- (5ms 846us 458ns)
0 1d94b07c-e569-4338-b207-39437a95b958 [entry] -- op add(x,w) >> x -- (5ms 778us 124ns)
0 1d94b07c-e569-4338-b207-39437a95b958 [entry] -- op add(x,w) >> x -- (5ms 908us 437ns)
0 1d94b07c-e569-4338-b207-39437a95b958 [entry] -- op add(x,w) >> x -- (5ms 803us 697ns)
0 1d94b07c-e569-4338-b207-39437a95b958 [entry] -- op add(x,w) >> x -- (5ms 872us 656ns)
0 1d94b07c-e569-4338-b207-39437a95b958 [entry] -- op add(x,w) >> x -- (5ms 845us 520ns)
0 1d94b07c-e569-4338-b207-39437a95b958 [entry] -- op add(x,w) >> x -- (5ms 859us 114ns)
0 1d94b07c-e569-4338-b207-39437a95b958 [entry] -- op add(x,w) >> x -- (5ms 845us 416ns)
0 1d94b07c-e569-4338-b207-39437a95b958 [entry] -- op add(x,w) >> x -- (5ms 863us 176ns)
0 1d94b07c-e569-4338-b207-39437a95b958 [entry] -- op add(x,w) >> x -- (5ms 899us 322ns)
0 1d94b07c-e569-4338-b207-39437a95b958 [entry] -- op add(x,w) >> x -- (5ms 866us 718ns)
0 1d94b07c-e569-4338-b207-39437a95b958 [entry] -- op add(x,w) >> x -- (6ms 202us 812ns)
0 1d94b07c-e569-4338-b207-39437a95b958 [entry] -- op add(x,w) >> x -- (5ms 959us 374ns)
0 1d94b07c-e569-4338-b207-39437a95b958 [entry] -- op add(x,w) >> x -- (5ms 951us 874ns)
0 1d94b07c-e569-4338-b207-39437a95b958 [entry] -- op add(x,w) >> x -- (5ms 959us 531ns)
0 1d94b07c-e569-4338-b207-39437a95b958 [entry] -- op add(x,w) >> x -- (5ms 792us 291ns)
0 1d94b07c-e569-4338-b207-39437a95b958 [entry] -- op add(x,w) >> x -- (5ms 941us 145ns)
0 1d94b07c-e569-4338-b207-39437a95b958 [entry] -- op add(x,w) >> x -- (5ms 895us 781ns)
0 1d94b07c-e569-4338-b207-39437a95b958 [entry] -- op add(x,w) >> x -- (6ms 56us 197ns)
0 1d94b07c-e569-4338-b207-39437a95b958 [entry] -- op add(x,w) >> x -- (5ms 930us 260ns)
0 1d94b07c-e569-4338-b207-39437a95b958 [entry] -- op add(x,w) >> x -- (5ms 859us 479ns)
0 1d94b07c-e569-4338-b207-39437a95b958 [entry] -- op add(x,w) >> x -- (5ms 838us 645ns)
0 1d94b07c-e569-4338-b207-39437a95b958 [entry] -- op add(x,w) >> x -- (6ms 87us 187ns)
0 1d94b07c-e569-4338-b207-39437a95b958 [entry] -- op add(x,w) >> x -- (5ms 926us 93ns)
0 1d94b07c-e569-4338-b207-39437a95b958 [entry] -- op add(x,w) >> x -- (5ms 915us 937ns)
0 1d94b07c-e569-4338-b207-39437a95b958 [entry] -- op add(x,w) >> x -- (5ms 920us 364ns)
0 1d94b07c-e569-4338-b207-39437a95b958 [entry] -- op add(x,w) >> x -- (5ms 850us 312ns)
0 1d94b07c-e569-4338-b207-39437a95b958 [entry] -- op add(x,w) >> x -- (5ms 914us 739ns)
0 1d94b07c-e569-4338-b207-39437a95b958 [entry] -- op add(x,w) >> x -- (5ms 958us 854ns)
0 1d94b07c-e569-4338-b207-39437a95b958 [entry] -- op add(x,w) >> x -- (5ms 774us 791ns)
0 1d94b07c-e569-4338-b207-39437a95b958 [entry] -- op add(x,w) >> x -- (5ms 865us 260ns)
0 1d94b07c-e569-4338-b207-39437a95b958 [entry] -- op add(x,w) >> x -- (5ms 794us 791ns)
0 1d94b07c-e569-4338-b207-39437a95b958 [entry] -- op add(x,w) >> x -- (5ms 895us 729ns)
0 1d94b07c-e569-4338-b207-39437a95b958 [entry] -- op add(x,w) >> x -- (5ms 882us 31ns)
0 1d94b07c-e569-4338-b207-39437a95b958 [entry] -- op add(x,w) >> x -- (5ms 914us 791ns)
0 1d94b07c-e569-4338-b207-39437a95b958 [entry] -- op add(x,w) >> x -- (5ms 882us 708ns)
0 1d94b07c-e569-4338-b207-39437a95b958 [entry] -- op add(x,w) >> x -- (5ms 884us 374ns)
0 1d94b07c-e569-4338-b207-39437a95b958 [entry] -- op add(x,w) >> x -- (5ms 864us 687ns)
0 1d94b07c-e569-4338-b207-39437a95b958 [entry] -- op add(x,w) >> x -- (5ms 805us 989ns)
0 1d94b07c-e569-4338-b207-39437a95b958 [entry] -- op add(x,w) >> x -- (5ms 897us 83ns)
0 1d94b07c-e569-4338-b207-39437a95b958 [entry] -- op add(x,w) >> x -- (5ms 809us 218ns)
0 1d94b07c-e569-4338-b207-39437a95b958 [entry] -- op add(x,w) >> x -- (5ms 911us 249ns)
0 1d94b07c-e569-4338-b207-39437a95b958 [entry] -- op add(x,w) >> x -- (5ms 854us 322ns)
0 1d94b07c-e569-4338-b207-39437a95b958 [entry] -- op add(x,w) >> x -- (5ms 877us 499ns)
0 1d94b07c-e569-4338-b207-39437a95b958 [entry] -- op add(x,w) >> x -- (5ms 873us 385ns)
0 1d94b07c-e569-4338-b207-39437a95b958 [entry] -- op add(x,w) >> x -- (5ms 906us 718ns)
0 1d94b07c-e569-4338-b207-39437a95b958 [entry] -- op add(x,w) >> x -- (6ms 6us 406ns)
0 1d94b07c-e569-4338-b207-39437a95b958 [entry] -- op add(x,w) >> x -- (5ms 845us 208ns)
0 1d94b07c-e569-4338-b207-39437a95b958 [entry] -- op add(x,w) >> x -- (6ms 31us 874ns)
0 1d94b07c-e569-4338-b207-39437a95b958 [entry] -- op add(x,w) >> x -- (5ms 905us 676ns)
0 1d94b07c-e569-4338-b207-39437a95b958 [entry] -- op add(x,w) >> x -- (5ms 841us 145ns)
0 1d94b07c-e569-4338-b207-39437a95b958 [entry] -- op add(x,w) >> x -- (5ms 815us 416ns)
0 1d94b07c-e569-4338-b207-39437a95b958 [entry] -- op add(x,w) >> x -- (5ms 797us 291ns)
0 1d94b07c-e569-4338-b207-39437a95b958 [entry] -- op add(x,w) >> x -- (5ms 830us 416ns)
0 1d94b07c-e569-4338-b207-39437a95b958 [entry] -- op add(x,w) >> x -- (5ms 832us 499ns)
0 1d94b07c-e569-4338-b207-39437a95b958 [entry] -- op add(x,w) >> x -- (5ms 879us 479ns)
0 1d94b07c-e569-4338-b207-39437a95b958 [entry] -- op add(x,w) >> x -- (5ms 847us 83ns)
0 1d94b07c-e569-4338-b207-39437a95b958 [entry] -- op add(x,w) >> x -- (5ms 845us 156ns)
0 1d94b07c-e569-4338-b207-39437a95b958 [entry] -- op add(x,w) >> x -- (5ms 880us 781ns)
0 1d94b07c-e569-4338-b207-39437a95b958 [entry] -- op add(x,w) >> x -- (5ms 789us 843ns)
0 1d94b07c-e569-4338-b207-39437a95b958 [entry] -- op add(x,w) >> x -- (5ms 866us 770ns)
0 1d94b07c-e569-4338-b207-39437a95b958 [entry] -- op add(x,w) >> x -- (5ms 835us 833ns)
0 1d94b07c-e569-4338-b207-39437a95b958 [entry] -- op add(x,w) >> x -- (5ms 857us 343ns)
0 1d94b07c-e569-4338-b207-39437a95b958 [entry] -- op add(x,w) >> x -- (5ms 867us 604ns)
0 1d94b07c-e569-4338-b207-39437a95b958 [entry] -- op add(x,w) >> x -- (5ms 906us 458ns)
0 1d94b07c-e569-4338-b207-39437a95b958 [entry] -- op add(x,w) >> x -- (5ms 920us 989ns)
0 1d94b07c-e569-4338-b207-39437a95b958 [entry] -- op add(x,w) >> x -- (5ms 841us 41ns)
0 1d94b07c-e569-4338-b207-39437a95b958 [entry] -- op add(x,w) >> x -- (5ms 879us 999ns)
0 1d94b07c-e569-4338-b207-39437a95b958 [entry] -- op add(x,w) >> x -- (5ms 917us 864ns)
0 1d94b07c-e569-4338-b207-39437a95b958 [entry] -- op add(x,w) >> x -- (5ms 880us 520ns)
0 1d94b07c-e569-4338-b207-39437a95b958 [entry] -- op add(x,w) >> x -- (5ms 931us 718ns)
0 1d94b07c-e569-4338-b207-39437a95b958 [entry] -- op add(x,w) >> x -- (5ms 814us 218ns)
0 1d94b07c-e569-4338-b207-39437a95b958 [entry] -- op add(x,w) >> x -- (5ms 847us 135ns)
0 1d94b07c-e569-4338-b207-39437a95b958 [entry] -- op add(x,w) >> x -- (5ms 835us 520ns)
0 1d94b07c-e569-4338-b207-39437a95b958 [entry] -- op add(x,w) >> x -- (5ms 963us 854ns)
0 1d94b07c-e569-4338-b207-39437a95b958 [entry] -- op add(x,w) >> x -- (5ms 839us 947ns)
0 1d94b07c-e569-4338-b207-39437a95b958 [entry] -- op add(x,w) >> x -- (5ms 931us 406ns)
0 1d94b07c-e569-4338-b207-39437a95b958 [entry] -- op add(x,w) >> x -- (5ms 831us 562ns)
0 1d94b07c-e569-4338-b207-39437a95b958 [entry] -- op add(x,w) >> x -- (5ms 878us 489ns)
0 1d94b07c-e569-4338-b207-39437a95b958 [entry] -- op add(x,w) >> x -- (6ms 12us 83ns)
0 1d94b07c-e569-4338-b207-39437a95b958 [entry] -- op add(x,w) >> x -- (5ms 849us 114ns)
0 1d94b07c-e569-4338-b207-39437a95b958 [entry] -- op add(x,w) >> x -- (5ms 957us 760ns)
0 1d94b07c-e569-4338-b207-39437a95b958 [entry] -- op add(x,w) >> x -- (5ms 896us 354ns)
0 1d94b07c-e569-4338-b207-39437a95b958 [entry] -- op add(x,w) >> x -- (5ms 946us 197ns)
0 1d94b07c-e569-4338-b207-39437a95b958 [entry] -- op add(x,w) >> x -- (5ms 931us 822ns)
0 1d94b07c-e569-4338-b207-39437a95b958 [entry] -- op add(x,w) >> x -- (5ms 896us 406ns)
0 1d94b07c-e569-4338-b207-39437a95b958 [entry] -- op add(x,w) >> x -- (5ms 874us 947ns)
0 1d94b07c-e569-4338-b207-39437a95b958 [entry] -- op add(x,w) >> x -- (5ms 859us 999ns)
0 1d94b07c-e569-4338-b207-39437a95b958 [entry] -- op add(x,w) >> x -- (5ms 920us 364ns)
0 1d94b07c-e569-4338-b207-39437a95b958 [entry] -- op add(x,w) >> x -- (5ms 805us 885ns)
0 1d94b07c-e569-4338-b207-39437a95b958 [entry] -- op add(x,w) >> x -- (5ms 937us 708ns)
0 1d94b07c-e569-4338-b207-39437a95b958 [entry] -- op add(x,w) >> x -- (5ms 918us 749ns)
0 1d94b07c-e569-4338-b207-39437a95b958 [entry] -- op add(x,w) >> x -- (6ms 161us 926ns)
0 1d94b07c-e569-4338-b207-39437a95b958 [entry] -- op add(x,w) >> x -- (5ms 967us 291ns)
0 1d94b07c-e569-4338-b207-39437a95b958 [entry] -- op add(x,w) >> x -- (5ms 785us 104ns)
0 1d94b07c-e569-4338-b207-39437a95b958 [entry] -- op add(x,w) >> x -- (5ms 911us 406ns)
0 1d94b07c-e569-4338-b207-39437a95b958 [entry] -- op add(x,w) >> x -- (5ms 867us 343ns)
0 1d94b07c-e569-4338-b207-39437a95b958 [entry] -- op add(x,w) >> x -- (5ms 925us 989ns)
0 1d94b07c-e569-4338-b207-39437a95b958 [entry] -- op add(x,w) >> x -- (5ms 880us 624ns)
0 1d94b07c-e569-4338-b207-39437a95b958 [entry] -- op add(x,w) >> x -- (5ms 879us 791ns)
0 1d94b07c-e569-4338-b207-39437a95b958 [entry] -- op add(x,w) >> x -- (5ms 922us 395ns)
0 1d94b07c-e569-4338-b207-39437a95b958 [entry] -- op add(x,w) >> x -- (5ms 848us 749ns)
0 1d94b07c-e569-4338-b207-39437a95b958 [entry] -- op add(x,w) >> x -- (5ms 932us 291ns)
0 1d94b07c-e569-4338-b207-39437a95b958 [entry] -- op add(x,w) >> x -- (5ms 925us 729ns)
0 1d94b07c-e569-4338-b207-39437a95b958 [entry] -- op add(x,w) >> x -- (5ms 873us 229ns)
0 1d94b07c-e569-4338-b207-39437a95b958 [entry] -- op add(x,w) >> x -- (5ms 914us 791ns)
0 1d94b07c-e569-4338-b207-39437a95b958 [entry] -- op add(x,w) >> x -- (5ms 877us 656ns)
0 1d94b07c-e569-4338-b207-39437a95b958 [entry] -- op add(x,w) >> x -- (5ms 916us 406ns)
0 1d94b07c-e569-4338-b207-39437a95b958 [entry] -- op add(x,w) >> x -- (5ms 890us 364ns)
0 1d94b07c-e569-4338-b207-39437a95b958 [entry] -- op add(x,w) >> x -- (5ms 984us 739ns)
0 1d94b07c-e569-4338-b207-39437a95b958 [entry] -- op add(x,w) >> x -- (5ms 879us 10ns)
0 1d94b07c-e569-4338-b207-39437a95b958 [entry] -- op add(x,w) >> x -- (5ms 930us 729ns)
0 1d94b07c-e569-4338-b207-39437a95b958 [entry] -- op add(x,w) >> x -- (5ms 826us 666ns)
0 1d94b07c-e569-4338-b207-39437a95b958 [entry] -- op add(x,w) >> x -- (5ms 963us 489ns)
0 1d94b07c-e569-4338-b207-39437a95b958 [entry] -- op add(x,w) >> x -- (5ms 960us 260ns)
0 1d94b07c-e569-4338-b207-39437a95b958 [entry] -- op add(x,w) >> x -- (5ms 912us 239ns)
0 1d94b07c-e569-4338-b207-39437a95b958 [entry] -- op add(x,w) >> x -- (5ms 922us 551ns)
0 1d94b07c-e569-4338-b207-39437a95b958 [entry] -- op add(x,w) >> x -- (5ms 839us 947ns)
0 1d94b07c-e569-4338-b207-39437a95b958 [entry] -- op add(x,w) >> x -- (5ms 920us 260ns)
0 1d94b07c-e569-4338-b207-39437a95b958 [entry] -- op add(x,w) >> x -- (5ms 890us 676ns)
0 1d94b07c-e569-4338-b207-39437a95b958 [entry] -- op add(x,w) >> x -- (5ms 949us 322ns)
0 1d94b07c-e569-4338-b207-39437a95b958 [entry] -- op add(x,w) >> x -- (5ms 872us 864ns)
0 1d94b07c-e569-4338-b207-39437a95b958 [entry] -- op add(x,w) >> x -- (5ms 788us 176ns)
0 1d94b07c-e569-4338-b207-39437a95b958 [entry] -- op add(x,w) >> x -- (5ms 872us 499ns)
0 1d94b07c-e569-4338-b207-39437a95b958 [entry] -- op add(x,w) >> x -- (5ms 910us 937ns)
0 1d94b07c-e569-4338-b207-39437a95b958 [entry] -- op add(x,w) >> x -- (5ms 996us 197ns)
0 1d94b07c-e569-4338-b207-39437a95b958 [entry] -- op add(x,w) >> x -- (5ms 847us 447ns)
0 1d94b07c-e569-4338-b207-39437a95b958 [entry] -- op add(x,w) >> x -- (5ms 890us 520ns)
0 1d94b07c-e569-4338-b207-39437a95b958 [entry] -- op add(x,w) >> x -- (5ms 912us 760ns)
0 1d94b07c-e569-4338-b207-39437a95b958 [entry] -- op add(x,w) >> x -- (5ms 983us 541ns)
0 1d94b07c-e569-4338-b207-39437a95b958 [entry] -- op add(x,w) >> x -- (6ms 76us 41ns)
0 1d94b07c-e569-4338-b207-39437a95b958 [entry] -- op add(x,w) >> x -- (5ms 840us 51ns)
0 1d94b07c-e569-4338-b207-39437a95b958 [entry] -- op add(x,w) >> x -- (5ms 979us 10ns)
0 1d94b07c-e569-4338-b207-39437a95b958 [entry] -- op add(x,w) >> x -- (5ms 823us 906ns)
0 1d94b07c-e569-4338-b207-39437a95b958 [entry] -- op add(x,w) >> x -- (5ms 882us 291ns)
0 1d94b07c-e569-4338-b207-39437a95b958 [entry] -- op add(x,w) >> x -- (5ms 962us 83ns)
0 1d94b07c-e569-4338-b207-39437a95b958 [entry] -- op add(x,w) >> x -- (5ms 971us 614ns)
0 1d94b07c-e569-4338-b207-39437a95b958 [entry] -- op add(x,w) >> x -- (5ms 896us 874ns)
0 1d94b07c-e569-4338-b207-39437a95b958 [entry] -- op add(x,w) >> x -- (5ms 943us 333ns)
0 1d94b07c-e569-4338-b207-39437a95b958 [entry] -- op add(x,w) >> x -- (5ms 885us 989ns)
0 1d94b07c-e569-4338-b207-39437a95b958 [entry] -- op add(x,w) >> x -- (5ms 875us 312ns)
0 1d94b07c-e569-4338-b207-39437a95b958 [entry] -- op add(x,w) >> x -- (5ms 913us 697ns)
0 1d94b07c-e569-4338-b207-39437a95b958 [entry] -- op add(x,w) >> x -- (5ms 944us 635ns)
0 1d94b07c-e569-4338-b207-39437a95b958 [entry] -- op add(x,w) >> x -- (5ms 779us 791ns)
0 1d94b07c-e569-4338-b207-39437a95b958 [entry] -- op add(x,w) >> x -- (5ms 866us 93ns)
0 1d94b07c-e569-4338-b207-39437a95b958 [entry] -- op add(x,w) >> x -- (5ms 850us 416ns)
0 1d94b07c-e569-4338-b207-39437a95b958 [entry] -- op add(x,w) >> x -- (6ms 6us 301ns)
0 1d94b07c-e569-4338-b207-39437a95b958 [entry] -- op add(x,w) >> x -- (5ms 871us 666ns)
0 1d94b07c-e569-4338-b207-39437a95b958 [entry] -- op add(x,w) >> x -- (5ms 879us 479ns)
0 1d94b07c-e569-4338-b207-39437a95b958 [entry] -- op add(x,w) >> x -- (5ms 997us 447ns)
0 1d94b07c-e569-4338-b207-39437a95b958 [entry] -- op add(x,w) >> x -- (5ms 823us 385ns)
0 1d94b07c-e569-4338-b207-39437a95b958 [entry] -- op add(x,w) >> x -- (5ms 937us 812ns)
0 1d94b07c-e569-4338-b207-39437a95b958 [entry] -- op add(x,w) >> x -- (5ms 849us 166ns)
0 1d94b07c-e569-4338-b207-39437a95b958 [entry] -- op add(x,w) >> x -- (5ms 985us 624ns)
0 1d94b07c-e569-4338-b207-39437a95b958 [entry] -- op add(x,w) >> x -- (5ms 831us 926ns)
0 1d94b07c-e569-4338-b207-39437a95b958 [entry] -- op add(x,w) >> x -- (5ms 815us 676ns)
0 1d94b07c-e569-4338-b207-39437a95b958 [entry] -- op add(x,w) >> x -- (5ms 886us 145ns)
0 1d94b07c-e569-4338-b207-39437a95b958 [entry] -- op add(x,w) >> x -- (5ms 849us 791ns)
0 1d94b07c-e569-4338-b207-39437a95b958 [entry] -- op add(x,w) >> x -- (6ms 82us 968ns)
0 1d94b07c-e569-4338-b207-39437a95b958 [entry] -- op add(x,w) >> x -- (5ms 853us 124ns)
0 1d94b07c-e569-4338-b207-39437a95b958 [entry] -- op add(x,w) >> x -- (5ms 987us 187ns)
0 1d94b07c-e569-4338-b207-39437a95b958 [entry] -- op add(x,w) >> x -- (5ms 929us 10ns)
0 1d94b07c-e569-4338-b207-39437a95b958 [entry] -- op add(x,w) >> x -- (6ms 48us 124ns)
0 1d94b07c-e569-4338-b207-39437a95b958 [entry] -- op add(x,w) >> x -- (5ms 936us 458ns)
0 1d94b07c-e569-4338-b207-39437a95b958 [entry] -- op add(x,w) >> x -- (5ms 822us 604ns)
0 1d94b07c-e569-4338-b207-39437a95b958 [entry] -- op add(x,w) >> x -- (5ms 857us 135ns)
0 1d94b07c-e569-4338-b207-39437a95b958 [entry] -- op add(x,w) >> x -- (5ms 837us 551ns)
0 1d94b07c-e569-4338-b207-39437a95b958 [entry] -- op add(x,w) >> x -- (5ms 941us 354ns)
0 1d94b07c-e569-4338-b207-39437a95b958 [entry] -- op add(x,w) >> x -- (5ms 906us 510ns)
0 1d94b07c-e569-4338-b207-39437a95b958 [entry] -- op add(x,w) >> x -- (5ms 819us 531ns)
0 1d94b07c-e569-4338-b207-39437a95b958 [entry] -- op add(x,w) >> x -- (5ms 953us 958ns)
0 1d94b07c-e569-4338-b207-39437a95b958 [entry] -- op add(x,w) >> x -- (5ms 861us 301ns)
0 1d94b07c-e569-4338-b207-39437a95b958 [entry] -- op add(x,w) >> x -- (5ms 857us 31ns)
0 1d94b07c-e569-4338-b207-39437a95b958 [entry] -- op add(x,w) >> x -- (5ms 937us 395ns)
0 1d94b07c-e569-4338-b207-39437a95b958 [entry] -- op add(x,w) >> x -- (5ms 882us 499ns)
0 1d94b07c-e569-4338-b207-39437a95b958 [entry] -- op add(x,w) >> x -- (5ms 920us 208ns)
0 1d94b07c-e569-4338-b207-39437a95b958 [entry] -- op add(x,w) >> x -- (5ms 800us 937ns)
0 1d94b07c-e569-4338-b207-39437a95b958 [entry] -- op add(x,w) >> x -- (5ms 874us 270ns)
0 1d94b07c-e569-4338-b207-39437a95b958 [entry] -- op add(x,w) >> x -- (5ms 838us 20ns)
0 1d94b07c-e569-4338-b207-39437a95b958 [entry] -- op add(x,w) >> x -- (5ms 927us 239ns)
0 1d94b07c-e569-4338-b207-39437a95b958 [entry] -- op add(x,w) >> x -- (5ms 834us 218ns)
0 1d94b07c-e569-4338-b207-39437a95b958 [entry] -- op add(x,w) >> x -- (5ms 852us 291ns)
0 1d94b07c-e569-4338-b207-39437a95b958 [entry] -- op add(x,w) >> x -- (5ms 909us 583ns)
0 1d94b07c-e569-4338-b207-39437a95b958 [entry] -- op add(x,w) >> x -- (5ms 776us 874ns)
0 1d94b07c-e569-4338-b207-39437a95b958 [entry] -- op add(x,w) >> x -- (5ms 827us 604ns)
0 1d94b07c-e569-4338-b207-39437a95b958 [entry] -- op add(x,w) >> x -- (5ms 812us 187ns)
0 1d94b07c-e569-4338-b207-39437a95b958 [entry] -- op add(x,w) >> x -- (5ms 931us 822ns)
0 1d94b07c-e569-4338-b207-39437a95b958 [entry] -- op add(x,w) >> x -- (5ms 870us 937ns)
0 1d94b07c-e569-4338-b207-39437a95b958 [entry] -- op add(x,w) >> x -- (5ms 847us 31ns)
0 1d94b07c-e569-4338-b207-39437a95b958 [entry] -- op add(x,w) >> x -- (5ms 900us 676ns)
0 1d94b07c-e569-4338-b207-39437a95b958 [entry] -- op add(x,w) >> x -- (5ms 843us 281ns)
0 1d94b07c-e569-4338-b207-39437a95b958 [entry] -- op add(x,w) >> x -- (5ms 844us 687ns)
0 1d94b07c-e569-4338-b207-39437a95b958 [entry] -- op add(x,w) >> x -- (5ms 798us 437ns)
0 1d94b07c-e569-4338-b207-39437a95b958 [entry] -- op add(x,w) >> x -- (5ms 884us 62ns)
0 1d94b07c-e569-4338-b207-39437a95b958 [entry] -- op add(x,w) >> x -- (5ms 911us 354ns)
0 1d94b07c-e569-4338-b207-39437a95b958 [entry] -- op add(x,w) >> x -- (5ms 840us 572ns)
0 1d94b07c-e569-4338-b207-39437a95b958 [entry] -- op add(x,w) >> x -- (5ms 885us 833ns)
0 1d94b07c-e569-4338-b207-39437a95b958 [entry] -- op add(x,w) >> x -- (5ms 798us 72ns)
0 1d94b07c-e569-4338-b207-39437a95b958 [entry] -- op add(x,w) >> x -- (5ms 859us 270ns)
0 1d94b07c-e569-4338-b207-39437a95b958 [entry] -- op add(x,w) >> x -- (5ms 826us 145ns)
0 1d94b07c-e569-4338-b207-39437a95b958 [entry] -- op add(x,w) >> x -- (5ms 923us 20ns)
0 1d94b07c-e569-4338-b207-39437a95b958 [entry] -- op add(x,w) >> x -- (5ms 889us 62ns)
0 1d94b07c-e569-4338-b207-39437a95b958 [entry] -- op add(x,w) >> x -- (5ms 844us 999ns)
0 1d94b07c-e569-4338-b207-39437a95b958 [entry] -- op add(x,w) >> x -- (5ms 836us 822ns)
0 1d94b07c-e569-4338-b207-39437a95b958 [entry] -- op add(x,w) >> x -- (5ms 869us 10ns)
0 1d94b07c-e569-4338-b207-39437a95b958 [entry] -- op add(x,w) >> x -- (5ms 911us 979ns)
0 1d94b07c-e569-4338-b207-39437a95b958 [entry] -- op add(x,w) >> x -- (5ms 903us 489ns)
0 1d94b07c-e569-4338-b207-39437a95b958 [entry] -- op add(x,w) >> x -- (5ms 985us 104ns)
0 1d94b07c-e569-4338-b207-39437a95b958 [entry] -- op add(x,w) >> x -- (5ms 968us 489ns)
0 1d94b07c-e569-4338-b207-39437a95b958 [entry] -- op add(x,w) >> x -- (5ms 826us 614ns)
0 1d94b07c-e569-4338-b207-39437a95b958 [entry] -- op add(x,w) >> x -- (5ms 843us 229ns)
0 1d94b07c-e569-4338-b207-39437a95b958 [entry] -- op add(x,w) >> x -- (5ms 858us 958ns)
0 1d94b07c-e569-4338-b207-39437a95b958 [entry] -- op add(x,w) >> x -- (5ms 892us 343ns)
0 1d94b07c-e569-4338-b207-39437a95b958 [entry] -- op add(x,w) >> x -- (5ms 800us 729ns)
0 1d94b07c-e569-4338-b207-39437a95b958 [entry] -- op add(x,w) >> x -- (6ms 55us 729ns)
0 1d94b07c-e569-4338-b207-39437a95b958 [entry] -- op add(x,w) >> x -- (6ms 42us 551ns)
0 1d94b07c-e569-4338-b207-39437a95b958 [entry] -- op add(x,w) >> x -- (5ms 948us 281ns)
0 1d94b07c-e569-4338-b207-39437a95b958 [entry] -- op add(x,w) >> x -- (5ms 998us 697ns)
0 1d94b07c-e569-4338-b207-39437a95b958 [entry] -- op add(x,w) >> x -- (5ms 860us 937ns)
0 1d94b07c-e569-4338-b207-39437a95b958 [entry] -- op add(x,w) >> x -- (6ms 18us 176ns)
0 1d94b07c-e569-4338-b207-39437a95b958 [entry] -- op add(x,w) >> x -- (5ms 881us 93ns)
0 1d94b07c-e569-4338-b207-39437a95b958 [entry] -- op add(x,w) >> x -- (6ms 32us 864ns)
0 1d94b07c-e569-4338-b207-39437a95b958 [entry] -- op add(x,w) >> x -- (5ms 828us 958ns)
0 1d94b07c-e569-4338-b207-39437a95b958 [entry] -- op add(x,w) >> x -- (5ms 867us 604ns)
0 1d94b07c-e569-4338-b207-39437a95b958 [entry] -- op add(x,w) >> x -- (5ms 835us 156ns)
0 1d94b07c-e569-4338-b207-39437a95b958 [entry] -- op add(x,w) >> x -- (5ms 946us 93ns)
0 1d94b07c-e569-4338-b207-39437a95b958 [entry] -- op add(x,w) >> x -- (5ms 861us 458ns)
0 1d94b07c-e569-4338-b207-39437a95b958 [entry] -- op add(x,w) >> x -- (5ms 834us 479ns)
0 1d94b07c-e569-4338-b207-39437a95b958 [entry] -- op add(x,w) >> x -- (5ms 827us 604ns)
0 1d94b07c-e569-4338-b207-39437a95b958 [entry] -- op add(x,w) >> x -- (5ms 836us 41ns)
0 1d94b07c-e569-4338-b207-39437a95b958 [entry] -- op add(x,w) >> x -- (5ms 850us 104ns)
0 1d94b07c-e569-4338-b207-39437a95b958 [entry] -- op add(x,w) >> x -- (5ms 832us 291ns)
0 1d94b07c-e569-4338-b207-39437a95b958 [entry] -- op add(x,w) >> x -- (6ms 0us 989ns)
0 1d94b07c-e569-4338-b207-39437a95b958 [entry] -- op add(x,w) >> x -- (5ms 920us 572ns)
0 1d94b07c-e569-4338-b207-39437a95b958 [entry] -- op add(x,w) >> x -- (5ms 872us 83ns)
0 1d94b07c-e569-4338-b207-39437a95b958 [entry] -- op add(x,w) >> x -- (5ms 851us 562ns)
0 1d94b07c-e569-4338-b207-39437a95b958 [entry] -- op add(x,w) >> x -- (5ms 923us 958ns)
0 1d94b07c-e569-4338-b207-39437a95b958 [entry] -- op add(x,w) >> x -- (5ms 897us 83ns)
0 1d94b07c-e569-4338-b207-39437a95b958 [entry] -- op add(x,w) >> x -- (5ms 895us 468ns)
0 1d94b07c-e569-4338-b207-39437a95b958 [entry] -- op add(x,w) >> x -- (5ms 865us 312ns)
0 1d94b07c-e569-4338-b207-39437a95b958 [entry] -- op add(x,w) >> x -- (5ms 854us 583ns)
0 1d94b07c-e569-4338-b207-39437a95b958 [entry] -- op add(x,w) >> x -- (5ms 827us 916ns)
0 1d94b07c-e569-4338-b207-39437a95b958 [entry] -- op add(x,w) >> x -- (5ms 872us 291ns)
0 1d94b07c-e569-4338-b207-39437a95b958 [entry] -- op add(x,w) >> x -- (5ms 986us 458ns)
0 1d94b07c-e569-4338-b207-39437a95b958 [entry] -- op add(x,w) >> x -- (5ms 915us 208ns)
0 1d94b07c-e569-4338-b207-39437a95b958 [entry] -- op add(x,w) >> x -- (5ms 972us 343ns)
0 1d94b07c-e569-4338-b207-39437a95b958 [entry] -- op add(x,w) >> x -- (5ms 926us 926ns)
0 1d94b07c-e569-4338-b207-39437a95b958 [entry] -- op add(x,w) >> x -- (5ms 854us 426ns)
0 1d94b07c-e569-4338-b207-39437a95b958 [entry] -- op add(x,w) >> x -- (5ms 864us 374ns)
0 1d94b07c-e569-4338-b207-39437a95b958 [entry] -- op add(x,w) >> x -- (5ms 833us 645ns)
0 1d94b07c-e569-4338-b207-39437a95b958 [entry] -- op add(x,w) >> x -- (5ms 863us 958ns)
0 1d94b07c-e569-4338-b207-39437a95b958 [entry] -- op add(x,w) >> x -- (5ms 904us 479ns)
0 1d94b07c-e569-4338-b207-39437a95b958 [entry] -- op add(x,w) >> x -- (5ms 873us 385ns)
0 1d94b07c-e569-4338-b207-39437a95b958 [entry] -- op add(x,w) >> x -- (5ms 956us 562ns)
0 1d94b07c-e569-4338-b207-39437a95b958 [entry] -- op add(x,w) >> x -- (5ms 855us 624ns)
0 1d94b07c-e569-4338-b207-39437a95b958 [entry] -- op add(x,w) >> x -- (5ms 810us 260ns)
0 1d94b07c-e569-4338-b207-39437a95b958 [entry] -- op add(x,w) >> x -- (5ms 926us 301ns)
0 1d94b07c-e569-4338-b207-39437a95b958 [entry] -- op add(x,w) >> x -- (5ms 913us 489ns)
0 1d94b07c-e569-4338-b207-39437a95b958 [entry] -- op add(x,w) >> x -- (5ms 970us 312ns)
0 1d94b07c-e569-4338-b207-39437a95b958 [entry] -- op add(x,w) >> x -- (5ms 999us 166ns)
0 1d94b07c-e569-4338-b207-39437a95b958 [entry] -- op add(x,w) >> x -- (5ms 918us 333ns)
0 1d94b07c-e569-4338-b207-39437a95b958 [entry] -- op add(x,w) >> x -- (5ms 814us 114ns)
0 1d94b07c-e569-4338-b207-39437a95b958 [entry] -- op add(x,w) >> x -- (5ms 848us 385ns)
0 1d94b07c-e569-4338-b207-39437a95b958 [entry] -- op add(x,w) >> x -- (5ms 945us 572ns)
0 1d94b07c-e569-4338-b207-39437a95b958 [entry] -- op add(x,w) >> x -- (5ms 816us 770ns)
0 1d94b07c-e569-4338-b207-39437a95b958 [entry] -- op add(x,w) >> x -- (5ms 895us 51ns)
0 1d94b07c-e569-4338-b207-39437a95b958 [entry] -- op add(x,w) >> x -- (5ms 877us 135ns)
0 1d94b07c-e569-4338-b207-39437a95b958 [entry] -- op add(x,w) >> x -- (5ms 916us 458ns)
0 1d94b07c-e569-4338-b207-39437a95b958 [entry] -- op add(x,w) >> x -- (5ms 838us 72ns)
0 1d94b07c-e569-4338-b207-39437a95b958 [entry] -- op add(x,w) >> x -- (5ms 810us 520ns)
0 1d94b07c-e569-4338-b207-39437a95b958 [entry] -- op add(x,w) >> x -- (5ms 862us 291ns)
0 1d94b07c-e569-4338-b207-39437a95b958 [entry] -- op add(x,w) >> x -- (5ms 774us 531ns)
0 1d94b07c-e569-4338-b207-39437a95b958 [entry] -- op add(x,w) >> x -- (5ms 886us 614ns)
0 1d94b07c-e569-4338-b207-39437a95b958 [entry] -- op add(x,w) >> x -- (5ms 897us 135ns)
0 1d94b07c-e569-4338-b207-39437a95b958 [entry] -- op add(x,w) >> x -- (5ms 867us 239ns)
0 1d94b07c-e569-4338-b207-39437a95b958 [entry] -- op add(x,w) >> x -- (5ms 921us 354ns)
0 1d94b07c-e569-4338-b207-39437a95b958 [entry] -- op add(x,w) >> x -- (5ms 815us 260ns)
0 1d94b07c-e569-4338-b207-39437a95b958 [entry] -- op add(x,w) >> x -- (5ms 879us 270ns)
0 1d94b07c-e569-4338-b207-39437a95b958 [entry] -- op add(x,w) >> x -- (5ms 789us 687ns)
0 1d94b07c-e569-4338-b207-39437a95b958 [entry] -- op add(x,w) >> x -- (6ms 19us 635ns)
0 1d94b07c-e569-4338-b207-39437a95b958 [entry] -- op add(x,w) >> x -- (5ms 844us 531ns)
0 1d94b07c-e569-4338-b207-39437a95b958 [entry] -- op add(x,w) >> x -- (5ms 984us 687ns)
0 1d94b07c-e569-4338-b207-39437a95b958 [entry] -- op add(x,w) >> x -- (5ms 860us 781ns)
0 1d94b07c-e569-4338-b207-39437a95b958 [entry] -- op add(x,w) >> x -- (5ms 831us 926ns)
0 1d94b07c-e569-4338-b207-39437a95b958 [entry] -- op add(x,w) >> x -- (5ms 935us 156ns)
0 1d94b07c-e569-4338-b207-39437a95b958 [entry] -- op add(x,w) >> x -- (5ms 820us 676ns)
0 1d94b07c-e569-4338-b207-39437a95b958 [entry] -- op add(x,w) >> x -- (5ms 900us 781ns)
0 1d94b07c-e569-4338-b207-39437a95b958 [entry] -- op add(x,w) >> x -- (5ms 894us 843ns)
0 1d94b07c-e569-4338-b207-39437a95b958 [entry] -- op add(x,w) >> x -- (5ms 911us 874ns)
0 1d94b07c-e569-4338-b207-39437a95b958 [entry] -- op add(x,w) >> x -- (5ms 836us 874ns)
0 1d94b07c-e569-4338-b207-39437a95b958 [entry] -- op add(x,w) >> x -- (5ms 799us 947ns)
0 1d94b07c-e569-4338-b207-39437a95b958 [entry] -- op add(x,w) >> x -- (6ms 90us 781ns)
0 1d94b07c-e569-4338-b207-39437a95b958 [entry] -- op add(x,w) >> x -- (5ms 810us 520ns)
0 1d94b07c-e569-4338-b207-39437a95b958 [entry] -- op add(x,w) >> x -- (5ms 900us 416ns)
0 1d94b07c-e569-4338-b207-39437a95b958 [entry] -- op add(x,w) >> x -- (5ms 853us 541ns)
0 1d94b07c-e569-4338-b207-39437a95b958 [entry] -- op add(x,w) >> x -- (5ms 924us 166ns)
0 1d94b07c-e569-4338-b207-39437a95b958 [entry] -- op add(x,w) >> x -- (5ms 895us 624ns)
0 1d94b07c-e569-4338-b207-39437a95b958 [entry] -- op add(x,w) >> x -- (6ms 40us 312ns)
0 1d94b07c-e569-4338-b207-39437a95b958 [entry] -- op add(x,w) >> x -- (6ms 50us 416ns)
0 1d94b07c-e569-4338-b207-39437a95b958 [entry] -- op add(x,w) >> x -- (5ms 919us 218ns)
0 1d94b07c-e569-4338-b207-39437a95b958 [entry] -- op add(x,w) >> x -- (5ms 899us 687ns)
0 1d94b07c-e569-4338-b207-39437a95b958 [entry] -- op add(x,w) >> x -- (5ms 897us 239ns)
0 1d94b07c-e569-4338-b207-39437a95b958 [entry] -- op add(x,w) >> x -- (6ms 125us 520ns)
0 1d94b07c-e569-4338-b207-39437a95b958 [entry] -- op add(x,w) >> x -- (5ms 941us 666ns)
0 1d94b07c-e569-4338-b207-39437a95b958 [entry] -- op add(x,w) >> x -- (5ms 855us 624ns)
0 1d94b07c-e569-4338-b207-39437a95b958 [entry] -- op add(x,w) >> x -- (5ms 892us 239ns)
0 1d94b07c-e569-4338-b207-39437a95b958 [entry] -- op add(x,w) >> x -- (5ms 882us 447ns)
0 1d94b07c-e569-4338-b207-39437a95b958 [entry] -- op add(x,w) >> x -- (6ms 24us 322ns)
0 1d94b07c-e569-4338-b207-39437a95b958 [entry] -- op add(x,w) >> x -- (5ms 920us 937ns)
0 1d94b07c-e569-4338-b207-39437a95b958 [entry] -- op add(x,w) >> x -- (5ms 917us 187ns)
0 1d94b07c-e569-4338-b207-39437a95b958 [entry] -- op add(x,w) >> x -- (5ms 924us 791ns)
0 1d94b07c-e569-4338-b207-39437a95b958 [entry] -- op add(x,w) >> x -- (5ms 885us 729ns)
0 1d94b07c-e569-4338-b207-39437a95b958 [entry] -- op add(x,w) >> x -- (5ms 837us 83ns)
0 1d94b07c-e569-4338-b207-39437a95b958 [entry] -- op add(x,w) >> x -- (5ms 800us 885ns)
0 1d94b07c-e569-4338-b207-39437a95b958 [entry] -- op add(x,w) >> x -- (5ms 900us 416ns)
0 1d94b07c-e569-4338-b207-39437a95b958 [entry] -- op add(x,w) >> x -- (5ms 900us 937ns)
0 1d94b07c-e569-4338-b207-39437a95b958 [entry] -- op add(x,w) >> x -- (5ms 874us 166ns)
0 1d94b07c-e569-4338-b207-39437a95b958 [entry] -- op add(x,w) >> x -- (5ms 847us 447ns)
0 1d94b07c-e569-4338-b207-39437a95b958 [entry] -- op add(x,w) >> x -- (5ms 785us 312ns)
0 1d94b07c-e569-4338-b207-39437a95b958 [entry] -- op add(x,w) >> x -- (5ms 859us 479ns)
0 1d94b07c-e569-4338-b207-39437a95b958 [entry] -- op add(x,w) >> x -- (5ms 813us 801ns)
0 1d94b07c-e569-4338-b207-39437a95b958 [entry] -- op add(x,w) >> x -- (5ms 886us 979ns)
0 1d94b07c-e569-4338-b207-39437a95b958 [entry] -- op add(x,w) >> x -- (5ms 898us 281ns)
0 1d94b07c-e569-4338-b207-39437a95b958 [entry] -- op add(x,w) >> x -- (5ms 883us 385ns)
0 1d94b07c-e569-4338-b207-39437a95b958 [entry] -- op add(x,w) >> x -- (5ms 857us 343ns)
0 1d94b07c-e569-4338-b207-39437a95b958 [entry] -- op add(x,w) >> x -- (5ms 785us 260ns)
0 1d94b07c-e569-4338-b207-39437a95b958 [entry] -- op add(x,w) >> x -- (5ms 840us 989ns)
0 1d94b07c-e569-4338-b207-39437a95b958 [entry] -- op add(x,w) >> x -- (6ms 90us 885ns)
0 1d94b07c-e569-4338-b207-39437a95b958 [entry] -- op add(x,w) >> x -- (5ms 923us 645ns)
0 1d94b07c-e569-4338-b207-39437a95b958 [entry] -- op add(x,w) >> x -- (5ms 869us 583ns)
0 1d94b07c-e569-4338-b207-39437a95b958 [entry] -- op add(x,w) >> x -- (5ms 918us 437ns)
0 1d94b07c-e569-4338-b207-39437a95b958 [entry] -- op add(x,w) >> x -- (5ms 859us 426ns)
0 1d94b07c-e569-4338-b207-39437a95b958 [entry] -- op add(x,w) >> x -- (5ms 781us 718ns)
0 1d94b07c-e569-4338-b207-39437a95b958 [entry] -- op add(x,w) >> x -- (5ms 861us 926ns)
0 1d94b07c-e569-4338-b207-39437a95b958 [entry] -- op add(x,w) >> x -- (5ms 811us 562ns)
0 1d94b07c-e569-4338-b207-39437a95b958 [entry] -- op add(x,w) >> x -- (5ms 905us 624ns)
0 1d94b07c-e569-4338-b207-39437a95b958 [entry] -- op add(x,w) >> x -- (5ms 888us 20ns)
0 1d94b07c-e569-4338-b207-39437a95b958 [entry] -- op add(x,w) >> x -- (5ms 875us 364ns)
0 1d94b07c-e569-4338-b207-39437a95b958 [entry] -- op add(x,w) >> x -- (5ms 882us 239ns)
0 1d94b07c-e569-4338-b207-39437a95b958 [entry] -- op add(x,w) >> x -- (5ms 833us 801ns)
0 1d94b07c-e569-4338-b207-39437a95b958 [entry] -- op add(x,w) >> x -- (5ms 877us 187ns)
0 1d94b07c-e569-4338-b207-39437a95b958 [entry] -- op add(x,w) >> x -- (5ms 835us 885ns)
0 1d94b07c-e569-4338-b207-39437a95b958 [entry] -- op add(x,w) >> x -- (5ms 896us 770ns)
0 1d94b07c-e569-4338-b207-39437a95b958 [entry] -- op add(x,w) >> x -- (5ms 888us 281ns)
0 1d94b07c-e569-4338-b207-39437a95b958 [entry] -- op add(x,w) >> x -- (5ms 852us 395ns)
0 1d94b07c-e569-4338-b207-39437a95b958 [entry] -- op add(x,w) >> x -- (5ms 944us 218ns)
0 1d94b07c-e569-4338-b207-39437a95b958 [entry] -- op add(x,w) >> x -- (5ms 796us 41ns)
0 1d94b07c-e569-4338-b207-39437a95b958 [entry] -- op add(x,w) >> x -- (5ms 860us 833ns)
0 1d94b07c-e569-4338-b207-39437a95b958 [entry] -- op add(x,w) >> x -- (5ms 800us 364ns)
0 1d94b07c-e569-4338-b207-39437a95b958 [entry] -- op add(x,w) >> x -- (5ms 910us 208ns)
0 1d94b07c-e569-4338-b207-39437a95b958 [entry] -- op add(x,w) >> x -- (5ms 846us 718ns)
0 1d94b07c-e569-4338-b207-39437a95b958 [entry] -- op add(x,w) >> x -- (5ms 848us 124ns)
0 1d94b07c-e569-4338-b207-39437a95b958 [entry] -- op add(x,w) >> x -- (5ms 884us 479ns)
0 1d94b07c-e569-4338-b207-39437a95b958 [entry] -- op add(x,w) >> x -- (5ms 778us 749ns)
0 1d94b07c-e569-4338-b207-39437a95b958 [entry] -- op add(x,w) >> x -- (5ms 887us 916ns)
0 1d94b07c-e569-4338-b207-39437a95b958 [entry] -- op add(x,w) >> x -- (6ms 28us 20ns)
0 1d94b07c-e569-4338-b207-39437a95b958 [entry] -- op add(x,w) >> x -- (5ms 906us 979ns)
0 1d94b07c-e569-4338-b207-39437a95b958 [entry] -- op add(x,w) >> x -- (5ms 881us 562ns)
0 1d94b07c-e569-4338-b207-39437a95b958 [entry] -- op add(x,w) >> x -- (5ms 844us 114ns)
0 1d94b07c-e569-4338-b207-39437a95b958 [entry] -- op add(x,w) >> x -- (5ms 905us 208ns)
0 1d94b07c-e569-4338-b207-39437a95b958 [entry] -- op add(x,w) >> x -- (5ms 798us 854ns)
0 1d94b07c-e569-4338-b207-39437a95b958 [entry] -- op add(x,w) >> x -- (5ms 850us 208ns)
0 1d94b07c-e569-4338-b207-39437a95b958 [entry] -- op add(x,w) >> x -- (5ms 854us 114ns)
0 1d94b07c-e569-4338-b207-39437a95b958 [entry] -- op add(x,w) >> x -- (5ms 898us 124ns)
0 1d94b07c-e569-4338-b207-39437a95b958 [entry] -- op add(x,w) >> x -- (5ms 881us 666ns)
0 1d94b07c-e569-4338-b207-39437a95b958 [entry] -- op add(x,w) >> x -- (5ms 839us 687ns)
0 1d94b07c-e569-4338-b207-39437a95b958 [entry] -- op add(x,w) >> x -- (5ms 866us 614ns)
0 1d94b07c-e569-4338-b207-39437a95b958 [entry] -- op add(x,w) >> x -- (5ms 794us 479ns)
0 1d94b07c-e569-4338-b207-39437a95b958 [entry] -- op add(x,w) >> x -- (5ms 921us 197ns)
0 1d94b07c-e569-4338-b207-39437a95b958 [entry] -- op add(x,w) >> x -- (5ms 985us 260ns)
0 1d94b07c-e569-4338-b207-39437a95b958 [entry] -- op add(x,w) >> x -- (6ms 103us 854ns)
0 1d94b07c-e569-4338-b207-39437a95b958 [entry] -- op add(x,w) >> x -- (5ms 917us 604ns)
0 1d94b07c-e569-4338-b207-39437a95b958 [entry] -- op add(x,w) >> x -- (5ms 910us 833ns)
0 1d94b07c-e569-4338-b207-39437a95b958 [entry] -- op add(x,w) >> x -- (5ms 944us 218ns)
0 1d94b07c-e569-4338-b207-39437a95b958 [entry] -- op add(x,w) >> x -- (5ms 864us 739ns)
0 1d94b07c-e569-4338-b207-39437a95b958 [entry] -- op add(x,w) >> x -- (5ms 824us 895ns)
0 1d94b07c-e569-4338-b207-39437a95b958 [entry] -- op add(x,w) >> x -- (5ms 949us 10ns)
0 1d94b07c-e569-4338-b207-39437a95b958 [entry] -- op add(x,w) >> x -- (5ms 954us 426ns)
0 1d94b07c-e569-4338-b207-39437a95b958 [entry] -- op add(x,w) >> x -- (5ms 847us 656ns)
0 1d94b07c-e569-4338-b207-39437a95b958 [entry] -- op add(x,w) >> x -- (5ms 821us 145ns)
0 1d94b07c-e569-4338-b207-39437a95b958 [entry] -- op add(x,w) >> x -- (5ms 842us 760ns)
0 1d94b07c-e569-4338-b207-39437a95b958 [entry] -- op add(x,w) >> x -- (5ms 851us 666ns)
0 1d94b07c-e569-4338-b207-39437a95b958 [entry] -- op add(x,w) >> x -- (6ms 92us 395ns)
0 1d94b07c-e569-4338-b207-39437a95b958 [entry] -- op add(x,w) >> x -- (5ms 855us 104ns)
0 1d94b07c-e569-4338-b207-39437a95b958 [entry] -- op add(x,w) >> x -- (5ms 856us 249ns)
0 1d94b07c-e569-4338-b207-39437a95b958 [entry] -- op add(x,w) >> x -- (6ms 29us 166ns)
0 1d94b07c-e569-4338-b207-39437a95b958 [entry] -- op add(x,w) >> x -- (5ms 891us 354ns)
0 1d94b07c-e569-4338-b207-39437a95b958 [entry] -- op add(x,w) >> x -- (5ms 857us 83ns)
0 1d94b07c-e569-4338-b207-39437a95b958 [entry] -- op add(x,w) >> x -- (5ms 804us 687ns)
0 1d94b07c-e569-4338-b207-39437a95b958 [entry] -- op add(x,w) >> x -- (5ms 842us 916ns)
0 1d94b07c-e569-4338-b207-39437a95b958 [entry] -- op add(x,w) >> x -- (5ms 931us 770ns)
0 1d94b07c-e569-4338-b207-39437a95b958 [entry] -- op add(x,w) >> x -- (5ms 986us 979ns)
0 1d94b07c-e569-4338-b207-39437a95b958 [entry] -- op add(x,w) >> x -- (5ms 916us 93ns)
0 1d94b07c-e569-4338-b207-39437a95b958 [entry] -- op add(x,w) >> x -- (5ms 875us 885ns)
0 1d94b07c-e569-4338-b207-39437a95b958 [entry] -- op add(x,w) >> x -- (5ms 922us 916ns)
0 1d94b07c-e569-4338-b207-39437a95b958 [entry] -- op add(x,w) >> x -- (5ms 966us 979ns)
0 1d94b07c-e569-4338-b207-39437a95b958 [entry] -- op add(x,w) >> x -- (5ms 860us 104ns)
0 1d94b07c-e569-4338-b207-39437a95b958 [entry] -- op add(x,w) >> x -- (5ms 855us 885ns)
0 1d94b07c-e569-4338-b207-39437a95b958 [entry] -- op add(x,w) >> x -- (5ms 871us 562ns)
0 1d94b07c-e569-4338-b207-39437a95b958 [entry] -- op add(x,w) >> x -- (5ms 818us 593ns)
0 1d94b07c-e569-4338-b207-39437a95b958 [entry] -- op add(x,w) >> x -- (5ms 844us 791ns)
0 1d94b07c-e569-4338-b207-39437a95b958 [entry] -- op add(x,w) >> x -- (5ms 899us 947ns)
0 1d94b07c-e569-4338-b207-39437a95b958 [entry] -- op add(x,w) >> x -- (5ms 808us 489ns)
0 1d94b07c-e569-4338-b207-39437a95b958 [entry] -- op add(x,w) >> x -- (5ms 919us 322ns)
0 1d94b07c-e569-4338-b207-39437a95b958 [entry] -- op add(x,w) >> x -- (5ms 956us 93ns)
0 1d94b07c-e569-4338-b207-39437a95b958 [entry] -- op add(x,w) >> x -- (5ms 911us 874ns)
0 1d94b07c-e569-4338-b207-39437a95b958 [entry] -- op add(x,w) >> x -- (5ms 912us 447ns)
0 1d94b07c-e569-4338-b207-39437a95b958 [entry] -- op add(x,w) >> x -- (5ms 939us 218ns)
0 1d94b07c-e569-4338-b207-39437a95b958 [entry] -- op add(x,w) >> x -- (5ms 906us 406ns)
0 1d94b07c-e569-4338-b207-39437a95b958 [entry] -- op add(x,w) >> x -- (5ms 805us 156ns)
0 1d94b07c-e569-4338-b207-39437a95b958 [entry] -- op add(x,w) >> x -- (5ms 970us 468ns)
0 1d94b07c-e569-4338-b207-39437a95b958 [entry] -- op add(x,w) >> x -- (5ms 919us 635ns)
0 1d94b07c-e569-4338-b207-39437a95b958 [entry] -- op add(x,w) >> x -- (6ms 114us 635ns)
0 1d94b07c-e569-4338-b207-39437a95b958 [entry] -- op add(x,w) >> x -- (6ms 24us 687ns)
0 1d94b07c-e569-4338-b207-39437a95b958 [entry] -- op add(x,w) >> x -- (5ms 902us 812ns)
0 1d94b07c-e569-4338-b207-39437a95b958 [entry] -- op add(x,w) >> x -- (5ms 872us 656ns)
0 1d94b07c-e569-4338-b207-39437a95b958 [entry] -- op add(x,w) >> x -- (5ms 849us 218ns)
0 1d94b07c-e569-4338-b207-39437a95b958 [entry] -- op add(x,w) >> x -- (5ms 864us 739ns)
0 1d94b07c-e569-4338-b207-39437a95b958 [entry] -- op add(x,w) >> x -- (5ms 871us 718ns)
0 1d94b07c-e569-4338-b207-39437a95b958 [entry] -- op add(x,w) >> x -- (5ms 883us 437ns)
0 1d94b07c-e569-4338-b207-39437a95b958 [entry] -- op add(x,w) >> x -- (5ms 890us 260ns)
0 1d94b07c-e569-4338-b207-39437a95b958 [entry] -- op add(x,w) >> x -- (5ms 857us 31ns)
0 1d94b07c-e569-4338-b207-39437a95b958 [entry] -- op add(x,w) >> x -- (5ms 864us 843ns)
0 1d94b07c-e569-4338-b207-39437a95b958 [entry] -- op add(x,w) >> x -- (5ms 883us 229ns)
0 1d94b07c-e569-4338-b207-39437a95b958 [entry] -- op add(x,w) >> x -- (5ms 852us 708ns)
0 1d94b07c-e569-4338-b207-39437a95b958 [entry] -- op add(x,w) >> x -- (5ms 978us 333ns)
0 1d94b07c-e569-4338-b207-39437a95b958 [entry] -- op add(x,w) >> x -- (5ms 899us 114ns)
0 1d94b07c-e569-4338-b207-39437a95b958 [entry] -- op add(x,w) >> x -- (5ms 852us 708ns)
0 1d94b07c-e569-4338-b207-39437a95b958 [entry] -- op add(x,w) >> x -- (5ms 806us 718ns)
0 1d94b07c-e569-4338-b207-39437a95b958 [entry] -- op add(x,w) >> x -- (5ms 895us 572ns)
0 1d94b07c-e569-4338-b207-39437a95b958 [entry] -- op add(x,w) >> x -- (5ms 807us 812ns)
0 1d94b07c-e569-4338-b207-39437a95b958 [entry] -- op add(x,w) >> x -- (5ms 885us 781ns)
0 1d94b07c-e569-4338-b207-39437a95b958 [entry] -- op add(x,w) >> x -- (5ms 876us 979ns)
0 1d94b07c-e569-4338-b207-39437a95b958 [entry] -- op add(x,w) >> x -- (5ms 894us 426ns)
0 1d94b07c-e569-4338-b207-39437a95b958 [entry] -- op add(x,w) >> x -- (5ms 908us 229ns)
0 1d94b07c-e569-4338-b207-39437a95b958 [entry] -- op add(x,w) >> x -- (5ms 787us 343ns)
0 1d94b07c-e569-4338-b207-39437a95b958 [entry] -- op add(x,w) >> x -- (5ms 846us 666ns)
0 1d94b07c-e569-4338-b207-39437a95b958 [entry] -- op add(x,w) >> x -- (5ms 818us 801ns)
0 1d94b07c-e569-4338-b207-39437a95b958 [entry] -- op add(x,w) >> x -- (5ms 947us 395ns)
0 1d94b07c-e569-4338-b207-39437a95b958 [entry] -- op add(x,w) >> x -- (5ms 837us 291ns)
0 1d94b07c-e569-4338-b207-39437a95b958 [entry] -- op add(x,w) >> x -- (6ms 41us 926ns)
0 1d94b07c-e569-4338-b207-39437a95b958 [entry] -- op add(x,w) >> x -- (5ms 914us 114ns)
0 1d94b07c-e569-4338-b207-39437a95b958 [entry] -- op add(x,w) >> x -- (5ms 909us 479ns)
0 1d94b07c-e569-4338-b207-39437a95b958 [entry] -- op add(x,w) >> x -- (5ms 980us 676ns)
0 1d94b07c-e569-4338-b207-39437a95b958 [entry] -- op add(x,w) >> x -- (5ms 908us 593ns)
0 1d94b07c-e569-4338-b207-39437a95b958 [entry] -- op add(x,w) >> x -- (6ms 0us 676ns)
0 1d94b07c-e569-4338-b207-39437a95b958 [entry] -- op add(x,w) >> x -- (5ms 910us 833ns)
0 1d94b07c-e569-4338-b207-39437a95b958 [entry] -- op add(x,w) >> x -- (5ms 845us 989ns)
0 1d94b07c-e569-4338-b207-39437a95b958 [entry] -- op add(x,w) >> x -- (5ms 870us 156ns)
0 1d94b07c-e569-4338-b207-39437a95b958 [entry] -- op add(x,w) >> x -- (5ms 797us 447ns)
0 1d94b07c-e569-4338-b207-39437a95b958 [entry] -- op add(x,w) >> x -- (5ms 957us 760ns)
0 1d94b07c-e569-4338-b207-39437a95b958 [entry] -- op add(x,w) >> x -- (5ms 824us 687ns)
0 1d94b07c-e569-4338-b207-39437a95b958 [entry] -- op add(x,w) >> x -- (5ms 901us 874ns)
0 1d94b07c-e569-4338-b207-39437a95b958 [entry] -- op add(x,w) >> x -- (6ms 12us 291ns)
0 1d94b07c-e569-4338-b207-39437a95b958 [entry] -- op add(x,w) >> x -- (5ms 860us 364ns)
0 1d94b07c-e569-4338-b207-39437a95b958 [entry] -- op add(x,w) >> x -- (5ms 844us 895ns)
0 1d94b07c-e569-4338-b207-39437a95b958 [entry] -- op add(x,w) >> x -- (5ms 881us 770ns)
0 1d94b07c-e569-4338-b207-39437a95b958 [entry] -- op add(x,w) >> x -- (5ms 981us 666ns)
0 1d94b07c-e569-4338-b207-39437a95b958 [entry] -- op add(x,w) >> x -- (5ms 881us 406ns)
0 1d94b07c-e569-4338-b207-39437a95b958 [entry] -- op add(x,w) >> x -- (5ms 924us 166ns)
0 1d94b07c-e569-4338-b207-39437a95b958 [entry] -- op add(x,w) >> x -- (5ms 873us 697ns)
0 1d94b07c-e569-4338-b207-39437a95b958 [entry] -- op add(x,w) >> x -- (5ms 835us 572ns)
0 1d94b07c-e569-4338-b207-39437a95b958 [entry] -- op add(x,w) >> x -- (5ms 839us 374ns)
0 1d94b07c-e569-4338-b207-39437a95b958 [entry] -- op add(x,w) >> x -- (5ms 783us 72ns)
0 1d94b07c-e569-4338-b207-39437a95b958 [entry] -- op add(x,w) >> x -- (5ms 836us 510ns)
0 1d94b07c-e569-4338-b207-39437a95b958 [entry] -- op add(x,w) >> x -- (5ms 833us 20ns)
0 1d94b07c-e569-4338-b207-39437a95b958 [entry] -- op add(x,w) >> x -- (6ms 94us 374ns)
0 1d94b07c-e569-4338-b207-39437a95b958 [entry] -- op add(x,w) >> x -- (5ms 954us 166ns)
0 1d94b07c-e569-4338-b207-39437a95b958 [entry] -- op add(x,w) >> x -- (6ms 39us 166ns)
0 1d94b07c-e569-4338-b207-39437a95b958 [entry] -- op add(x,w) >> x -- (5ms 951us 614ns)
0 1d94b07c-e569-4338-b207-39437a95b958 [entry] -- op add(x,w) >> x -- (5ms 839us 322ns)
0 1d94b07c-e569-4338-b207-39437a95b958 [entry] -- op add(x,w) >> x -- (5ms 833us 541ns)
0 1d94b07c-e569-4338-b207-39437a95b958 [entry] -- op add(x,w) >> x -- (5ms 815us 312ns)
0 1d94b07c-e569-4338-b207-39437a95b958 [entry] -- op add(x,w) >> x -- (5ms 868us 333ns)
0 1d94b07c-e569-4338-b207-39437a95b958 [entry] -- op add(x,w) >> x -- (5ms 869us 687ns)
0 1d94b07c-e569-4338-b207-39437a95b958 [entry] -- op add(x,w) >> x -- (5ms 826us 301ns)
0 1d94b07c-e569-4338-b207-39437a95b958 [entry] -- op add(x,w) >> x -- (5ms 842us 447ns)
0 1d94b07c-e569-4338-b207-39437a95b958 [entry] -- op add(x,w) >> x -- (5ms 824us 10ns)
0 1d94b07c-e569-4338-b207-39437a95b958 [entry] -- op add(x,w) >> x -- (5ms 939us 62ns)
0 1d94b07c-e569-4338-b207-39437a95b958 [entry] -- op add(x,w) >> x -- (5ms 910us 676ns)
0 1d94b07c-e569-4338-b207-39437a95b958 [entry] -- op add(x,w) >> x -- (5ms 954us 62ns)
0 1d94b07c-e569-4338-b207-39437a95b958 [entry] -- op add(x,w) >> x -- (5ms 930us 104ns)
0 1d94b07c-e569-4338-b207-39437a95b958 [entry] -- op add(x,w) >> x -- (5ms 896us 718ns)
0 1d94b07c-e569-4338-b207-39437a95b958 [entry] -- op add(x,w) >> x -- (5ms 910us 416ns)
0 1d94b07c-e569-4338-b207-39437a95b958 [entry] -- op add(x,w) >> x -- (5ms 877us 656ns)
0 1d94b07c-e569-4338-b207-39437a95b958 [entry] -- op add(x,w) >> x -- (5ms 937us 31ns)
0 1d94b07c-e569-4338-b207-39437a95b958 [entry] -- op add(x,w) >> x -- (5ms 900us 416ns)
0 1d94b07c-e569-4338-b207-39437a95b958 [entry] -- op add(x,w) >> x -- (5ms 992us 31ns)
0 1d94b07c-e569-4338-b207-39437a95b958 [entry] -- op add(x,w) >> x -- (5ms 973us 437ns)
0 1d94b07c-e569-4338-b207-39437a95b958 [entry] -- op add(x,w) >> x -- (5ms 846us 301ns)
0 1d94b07c-e569-4338-b207-39437a95b958 [entry] -- op add(x,w) >> x -- (5ms 936us 562ns)
0 1d94b07c-e569-4338-b207-39437a95b958 [entry] -- op add(x,w) >> x -- (5ms 848us 124ns)
0 1d94b07c-e569-4338-b207-39437a95b958 [entry] -- op add(x,w) >> x -- (5ms 836us 249ns)
0 1d94b07c-e569-4338-b207-39437a95b958 [entry] -- op add(x,w) >> x -- (5ms 884us 531ns)
0 1d94b07c-e569-4338-b207-39437a95b958 [entry] -- op add(x,w) >> x -- (5ms 999us 635ns)
0 1d94b07c-e569-4338-b207-39437a95b958 [entry] -- op add(x,w) >> x -- (5ms 948us 801ns)
0 1d94b07c-e569-4338-b207-39437a95b958 [entry] -- op add(x,w) >> x -- (6ms 29us 270ns)
0 1d94b07c-e569-4338-b207-39437a95b958 [entry] -- op add(x,w) >> x -- (5ms 897us 499ns)
0 1d94b07c-e569-4338-b207-39437a95b958 [entry] -- op add(x,w) >> x -- (5ms 847us 656ns)
0 1d94b07c-e569-4338-b207-39437a95b958 [entry] -- op add(x,w) >> x -- (6ms 41us 926ns)
0 1d94b07c-e569-4338-b207-39437a95b958 [entry] -- op add(x,w) >> x -- (5ms 899us 114ns)
0 1d94b07c-e569-4338-b207-39437a95b958 [entry] -- op add(x,w) >> x -- (5ms 999us 270ns)
0 1d94b07c-e569-4338-b207-39437a95b958 [entry] -- op add(x,w) >> x -- (5ms 911us 145ns)
0 1d94b07c-e569-4338-b207-39437a95b958 [entry] -- op add(x,w) >> x -- (5ms 914us 635ns)
0 1d94b07c-e569-4338-b207-39437a95b958 [entry] -- op add(x,w) >> x -- (6ms 21us 406ns)
0 1d94b07c-e569-4338-b207-39437a95b958 [entry] -- op add(x,w) >> x -- (6ms 111us 406ns)
0 1d94b07c-e569-4338-b207-39437a95b958 [entry] -- op add(x,w) >> x -- (6ms 246us 93ns)
0 1d94b07c-e569-4338-b207-39437a95b958 [entry] -- op add(x,w) >> x -- (6ms 230us 468ns)
0 1d94b07c-e569-4338-b207-39437a95b958 [entry] -- op add(x,w) >> x -- (5ms 865us 572ns)
0 1d94b07c-e569-4338-b207-39437a95b958 [entry] -- op add(x,w) >> x -- (5ms 815us 104ns)
0 1d94b07c-e569-4338-b207-39437a95b958 [entry] -- op add(x,w) >> x -- (5ms 975us 260ns)
0 1d94b07c-e569-4338-b207-39437a95b958 [entry] -- op add(x,w) >> x -- (5ms 862us 760ns)
0 1d94b07c-e569-4338-b207-39437a95b958 [entry] -- op add(x,w) >> x -- (5ms 905us 51ns)
0 1d94b07c-e569-4338-b207-39437a95b958 [entry] -- op add(x,w) >> x -- (5ms 843us 281ns)
0 1d94b07c-e569-4338-b207-39437a95b958 [entry] -- op add(x,w) >> x -- (6ms 44us 531ns)
0 1d94b07c-e569-4338-b207-39437a95b958 [entry] -- op add(x,w) >> x -- (6ms 24us 843ns)
0 1d94b07c-e569-4338-b207-39437a95b958 [entry] -- op add(x,w) >> x -- (5ms 801us 562ns)
0 1d94b07c-e569-4338-b207-39437a95b958 [entry] -- op add(x,w) >> x -- (5ms 975us 520ns)
0 1d94b07c-e569-4338-b207-39437a95b958 [entry] -- op add(x,w) >> x -- (5ms 906us 874ns)
0 1d94b07c-e569-4338-b207-39437a95b958 [entry] -- op add(x,w) >> x -- (5ms 865us 312ns)
0 1d94b07c-e569-4338-b207-39437a95b958 [entry] -- op add(x,w) >> x -- (5ms 845us 676ns)
0 1d94b07c-e569-4338-b207-39437a95b958 [entry] -- op add(x,w) >> x -- (5ms 795us 208ns)
0 1d94b07c-e569-4338-b207-39437a95b958 [entry] -- op add(x,w) >> x -- (5ms 889us 947ns)
0 1d94b07c-e569-4338-b207-39437a95b958 [entry] -- op add(x,w) >> x -- (5ms 793us 541ns)
0 1d94b07c-e569-4338-b207-39437a95b958 [entry] -- op add(x,w) >> x -- (6ms 49us 895ns)
0 1d94b07c-e569-4338-b207-39437a95b958 [entry] -- op add(x,w) >> x -- (5ms 872us 343ns)
0 1d94b07c-e569-4338-b207-39437a95b958 [entry] -- op add(x,w) >> x -- (5ms 848us 176ns)
0 1d94b07c-e569-4338-b207-39437a95b958 [entry] -- op add(x,w) >> x -- (5ms 979us 843ns)
0 1d94b07c-e569-4338-b207-39437a95b958 [entry] -- op add(x,w) >> x -- (5ms 795us 624ns)
0 1d94b07c-e569-4338-b207-39437a95b958 [entry] -- op add(x,w) >> x -- (5ms 857us 291ns)
0 1d94b07c-e569-4338-b207-39437a95b958 [entry] -- op add(x,w) >> x -- (5ms 812us 83ns)
0 1d94b07c-e569-4338-b207-39437a95b958 [entry] -- op add(x,w) >> x -- (5ms 912us 239ns)
0 1d94b07c-e569-4338-b207-39437a95b958 [entry] -- op add(x,w) >> x -- (5ms 843us 437ns)
0 1d94b07c-e569-4338-b207-39437a95b958 [entry] -- op add(x,w) >> x -- (5ms 855us 624ns)
0 1d94b07c-e569-4338-b207-39437a95b958 [entry] -- op add(x,w) >> x -- (5ms 935us 676ns)
0 1d94b07c-e569-4338-b207-39437a95b958 [entry] -- op add(x,w) >> x -- (5ms 895us 208ns)
0 1d94b07c-e569-4338-b207-39437a95b958 [entry] -- op add(x,w) >> x -- (5ms 905us 312ns)
0 1d94b07c-e569-4338-b207-39437a95b958 [entry] -- op add(x,w) >> x -- (5ms 875us 937ns)
0 1d94b07c-e569-4338-b207-39437a95b958 [entry] -- op add(x,w) >> x -- (5ms 945us 676ns)
0 1d94b07c-e569-4338-b207-39437a95b958 [entry] -- op add(x,w) >> x -- (5ms 906us 666ns)
0 1d94b07c-e569-4338-b207-39437a95b958 [entry] -- op add(x,w) >> x -- (5ms 967us 187ns)
0 1d94b07c-e569-4338-b207-39437a95b958 [entry] -- op add(x,w) >> x -- (5ms 907us 187ns)
0 1d94b07c-e569-4338-b207-39437a95b958 [entry] -- op add(x,w) >> x -- (5ms 900us 572ns)
0 1d94b07c-e569-4338-b207-39437a95b958 [entry] -- op add(x,w) >> x -- (5ms 917us 135ns)
0 1d94b07c-e569-4338-b207-39437a95b958 [entry] -- op add(x,w) >> x -- (5ms 891us 822ns)
0 1d94b07c-e569-4338-b207-39437a95b958 [entry] -- op add(x,w) >> x -- (5ms 994us 166ns)
0 1d94b07c-e569-4338-b207-39437a95b958 [entry] -- op add(x,w) >> x -- (5ms 891us 301ns)
0 1d94b07c-e569-4338-b207-39437a95b958 [entry] -- op add(x,w) >> x -- (5ms 895us 156ns)
0 1d94b07c-e569-4338-b207-39437a95b958 [entry] -- op add(x,w) >> x -- (5ms 895us 312ns)
0 1d94b07c-e569-4338-b207-39437a95b958 [entry] -- op add(x,w) >> x -- (5ms 997us 135ns)
0 1d94b07c-e569-4338-b207-39437a95b958 [entry] -- op add(x,w) >> x -- (5ms 984us 635ns)
0 1d94b07c-e569-4338-b207-39437a95b958 [entry] -- op add(x,w) >> x -- (5ms 927us 83ns)
0 1d94b07c-e569-4338-b207-39437a95b958 [entry] -- op add(x,w) >> x -- (6ms 15us 364ns)
0 1d94b07c-e569-4338-b207-39437a95b958 [entry] -- op add(x,w) >> x -- (5ms 921us 354ns)
0 1d94b07c-e569-4338-b207-39437a95b958 [entry] -- op add(x,w) >> x -- (5ms 977us 187ns)
0 1d94b07c-e569-4338-b207-39437a95b958 [entry] -- op add(x,w) >> x -- (5ms 851us 406ns)
0 1d94b07c-e569-4338-b207-39437a95b958 [entry] -- op add(x,w) >> x -- (5ms 916us 93ns)
0 1d94b07c-e569-4338-b207-39437a95b958 [entry] -- op add(x,w) >> x -- (5ms 881us 822ns)
0 1d94b07c-e569-4338-b207-39437a95b958 [entry] -- op add(x,w) >> x -- (5ms 881us 874ns)
0 1d94b07c-e569-4338-b207-39437a95b958 [entry] -- op add(x,w) >> x -- (5ms 896us 41ns)
0 1d94b07c-e569-4338-b207-39437a95b958 [entry] -- op add(x,w) >> x -- (5ms 848us 541ns)
0 1d94b07c-e569-4338-b207-39437a95b958 [entry] -- op add(x,w) >> x -- (5ms 899us 687ns)
0 1d94b07c-e569-4338-b207-39437a95b958 [entry] -- op add(x,w) >> x -- (5ms 909us 947ns)
0 1d94b07c-e569-4338-b207-39437a95b958 [entry] -- op add(x,w) >> x -- (5ms 809us 322ns)
0 1d94b07c-e569-4338-b207-39437a95b958 [entry] -- op add(x,w) >> x -- (5ms 835us 51ns)
0 1d94b07c-e569-4338-b207-39437a95b958 [entry] -- op add(x,w) >> x -- (5ms 857us 83ns)
0 1d94b07c-e569-4338-b207-39437a95b958 [entry] -- op add(x,w) >> x -- (5ms 884us 895ns)
0 1d94b07c-e569-4338-b207-39437a95b958 [entry] -- op add(x,w) >> x -- (5ms 876us 510ns)
0 1d94b07c-e569-4338-b207-39437a95b958 [entry] -- op add(x,w) >> x -- (5ms 888us 854ns)
0 1d94b07c-e569-4338-b207-39437a95b958 [entry] -- op add(x,w) >> x -- (5ms 919us 999ns)
0 1d94b07c-e569-4338-b207-39437a95b958 [entry] -- op add(x,w) >> x -- (5ms 847us 239ns)
0 1d94b07c-e569-4338-b207-39437a95b958 [entry] -- op add(x,w) >> x -- (5ms 842us 343ns)
0 1d94b07c-e569-4338-b207-39437a95b958 [entry] -- op add(x,w) >> x -- (5ms 892us 343ns)
0 1d94b07c-e569-4338-b207-39437a95b958 [entry] -- op add(x,w) >> x -- (5ms 948us 801ns)
0 1d94b07c-e569-4338-b207-39437a95b958 [entry] -- op add(x,w) >> x -- (6ms 77us 499ns)
0 1d94b07c-e569-4338-b207-39437a95b958 [entry] -- op add(x,w) >> x -- (5ms 884us 895ns)
0 1d94b07c-e569-4338-b207-39437a95b958 [entry] -- op add(x,w) >> x -- (5ms 863us 854ns)
0 1d94b07c-e569-4338-b207-39437a95b958 [entry] -- op add(x,w) >> x -- (5ms 777us 239ns)
0 1d94b07c-e569-4338-b207-39437a95b958 [entry] -- op add(x,w) >> x -- (5ms 995us 781ns)
0 1d94b07c-e569-4338-b207-39437a95b958 [entry] -- op add(x,w) >> x -- (5ms 891us 666ns)
0 1d94b07c-e569-4338-b207-39437a95b958 [entry] -- op add(x,w) >> x -- (5ms 932us 604ns)
0 1d94b07c-e569-4338-b207-39437a95b958 [entry] -- op add(x,w) >> x -- (5ms 911us 822ns)
0 1d94b07c-e569-4338-b207-39437a95b958 [entry] -- op add(x,w) >> x -- (5ms 909us 322ns)
0 1d94b07c-e569-4338-b207-39437a95b958 [entry] -- op add(x,w) >> x -- (6ms 70us 676ns)
0 1d94b07c-e569-4338-b207-39437a95b958 [entry] -- op add(x,w) >> x -- (5ms 869us 374ns)
0 1d94b07c-e569-4338-b207-39437a95b958 [entry] -- op add(x,w) >> x -- (5ms 993us 906ns)
0 1d94b07c-e569-4338-b207-39437a95b958 [entry] -- op add(x,w) >> x -- (5ms 849us 635ns)
0 1d94b07c-e569-4338-b207-39437a95b958 [entry] -- op add(x,w) >> x -- (5ms 955us 51ns)
0 1d94b07c-e569-4338-b207-39437a95b958 [entry] -- op add(x,w) >> x -- (5ms 912us 31ns)
0 1d94b07c-e569-4338-b207-39437a95b958 [entry] -- op add(x,w) >> x -- (5ms 826us 822ns)
0 1d94b07c-e569-4338-b207-39437a95b958 [entry] -- op add(x,w) >> x -- (5ms 937us 656ns)
0 1d94b07c-e569-4338-b207-39437a95b958 [entry] -- op add(x,w) >> x -- (5ms 765us 104ns)
0 1d94b07c-e569-4338-b207-39437a95b958 [entry] -- op add(x,w) >> x -- (5ms 875us 468ns)
0 1d94b07c-e569-4338-b207-39437a95b958 [entry] -- op add(x,w) >> x -- (5ms 904us 374ns)
0 1d94b07c-e569-4338-b207-39437a95b958 [entry] -- op add(x,w) >> x -- (5ms 863us 229ns)
0 1d94b07c-e569-4338-b207-39437a95b958 [entry] -- op add(x,w) >> x -- (5ms 965us 312ns)
0 1d94b07c-e569-4338-b207-39437a95b958 [entry] -- op add(x,w) >> x -- (5ms 818us 385ns)
0 1d94b07c-e569-4338-b207-39437a95b958 [entry] -- op add(x,w) >> x -- (5ms 920us 572ns)
0 1d94b07c-e569-4338-b207-39437a95b958 [entry] -- op add(x,w) >> x -- (5ms 775us 104ns)
0 1d94b07c-e569-4338-b207-39437a95b958 [entry] -- op add(x,w) >> x -- (5ms 846us 406ns)
0 1d94b07c-e569-4338-b207-39437a95b958 [entry] -- op add(x,w) >> x -- (5ms 825us 104ns)
0 1d94b07c-e569-4338-b207-39437a95b958 [entry] -- op add(x,w) >> x -- (5ms 941us 874ns)
0 1d94b07c-e569-4338-b207-39437a95b958 [entry] -- op add(x,w) >> x -- (5ms 938us 176ns)
0 1d94b07c-e569-4338-b207-39437a95b958 [entry] -- op add(x,w) >> x -- (5ms 843us 697ns)
0 1d94b07c-e569-4338-b207-39437a95b958 [entry] -- op add(x,w) >> x -- (5ms 946us 874ns)
0 1d94b07c-e569-4338-b207-39437a95b958 [entry] -- op add(x,w) >> x -- (5ms 872us 83ns)
0 1d94b07c-e569-4338-b207-39437a95b958 [entry] -- op add(x,w) >> x -- (6ms 17us 343ns)
0 1d94b07c-e569-4338-b207-39437a95b958 [entry] -- op add(x,w) >> x -- (5ms 862us 239ns)
0 1d94b07c-e569-4338-b207-39437a95b958 [entry] -- op add(x,w) >> x -- (5ms 934us 583ns)
0 1d94b07c-e569-4338-b207-39437a95b958 [entry] -- op add(x,w) >> x -- (5ms 970us 937ns)
0 1d94b07c-e569-4338-b207-39437a95b958 [entry] -- op add(x,w) >> x -- (5ms 816us 666ns)
0 1d94b07c-e569-4338-b207-39437a95b958 [entry] -- op add(x,w) >> x -- (5ms 882us 343ns)
0 1d94b07c-e569-4338-b207-39437a95b958 [entry] -- op add(x,w) >> x -- (5ms 826us 874ns)
0 1d94b07c-e569-4338-b207-39437a95b958 [entry] -- op add(x,w) >> x -- (5ms 859us 426ns)
0 1d94b07c-e569-4338-b207-39437a95b958 [entry] -- op add(x,w) >> x -- (5ms 871us 197ns)
0 1d94b07c-e569-4338-b207-39437a95b958 [entry] -- op add(x,w) >> x -- (5ms 856us 614ns)
0 1d94b07c-e569-4338-b207-39437a95b958 [entry] -- op add(x,w) >> x -- (5ms 825us 624ns)
0 1d94b07c-e569-4338-b207-39437a95b958 [entry] -- op add(x,w) >> x -- (5ms 787us 968ns)
0 1d94b07c-e569-4338-b207-39437a95b958 [entry] -- op add(x,w) >> x -- (5ms 912us 499ns)
0 1d94b07c-e569-4338-b207-39437a95b958 [entry] -- op add(x,w) >> x -- (5ms 868us 801ns)
0 1d94b07c-e569-4338-b207-39437a95b958 [entry] -- op add(x,w) >> x -- (5ms 968us 229ns)
0 1d94b07c-e569-4338-b207-39437a95b958 [entry] -- op add(x,w) >> x -- (5ms 987us 499ns)
0 1d94b07c-e569-4338-b207-39437a95b958 [entry] -- op add(x,w) >> x -- (5ms 981us 406ns)
0 1d94b07c-e569-4338-b207-39437a95b958 [entry] -- op add(x,w) >> x -- (5ms 900us 729ns)
0 1d94b07c-e569-4338-b207-39437a95b958 [entry] -- op add(x,w) >> x -- (5ms 858us 333ns)
0 1d94b07c-e569-4338-b207-39437a95b958 [entry] -- op add(x,w) >> x -- (5ms 889us 999ns)
0 1d94b07c-e569-4338-b207-39437a95b958 [entry] -- op add(x,w) >> x -- (5ms 857us 187ns)
0 1d94b07c-e569-4338-b207-39437a95b958 [entry] -- op add(x,w) >> x -- (5ms 931us 770ns)
0 1d94b07c-e569-4338-b207-39437a95b958 [entry] -- op add(x,w) >> x -- (5ms 924us 479ns)
0 1d94b07c-e569-4338-b207-39437a95b958 [entry] -- op add(x,w) >> x -- (6ms 25us 416ns)
0 1d94b07c-e569-4338-b207-39437a95b958 [entry] -- op add(x,w) >> x -- (5ms 843us 229ns)
0 1d94b07c-e569-4338-b207-39437a95b958 [entry] -- op add(x,w) >> x -- (5ms 864us 62ns)
0 1d94b07c-e569-4338-b207-39437a95b958 [entry] -- op add(x,w) >> x -- (5ms 858us 124ns)
0 1d94b07c-e569-4338-b207-39437a95b958 [entry] -- op add(x,w) >> x -- (5ms 874us 322ns)
0 1d94b07c-e569-4338-b207-39437a95b958 [entry] -- op add(x,w) >> x -- (6ms 72us 395ns)
0 1d94b07c-e569-4338-b207-39437a95b958 [entry] -- op add(x,w) >> x -- (6ms 89us 426ns)
0 1d94b07c-e569-4338-b207-39437a95b958 [entry] -- op add(x,w) >> x -- (5ms 900us 208ns)
0 1d94b07c-e569-4338-b207-39437a95b958 [entry] -- op add(x,w) >> x -- (5ms 982us 551ns)
0 1d94b07c-e569-4338-b207-39437a95b958 [entry] -- op add(x,w) >> x -- (5ms 786us 718ns)
0 1d94b07c-e569-4338-b207-39437a95b958 [entry] -- op add(x,w) >> x -- (5ms 915us 208ns)
0 1d94b07c-e569-4338-b207-39437a95b958 [entry] -- op add(x,w) >> x -- (5ms 836us 666ns)
0 1d94b07c-e569-4338-b207-39437a95b958 [entry] -- op add(x,w) >> x -- (5ms 872us 83ns)
0 1d94b07c-e569-4338-b207-39437a95b958 [entry] -- op add(x,w) >> x -- (5ms 908us 593ns)
0 1d94b07c-e569-4338-b207-39437a95b958 [entry] -- op add(x,w) >> x -- (5ms 911us 666ns)
0 1d94b07c-e569-4338-b207-39437a95b958 [entry] -- op add(x,w) >> x -- (5ms 841us 510ns)
0 1d94b07c-e569-4338-b207-39437a95b958 [entry] -- op add(x,w) >> x -- (5ms 985us 260ns)
0 1d94b07c-e569-4338-b207-39437a95b958 [entry] -- op add(x,w) >> x -- (5ms 842us 291ns)
0 1d94b07c-e569-4338-b207-39437a95b958 [entry] -- op add(x,w) >> x -- (5ms 806us 718ns)
0 1d94b07c-e569-4338-b207-39437a95b958 [entry] -- op add(x,w) >> x -- (5ms 884us 947ns)
0 1d94b07c-e569-4338-b207-39437a95b958 [entry] -- op add(x,w) >> x -- (5ms 846us 770ns)
0 1d94b07c-e569-4338-b207-39437a95b958 [entry] -- op add(x,w) >> x -- (5ms 980us 312ns)
0 1d94b07c-e569-4338-b207-39437a95b958 [entry] -- op add(x,w) >> x -- (5ms 923us 333ns)
0 1d94b07c-e569-4338-b207-39437a95b958 [entry] -- op add(x,w) >> x -- (5ms 791us 562ns)
0 1d94b07c-e569-4338-b207-39437a95b958 [entry] -- op add(x,w) >> x -- (5ms 837us 31ns)
0 1d94b07c-e569-4338-b207-39437a95b958 [entry] -- op add(x,w) >> x -- (5ms 881us 874ns)
0 1d94b07c-e569-4338-b207-39437a95b958 [entry] -- op add(x,w) >> x -- (5ms 930us 416ns)
0 1d94b07c-e569-4338-b207-39437a95b958 [entry] -- op add(x,w) >> x -- (6ms 98us 541ns)
0 1d94b07c-e569-4338-b207-39437a95b958 [entry] -- op add(x,w) >> x -- (6ms 22us 968ns)
0 1d94b07c-e569-4338-b207-39437a95b958 [entry] -- op add(x,w) >> x -- (5ms 912us 656ns)
0 1d94b07c-e569-4338-b207-39437a95b958 [entry] -- op add(x,w) >> x -- (5ms 870us 676ns)
2 a9844acb-e521-4944-81c9-622bba718212 [entry] -- return
x.len() = 16777216
x[0..100] = [953.2188, -240.54813, 845.78076, -477.00317, -362.68625, -764.52783, -516.16864, -362.84995, 928.39874, -473.1499, -117.51432, 220.64407, 727.4301, 726.8698, 350.24915, 319.26453, 471.45938, -555.2474, -656.112, 741.2864, -879.71246, 367.651, 342.26404, 221.07547, -880.5301, 954.72034, -122.46046, 64.93739, -994.16235, -497.2092, 717.55444, -148.64023, 471.42108, 844.8761, -692.1995, 984.6455, -634.55853, 880.23517, -827.0642, -63.29169, 657.225, -438.06955, 737.6303, 952.5805, 682.4293, -102.29386, -259.26242, -34.086765, -816.3873, -547.1627, 73.82938, 465.9987, -101.40091, -388.18243, 895.40875, 502.87173, -56.36349, -86.39278, 491.80847, 711.6541, -413.5349, 466.45157, 617.70166, 774.09564, -950.9892, 26.010658, 224.7427, -439.6839, -95.45568, 62.570465, 977.05023, -989.01056, -596.9185, -485.88995, -319.11456, -893.81024, -347.4451, -603.3811, 658.5418, 273.80725, -828.63525, -560.25824, 363.14914, -730.85, 912.66174, -727.6832, 595.1137, -2.4776642, -391.52292, -531.6631, 786.77246, -244.65608, -847.6438, -932.80444, -76.32391, 747.44934, -297.88324, 646.41534, 893.60095, -866.3469]

All Rust examples completed successfully.
