Running Rust examples (22)...
=== Example: accumulate_packed ===
==> cargo run --package openinfer --example accumulate_packed --features avx2 -- --target avx2
add_i8_i16: i16 [-3, -1, 1, 2, 0, 0, 3, 5]
add_i16_i32: i32 [-3, -1, 1, 2, 0, 0, 3, 5]
add_i32_i64: i64 [-3, -1, 1, 2, 0, 0, 3, 5]
add_u8_u16: u16 [1, 1, 4, 4, 4, 7, 7, 7]
add_u16_u32: u32 [1, 1, 4, 4, 4, 7, 7, 7]
add_u32_u64: u64 [1, 1, 4, 4, 4, 7, 7, 7]
add_i4_i8: i8 [-7, -5, 1, -2, 4, 0, 10, 3]
add_i2_i8: i8 [-1, -1, -1, -1, -1, -1, -1, -1]
add_i1_i8: i8 [-1, -1, -1, -1, -1, -1, -1, -1]
add_u4_u8: u8 [1, 3, 5, 7, 4, 6, 16, 18]
add_u2_u8: u8 [3, 3, 3, 3, 3, 3, 3, 3]
add_u1_u8: u8 [1, 1, 1, 1, 1, 1, 1, 1]
mul_i8_i16: i16 [-4, -2, -2, 0, -1, -4, 0, 4]
mul_i16_i32: i32 [-4, -2, -2, 0, -1, -4, 0, 4]
mul_i32_i64: i64 [-4, -2, -2, 0, -1, -4, 0, 4]
mul_u8_u16: u16 [0, 0, 4, 3, 0, 10, 6, 0]
mul_u16_u32: u32 [0, 0, 4, 3, 0, 10, 6, 0]
mul_u32_u64: u64 [0, 0, 4, 3, 0, 10, 6, 0]
mul_i4_i8: i8 [-8, 4, -2, 0, 3, -9, 24, -28]
mul_i2_i8: i8 [-2, 0, 0, -2, -2, 0, 0, -2]
mul_i1_i8: i8 [0, 0, 0, 0, 0, 0, 0, 0]
mul_u4_u8: u8 [0, 2, 6, 12, 0, 5, 28, 45]
mul_u2_u8: u8 [0, 2, 2, 0, 0, 2, 2, 0]
mul_u1_u8: u8 [0, 0, 0, 0, 0, 0, 0, 0]
abs_i8_i16: i16 [4, 2, 1, 0, 1, 2, 3, 4]
abs_i16_i32: i32 [4, 2, 1, 0, 1, 2, 3, 4]
abs_i32_i64: i64 [4, 2, 1, 0, 1, 2, 3, 4]
abs_i4_i8: i8 [8, 4, 1, 0, 1, 3, 6, 7]
abs_i2_i8: i8 [2, 1, 0, 1, 2, 1, 0, 1]
abs_i1_i8: i8 [1, 0, 1, 0, 1, 0, 1, 0]

=== Example: branching_bad ===
==> cargo run --package openinfer --example branching_bad --features avx2 -- --target avx2
0 8b5007c7-671f-4bbd-8263-ebbd35e57961 [entry] -- op matmul(x,w) >> h -- (253ms 730us 309ns)
1 32d63557-ce16-4dc4-ae02-900d74180c2f [entry] -- op is_finite(h) >> cond -- (0ms 1us 581ns)
7 e5dbd73f-d7e7-4d25-b9ae-cf0b915645fd [bad] -- op fill(h) >> h -- (0ms 775us 736ns)
8 02b4f7b3-0fbd-4e71-8b4f-d3a694d50487 [bad] -- return
9 f7716b3c-de78-4f93-8346-8c93ce360773 [algorithm] -- op add(h,x) >> h -- (0ms 829us 126ns)
10 29ad50d9-53a1-4255-8411-6c135cdc9ed8 [algorithm] -- return
4 3d8e9b08-57ba-401e-89f4-e7dc434c7703 [entry] -- return
branch condition: false
h[0..100] = [NaN, -1.6191635, 1.9223928, -0.5900496, -1.4298182, -1.2646194, 0.81199145, -0.29402804, 0.40900683, -1.0378484, -1.3911409, -0.3824942, -0.39965796, -0.5789803, 1.9948573, 0.57005286, -1.9125714, -0.07803035, -0.7567271, 1.8490815, 0.12245965, 0.08744073, -0.049154043, 0.1809628, 1.7674994, 1.7445683, -1.5426888, 1.6718054, 1.310194, -1.372572, 0.15709949, 0.45003772, 0.37553525, 1.013504, -1.0684189, 0.7961166, -0.7092413, 1.6136756, 1.8817787, -0.71331155, 0.50361085, 0.3119042, -0.9204968, 1.575788, -1.4955177, -1.25213, 1.9723754, -1.0020918, -1.9858856, 1.2910538, 1.080719, 1.0460563, 1.1128011, 0.992995, 0.743531, 0.39066052, -0.26690888, -1.9280562, 1.7468729, -0.2523806, -1.3370771, 1.6038256, 1.7167454, 1.2041135, 1.220151, -0.016360521, -0.579975, 0.8463018, -0.5428113, 1.3154616, 1.7843723, -1.3906889, -1.0405134, 1.357729, -1.5992846, 0.31235576, -1.147106, -1.2236832, -1.094735, 0.92385936, 0.67897296, -1.4407067, -0.95826185, 1.569963, 1.6063905, 1.6889081, 0.8055761, 1.8530431, -0.5621623, 0.15377927, 0.73950124, 1.6642103, 1.7946639, -0.29309535, 1.7243066, 0.33243966, -0.64327705, 0.7116773, 1.7865682, 1.7103577]

=== Example: branching_good ===
==> cargo run --package openinfer --example branching_good --features avx2 -- --target avx2
0 bf6e5cf2-2373-4136-bb8f-f7dfccf3ddec [entry] -- op matmul(x,w) >> h -- (254ms 29us 80ns)
1 45ee8773-f9ff-4b78-b62f-cec76e7e295b [entry] -- op is_finite(h) >> cond -- (0ms 350us 143ns)
5 346e4f93-1d37-432a-8622-b9d79c2c4810 [ok] -- op relu(h) >> h -- (0ms 948us 235ns)
6 307b8119-5302-428d-837e-8150bb364c3d [ok] -- return
9 f3318c19-db3d-45c6-887c-2da499df3f28 [algorithm] -- op add(h,x) >> h -- (0ms 733us 52ns)
10 aaf046b2-cbd0-450d-a00d-923af7b91384 [algorithm] -- return
4 31b0583d-61eb-4867-be8e-431f45eefc36 [entry] -- return
branch condition: true
h[0..100] = [2.0239592, -1.6191635, 2.7444534, -0.5900496, -1.4298182, 1.6507215, 0.81199145, 5.764553, 1.9409258, 5.648092, -1.3911409, 11.957924, 7.077615, -0.5789803, 5.310196, 0.57005286, 5.915538, 15.66467, 3.7640586, 1.8490815, 0.12245965, 2.1702785, 2.8210366, 0.1809628, 1.7674994, 5.9436984, -1.5426888, 13.82932, 2.0954661, -1.372572, 0.15709949, 0.45003772, 0.37553525, 1.013504, -0.46800947, 6.217969, 1.3188826, 12.470707, 7.3582306, -0.71331155, 0.50361085, 7.3153553, -0.9204968, 4.689171, 11.087003, 1.5467954, 1.9723754, -1.0020918, -1.9858856, 4.1264586, 1.080719, 1.5935211, 6.7715373, 5.6089125, 6.0948067, 0.39066052, 16.165125, -1.9280562, 1.7468729, -0.2523806, -1.3370771, 8.58633, 1.7167454, 12.462051, 1.220151, 16.234507, -0.579975, 4.768346, -0.40354446, 1.3154616, 6.3475823, 3.9559436, 4.105328, 8.369709, -1.5992846, 13.363926, -0.28400576, -1.2236832, -1.094735, 10.961312, 5.7909937, 3.2890692, 2.8219156, 1.569963, 1.6063905, 3.0355768, 10.785418, 1.8530431, 11.274473, 0.15377927, 7.9682093, 1.6642103, 5.866636, 2.9095628, 1.7243066, 0.33243966, -0.64327705, 12.276399, 1.7865682, 1.7103577]

=== Example: cache_auto_dim ===
==> cargo run --package openinfer --example cache_auto_dim --features avx2 -- --target avx2
step 1 L shape = [5, 4]
step 1 M shape = [2, 7]
step 1 N shape = [7, 2]

step 2 L shape = [8, 6]
step 2 M shape = [2, 12]
step 2 N shape = [12, 2]

step 3 L shape = [11, 8]
step 3 M shape = [2, 17]
step 3 N shape = [17, 2]

=== Example: cache_fixed_limit ===
==> cargo run --package openinfer --example cache_fixed_limit --features avx2 -- --target avx2
Expected cache limit error: auto_dim M exceeds fixed max 4 for 0

=== Example: cache_scalar ===
==> cargo run --package openinfer --example cache_scalar --features avx2 -- --target avx2
step 0 read = 0
step 1 read = 1

=== Example: cache_table ===
==> cargo run --package openinfer --example cache_table --features avx2 -- --target avx2
out_full shape = [3, 4]
out_slice shape = [2, 4]
out_reset[0..8] = [0.64990544, 0.94848967, 0.59415936, 0.3824712, 0.0, 0.0, 0.0, 0.0]

=== Example: cache_weight_update ===
==> cargo run --package openinfer --example cache_weight_update --features avx2 -- --target avx2
step 1 out[0..4] = [0.31340373, -0.7802436, 1.0227059, -0.38774607]
step 2 out[0..4] = [0.62680745, -1.5604872, 2.0454118, -0.7754921]

=== Example: deserialize ===
==> cargo run --package openinfer --example deserialize --features avx2 -- --target avx2
0 8086eca5-8bc0-4b91-985e-5881b713ac36 [entry] -- assign t0
1 10c182bf-51ff-4aed-a825-d803b71b8180 [entry] -- op add(x,a) >> t0 -- (0ms 0us 0ns)
2 8920e7a5-53e4-4ded-90cd-97f62fb1d567 [entry] -- op mul(y,t0) >> y -- (0ms 0us 0ns)
3 59d98479-d657-4b85-a260-d2f6a257ab13 [entry] -- return
y[0..100] = [30.264147, 27.615976, 1.9704801, 31.83252, 29.052525, -48.182278, 20.4248, 7.507924, 37.558743, -28.50735, -35.1819, 27.580126, -44.666138, -25.246027, 26.937254, 28.90633, 8.0797615, 23.964973, 0.05002767, 44.516903, 37.50197, 47.43583, -21.900875, -31.254988, -40.761982, -36.465603, 49.469322, 44.252487, -32.795532, -40.36075, -6.7792597, -11.271144, 16.422276, -1.1752007, -29.752789, 46.59925, 44.940166, -27.010052, -10.770239, 1.5567281, 20.003702, -30.934765, 23.028147, 31.150932, -0.14228255, -29.447533, -42.323906, 2.8432312, 34.513756, 16.971205, 26.575024, 0.75591534, -18.642351, 40.631363, 26.2729, 32.881565, 26.748686, -40.06402, 46.28954, 48.408157, -36.104546, -33.249332, -4.846969, 49.904427, -16.938805, 39.563164, -14.025449, 19.113659, -9.0368395, -43.860786, 28.370054, -43.25571, 39.53979, 11.042625, 20.978024, 6.621832, 18.90035, 32.71466, -14.236973, 20.444061, 38.066776, -44.103844, 34.30115, -44.486805, 48.789642, -2.5016356, 39.35639, 21.938873, -25.855982, 34.94481, -31.510696, -44.453808, -27.462963, -19.82955, 37.413155, -32.052902, 34.575325, 3.5758142, 11.11801, 49.920616]

=== Example: dtypes ===
==> cargo run --package openinfer --example dtypes --features avx2 -- --target avx2
cpu-avx2 universal graph: ok
cpu-avx2 special graph: ok
a_f64: dtype=F64 shape=[8]
  values={0.13, -0.13, 0.64, 0.10, -0.54, 0.36, 1.30, 0.95}
b_f32: dtype=F32 shape=[8]
  values={-0.70, -1.27, -0.62, 0.04, -2.33, -0.22, -1.25, -0.73}
c_i64: dtype=I64 shape=[8]
  values={-4, -3, -2, -1, 0, 1, 2, 3}
d_i32: dtype=I32 shape=[8]
  values={-4, -3, -2, -1, 0, 1, 2, 3}
e_i16: dtype=I16 shape=[8]
  values={-4, -3, -2, -1, 0, 1, 2, 3}
f_i8: dtype=I8 shape=[8]
  values={-4, -3, -2, -1, 0, 1, 2, 3}
g_u64: dtype=U64 shape=[8]
  values={0, 1, 2, 3, 4, 5, 6, 7}
h_u32: dtype=U32 shape=[8]
  values={0, 1, 2, 3, 4, 5, 6, 7}
i_u16: dtype=U16 shape=[8]
  values={0, 1, 2, 3, 4, 5, 6, 7}
j_u8: dtype=U8 shape=[8]
  values={0, 1, 2, 3, 4, 5, 6, 7}
k_bool: dtype=Bool shape=[8]
  values={true, false, true, false, true, false, true, false}
l_f16: dtype=F16 shape=[8]
  values={F16 { bits: 15824 }, F16 { bits: 12623 }, F16 { bits: 47721 }, F16 { bits: 46323 }, F16 { bits: 49036 }, F16 { bits: 48643 }, F16 { bits: 14710 }, F16 { bits: 14518 }}
m_bf16: dtype=BF16 shape=[8]
  values={0.46, -0.46, 1.99, 1.92, 0.74, 0.60, 0.75, -0.44}
n_f8: dtype=F8E5M2 shape=[8]
  values={-0.75, 0.44, 0.05, -0.38, -0.03, 0.75, 0.88, -0.31}
o_i4: dtype=I4 shape=[8]
  packed_bytes={248, 16, 215, 36}
  values={-8, -1, 0, 1, 7, -3, 4, 2}
p_i2: dtype=I2 shape=[8]
  packed_bytes={78, 198}
  values={-2, -1, 0, 1, -2, 1, 0, -1}
q_i1: dtype=I1 shape=[8]
  packed_bytes={85}
  values={-1, 0, -1, 0, -1, 0, -1, 0}
r_u4: dtype=U4 shape=[8]
  packed_bytes={16, 50, 84, 254}
  values={0, 1, 2, 3, 4, 5, 14, 15}
s_u2: dtype=U2 shape=[8]
  packed_bytes={228, 228}
  values={0, 1, 2, 3, 0, 1, 2, 3}
t_u1: dtype=U1 shape=[8]
  packed_bytes={90}
  values={0, 1, 0, 1, 1, 0, 1, 0}
u_t2: dtype=T2 shape=[8]
  packed_bytes={211, 52}
  values={-1, 0, 1, -1, 0, 1, -1, 0}
v_t1: dtype=T1 shape=[8]
  packed_bytes={90}
  values={-1, 1, -1, 1, 1, -1, 1, -1}

=== Example: graph_nodes_traverse ===
==> cargo run --package openinfer --example graph_nodes_traverse --features avx2 -- --target avx2
y={5.00, 5.00 ... 5.00, 5.00}      -- [Assign] entry ::  ()
y={5.00, 5.00 ... 5.00, 5.00}      -- [OpExecute] entry :: add (0ms 22us 315ns)
y={30.26, 27.62 ... 33.23, -39.93} -- [OpExecute] entry :: mul (0ms 20us 169ns)
y={30.26, 27.62 ... 33.23, -39.93} -- [Return] entry ::  ()

=== Example: loop ===
==> cargo run --package openinfer --example loop --features avx2 -- --target avx2
0 4dc80512-ba15-4d5a-9de0-ce0da877d0c3 [entry] -- op add(x,QKV[0, 0]) >> y -- (0ms 0us 0ns)
1 2d74c88a-77ff-4338-a6cd-744043a0b25b [entry] -- op add(y,QKV[l=0, h=0]) >> y -- (0ms 0us 0ns)
1 2d74c88a-77ff-4338-a6cd-744043a0b25b [entry] -- op add(y,QKV[l=0, h=1]) >> y -- (0ms 0us 0ns)
1 2d74c88a-77ff-4338-a6cd-744043a0b25b [entry] -- op add(y,QKV[l=0, h=2]) >> y -- (0ms 0us 0ns)
1 2d74c88a-77ff-4338-a6cd-744043a0b25b [entry] -- op add(y,QKV[l=1, h=0]) >> y -- (0ms 0us 0ns)
1 2d74c88a-77ff-4338-a6cd-744043a0b25b [entry] -- op add(y,QKV[l=1, h=1]) >> y -- (0ms 0us 0ns)
1 2d74c88a-77ff-4338-a6cd-744043a0b25b [entry] -- op add(y,QKV[l=1, h=2]) >> y -- (0ms 0us 0ns)
4 7dab6308-9313-4ca4-8296-1d466651c4aa [entry] -- return
y[0..8] = [-2.7829034, 2.3224664, -0.26026878, -4.221941, 1.1039405, 0.055676937, -0.09576627, 4.407773]

=== Example: minimal ===
==> cargo run --package openinfer --example minimal --features avx2 -- --target avx2
y[0..100] = [30.264147, 27.615976, 1.9704801, 31.83252, 29.052525, -48.182278, 20.4248, 7.507924, 37.558743, -28.50735, -35.1819, 27.580126, -44.666138, -25.246027, 26.937254, 28.90633, 8.0797615, 23.964973, 0.05002767, 44.516903, 37.50197, 47.43583, -21.900875, -31.254988, -40.761982, -36.465603, 49.469322, 44.252487, -32.795532, -40.36075, -6.7792597, -11.271144, 16.422276, -1.1752007, -29.752789, 46.59925, 44.940166, -27.010052, -10.770239, 1.5567281, 20.003702, -30.934765, 23.028147, 31.150932, -0.14228255, -29.447533, -42.323906, 2.8432312, 34.513756, 16.971205, 26.575024, 0.75591534, -18.642351, 40.631363, 26.2729, 32.881565, 26.748686, -40.06402, 46.28954, 48.408157, -36.104546, -33.249332, -4.846969, 49.904427, -16.938805, 39.563164, -14.025449, 19.113659, -9.0368395, -43.860786, 28.370054, -43.25571, 39.53979, 11.042625, 20.978024, 6.621832, 18.90035, 32.71466, -14.236973, 20.444061, 38.066776, -44.103844, 34.30115, -44.486805, 48.789642, -2.5016356, 39.35639, 21.938873, -25.855982, 34.94481, -31.510696, -44.453808, -27.462963, -19.82955, 37.413155, -32.052902, 34.575325, 3.5758142, 11.11801, 49.920616]

=== Example: multidim_broadcast ===
==> cargo run --package openinfer --example multidim_broadcast --features avx2 -- --target avx2
out shape = [2, 4]
out[] = [0.0, 0.11, 0.22, 0.33, 0.8, 1.02, 1.24, 1.4599999]
out[0] = [0.0, 0.11, 0.22, 0.33]
out[1] = [0.8, 1.02, 1.24, 1.4599999]
out[1,3] = [1.4599999]

=== Example: ops_accumulate_inplace ===
==> cargo run --package openinfer --example ops_accumulate_inplace --features avx2 -- --target avx2
⚠️ == Pass but drift. ✅ == Pass with no drift. ❌ == Fail
[✅] add_i8 = {-5, -3 ... 7, 9} -- ref = {-5, -3 ... 7, 9}
[✅] add_i16 = {-5, -3 ... 7, 9} -- ref = {-5, -3 ... 7, 9}
[✅] add_i32 = {-5, -3 ... 7, 9} -- ref = {-5, -3 ... 7, 9}
[✅] add_i64 = {-5, -3 ... 7, 9} -- ref = {-5, -3 ... 7, 9}
[✅] add_u8 = {1, 3 ... 13, 15} -- ref = {1, 3 ... 13, 15}
[✅] add_u16 = {1, 3 ... 13, 15} -- ref = {1, 3 ... 13, 15}
[✅] add_u32 = {1, 3 ... 13, 15} -- ref = {1, 3 ... 13, 15}
[✅] add_u64 = {1, 3 ... 13, 15} -- ref = {1, 3 ... 13, 15}
[✅] add_f16 = {F16 { bits: 48640 }, F16 { bits: 47104 } ... F16 { bits: 17536 }, F16 { bits: 17792 }} -- ref = {F16 { bits: 48640 }, F16 { bits: 47104 } ... F16 { bits: 17536 }, F16 { bits: 17792 }}
[✅] add_bf16 = {-1.50, -0.50 ... 4.50, 5.50} -- ref = {-1.50, -0.50 ... 4.50, 5.50}
[✅] add_f8 = {-1.50, -0.50 ... 5.00, 6.00} -- ref = {-1.50, -0.50 ... 5.00, 6.00}
[✅] add_f32 = {-1.50, -0.50 ... 4.50, 5.50} -- ref = {-1.50, -0.50 ... 4.50, 5.50}
[✅] add_f64 = {-1.50, -0.50 ... 4.50, 5.50} -- ref = {-1.50, -0.50 ... 4.50, 5.50}
[✅] add_bool = {true, false ... true, false} -- ref = {true, false ... true, false}
[✅] add_bitset = {Bitset { bits: 0 }, Bitset { bits: 8 } ... Bitset { bits: 48 }, Bitset { bits: 56 }} -- ref = {Bitset { bits: 0 }, Bitset { bits: 8 } ... Bitset { bits: 48 }, Bitset { bits: 56 }}
[✅] add_i4 = {0xb9, 0xe1, 0x04, 0x3a} -- ref = {0xb9, 0xe1, 0x04, 0x3a}
[✅] add_i2 = {0xff, 0xff} -- ref = {0xff, 0xff}
[✅] add_i1 = {0xff} -- ref = {0xff}
[✅] add_u4 = {0x31, 0x75, 0x64, 0x20} -- ref = {0x31, 0x75, 0x64, 0x20}
[✅] add_u2 = {0xff, 0xff} -- ref = {0xff, 0xff}
[✅] add_u1 = {0xff} -- ref = {0xff}
[✅] mul_i8 = {4, 0 ... 10, 18} -- ref = {4, 0 ... 10, 18}
[✅] mul_i16 = {4, 0 ... 10, 18} -- ref = {4, 0 ... 10, 18}
[✅] mul_i32 = {4, 0 ... 10, 18} -- ref = {4, 0 ... 10, 18}
[✅] mul_i64 = {4, 0 ... 10, 18} -- ref = {4, 0 ... 10, 18}
[✅] mul_u8 = {0, 2 ... 42, 56} -- ref = {0, 2 ... 42, 56}
[✅] mul_u16 = {0, 2 ... 42, 56} -- ref = {0, 2 ... 42, 56}
[✅] mul_u32 = {0, 2 ... 42, 56} -- ref = {0, 2 ... 42, 56}
[✅] mul_u64 = {0, 2 ... 42, 56} -- ref = {0, 2 ... 42, 56}
[✅] mul_f16 = {F16 { bits: 48128 }, F16 { bits: 48640 } ... F16 { bits: 17152 }, F16 { bits: 17920 }} -- ref = {F16 { bits: 48128 }, F16 { bits: 48640 } ... F16 { bits: 17152 }, F16 { bits: 17920 }}
[✅] mul_bf16 = {-1.00, -1.50 ... 3.50, 6.00} -- ref = {-1.00, -1.50 ... 3.50, 6.00}
[✅] mul_f8 = {-1.00, -1.50 ... 3.50, 6.00} -- ref = {-1.00, -1.50 ... 3.50, 6.00}
[✅] mul_f32 = {-1.00, -1.50 ... 3.50, 6.00} -- ref = {-1.00, -1.50 ... 3.50, 6.00}
[✅] mul_f64 = {-1.00, -1.50 ... 3.50, 6.00} -- ref = {-1.00, -1.50 ... 3.50, 6.00}
[✅] mul_bool = {true, false ... true, false} -- ref = {true, false ... true, false}
[✅] mul_bitset = {Bitset { bits: 0 }, Bitset { bits: 15 } ... Bitset { bits: 28 }, Bitset { bits: 223 }} -- ref = {Bitset { bits: 0 }, Bitset { bits: 15 } ... Bitset { bits: 28 }, Bitset { bits: 223 }}
[✅] mul_i4 = {0x48, 0x0e, 0x73, 0x48} -- ref = {0x48, 0x0e, 0x73, 0x48}
[✅] mul_i2 = {0x82, 0x82} -- ref = {0x82, 0x82}
[✅] mul_i1 = {0x00} -- ref = {0x00}
[✅] mul_u4 = {0x20, 0xc6, 0x50, 0xdc} -- ref = {0x20, 0xc6, 0x50, 0xdc}
[✅] mul_u2 = {0x28, 0x28} -- ref = {0x28, 0x28}
[✅] mul_u1 = {0x00} -- ref = {0x00}
[✅] abs_i8 = {4, 3 ... 2, 3} -- ref = {4, 3 ... 2, 3}
[✅] abs_i16 = {4, 3 ... 2, 3} -- ref = {4, 3 ... 2, 3}
[✅] abs_i32 = {4, 3 ... 2, 3} -- ref = {4, 3 ... 2, 3}
[✅] abs_i64 = {4, 3 ... 2, 3} -- ref = {4, 3 ... 2, 3}
[✅] abs_f16 = {F16 { bits: 16384 }, F16 { bits: 15872 } ... F16 { bits: 15360 }, F16 { bits: 15872 }} -- ref = {F16 { bits: 16384 }, F16 { bits: 15872 } ... F16 { bits: 15360 }, F16 { bits: 15872 }}
[✅] abs_bf16 = {2.00, 1.50 ... 1.00, 1.50} -- ref = {2.00, 1.50 ... 1.00, 1.50}
[✅] abs_f8 = {2.00, 1.50 ... 1.00, 1.50} -- ref = {2.00, 1.50 ... 1.00, 1.50}
[✅] abs_f32 = {2.00, 1.50 ... 1.00, 1.50} -- ref = {2.00, 1.50 ... 1.00, 1.50}
[✅] abs_f64 = {2.00, 1.50 ... 1.00, 1.50} -- ref = {2.00, 1.50 ... 1.00, 1.50}
[✅] abs_i4 = {0x48, 0x01, 0x31, 0x76} -- ref = {0x48, 0x01, 0x31, 0x76}
[✅] abs_i2 = {0x46, 0x46} -- ref = {0x46, 0x46}
[✅] abs_i1 = {0x55} -- ref = {0x55}
[✅] relu_i8 = {0, 0 ... 2, 2} -- ref = {0, 0 ... 2, 2}
[✅] relu_i16 = {0, 0 ... 2, 2} -- ref = {0, 0 ... 2, 2}
[✅] relu_i32 = {0, 0 ... 2, 2} -- ref = {0, 0 ... 2, 2}
[✅] relu_i64 = {0, 0 ... 2, 2} -- ref = {0, 0 ... 2, 2}
[✅] relu_f16 = {F16 { bits: 45670 }, F16 { bits: 45261 } ... F16 { bits: 15360 }, F16 { bits: 15872 }} -- ref = {F16 { bits: 45670 }, F16 { bits: 45261 } ... F16 { bits: 15360 }, F16 { bits: 15872 }}
[✅] relu_bf16 = {-0.20, -0.15 ... 1.00, 1.50} -- ref = {-0.20, -0.15 ... 1.00, 1.50}
[✅] relu_f8 = {-0.19, -0.16 ... 1.00, 1.50} -- ref = {-0.19, -0.16 ... 1.00, 1.50}
[✅] relu_f32 = {-0.20, -0.15 ... 1.00, 1.50} -- ref = {-0.20, -0.15 ... 1.00, 1.50}
[✅] relu_f64 = {-0.20, -0.15 ... 1.00, 1.50} -- ref = {-0.20, -0.15 ... 1.00, 1.50}
[✅] relu_i4 = {0x00, 0x00, 0x21, 0x22} -- ref = {0x00, 0x00, 0x21, 0x22}
[✅] fill_i8 = {1, 1 ... 1, 1} -- ref = {1, 1 ... 1, 1}
[✅] fill_i16 = {1, 1 ... 1, 1} -- ref = {1, 1 ... 1, 1}
[✅] fill_i32 = {1, 1 ... 1, 1} -- ref = {1, 1 ... 1, 1}
[✅] fill_i64 = {1, 1 ... 1, 1} -- ref = {1, 1 ... 1, 1}
[✅] fill_u8 = {1, 1 ... 1, 1} -- ref = {1, 1 ... 1, 1}
[✅] fill_u16 = {1, 1 ... 1, 1} -- ref = {1, 1 ... 1, 1}
[✅] fill_u32 = {1, 1 ... 1, 1} -- ref = {1, 1 ... 1, 1}
[✅] fill_u64 = {1, 1 ... 1, 1} -- ref = {1, 1 ... 1, 1}
[✅] fill_f16 = {F16 { bits: 15360 }, F16 { bits: 15360 } ... F16 { bits: 15360 }, F16 { bits: 15360 }} -- ref = {F16 { bits: 15360 }, F16 { bits: 15360 } ... F16 { bits: 15360 }, F16 { bits: 15360 }}
[✅] fill_bf16 = {1.00, 1.00 ... 1.00, 1.00} -- ref = {1.00, 1.00 ... 1.00, 1.00}
[✅] fill_f8 = {1.00, 1.00 ... 1.00, 1.00} -- ref = {1.00, 1.00 ... 1.00, 1.00}
[✅] fill_f32 = {1.00, 1.00 ... 1.00, 1.00} -- ref = {1.00, 1.00 ... 1.00, 1.00}
[✅] fill_f64 = {1.00, 1.00 ... 1.00, 1.00} -- ref = {1.00, 1.00 ... 1.00, 1.00}
[✅] fill_bool = {true, true ... true, true} -- ref = {true, true ... true, true}
[✅] fill_bitset = {Bitset { bits: 255 }, Bitset { bits: 255 } ... Bitset { bits: 255 }, Bitset { bits: 255 }} -- ref = {Bitset { bits: 255 }, Bitset { bits: 255 } ... Bitset { bits: 255 }, Bitset { bits: 255 }}
[✅] fill_i4 = {0x11, 0x11, 0x11, 0x11} -- ref = {0x11, 0x11, 0x11, 0x11}
[✅] fill_i2 = {0x55, 0x55} -- ref = {0x55, 0x55}
[✅] fill_i1 = {0x00} -- ref = {0x00}
[✅] fill_u4 = {0x11, 0x11, 0x11, 0x11} -- ref = {0x11, 0x11, 0x11, 0x11}
[✅] fill_u2 = {0x55, 0x55} -- ref = {0x55, 0x55}
[✅] fill_u1 = {0xff} -- ref = {0xff}
[✅] mm_i8 = {0, -3 ... -55, 14} -- ref = {0, -3 ... -55, 14}
[✅] mm_i16 = {0, -3 ... 201, 270} -- ref = {0, -3 ... 201, 270}
[✅] mm_i32 = {0, -3 ... 201, 270} -- ref = {0, -3 ... 201, 270}
[✅] mm_i64 = {0, -3 ... 201, 270} -- ref = {0, -3 ... 201, 270}
[✅] mm_u8 = {18, 21 ... 65, 140} -- ref = {18, 21 ... 65, 140}
[✅] mm_u16 = {18, 21 ... 321, 396} -- ref = {18, 21 ... 321, 396}
[✅] mm_u32 = {18, 21 ... 321, 396} -- ref = {18, 21 ... 321, 396}
[✅] mm_u64 = {18, 21 ... 321, 396} -- ref = {18, 21 ... 321, 396}
[✅] mm_f16 = {F16 { bits: 49376 }, F16 { bits: 49664 } ... F16 { bits: 18608 }, F16 { bits: 19464 }} -- ref = {F16 { bits: 49376 }, F16 { bits: 49664 } ... F16 { bits: 18608 }, F16 { bits: 19464 }}
[✅] mm_f32 = {-2.44, -3.00 ... 9.38, 16.12} -- ref = {-2.44, -3.00 ... 9.38, 16.12}
[✅] mm_f64 = {-2.44, -3.00 ... 9.38, 16.12} -- ref = {-2.44, -3.00 ... 9.38, 16.12}
[✅] mm_bool = {true, false ... false, true} -- ref = {true, false ... false, true}
[✅] mm_bitset = {Bitset { bits: 210 }, Bitset { bits: 252 } ... Bitset { bits: 104 }, Bitset { bits: 4 }} -- ref = {Bitset { bits: 210 }, Bitset { bits: 252 } ... Bitset { bits: 104 }, Bitset { bits: 4 }}
[✅] add_acc_i8 = {-5, -3 ... 7, 9} -- ref = {-5, -3 ... 7, 9}
[✅] add_acc_i16 = {-5, -3 ... 7, 9} -- ref = {-5, -3 ... 7, 9}
[✅] add_acc_i32 = {-5, -3 ... 7, 9} -- ref = {-5, -3 ... 7, 9}
[✅] add_acc_u8 = {1, 3 ... 13, 15} -- ref = {1, 3 ... 13, 15}
[✅] add_acc_u16 = {1, 3 ... 13, 15} -- ref = {1, 3 ... 13, 15}
[✅] add_acc_u32 = {1, 3 ... 13, 15} -- ref = {1, 3 ... 13, 15}
[✅] add_acc_i4 = {-7, -5 ... 10, 3} -- ref = {-7, -5 ... 10, 3}
[✅] add_acc_i2 = {-1, -1 ... -1, -1} -- ref = {-1, -1 ... -1, -1}
[✅] add_acc_i1 = {-1, -1 ... -1, -1} -- ref = {-1, -1 ... -1, -1}
[✅] add_acc_u4 = {1, 3 ... 16, 18} -- ref = {1, 3 ... 16, 18}
[✅] add_acc_u2 = {3, 3 ... 3, 3} -- ref = {3, 3 ... 3, 3}
[✅] add_acc_u1 = {1, 1 ... 1, 1} -- ref = {1, 1 ... 1, 1}
[✅] mul_acc_i8 = {4, 0 ... 10, 18} -- ref = {4, 0 ... 10, 18}
[✅] mul_acc_i16 = {4, 0 ... 10, 18} -- ref = {4, 0 ... 10, 18}
[✅] mul_acc_i32 = {4, 0 ... 10, 18} -- ref = {4, 0 ... 10, 18}
[✅] mul_acc_u8 = {0, 2 ... 42, 56} -- ref = {0, 2 ... 42, 56}
[✅] mul_acc_u16 = {0, 2 ... 42, 56} -- ref = {0, 2 ... 42, 56}
[✅] mul_acc_u32 = {0, 2 ... 42, 56} -- ref = {0, 2 ... 42, 56}
[✅] mul_acc_i4 = {-8, 4 ... 24, -28} -- ref = {-8, 4 ... 24, -28}
[✅] mul_acc_i2 = {-2, 0 ... 0, -2} -- ref = {-2, 0 ... 0, -2}
[✅] mul_acc_i1 = {0, 0 ... 0, 0} -- ref = {0, 0 ... 0, 0}
[✅] mul_acc_u4 = {0, 2 ... 28, 45} -- ref = {0, 2 ... 28, 45}
[✅] mul_acc_u2 = {0, 2 ... 2, 0} -- ref = {0, 2 ... 2, 0}
[✅] mul_acc_u1 = {0, 0 ... 0, 0} -- ref = {0, 0 ... 0, 0}
[✅] abs_acc_i8 = {4, 3 ... 2, 3} -- ref = {4, 3 ... 2, 3}
[✅] abs_acc_i16 = {4, 3 ... 2, 3} -- ref = {4, 3 ... 2, 3}
[✅] abs_acc_i32 = {4, 3 ... 2, 3} -- ref = {4, 3 ... 2, 3}
[✅] abs_acc_i4 = {8, 4 ... 6, 7} -- ref = {8, 4 ... 6, 7}
[✅] abs_acc_i2 = {2, 1 ... 0, 1} -- ref = {2, 1 ... 0, 1}
[✅] abs_acc_i1 = {1, 0 ... 1, 0} -- ref = {1, 0 ... 1, 0}
[✅] mm_acc_i8 = {0, -3 ... 201, 270} -- ref = {0, -3 ... 201, 270}
[✅] mm_acc_i16 = {0, -3 ... 201, 270} -- ref = {0, -3 ... 201, 270}
[✅] mm_acc_i32 = {0, -3 ... 201, 270} -- ref = {0, -3 ... 201, 270}
[✅] mm_acc_u8 = {18, 21 ... 321, 396} -- ref = {18, 21 ... 321, 396}
[✅] mm_acc_u16 = {18, 21 ... 321, 396} -- ref = {18, 21 ... 321, 396}
[✅] mm_acc_u32 = {18, 21 ... 321, 396} -- ref = {18, 21 ... 321, 396}
[✅] in_i8 = {1, 1 ... 1, 1} -- ref = {1, 1 ... 1, 1}
[✅] in_i16 = {1, 1 ... 1, 1} -- ref = {1, 1 ... 1, 1}
[✅] in_i32 = {1, 1 ... 1, 1} -- ref = {1, 1 ... 1, 1}
[✅] in_i64 = {1, 1 ... 1, 1} -- ref = {1, 1 ... 1, 1}
[✅] in_u8 = {1, 1 ... 1, 1} -- ref = {1, 1 ... 1, 1}
[✅] in_u16 = {1, 1 ... 1, 1} -- ref = {1, 1 ... 1, 1}
[✅] in_u32 = {1, 1 ... 1, 1} -- ref = {1, 1 ... 1, 1}
[✅] in_u64 = {1, 1 ... 1, 1} -- ref = {1, 1 ... 1, 1}
[✅] in_f16 = {F16 { bits: 15360 }, F16 { bits: 15360 } ... F16 { bits: 15360 }, F16 { bits: 15360 }} -- ref = {F16 { bits: 15360 }, F16 { bits: 15360 } ... F16 { bits: 15360 }, F16 { bits: 15360 }}
[✅] in_bf16 = {1.00, 1.00 ... 1.00, 1.00} -- ref = {1.00, 1.00 ... 1.00, 1.00}
[✅] in_f8 = {1.00, 1.00 ... 1.00, 1.00} -- ref = {1.00, 1.00 ... 1.00, 1.00}
[✅] in_f32 = {1.00, 1.00 ... 1.00, 1.00} -- ref = {1.00, 1.00 ... 1.00, 1.00}
[✅] in_f64 = {1.00, 1.00 ... 1.00, 1.00} -- ref = {1.00, 1.00 ... 1.00, 1.00}
[✅] in_bool = {true, true ... true, true} -- ref = {true, true ... true, true}
[✅] in_bitset = {Bitset { bits: 1 }, Bitset { bits: 1 } ... Bitset { bits: 1 }, Bitset { bits: 1 }} -- ref = {Bitset { bits: 1 }, Bitset { bits: 1 } ... Bitset { bits: 1 }, Bitset { bits: 1 }}
[✅] in_i4 = {0x11, 0x11, 0x11, 0x11} -- ref = {0x11, 0x11, 0x11, 0x11}
[✅] in_i2 = {0x55, 0x55} -- ref = {0x55, 0x55}
[✅] in_i1 = {0x00} -- ref = {0x00}
[✅] in_u4 = {0x11, 0x11, 0x11, 0x11} -- ref = {0x11, 0x11, 0x11, 0x11}
[✅] in_u2 = {0x55, 0x55} -- ref = {0x55, 0x55}
[✅] in_u1 = {0xff} -- ref = {0xff}
[✅] in_ma_i8 = {0, -3 ... -55, 14} -- ref = {0, -3 ... -55, 14}
[✅] in_ma_i16 = {0, -3 ... 201, 270} -- ref = {0, -3 ... 201, 270}
[✅] in_ma_i32 = {0, -3 ... 201, 270} -- ref = {0, -3 ... 201, 270}
[✅] in_ma_i64 = {0, -3 ... 201, 270} -- ref = {0, -3 ... 201, 270}
[✅] in_ma_u8 = {18, 21 ... 65, 140} -- ref = {18, 21 ... 65, 140}
[✅] in_ma_u16 = {18, 21 ... 321, 396} -- ref = {18, 21 ... 321, 396}
[✅] in_ma_u32 = {18, 21 ... 321, 396} -- ref = {18, 21 ... 321, 396}
[✅] in_ma_u64 = {18, 21 ... 321, 396} -- ref = {18, 21 ... 321, 396}
[✅] in_ma_f16 = {F16 { bits: 49376 }, F16 { bits: 49664 } ... F16 { bits: 18608 }, F16 { bits: 19464 }} -- ref = {F16 { bits: 49376 }, F16 { bits: 49664 } ... F16 { bits: 18608 }, F16 { bits: 19464 }}
[✅] in_ma_f32 = {-2.44, -3.00 ... 9.38, 16.12} -- ref = {-2.44, -3.00 ... 9.38, 16.12}
[✅] in_ma_f64 = {-2.44, -3.00 ... 9.38, 16.12} -- ref = {-2.44, -3.00 ... 9.38, 16.12}
[✅] in_ma_bool = {true, false ... false, true} -- ref = {true, false ... false, true}
[✅] in_ma_bitset = {Bitset { bits: 210 }, Bitset { bits: 252 } ... Bitset { bits: 104 }, Bitset { bits: 4 }} -- ref = {Bitset { bits: 210 }, Bitset { bits: 252 } ... Bitset { bits: 104 }, Bitset { bits: 4 }}
[✅] finite_f16 = {true} -- ref = {true}
[✅] finite_bf16 = {true} -- ref = {true}
[✅] finite_f8 = {true} -- ref = {true}
[✅] finite_f32 = {true} -- ref = {true}
[✅] finite_f64 = {true} -- ref = {true}
ops_accumulate_inplace completed on CpuAvx2

=== Example: ops_matrix ===
==> cargo run --package openinfer --example ops_matrix --features avx2 -- --target avx2
=== i8 ===
[✅] add[0..4] = [-5, -3, -1, 1] -- CPUref: [-5, -3, -1, 1]
[✅] mul[0..4] = [4, 0, -2, -2] -- CPUref: [4, 0, -2, -2]
[✅] abs[0..4] = [4, 3, 2, 1] -- CPUref: [4, 3, 2, 1]
[✅] relu[0..4] = [0, 0, 0, 0] -- CPUref: [0, 0, 0, 0]
[✅] fill[0..4] = [1, 1, 1, 1] -- CPUref: [1, 1, 1, 1]
[✅] mm[0..4] = [-1, -4, -7, -10] -- CPUref: [-1, -4, -7, -10]

=== i16 ===
[✅] add[0..4] = [-5, -3, -1, 1] -- CPUref: [-5, -3, -1, 1]
[✅] mul[0..4] = [4, 0, -2, -2] -- CPUref: [4, 0, -2, -2]
[✅] abs[0..4] = [4, 3, 2, 1] -- CPUref: [4, 3, 2, 1]
[✅] relu[0..4] = [0, 0, 0, 0] -- CPUref: [0, 0, 0, 0]
[✅] fill[0..4] = [1, 1, 1, 1] -- CPUref: [1, 1, 1, 1]
[✅] mm[0..4] = [-1, -4, -7, -10] -- CPUref: [-1, -4, -7, -10]

=== i32 ===
[✅] add[0..4] = [-5, -3, -1, 1] -- CPUref: [-5, -3, -1, 1]
[✅] mul[0..4] = [4, 0, -2, -2] -- CPUref: [4, 0, -2, -2]
[✅] abs[0..4] = [4, 3, 2, 1] -- CPUref: [4, 3, 2, 1]
[✅] relu[0..4] = [0, 0, 0, 0] -- CPUref: [0, 0, 0, 0]
[✅] fill[0..4] = [1, 1, 1, 1] -- CPUref: [1, 1, 1, 1]
[✅] mm[0..4] = [-1, -4, -7, -10] -- CPUref: [-1, -4, -7, -10]

=== i64 ===
[✅] add[0..4] = [-5, -3, -1, 1] -- CPUref: [-5, -3, -1, 1]
[✅] mul[0..4] = [4, 0, -2, -2] -- CPUref: [4, 0, -2, -2]
[✅] abs[0..4] = [4, 3, 2, 1] -- CPUref: [4, 3, 2, 1]
[✅] relu[0..4] = [0, 0, 0, 0] -- CPUref: [0, 0, 0, 0]
[✅] fill[0..4] = [1, 1, 1, 1] -- CPUref: [1, 1, 1, 1]
[✅] mm[0..4] = [-1, -4, -7, -10] -- CPUref: [-1, -4, -7, -10]

=== u8 ===
[✅] add[0..4] = [1, 3, 5, 7] -- CPUref: [1, 3, 5, 7]
[✅] mul[0..4] = [0, 2, 6, 12] -- CPUref: [0, 2, 6, 12]
[✅] fill[0..4] = [1, 1, 1, 1] -- CPUref: [1, 1, 1, 1]
[✅] mm[0..4] = [23, 26, 29, 32] -- CPUref: [23, 26, 29, 32]

=== u16 ===
[✅] add[0..4] = [1, 3, 5, 7] -- CPUref: [1, 3, 5, 7]
[✅] mul[0..4] = [0, 2, 6, 12] -- CPUref: [0, 2, 6, 12]
[✅] fill[0..4] = [1, 1, 1, 1] -- CPUref: [1, 1, 1, 1]
[✅] mm[0..4] = [23, 26, 29, 32] -- CPUref: [23, 26, 29, 32]

=== u32 ===
[✅] add[0..4] = [1, 3, 5, 7] -- CPUref: [1, 3, 5, 7]
[✅] mul[0..4] = [0, 2, 6, 12] -- CPUref: [0, 2, 6, 12]
[✅] fill[0..4] = [1, 1, 1, 1] -- CPUref: [1, 1, 1, 1]
[✅] mm[0..4] = [23, 26, 29, 32] -- CPUref: [23, 26, 29, 32]

=== u64 ===
[✅] add[0..4] = [1, 3, 5, 7] -- CPUref: [1, 3, 5, 7]
[✅] mul[0..4] = [0, 2, 6, 12] -- CPUref: [0, 2, 6, 12]
[✅] fill[0..4] = [1, 1, 1, 1] -- CPUref: [1, 1, 1, 1]
[✅] mm[0..4] = [23, 26, 29, 32] -- CPUref: [23, 26, 29, 32]

=== f16 ===
[✅] add[0..4] = [F16 { bits: 48640 }, F16 { bits: 47104 }, F16 { bits: 14336 }, F16 { bits: 15872 }] -- CPUref: [F16 { bits: 48640 }, F16 { bits: 47104 }, F16 { bits: 14336 }, F16 { bits: 15872 }]
[✅] mul[0..4] = [F16 { bits: 48128 }, F16 { bits: 48640 }, F16 { bits: 48640 }, F16 { bits: 48128 }] -- CPUref: [F16 { bits: 48128 }, F16 { bits: 48640 }, F16 { bits: 48640 }, F16 { bits: 48128 }]
[✅] abs[0..4] = [F16 { bits: 16384 }, F16 { bits: 15872 }, F16 { bits: 15360 }, F16 { bits: 14336 }] -- CPUref: [F16 { bits: 16384 }, F16 { bits: 15872 }, F16 { bits: 15360 }, F16 { bits: 14336 }]
[✅] relu[0..4] = [F16 { bits: 45670 }, F16 { bits: 45261 }, F16 { bits: 44646 }, F16 { bits: 43622 }] -- CPUref: [F16 { bits: 45670 }, F16 { bits: 45261 }, F16 { bits: 44646 }, F16 { bits: 43622 }]
[✅] fill[0..4] = [F16 { bits: 15360 }, F16 { bits: 15360 }, F16 { bits: 15360 }, F16 { bits: 15360 }] -- CPUref: [F16 { bits: 15360 }, F16 { bits: 15360 }, F16 { bits: 15360 }, F16 { bits: 15360 }]
[✅] finite = true -- CPUref: true
[✅] mm[0..4] = [F16 { bits: 49600 }, F16 { bits: 49888 }, F16 { bits: 50176 }, F16 { bits: 50320 }] -- CPUref: [F16 { bits: 49600 }, F16 { bits: 49888 }, F16 { bits: 50176 }, F16 { bits: 50320 }]

=== f32 ===
[✅] add[0..4] = [-1.5, -0.5, 0.5, 1.5] -- CPUref: [-1.5, -0.5, 0.5, 1.5]
[✅] mul[0..4] = [-1.0, -1.5, -1.5, -1.0] -- CPUref: [-1.0, -1.5, -1.5, -1.0]
[✅] abs[0..4] = [2.0, 1.5, 1.0, 0.5] -- CPUref: [2.0, 1.5, 1.0, 0.5]
[✅] relu[0..4] = [-0.2, -0.15, -0.1, -0.05] -- CPUref: [-0.2, -0.15, -0.1, -0.05]
[✅] fill[0..4] = [1.0, 1.0, 1.0, 1.0] -- CPUref: [1.0, 1.0, 1.0, 1.0]
[✅] finite = true -- CPUref: true
[✅] mm[0..4] = [-2.875, -3.4375, -4.0, -4.5625] -- CPUref: [-2.875, -3.4375, -4.0, -4.5625]

=== f64 ===
[✅] add[0..4] = [-1.5, -0.5, 0.5, 1.5] -- CPUref: [-1.5, -0.5, 0.5, 1.5]
[✅] mul[0..4] = [-1.0, -1.5, -1.5, -1.0] -- CPUref: [-1.0, -1.5, -1.5, -1.0]
[✅] abs[0..4] = [2.0, 1.5, 1.0, 0.5] -- CPUref: [2.0, 1.5, 1.0, 0.5]
[✅] relu[0..4] = [-0.20000000298023224, -0.15000000223517418, -0.10000000149011612, -0.05000000074505806] -- CPUref: [-0.20000000298023224, -0.15000000223517418, -0.10000000149011612, -0.05000000074505806]
[✅] fill[0..4] = [1.0, 1.0, 1.0, 1.0] -- CPUref: [1.0, 1.0, 1.0, 1.0]
[✅] finite = true -- CPUref: true
[✅] mm[0..4] = [-2.875, -3.4375, -4.0, -4.5625] -- CPUref: [-2.875, -3.4375, -4.0, -4.5625]

=== bool ===
[✅] add[0..4] = [true, false, true, true] -- CPUref: [true, false, true, true]
[✅] mul[0..4] = [true, false, false, false] -- CPUref: [true, false, false, false]
[✅] fill[0..4] = [true, true, true, true] -- CPUref: [true, true, true, true]
[✅] mm[0..4] = [true, true, false, true] -- CPUref: [true, true, false, true]

=== bitset ===
[✅] add[0..4] = [Bitset { bits: 0 }, Bitset { bits: 8 }, Bitset { bits: 16 }, Bitset { bits: 24 }] -- CPUref: [Bitset { bits: 0 }, Bitset { bits: 8 }, Bitset { bits: 16 }, Bitset { bits: 24 }]
[✅] mul[0..4] = [Bitset { bits: 0 }, Bitset { bits: 15 }, Bitset { bits: 60 }, Bitset { bits: 135 }] -- CPUref: [Bitset { bits: 0 }, Bitset { bits: 15 }, Bitset { bits: 60 }, Bitset { bits: 135 }]
[✅] fill[0..4] = [Bitset { bits: 255 }, Bitset { bits: 255 }, Bitset { bits: 255 }, Bitset { bits: 255 }] -- CPUref: [Bitset { bits: 255 }, Bitset { bits: 255 }, Bitset { bits: 255 }, Bitset { bits: 255 }]
[✅] mm[0..4] = [Bitset { bits: 24 }, Bitset { bits: 66 }, Bitset { bits: 108 }, Bitset { bits: 150 }] -- CPUref: [Bitset { bits: 24 }, Bitset { bits: 66 }, Bitset { bits: 108 }, Bitset { bits: 150 }]

ops_matrix completed

=== Example: prefix_table ===
==> cargo run --package openinfer --example prefix_table --features avx2 -- --target avx2
0 788540a2-4c13-42dc-95bd-db8d22fcd3af [entry] -- op add(x,W[0]) >> y -- (0ms 0us 0ns)
1 5c28633f-fc73-4230-85d5-0a9f0119c9bc [entry] -- op add(y,W[1]) >> y -- (0ms 0us 0ns)
2 ebd9f08e-2efa-4d0c-b8e4-45bf14f5f557 [entry] -- op add(y,W[2]) >> y -- (0ms 0us 0ns)
3 a715aeac-f084-4332-84f3-b867cb9c5856 [entry] -- op add(y,W[3]) >> y -- (0ms 0us 0ns)
4 8035fc3b-a85a-4937-b705-9278ef14ee78 [entry] -- op add(y,W[4]) >> y -- (0ms 0us 0ns)
5 06fa12da-2cb3-4455-a151-86a2998d2e3b [entry] -- op add(y,W[5]) >> y -- (0ms 0us 0ns)
6 e4f27445-a78d-48cd-9cc8-65a17c8dd014 [entry] -- op add(y,W[6]) >> y -- (0ms 0us 0ns)
7 54800e59-9ca3-4ae6-a861-ecb1c55cc7d0 [entry] -- op add(y,W[7]) >> y -- (0ms 0us 0ns)
8 67a4d4e3-bfbd-4871-835a-0dd15e93c0ec [entry] -- op add(y,W[8]) >> y -- (0ms 0us 0ns)
9 38e58356-f8f6-49a6-99a7-37edb1984ae6 [entry] -- op add(y,W[9]) >> y -- (0ms 0us 0ns)
10 4bd4c3e6-207e-4e3d-b364-696e398ded87 [entry] -- op add(y,W[10]) >> y -- (0ms 0us 0ns)
11 23c5b360-a248-4236-9659-959489ac08c0 [entry] -- op add(y,QKV[0, 0]) >> y -- (0ms 0us 0ns)
12 d58e0153-9fb7-4431-b3d4-3294b4b762a7 [entry] -- op add(y,QKV[1, 2]) >> y -- (0ms 0us 0ns)
13 638a5b1f-f7ba-4dad-9dcf-b316caaac65f [entry] -- return
y[0..8] = [5.516369, -4.764134, 7.4285374, 1.0918117, -1.9848148, 1.5925673, 2.024328, -2.8601072]

=== Example: reference ===
==> cargo run --package openinfer --example reference --features avx2 -- --target avx2
out[0..8] = [-0.05902803, -2.334038, -0.88252354, -0.32670987, -2.3555837, -1.8749657, 0.62715816, 0.058831856]

=== Example: relu ===
==> cargo run --package openinfer --example relu --features avx2 -- --target avx2
relu settings: negative_slope=0.1, clamp_max=6
y[0..100] = [1.8087559, 1.3866806, 0.33173323, 1.6407619, 1.8560529, -0.28449327, 1.0288668, 0.504956, 2.2237687, -0.14269765, -0.22630219, 1.6319218, -0.25778076, -0.16878188, 1.7343187, 1.7622814, 0.7043607, 1.4960308, 0.1809287, 2.8136268, 2.0998993, 2.9779043, -0.1305167, -0.21637416, -0.27227134, -0.23228101, 2.9434233, 2.7890148, -0.1764123, -0.27036002, -0.041639637, -0.04457877, 0.91124296, -0.023652172, -0.18529692, 2.5455766, 2.9726543, -0.16377567, -0.06218157, 0.355994, 1.1154256, -0.20676656, 1.3259244, 2.012998, -0.021246552, -0.17725495, -0.2545968, 0.01877594, 2.282072, 0.8264966, 1.4845295, -0.012690306, -0.09335108, 2.256463, 1.76158, 2.2239628, 1.3917851, -0.26206112, 2.5514503, 2.9213443, -0.20307016, -0.1699215, -0.037825037, 2.8623204, -0.12176698, 2.5046635, -0.06706577, 1.063221, -0.07252431, -0.290985, 1.9118886, -0.25846705, 2.1355586, 0.70892763, 1.2049804, 0.6826155, 1.0299454, 1.7114267, -0.105031334, 0.995332, 2.1877937, -0.24935618, 1.8969593, -0.24962132, 2.7286143, 0.11227131, 2.1660914, 1.5176282, -0.14764471, 2.2066464, -0.20054439, -0.24743715, -0.15855315, -0.08932676, 2.3872929, -0.18758875, 2.310967, 0.13465309, 0.73882604, 2.8600612]

=== Example: serialize ===
==> cargo run --package openinfer --example serialize --features avx2 -- --target avx2

=== Example: trace_example ===
==> cargo run --package openinfer --example trace_example --features avx2 -- --target avx2
0 b3e226fc-92be-4a46-ade1-1e94e2e5b504 [entry] -- assign t0
1 ac00099f-9046-4965-ac55-c31d31ae00fc [entry] -- op add(x,a) >> t0 -- (0ms 12us 245ns)
2 39670a6b-682e-456e-9121-393df4d9aa8f [entry] -- op mul(y,t0) >> y -- (0ms 10us 958ns)
3 eef11bde-bf1f-4ff1-b54f-e0b3463e740d [entry] -- return

=== Example: yield ===
==> cargo run --package openinfer --example yield --features avx2 -- --target avx2
0 ac77dc53-79ea-4084-8078-d6eadab4069c [entry] -- op matmul(x,w) >> h -- (192ms 781us 171ns)
1 b478d645-c65e-47b4-9f50-497ed82be60f [entry] -- yield x
8 15d14068-ad7a-450b-8219-cb285a80dc8b [reader] -- await x
5 f1792504-472d-4b33-ae71-55e1ccc59312 [writer] -- await x
2 54620e7b-68e8-48f8-9cbb-1e5446b21bdf [entry] -- op relu(h) >> h -- (0ms 86us 67ns)
9 14061463-bd6e-4b5c-a3be-0626b3407916 [reader] -- op relu(x) >> h2 -- (0ms 118us 111ns)
10 4b6c72a8-1bc0-4d18-b2c6-b6b5ed4972dc [reader] -- yield x
6 e80425cc-eeb5-4e2d-81f3-f9c7aa88fcba [writer] -- op add(x,bias) >> x -- (0ms 88us 211ns)
7 c5ddfa16-47ea-485e-9092-bffc42d0ebd6 [writer] -- yield x
3 b592a6b8-e910-43ed-99c3-4ba36ce9a1a3 [entry] -- await x
4 0dc3cf35-a205-49b5-ad1d-e524ee4aa4bd [entry] -- return
x[0..8] = [0.600452, 0.45852458, 0.11033394, 0.53058904, 0.6259034, -0.9439832, 0.3392783, 0.18437307]

All Rust examples completed successfully.
