Running Rust examples (22)...
=== Example: accumulate_packed ===
==> cargo run --package openinfer --example accumulate_packed  -- 
add_i8_i16: i16 [-3, -1, 1, 2, 0, 0, 3, 5]
add_i16_i32: i32 [-3, -1, 1, 2, 0, 0, 3, 5]
add_i32_i64: i64 [-3, -1, 1, 2, 0, 0, 3, 5]
add_u8_u16: u16 [1, 1, 4, 4, 4, 7, 7, 7]
add_u16_u32: u32 [1, 1, 4, 4, 4, 7, 7, 7]
add_u32_u64: u64 [1, 1, 4, 4, 4, 7, 7, 7]
add_i4_i8: i8 [-7, -5, 1, -2, 4, 0, 10, 3]
add_i2_i8: i8 [-1, -1, -1, -1, -1, -1, -1, -1]
add_i1_i8: i8 [-1, -1, -1, -1, -1, -1, -1, -1]
add_u4_u8: u8 [1, 3, 5, 7, 4, 6, 16, 18]
add_u2_u8: u8 [3, 3, 3, 3, 3, 3, 3, 3]
add_u1_u8: u8 [1, 1, 1, 1, 1, 1, 1, 1]
mul_i8_i16: i16 [-4, -2, -2, 0, -1, -4, 0, 4]
mul_i16_i32: i32 [-4, -2, -2, 0, -1, -4, 0, 4]
mul_i32_i64: i64 [-4, -2, -2, 0, -1, -4, 0, 4]
mul_u8_u16: u16 [0, 0, 4, 3, 0, 10, 6, 0]
mul_u16_u32: u32 [0, 0, 4, 3, 0, 10, 6, 0]
mul_u32_u64: u64 [0, 0, 4, 3, 0, 10, 6, 0]
mul_i4_i8: i8 [-8, 4, -2, 0, 3, -9, 24, -28]
mul_i2_i8: i8 [-2, 0, 0, -2, -2, 0, 0, -2]
mul_i1_i8: i8 [0, 0, 0, 0, 0, 0, 0, 0]
mul_u4_u8: u8 [0, 2, 6, 12, 0, 5, 28, 45]
mul_u2_u8: u8 [0, 2, 2, 0, 0, 2, 2, 0]
mul_u1_u8: u8 [0, 0, 0, 0, 0, 0, 0, 0]
abs_i8_i16: i16 [4, 2, 1, 0, 1, 2, 3, 4]
abs_i16_i32: i32 [4, 2, 1, 0, 1, 2, 3, 4]
abs_i32_i64: i64 [4, 2, 1, 0, 1, 2, 3, 4]
abs_i4_i8: i8 [8, 4, 1, 0, 1, 3, 6, 7]
abs_i2_i8: i8 [2, 1, 0, 1, 2, 1, 0, 1]
abs_i1_i8: i8 [1, 0, 1, 0, 1, 0, 1, 0]

=== Example: branching_bad ===
==> cargo run --package openinfer --example branching_bad  -- 
0 92eda76e-eb0c-4582-aa7f-af4aa23eb3e2 [entry] -- op matmul(x,w) >> h -- (250ms 446us 935ns)
1 e2eacfd8-4fb8-40d9-a8bc-2dbcf4c9d1b7 [entry] -- op is_finite(h) >> cond -- (0ms 1us 705ns)
7 90f2ef98-5f4b-4714-8d15-09723ddee2a7 [bad] -- op fill(h) >> h -- (0ms 674us 695ns)
8 ee16a8b7-c808-4c22-9292-46cb5318ddb1 [bad] -- return
9 3f3fdb88-8cb9-4cc9-ae27-46896aab9fe3 [algorithm] -- op add(h,x) >> h -- (0ms 956us 153ns)
10 9afdef17-13e6-4edf-8fe0-200d2bec3e75 [algorithm] -- return
4 ee1ce23f-3b07-4a44-8902-262b25fe5fa6 [entry] -- return
branch condition: false
h[0..100] = [NaN, -1.6191635, 1.9223928, -0.5900496, -1.4298182, -1.2646194, 0.81199145, -0.29402804, 0.40900683, -1.0378484, -1.3911409, -0.3824942, -0.39965796, -0.5789803, 1.9948573, 0.57005286, -1.9125714, -0.07803035, -0.7567271, 1.8490815, 0.12245965, 0.08744073, -0.049154043, 0.1809628, 1.7674994, 1.7445683, -1.5426888, 1.6718054, 1.310194, -1.372572, 0.15709949, 0.45003772, 0.37553525, 1.013504, -1.0684189, 0.7961166, -0.7092413, 1.6136756, 1.8817787, -0.71331155, 0.50361085, 0.3119042, -0.9204968, 1.575788, -1.4955177, -1.25213, 1.9723754, -1.0020918, -1.9858856, 1.2910538, 1.080719, 1.0460563, 1.1128011, 0.992995, 0.743531, 0.39066052, -0.26690888, -1.9280562, 1.7468729, -0.2523806, -1.3370771, 1.6038256, 1.7167454, 1.2041135, 1.220151, -0.016360521, -0.579975, 0.8463018, -0.5428113, 1.3154616, 1.7843723, -1.3906889, -1.0405134, 1.357729, -1.5992846, 0.31235576, -1.147106, -1.2236832, -1.094735, 0.92385936, 0.67897296, -1.4407067, -0.95826185, 1.569963, 1.6063905, 1.6889081, 0.8055761, 1.8530431, -0.5621623, 0.15377927, 0.73950124, 1.6642103, 1.7946639, -0.29309535, 1.7243066, 0.33243966, -0.64327705, 0.7116773, 1.7865682, 1.7103577]

=== Example: branching_good ===
==> cargo run --package openinfer --example branching_good  -- 
0 d91c6c6b-41b5-4732-b7ea-ba308f9b3c95 [entry] -- op matmul(x,w) >> h -- (248ms 101us 951ns)
1 569de36c-e944-449d-888f-d1d46f7c29db [entry] -- op is_finite(h) >> cond -- (0ms 319us 259ns)
5 e8952e0f-3926-46f7-a6a9-0cf9b14e4db1 [ok] -- op relu(h) >> h -- (1ms 124us 516ns)
6 e9fd0677-bd9a-4836-8e5d-b5f9ac6230f7 [ok] -- return
9 d99fef6d-3102-4c49-b6ea-a7059dd91a66 [algorithm] -- op add(h,x) >> h -- (1ms 21us 430ns)
10 ec750df6-cbcb-48b6-98fc-f567f014c2ac [algorithm] -- return
4 4a4e13d6-8779-40d8-be90-146dee74b165 [entry] -- return
branch condition: true
h[0..100] = [2.0239592, -1.6191635, 2.7444534, -0.5900496, -1.4298182, 1.6507215, 0.81199145, 5.764553, 1.9409258, 5.648092, -1.3911409, 11.957924, 7.077615, -0.5789803, 5.310196, 0.57005286, 5.915538, 15.66467, 3.7640586, 1.8490815, 0.12245965, 2.1702785, 2.8210366, 0.1809628, 1.7674994, 5.9436984, -1.5426888, 13.82932, 2.0954661, -1.372572, 0.15709949, 0.45003772, 0.37553525, 1.013504, -0.46800947, 6.217969, 1.3188826, 12.470707, 7.3582306, -0.71331155, 0.50361085, 7.3153553, -0.9204968, 4.689171, 11.087003, 1.5467954, 1.9723754, -1.0020918, -1.9858856, 4.1264586, 1.080719, 1.5935211, 6.7715373, 5.6089125, 6.0948067, 0.39066052, 16.165125, -1.9280562, 1.7468729, -0.2523806, -1.3370771, 8.58633, 1.7167454, 12.462051, 1.220151, 16.234507, -0.579975, 4.768346, -0.40354446, 1.3154616, 6.3475823, 3.9559436, 4.105328, 8.369709, -1.5992846, 13.363926, -0.28400576, -1.2236832, -1.094735, 10.961312, 5.7909937, 3.2890692, 2.8219156, 1.569963, 1.6063905, 3.0355768, 10.785418, 1.8530431, 11.274473, 0.15377927, 7.9682093, 1.6642103, 5.866636, 2.9095628, 1.7243066, 0.33243966, -0.64327705, 12.276399, 1.7865682, 1.7103577]

=== Example: cache_auto_dim ===
==> cargo run --package openinfer --example cache_auto_dim  -- 
step 1 L shape = [5, 4]
step 1 M shape = [2, 7]
step 1 N shape = [7, 2]

step 2 L shape = [8, 6]
step 2 M shape = [2, 12]
step 2 N shape = [12, 2]

step 3 L shape = [11, 8]
step 3 M shape = [2, 17]
step 3 N shape = [17, 2]

=== Example: cache_fixed_limit ===
==> cargo run --package openinfer --example cache_fixed_limit  -- 
Expected cache limit error: auto_dim M exceeds fixed max 4 for 0

=== Example: cache_scalar ===
==> cargo run --package openinfer --example cache_scalar  -- 
step 0 read = 0
step 1 read = 1

=== Example: cache_table ===
==> cargo run --package openinfer --example cache_table  -- 
out_full shape = [3, 4]
out_slice shape = [2, 4]
out_reset[0..8] = [0.64990544, 0.94848967, 0.59415936, 0.3824712, 0.0, 0.0, 0.0, 0.0]

=== Example: cache_weight_update ===
==> cargo run --package openinfer --example cache_weight_update  -- 
step 1 out[0..4] = [0.31340373, -0.7802436, 1.0227059, -0.38774607]
step 2 out[0..4] = [0.62680745, -1.5604872, 2.0454118, -0.7754921]

=== Example: deserialize ===
==> cargo run --package openinfer --example deserialize  -- 
0 a11da6ba-90ac-4af0-8b0b-3f7bc194daa8 [entry] -- assign t0
1 b9e4546d-3076-4ccd-a146-f4954c76c1cb [entry] -- op add(x,a) >> t0 -- (0ms 0us 0ns)
2 6a3c5c11-a224-47b6-862e-bc0693e59e70 [entry] -- op mul(y,t0) >> y -- (0ms 0us 0ns)
3 3f7bf527-c3d3-4b2b-ba05-6705dae65cea [entry] -- return
y[0..100] = [30.264147, 27.615976, 1.9704801, 31.83252, 29.052525, -48.182278, 20.4248, 7.507924, 37.558743, -28.50735, -35.1819, 27.580126, -44.666138, -25.246027, 26.937254, 28.90633, 8.0797615, 23.964973, 0.05002767, 44.516903, 37.50197, 47.43583, -21.900875, -31.254988, -40.761982, -36.465603, 49.469322, 44.252487, -32.795532, -40.36075, -6.7792597, -11.271144, 16.422276, -1.1752007, -29.752789, 46.59925, 44.940166, -27.010052, -10.770239, 1.5567281, 20.003702, -30.934765, 23.028147, 31.150932, -0.14228255, -29.447533, -42.323906, 2.8432312, 34.513756, 16.971205, 26.575024, 0.75591534, -18.642351, 40.631363, 26.2729, 32.881565, 26.748686, -40.06402, 46.28954, 48.408157, -36.104546, -33.249332, -4.846969, 49.904427, -16.938805, 39.563164, -14.025449, 19.113659, -9.0368395, -43.860786, 28.370054, -43.25571, 39.53979, 11.042625, 20.978024, 6.621832, 18.90035, 32.71466, -14.236973, 20.444061, 38.066776, -44.103844, 34.30115, -44.486805, 48.789642, -2.5016356, 39.35639, 21.938873, -25.855982, 34.94481, -31.510696, -44.453808, -27.462963, -19.82955, 37.413155, -32.052902, 34.575325, 3.5758142, 11.11801, 49.920616]

=== Example: dtypes ===
==> cargo run --package openinfer --example dtypes  -- 
cpu universal graph: ok
cpu special graph: ok
a_f64: dtype=F64 shape=[8]
  values={0.13, -0.13, 0.64, 0.10, -0.54, 0.36, 1.30, 0.95}
b_f32: dtype=F32 shape=[8]
  values={-0.70, -1.27, -0.62, 0.04, -2.33, -0.22, -1.25, -0.73}
c_i64: dtype=I64 shape=[8]
  values={-4, -3, -2, -1, 0, 1, 2, 3}
d_i32: dtype=I32 shape=[8]
  values={-4, -3, -2, -1, 0, 1, 2, 3}
e_i16: dtype=I16 shape=[8]
  values={-4, -3, -2, -1, 0, 1, 2, 3}
f_i8: dtype=I8 shape=[8]
  values={-4, -3, -2, -1, 0, 1, 2, 3}
g_u64: dtype=U64 shape=[8]
  values={0, 1, 2, 3, 4, 5, 6, 7}
h_u32: dtype=U32 shape=[8]
  values={0, 1, 2, 3, 4, 5, 6, 7}
i_u16: dtype=U16 shape=[8]
  values={0, 1, 2, 3, 4, 5, 6, 7}
j_u8: dtype=U8 shape=[8]
  values={0, 1, 2, 3, 4, 5, 6, 7}
k_bool: dtype=Bool shape=[8]
  values={true, false, true, false, true, false, true, false}
l_f16: dtype=F16 shape=[8]
  values={F16 { bits: 15824 }, F16 { bits: 12623 }, F16 { bits: 47721 }, F16 { bits: 46323 }, F16 { bits: 49036 }, F16 { bits: 48643 }, F16 { bits: 14710 }, F16 { bits: 14518 }}
m_bf16: dtype=BF16 shape=[8]
  values={0.46, -0.46, 1.99, 1.92, 0.74, 0.60, 0.75, -0.44}
n_f8: dtype=F8E5M2 shape=[8]
  values={-0.75, 0.44, 0.05, -0.38, -0.03, 0.75, 0.88, -0.31}
o_i4: dtype=I4 shape=[8]
  packed_bytes={248, 16, 215, 36}
  values={-8, -1, 0, 1, 7, -3, 4, 2}
p_i2: dtype=I2 shape=[8]
  packed_bytes={78, 198}
  values={-2, -1, 0, 1, -2, 1, 0, -1}
q_i1: dtype=I1 shape=[8]
  packed_bytes={85}
  values={-1, 0, -1, 0, -1, 0, -1, 0}
r_u4: dtype=U4 shape=[8]
  packed_bytes={16, 50, 84, 254}
  values={0, 1, 2, 3, 4, 5, 14, 15}
s_u2: dtype=U2 shape=[8]
  packed_bytes={228, 228}
  values={0, 1, 2, 3, 0, 1, 2, 3}
t_u1: dtype=U1 shape=[8]
  packed_bytes={90}
  values={0, 1, 0, 1, 1, 0, 1, 0}
u_t2: dtype=T2 shape=[8]
  packed_bytes={211, 52}
  values={-1, 0, 1, -1, 0, 1, -1, 0}
v_t1: dtype=T1 shape=[8]
  packed_bytes={90}
  values={-1, 1, -1, 1, 1, -1, 1, -1}

=== Example: graph_nodes_traverse ===
==> cargo run --package openinfer --example graph_nodes_traverse  -- 
y={5.00, 5.00 ... 5.00, 5.00}      -- [Assign] entry ::  ()
y={5.00, 5.00 ... 5.00, 5.00}      -- [OpExecute] entry :: add (0ms 31us 129ns)
y={30.26, 27.62 ... 33.23, -39.93} -- [OpExecute] entry :: mul (0ms 33us 42ns)
y={30.26, 27.62 ... 33.23, -39.93} -- [Return] entry ::  ()

=== Example: loop ===
==> cargo run --package openinfer --example loop  -- 
0 ae40948a-1309-493c-b0a1-c6f1b0a5bf01 [entry] -- op add(x,QKV[0, 0]) >> y -- (0ms 0us 0ns)
1 c3df60d6-00f5-49c8-b4fe-e46274abce06 [entry] -- op add(y,QKV[l=0, h=0]) >> y -- (0ms 0us 0ns)
1 c3df60d6-00f5-49c8-b4fe-e46274abce06 [entry] -- op add(y,QKV[l=0, h=1]) >> y -- (0ms 0us 0ns)
1 c3df60d6-00f5-49c8-b4fe-e46274abce06 [entry] -- op add(y,QKV[l=0, h=2]) >> y -- (0ms 0us 0ns)
1 c3df60d6-00f5-49c8-b4fe-e46274abce06 [entry] -- op add(y,QKV[l=1, h=0]) >> y -- (0ms 0us 0ns)
1 c3df60d6-00f5-49c8-b4fe-e46274abce06 [entry] -- op add(y,QKV[l=1, h=1]) >> y -- (0ms 0us 0ns)
1 c3df60d6-00f5-49c8-b4fe-e46274abce06 [entry] -- op add(y,QKV[l=1, h=2]) >> y -- (0ms 0us 0ns)
4 5172ee2a-5a0e-4391-a2ef-6f8742055c06 [entry] -- return
y[0..8] = [-2.7829034, 2.3224664, -0.26026878, -4.221941, 1.1039405, 0.055676937, -0.09576627, 4.407773]

=== Example: minimal ===
==> cargo run --package openinfer --example minimal  -- 
y[0..100] = [30.264147, 27.615976, 1.9704801, 31.83252, 29.052525, -48.182278, 20.4248, 7.507924, 37.558743, -28.50735, -35.1819, 27.580126, -44.666138, -25.246027, 26.937254, 28.90633, 8.0797615, 23.964973, 0.05002767, 44.516903, 37.50197, 47.43583, -21.900875, -31.254988, -40.761982, -36.465603, 49.469322, 44.252487, -32.795532, -40.36075, -6.7792597, -11.271144, 16.422276, -1.1752007, -29.752789, 46.59925, 44.940166, -27.010052, -10.770239, 1.5567281, 20.003702, -30.934765, 23.028147, 31.150932, -0.14228255, -29.447533, -42.323906, 2.8432312, 34.513756, 16.971205, 26.575024, 0.75591534, -18.642351, 40.631363, 26.2729, 32.881565, 26.748686, -40.06402, 46.28954, 48.408157, -36.104546, -33.249332, -4.846969, 49.904427, -16.938805, 39.563164, -14.025449, 19.113659, -9.0368395, -43.860786, 28.370054, -43.25571, 39.53979, 11.042625, 20.978024, 6.621832, 18.90035, 32.71466, -14.236973, 20.444061, 38.066776, -44.103844, 34.30115, -44.486805, 48.789642, -2.5016356, 39.35639, 21.938873, -25.855982, 34.94481, -31.510696, -44.453808, -27.462963, -19.82955, 37.413155, -32.052902, 34.575325, 3.5758142, 11.11801, 49.920616]

=== Example: multidim_broadcast ===
==> cargo run --package openinfer --example multidim_broadcast  -- 
out shape = [2, 4]
out[] = [0.0, 0.11, 0.22, 0.33, 0.8, 1.02, 1.24, 1.4599999]
out[0] = [0.0, 0.11, 0.22, 0.33]
out[1] = [0.8, 1.02, 1.24, 1.4599999]
out[1,3] = [1.4599999]

=== Example: ops_accumulate_inplace ===
==> cargo run --package openinfer --example ops_accumulate_inplace  -- 
⚠️ == Pass but drift. ✅ == Pass with no drift. ❌ == Fail
[✅] add_i8 = {-5, -3 ... 7, 9} -- ref = {-5, -3 ... 7, 9}
[✅] add_i16 = {-5, -3 ... 7, 9} -- ref = {-5, -3 ... 7, 9}
[✅] add_i32 = {-5, -3 ... 7, 9} -- ref = {-5, -3 ... 7, 9}
[✅] add_i64 = {-5, -3 ... 7, 9} -- ref = {-5, -3 ... 7, 9}
[✅] add_u8 = {1, 3 ... 13, 15} -- ref = {1, 3 ... 13, 15}
[✅] add_u16 = {1, 3 ... 13, 15} -- ref = {1, 3 ... 13, 15}
[✅] add_u32 = {1, 3 ... 13, 15} -- ref = {1, 3 ... 13, 15}
[✅] add_u64 = {1, 3 ... 13, 15} -- ref = {1, 3 ... 13, 15}
[✅] add_f16 = {F16 { bits: 48640 }, F16 { bits: 47104 } ... F16 { bits: 17536 }, F16 { bits: 17792 }} -- ref = {F16 { bits: 48640 }, F16 { bits: 47104 } ... F16 { bits: 17536 }, F16 { bits: 17792 }}
[✅] add_bf16 = {-1.50, -0.50 ... 4.50, 5.50} -- ref = {-1.50, -0.50 ... 4.50, 5.50}
[✅] add_f8 = {-1.50, -0.50 ... 5.00, 6.00} -- ref = {-1.50, -0.50 ... 5.00, 6.00}
[✅] add_f32 = {-1.50, -0.50 ... 4.50, 5.50} -- ref = {-1.50, -0.50 ... 4.50, 5.50}
[✅] add_f64 = {-1.50, -0.50 ... 4.50, 5.50} -- ref = {-1.50, -0.50 ... 4.50, 5.50}
[✅] add_bool = {true, false ... true, false} -- ref = {true, false ... true, false}
[✅] add_bitset = {Bitset { bits: 0 }, Bitset { bits: 8 } ... Bitset { bits: 48 }, Bitset { bits: 56 }} -- ref = {Bitset { bits: 0 }, Bitset { bits: 8 } ... Bitset { bits: 48 }, Bitset { bits: 56 }}
[✅] add_i4 = {0xb9, 0xe1, 0x04, 0x3a} -- ref = {0xb9, 0xe1, 0x04, 0x3a}
[✅] add_i2 = {0xff, 0xff} -- ref = {0xff, 0xff}
[✅] add_i1 = {0xff} -- ref = {0xff}
[✅] add_u4 = {0x31, 0x75, 0x64, 0x20} -- ref = {0x31, 0x75, 0x64, 0x20}
[✅] add_u2 = {0xff, 0xff} -- ref = {0xff, 0xff}
[✅] add_u1 = {0xff} -- ref = {0xff}
[✅] mul_i8 = {4, 0 ... 10, 18} -- ref = {4, 0 ... 10, 18}
[✅] mul_i16 = {4, 0 ... 10, 18} -- ref = {4, 0 ... 10, 18}
[✅] mul_i32 = {4, 0 ... 10, 18} -- ref = {4, 0 ... 10, 18}
[✅] mul_i64 = {4, 0 ... 10, 18} -- ref = {4, 0 ... 10, 18}
[✅] mul_u8 = {0, 2 ... 42, 56} -- ref = {0, 2 ... 42, 56}
[✅] mul_u16 = {0, 2 ... 42, 56} -- ref = {0, 2 ... 42, 56}
[✅] mul_u32 = {0, 2 ... 42, 56} -- ref = {0, 2 ... 42, 56}
[✅] mul_u64 = {0, 2 ... 42, 56} -- ref = {0, 2 ... 42, 56}
[✅] mul_f16 = {F16 { bits: 48128 }, F16 { bits: 48640 } ... F16 { bits: 17152 }, F16 { bits: 17920 }} -- ref = {F16 { bits: 48128 }, F16 { bits: 48640 } ... F16 { bits: 17152 }, F16 { bits: 17920 }}
[✅] mul_bf16 = {-1.00, -1.50 ... 3.50, 6.00} -- ref = {-1.00, -1.50 ... 3.50, 6.00}
[✅] mul_f8 = {-1.00, -1.50 ... 3.50, 6.00} -- ref = {-1.00, -1.50 ... 3.50, 6.00}
[✅] mul_f32 = {-1.00, -1.50 ... 3.50, 6.00} -- ref = {-1.00, -1.50 ... 3.50, 6.00}
[✅] mul_f64 = {-1.00, -1.50 ... 3.50, 6.00} -- ref = {-1.00, -1.50 ... 3.50, 6.00}
[✅] mul_bool = {true, false ... true, false} -- ref = {true, false ... true, false}
[✅] mul_bitset = {Bitset { bits: 0 }, Bitset { bits: 15 } ... Bitset { bits: 28 }, Bitset { bits: 223 }} -- ref = {Bitset { bits: 0 }, Bitset { bits: 15 } ... Bitset { bits: 28 }, Bitset { bits: 223 }}
[✅] mul_i4 = {0x48, 0x0e, 0x73, 0x48} -- ref = {0x48, 0x0e, 0x73, 0x48}
[✅] mul_i2 = {0x82, 0x82} -- ref = {0x82, 0x82}
[✅] mul_i1 = {0x00} -- ref = {0x00}
[✅] mul_u4 = {0x20, 0xc6, 0x50, 0xdc} -- ref = {0x20, 0xc6, 0x50, 0xdc}
[✅] mul_u2 = {0x28, 0x28} -- ref = {0x28, 0x28}
[✅] mul_u1 = {0x00} -- ref = {0x00}
[✅] abs_i8 = {4, 3 ... 2, 3} -- ref = {4, 3 ... 2, 3}
[✅] abs_i16 = {4, 3 ... 2, 3} -- ref = {4, 3 ... 2, 3}
[✅] abs_i32 = {4, 3 ... 2, 3} -- ref = {4, 3 ... 2, 3}
[✅] abs_i64 = {4, 3 ... 2, 3} -- ref = {4, 3 ... 2, 3}
[✅] abs_f16 = {F16 { bits: 16384 }, F16 { bits: 15872 } ... F16 { bits: 15360 }, F16 { bits: 15872 }} -- ref = {F16 { bits: 16384 }, F16 { bits: 15872 } ... F16 { bits: 15360 }, F16 { bits: 15872 }}
[✅] abs_bf16 = {2.00, 1.50 ... 1.00, 1.50} -- ref = {2.00, 1.50 ... 1.00, 1.50}
[✅] abs_f8 = {2.00, 1.50 ... 1.00, 1.50} -- ref = {2.00, 1.50 ... 1.00, 1.50}
[✅] abs_f32 = {2.00, 1.50 ... 1.00, 1.50} -- ref = {2.00, 1.50 ... 1.00, 1.50}
[✅] abs_f64 = {2.00, 1.50 ... 1.00, 1.50} -- ref = {2.00, 1.50 ... 1.00, 1.50}
[✅] abs_i4 = {0x48, 0x01, 0x31, 0x76} -- ref = {0x48, 0x01, 0x31, 0x76}
[✅] abs_i2 = {0x46, 0x46} -- ref = {0x46, 0x46}
[✅] abs_i1 = {0x55} -- ref = {0x55}
[✅] relu_i8 = {0, 0 ... 2, 2} -- ref = {0, 0 ... 2, 2}
[✅] relu_i16 = {0, 0 ... 2, 2} -- ref = {0, 0 ... 2, 2}
[✅] relu_i32 = {0, 0 ... 2, 2} -- ref = {0, 0 ... 2, 2}
[✅] relu_i64 = {0, 0 ... 2, 2} -- ref = {0, 0 ... 2, 2}
[✅] relu_f16 = {F16 { bits: 45670 }, F16 { bits: 45261 } ... F16 { bits: 15360 }, F16 { bits: 15872 }} -- ref = {F16 { bits: 45670 }, F16 { bits: 45261 } ... F16 { bits: 15360 }, F16 { bits: 15872 }}
[✅] relu_bf16 = {-0.20, -0.15 ... 1.00, 1.50} -- ref = {-0.20, -0.15 ... 1.00, 1.50}
[✅] relu_f8 = {-0.19, -0.16 ... 1.00, 1.50} -- ref = {-0.19, -0.16 ... 1.00, 1.50}
[✅] relu_f32 = {-0.20, -0.15 ... 1.00, 1.50} -- ref = {-0.20, -0.15 ... 1.00, 1.50}
[✅] relu_f64 = {-0.20, -0.15 ... 1.00, 1.50} -- ref = {-0.20, -0.15 ... 1.00, 1.50}
[✅] relu_i4 = {0x00, 0x00, 0x21, 0x22} -- ref = {0x00, 0x00, 0x21, 0x22}
[✅] fill_i8 = {1, 1 ... 1, 1} -- ref = {1, 1 ... 1, 1}
[✅] fill_i16 = {1, 1 ... 1, 1} -- ref = {1, 1 ... 1, 1}
[✅] fill_i32 = {1, 1 ... 1, 1} -- ref = {1, 1 ... 1, 1}
[✅] fill_i64 = {1, 1 ... 1, 1} -- ref = {1, 1 ... 1, 1}
[✅] fill_u8 = {1, 1 ... 1, 1} -- ref = {1, 1 ... 1, 1}
[✅] fill_u16 = {1, 1 ... 1, 1} -- ref = {1, 1 ... 1, 1}
[✅] fill_u32 = {1, 1 ... 1, 1} -- ref = {1, 1 ... 1, 1}
[✅] fill_u64 = {1, 1 ... 1, 1} -- ref = {1, 1 ... 1, 1}
[✅] fill_f16 = {F16 { bits: 15360 }, F16 { bits: 15360 } ... F16 { bits: 15360 }, F16 { bits: 15360 }} -- ref = {F16 { bits: 15360 }, F16 { bits: 15360 } ... F16 { bits: 15360 }, F16 { bits: 15360 }}
[✅] fill_bf16 = {1.00, 1.00 ... 1.00, 1.00} -- ref = {1.00, 1.00 ... 1.00, 1.00}
[✅] fill_f8 = {1.00, 1.00 ... 1.00, 1.00} -- ref = {1.00, 1.00 ... 1.00, 1.00}
[✅] fill_f32 = {1.00, 1.00 ... 1.00, 1.00} -- ref = {1.00, 1.00 ... 1.00, 1.00}
[✅] fill_f64 = {1.00, 1.00 ... 1.00, 1.00} -- ref = {1.00, 1.00 ... 1.00, 1.00}
[✅] fill_bool = {true, true ... true, true} -- ref = {true, true ... true, true}
[✅] fill_bitset = {Bitset { bits: 255 }, Bitset { bits: 255 } ... Bitset { bits: 255 }, Bitset { bits: 255 }} -- ref = {Bitset { bits: 255 }, Bitset { bits: 255 } ... Bitset { bits: 255 }, Bitset { bits: 255 }}
[✅] fill_i4 = {0x11, 0x11, 0x11, 0x11} -- ref = {0x11, 0x11, 0x11, 0x11}
[✅] fill_i2 = {0x55, 0x55} -- ref = {0x55, 0x55}
[✅] fill_i1 = {0x00} -- ref = {0x00}
[✅] fill_u4 = {0x11, 0x11, 0x11, 0x11} -- ref = {0x11, 0x11, 0x11, 0x11}
[✅] fill_u2 = {0x55, 0x55} -- ref = {0x55, 0x55}
[✅] fill_u1 = {0xff} -- ref = {0xff}
[✅] mm_i8 = {0, -3 ... -55, 14} -- ref = {0, -3 ... -55, 14}
[✅] mm_i16 = {0, -3 ... 201, 270} -- ref = {0, -3 ... 201, 270}
[✅] mm_i32 = {0, -3 ... 201, 270} -- ref = {0, -3 ... 201, 270}
[✅] mm_i64 = {0, -3 ... 201, 270} -- ref = {0, -3 ... 201, 270}
[✅] mm_u8 = {18, 21 ... 65, 140} -- ref = {18, 21 ... 65, 140}
[✅] mm_u16 = {18, 21 ... 321, 396} -- ref = {18, 21 ... 321, 396}
[✅] mm_u32 = {18, 21 ... 321, 396} -- ref = {18, 21 ... 321, 396}
[✅] mm_u64 = {18, 21 ... 321, 396} -- ref = {18, 21 ... 321, 396}
[✅] mm_f16 = {F16 { bits: 49376 }, F16 { bits: 49664 } ... F16 { bits: 18608 }, F16 { bits: 19464 }} -- ref = {F16 { bits: 49376 }, F16 { bits: 49664 } ... F16 { bits: 18608 }, F16 { bits: 19464 }}
[✅] mm_f32 = {-2.44, -3.00 ... 9.38, 16.12} -- ref = {-2.44, -3.00 ... 9.38, 16.12}
[✅] mm_f64 = {-2.44, -3.00 ... 9.38, 16.12} -- ref = {-2.44, -3.00 ... 9.38, 16.12}
[✅] mm_bool = {true, false ... false, true} -- ref = {true, false ... false, true}
[✅] mm_bitset = {Bitset { bits: 210 }, Bitset { bits: 252 } ... Bitset { bits: 104 }, Bitset { bits: 4 }} -- ref = {Bitset { bits: 210 }, Bitset { bits: 252 } ... Bitset { bits: 104 }, Bitset { bits: 4 }}
[✅] add_acc_i8 = {-5, -3 ... 7, 9} -- ref = {-5, -3 ... 7, 9}
[✅] add_acc_i16 = {-5, -3 ... 7, 9} -- ref = {-5, -3 ... 7, 9}
[✅] add_acc_i32 = {-5, -3 ... 7, 9} -- ref = {-5, -3 ... 7, 9}
[✅] add_acc_u8 = {1, 3 ... 13, 15} -- ref = {1, 3 ... 13, 15}
[✅] add_acc_u16 = {1, 3 ... 13, 15} -- ref = {1, 3 ... 13, 15}
[✅] add_acc_u32 = {1, 3 ... 13, 15} -- ref = {1, 3 ... 13, 15}
[✅] add_acc_i4 = {-7, -5 ... 10, 3} -- ref = {-7, -5 ... 10, 3}
[✅] add_acc_i2 = {-1, -1 ... -1, -1} -- ref = {-1, -1 ... -1, -1}
[✅] add_acc_i1 = {-1, -1 ... -1, -1} -- ref = {-1, -1 ... -1, -1}
[✅] add_acc_u4 = {1, 3 ... 16, 18} -- ref = {1, 3 ... 16, 18}
[✅] add_acc_u2 = {3, 3 ... 3, 3} -- ref = {3, 3 ... 3, 3}
[✅] add_acc_u1 = {1, 1 ... 1, 1} -- ref = {1, 1 ... 1, 1}
[✅] mul_acc_i8 = {4, 0 ... 10, 18} -- ref = {4, 0 ... 10, 18}
[✅] mul_acc_i16 = {4, 0 ... 10, 18} -- ref = {4, 0 ... 10, 18}
[✅] mul_acc_i32 = {4, 0 ... 10, 18} -- ref = {4, 0 ... 10, 18}
[✅] mul_acc_u8 = {0, 2 ... 42, 56} -- ref = {0, 2 ... 42, 56}
[✅] mul_acc_u16 = {0, 2 ... 42, 56} -- ref = {0, 2 ... 42, 56}
[✅] mul_acc_u32 = {0, 2 ... 42, 56} -- ref = {0, 2 ... 42, 56}
[✅] mul_acc_i4 = {-8, 4 ... 24, -28} -- ref = {-8, 4 ... 24, -28}
[✅] mul_acc_i2 = {-2, 0 ... 0, -2} -- ref = {-2, 0 ... 0, -2}
[✅] mul_acc_i1 = {0, 0 ... 0, 0} -- ref = {0, 0 ... 0, 0}
[✅] mul_acc_u4 = {0, 2 ... 28, 45} -- ref = {0, 2 ... 28, 45}
[✅] mul_acc_u2 = {0, 2 ... 2, 0} -- ref = {0, 2 ... 2, 0}
[✅] mul_acc_u1 = {0, 0 ... 0, 0} -- ref = {0, 0 ... 0, 0}
[✅] abs_acc_i8 = {4, 3 ... 2, 3} -- ref = {4, 3 ... 2, 3}
[✅] abs_acc_i16 = {4, 3 ... 2, 3} -- ref = {4, 3 ... 2, 3}
[✅] abs_acc_i32 = {4, 3 ... 2, 3} -- ref = {4, 3 ... 2, 3}
[✅] abs_acc_i4 = {8, 4 ... 6, 7} -- ref = {8, 4 ... 6, 7}
[✅] abs_acc_i2 = {2, 1 ... 0, 1} -- ref = {2, 1 ... 0, 1}
[✅] abs_acc_i1 = {1, 0 ... 1, 0} -- ref = {1, 0 ... 1, 0}
[✅] mm_acc_i8 = {0, -3 ... 201, 270} -- ref = {0, -3 ... 201, 270}
[✅] mm_acc_i16 = {0, -3 ... 201, 270} -- ref = {0, -3 ... 201, 270}
[✅] mm_acc_i32 = {0, -3 ... 201, 270} -- ref = {0, -3 ... 201, 270}
[✅] mm_acc_u8 = {18, 21 ... 321, 396} -- ref = {18, 21 ... 321, 396}
[✅] mm_acc_u16 = {18, 21 ... 321, 396} -- ref = {18, 21 ... 321, 396}
[✅] mm_acc_u32 = {18, 21 ... 321, 396} -- ref = {18, 21 ... 321, 396}
[✅] in_i8 = {1, 1 ... 1, 1} -- ref = {1, 1 ... 1, 1}
[✅] in_i16 = {1, 1 ... 1, 1} -- ref = {1, 1 ... 1, 1}
[✅] in_i32 = {1, 1 ... 1, 1} -- ref = {1, 1 ... 1, 1}
[✅] in_i64 = {1, 1 ... 1, 1} -- ref = {1, 1 ... 1, 1}
[✅] in_u8 = {1, 1 ... 1, 1} -- ref = {1, 1 ... 1, 1}
[✅] in_u16 = {1, 1 ... 1, 1} -- ref = {1, 1 ... 1, 1}
[✅] in_u32 = {1, 1 ... 1, 1} -- ref = {1, 1 ... 1, 1}
[✅] in_u64 = {1, 1 ... 1, 1} -- ref = {1, 1 ... 1, 1}
[✅] in_f16 = {F16 { bits: 15360 }, F16 { bits: 15360 } ... F16 { bits: 15360 }, F16 { bits: 15360 }} -- ref = {F16 { bits: 15360 }, F16 { bits: 15360 } ... F16 { bits: 15360 }, F16 { bits: 15360 }}
[✅] in_bf16 = {1.00, 1.00 ... 1.00, 1.00} -- ref = {1.00, 1.00 ... 1.00, 1.00}
[✅] in_f8 = {1.00, 1.00 ... 1.00, 1.00} -- ref = {1.00, 1.00 ... 1.00, 1.00}
[✅] in_f32 = {1.00, 1.00 ... 1.00, 1.00} -- ref = {1.00, 1.00 ... 1.00, 1.00}
[✅] in_f64 = {1.00, 1.00 ... 1.00, 1.00} -- ref = {1.00, 1.00 ... 1.00, 1.00}
[✅] in_bool = {true, true ... true, true} -- ref = {true, true ... true, true}
[✅] in_bitset = {Bitset { bits: 1 }, Bitset { bits: 1 } ... Bitset { bits: 1 }, Bitset { bits: 1 }} -- ref = {Bitset { bits: 1 }, Bitset { bits: 1 } ... Bitset { bits: 1 }, Bitset { bits: 1 }}
[✅] in_i4 = {0x11, 0x11, 0x11, 0x11} -- ref = {0x11, 0x11, 0x11, 0x11}
[✅] in_i2 = {0x55, 0x55} -- ref = {0x55, 0x55}
[✅] in_i1 = {0x00} -- ref = {0x00}
[✅] in_u4 = {0x11, 0x11, 0x11, 0x11} -- ref = {0x11, 0x11, 0x11, 0x11}
[✅] in_u2 = {0x55, 0x55} -- ref = {0x55, 0x55}
[✅] in_u1 = {0xff} -- ref = {0xff}
[✅] in_ma_i8 = {0, -3 ... -55, 14} -- ref = {0, -3 ... -55, 14}
[✅] in_ma_i16 = {0, -3 ... 201, 270} -- ref = {0, -3 ... 201, 270}
[✅] in_ma_i32 = {0, -3 ... 201, 270} -- ref = {0, -3 ... 201, 270}
[✅] in_ma_i64 = {0, -3 ... 201, 270} -- ref = {0, -3 ... 201, 270}
[✅] in_ma_u8 = {18, 21 ... 65, 140} -- ref = {18, 21 ... 65, 140}
[✅] in_ma_u16 = {18, 21 ... 321, 396} -- ref = {18, 21 ... 321, 396}
[✅] in_ma_u32 = {18, 21 ... 321, 396} -- ref = {18, 21 ... 321, 396}
[✅] in_ma_u64 = {18, 21 ... 321, 396} -- ref = {18, 21 ... 321, 396}
[✅] in_ma_f16 = {F16 { bits: 49376 }, F16 { bits: 49664 } ... F16 { bits: 18608 }, F16 { bits: 19464 }} -- ref = {F16 { bits: 49376 }, F16 { bits: 49664 } ... F16 { bits: 18608 }, F16 { bits: 19464 }}
[✅] in_ma_f32 = {-2.44, -3.00 ... 9.38, 16.12} -- ref = {-2.44, -3.00 ... 9.38, 16.12}
[✅] in_ma_f64 = {-2.44, -3.00 ... 9.38, 16.12} -- ref = {-2.44, -3.00 ... 9.38, 16.12}
[✅] in_ma_bool = {true, false ... false, true} -- ref = {true, false ... false, true}
[✅] in_ma_bitset = {Bitset { bits: 210 }, Bitset { bits: 252 } ... Bitset { bits: 104 }, Bitset { bits: 4 }} -- ref = {Bitset { bits: 210 }, Bitset { bits: 252 } ... Bitset { bits: 104 }, Bitset { bits: 4 }}
[✅] finite_f16 = {true} -- ref = {true}
[✅] finite_bf16 = {true} -- ref = {true}
[✅] finite_f8 = {true} -- ref = {true}
[✅] finite_f32 = {true} -- ref = {true}
[✅] finite_f64 = {true} -- ref = {true}
ops_accumulate_inplace completed on Cpu

=== Example: ops_matrix ===
==> cargo run --package openinfer --example ops_matrix  -- 
=== i8 ===
[✅] add[0..4] = [-5, -3, -1, 1] -- CPUref: [-5, -3, -1, 1]
[✅] mul[0..4] = [4, 0, -2, -2] -- CPUref: [4, 0, -2, -2]
[✅] abs[0..4] = [4, 3, 2, 1] -- CPUref: [4, 3, 2, 1]
[✅] relu[0..4] = [0, 0, 0, 0] -- CPUref: [0, 0, 0, 0]
[✅] fill[0..4] = [1, 1, 1, 1] -- CPUref: [1, 1, 1, 1]
[✅] mm[0..4] = [-1, -4, -7, -10] -- CPUref: [-1, -4, -7, -10]

=== i16 ===
[✅] add[0..4] = [-5, -3, -1, 1] -- CPUref: [-5, -3, -1, 1]
[✅] mul[0..4] = [4, 0, -2, -2] -- CPUref: [4, 0, -2, -2]
[✅] abs[0..4] = [4, 3, 2, 1] -- CPUref: [4, 3, 2, 1]
[✅] relu[0..4] = [0, 0, 0, 0] -- CPUref: [0, 0, 0, 0]
[✅] fill[0..4] = [1, 1, 1, 1] -- CPUref: [1, 1, 1, 1]
[✅] mm[0..4] = [-1, -4, -7, -10] -- CPUref: [-1, -4, -7, -10]

=== i32 ===
[✅] add[0..4] = [-5, -3, -1, 1] -- CPUref: [-5, -3, -1, 1]
[✅] mul[0..4] = [4, 0, -2, -2] -- CPUref: [4, 0, -2, -2]
[✅] abs[0..4] = [4, 3, 2, 1] -- CPUref: [4, 3, 2, 1]
[✅] relu[0..4] = [0, 0, 0, 0] -- CPUref: [0, 0, 0, 0]
[✅] fill[0..4] = [1, 1, 1, 1] -- CPUref: [1, 1, 1, 1]
[✅] mm[0..4] = [-1, -4, -7, -10] -- CPUref: [-1, -4, -7, -10]

=== i64 ===
[✅] add[0..4] = [-5, -3, -1, 1] -- CPUref: [-5, -3, -1, 1]
[✅] mul[0..4] = [4, 0, -2, -2] -- CPUref: [4, 0, -2, -2]
[✅] abs[0..4] = [4, 3, 2, 1] -- CPUref: [4, 3, 2, 1]
[✅] relu[0..4] = [0, 0, 0, 0] -- CPUref: [0, 0, 0, 0]
[✅] fill[0..4] = [1, 1, 1, 1] -- CPUref: [1, 1, 1, 1]
[✅] mm[0..4] = [-1, -4, -7, -10] -- CPUref: [-1, -4, -7, -10]

=== u8 ===
[✅] add[0..4] = [1, 3, 5, 7] -- CPUref: [1, 3, 5, 7]
[✅] mul[0..4] = [0, 2, 6, 12] -- CPUref: [0, 2, 6, 12]
[✅] fill[0..4] = [1, 1, 1, 1] -- CPUref: [1, 1, 1, 1]
[✅] mm[0..4] = [23, 26, 29, 32] -- CPUref: [23, 26, 29, 32]

=== u16 ===
[✅] add[0..4] = [1, 3, 5, 7] -- CPUref: [1, 3, 5, 7]
[✅] mul[0..4] = [0, 2, 6, 12] -- CPUref: [0, 2, 6, 12]
[✅] fill[0..4] = [1, 1, 1, 1] -- CPUref: [1, 1, 1, 1]
[✅] mm[0..4] = [23, 26, 29, 32] -- CPUref: [23, 26, 29, 32]

=== u32 ===
[✅] add[0..4] = [1, 3, 5, 7] -- CPUref: [1, 3, 5, 7]
[✅] mul[0..4] = [0, 2, 6, 12] -- CPUref: [0, 2, 6, 12]
[✅] fill[0..4] = [1, 1, 1, 1] -- CPUref: [1, 1, 1, 1]
[✅] mm[0..4] = [23, 26, 29, 32] -- CPUref: [23, 26, 29, 32]

=== u64 ===
[✅] add[0..4] = [1, 3, 5, 7] -- CPUref: [1, 3, 5, 7]
[✅] mul[0..4] = [0, 2, 6, 12] -- CPUref: [0, 2, 6, 12]
[✅] fill[0..4] = [1, 1, 1, 1] -- CPUref: [1, 1, 1, 1]
[✅] mm[0..4] = [23, 26, 29, 32] -- CPUref: [23, 26, 29, 32]

=== f16 ===
[✅] add[0..4] = [F16 { bits: 48640 }, F16 { bits: 47104 }, F16 { bits: 14336 }, F16 { bits: 15872 }] -- CPUref: [F16 { bits: 48640 }, F16 { bits: 47104 }, F16 { bits: 14336 }, F16 { bits: 15872 }]
[✅] mul[0..4] = [F16 { bits: 48128 }, F16 { bits: 48640 }, F16 { bits: 48640 }, F16 { bits: 48128 }] -- CPUref: [F16 { bits: 48128 }, F16 { bits: 48640 }, F16 { bits: 48640 }, F16 { bits: 48128 }]
[✅] abs[0..4] = [F16 { bits: 16384 }, F16 { bits: 15872 }, F16 { bits: 15360 }, F16 { bits: 14336 }] -- CPUref: [F16 { bits: 16384 }, F16 { bits: 15872 }, F16 { bits: 15360 }, F16 { bits: 14336 }]
[✅] relu[0..4] = [F16 { bits: 45670 }, F16 { bits: 45261 }, F16 { bits: 44646 }, F16 { bits: 43622 }] -- CPUref: [F16 { bits: 45670 }, F16 { bits: 45261 }, F16 { bits: 44646 }, F16 { bits: 43622 }]
[✅] fill[0..4] = [F16 { bits: 15360 }, F16 { bits: 15360 }, F16 { bits: 15360 }, F16 { bits: 15360 }] -- CPUref: [F16 { bits: 15360 }, F16 { bits: 15360 }, F16 { bits: 15360 }, F16 { bits: 15360 }]
[✅] finite = true -- CPUref: true
[✅] mm[0..4] = [F16 { bits: 49600 }, F16 { bits: 49888 }, F16 { bits: 50176 }, F16 { bits: 50320 }] -- CPUref: [F16 { bits: 49600 }, F16 { bits: 49888 }, F16 { bits: 50176 }, F16 { bits: 50320 }]

=== f32 ===
[✅] add[0..4] = [-1.5, -0.5, 0.5, 1.5] -- CPUref: [-1.5, -0.5, 0.5, 1.5]
[✅] mul[0..4] = [-1.0, -1.5, -1.5, -1.0] -- CPUref: [-1.0, -1.5, -1.5, -1.0]
[✅] abs[0..4] = [2.0, 1.5, 1.0, 0.5] -- CPUref: [2.0, 1.5, 1.0, 0.5]
[✅] relu[0..4] = [-0.2, -0.15, -0.1, -0.05] -- CPUref: [-0.2, -0.15, -0.1, -0.05]
[✅] fill[0..4] = [1.0, 1.0, 1.0, 1.0] -- CPUref: [1.0, 1.0, 1.0, 1.0]
[✅] finite = true -- CPUref: true
[✅] mm[0..4] = [-2.875, -3.4375, -4.0, -4.5625] -- CPUref: [-2.875, -3.4375, -4.0, -4.5625]

=== f64 ===
[✅] add[0..4] = [-1.5, -0.5, 0.5, 1.5] -- CPUref: [-1.5, -0.5, 0.5, 1.5]
[✅] mul[0..4] = [-1.0, -1.5, -1.5, -1.0] -- CPUref: [-1.0, -1.5, -1.5, -1.0]
[✅] abs[0..4] = [2.0, 1.5, 1.0, 0.5] -- CPUref: [2.0, 1.5, 1.0, 0.5]
[✅] relu[0..4] = [-0.20000000298023224, -0.15000000223517418, -0.10000000149011612, -0.05000000074505806] -- CPUref: [-0.20000000298023224, -0.15000000223517418, -0.10000000149011612, -0.05000000074505806]
[✅] fill[0..4] = [1.0, 1.0, 1.0, 1.0] -- CPUref: [1.0, 1.0, 1.0, 1.0]
[✅] finite = true -- CPUref: true
[✅] mm[0..4] = [-2.875, -3.4375, -4.0, -4.5625] -- CPUref: [-2.875, -3.4375, -4.0, -4.5625]

=== bool ===
[✅] add[0..4] = [true, false, true, true] -- CPUref: [true, false, true, true]
[✅] mul[0..4] = [true, false, false, false] -- CPUref: [true, false, false, false]
[✅] fill[0..4] = [true, true, true, true] -- CPUref: [true, true, true, true]
[✅] mm[0..4] = [true, true, false, true] -- CPUref: [true, true, false, true]

=== bitset ===
[✅] add[0..4] = [Bitset { bits: 0 }, Bitset { bits: 8 }, Bitset { bits: 16 }, Bitset { bits: 24 }] -- CPUref: [Bitset { bits: 0 }, Bitset { bits: 8 }, Bitset { bits: 16 }, Bitset { bits: 24 }]
[✅] mul[0..4] = [Bitset { bits: 0 }, Bitset { bits: 15 }, Bitset { bits: 60 }, Bitset { bits: 135 }] -- CPUref: [Bitset { bits: 0 }, Bitset { bits: 15 }, Bitset { bits: 60 }, Bitset { bits: 135 }]
[✅] fill[0..4] = [Bitset { bits: 255 }, Bitset { bits: 255 }, Bitset { bits: 255 }, Bitset { bits: 255 }] -- CPUref: [Bitset { bits: 255 }, Bitset { bits: 255 }, Bitset { bits: 255 }, Bitset { bits: 255 }]
[✅] mm[0..4] = [Bitset { bits: 24 }, Bitset { bits: 66 }, Bitset { bits: 108 }, Bitset { bits: 150 }] -- CPUref: [Bitset { bits: 24 }, Bitset { bits: 66 }, Bitset { bits: 108 }, Bitset { bits: 150 }]

ops_matrix completed

=== Example: prefix_table ===
==> cargo run --package openinfer --example prefix_table  -- 
0 ff463629-2bc2-4650-bf4a-c0b7e3cf67cc [entry] -- op add(x,W[0]) >> y -- (0ms 0us 0ns)
1 c709e8c9-b59b-453f-a938-e54e062ec8eb [entry] -- op add(y,W[1]) >> y -- (0ms 0us 0ns)
2 1bfbaea1-6f59-494c-b1ec-fb1eab684b50 [entry] -- op add(y,W[2]) >> y -- (0ms 0us 0ns)
3 db9ef663-48a3-428d-ac90-82ccfb2c9783 [entry] -- op add(y,W[3]) >> y -- (0ms 0us 0ns)
4 1731875f-46b6-4726-af85-5d0055e7b1a9 [entry] -- op add(y,W[4]) >> y -- (0ms 0us 0ns)
5 958598e9-a516-4be8-8c07-9498bc619a5f [entry] -- op add(y,W[5]) >> y -- (0ms 0us 0ns)
6 7801151e-69db-4451-ab66-2ff99829958e [entry] -- op add(y,W[6]) >> y -- (0ms 0us 0ns)
7 c4b36fe0-a5e7-410e-bb0a-bf2355d61198 [entry] -- op add(y,W[7]) >> y -- (0ms 0us 0ns)
8 04bf6d26-d159-46bd-8316-85cbebf44a5b [entry] -- op add(y,W[8]) >> y -- (0ms 0us 0ns)
9 787fe153-98fa-4a4e-a6e5-c7234223cfeb [entry] -- op add(y,W[9]) >> y -- (0ms 0us 0ns)
10 7c0d0197-e226-40da-a5e7-410d2b9263e7 [entry] -- op add(y,W[10]) >> y -- (0ms 0us 0ns)
11 e284f066-fab1-4565-8065-372de8d3cbc7 [entry] -- op add(y,QKV[0, 0]) >> y -- (0ms 0us 0ns)
12 ef24b265-3ec1-4a7d-b0a1-a9580f5d3a7f [entry] -- op add(y,QKV[1, 2]) >> y -- (0ms 0us 0ns)
13 59e27771-297d-486e-9bc9-43aaab8e69d9 [entry] -- return
y[0..8] = [5.516369, -4.764134, 7.4285374, 1.0918117, -1.9848148, 1.5925673, 2.024328, -2.8601072]

=== Example: reference ===
==> cargo run --package openinfer --example reference  -- 
out[0..8] = [-0.05902803, -2.334038, -0.88252354, -0.32670987, -2.3555837, -1.8749657, 0.62715816, 0.058831856]

=== Example: relu ===
==> cargo run --package openinfer --example relu  -- 
relu settings: negative_slope=0.1, clamp_max=6
y[0..100] = [1.8087559, 1.3866806, 0.33173323, 1.6407619, 1.8560529, -0.28449327, 1.0288668, 0.504956, 2.2237687, -0.14269765, -0.22630219, 1.6319218, -0.25778076, -0.16878188, 1.7343187, 1.7622814, 0.7043607, 1.4960308, 0.1809287, 2.8136268, 2.0998993, 2.9779043, -0.1305167, -0.21637416, -0.27227134, -0.23228101, 2.9434233, 2.7890148, -0.1764123, -0.27036002, -0.041639637, -0.04457877, 0.91124296, -0.023652172, -0.18529692, 2.5455766, 2.9726543, -0.16377567, -0.06218157, 0.355994, 1.1154256, -0.20676656, 1.3259244, 2.012998, -0.021246552, -0.17725495, -0.2545968, 0.01877594, 2.282072, 0.8264966, 1.4845295, -0.012690306, -0.09335108, 2.256463, 1.76158, 2.2239628, 1.3917851, -0.26206112, 2.5514503, 2.9213443, -0.20307016, -0.1699215, -0.037825037, 2.8623204, -0.12176698, 2.5046635, -0.06706577, 1.063221, -0.07252431, -0.290985, 1.9118886, -0.25846705, 2.1355586, 0.70892763, 1.2049804, 0.6826155, 1.0299454, 1.7114267, -0.105031334, 0.995332, 2.1877937, -0.24935618, 1.8969593, -0.24962132, 2.7286143, 0.11227131, 2.1660914, 1.5176282, -0.14764471, 2.2066464, -0.20054439, -0.24743715, -0.15855315, -0.08932676, 2.3872929, -0.18758875, 2.310967, 0.13465309, 0.73882604, 2.8600612]

=== Example: serialize ===
==> cargo run --package openinfer --example serialize  -- 

=== Example: trace_example ===
==> cargo run --package openinfer --example trace_example  -- 
0 621839ae-5e48-4835-a341-fe206f78609e [entry] -- assign t0
1 2b5e23dc-a5a0-4608-b5ca-080562a2a777 [entry] -- op add(x,a) >> t0 -- (0ms 30us 362ns)
2 de05d7b1-cbdd-47ac-a334-98fe8b88c119 [entry] -- op mul(y,t0) >> y -- (0ms 28us 646ns)
3 e8f18168-8910-4574-b26b-0e0da216dd9d [entry] -- return

=== Example: yield ===
==> cargo run --package openinfer --example yield  -- 
0 629907b6-091f-46da-b2ea-be758c6174b4 [entry] -- op matmul(x,w) >> h -- (183ms 61us 94ns)
1 ea8e158f-0928-437b-b5cb-a4c363081189 [entry] -- yield x
8 9528fd46-d4ec-4cd1-a26c-a76a5bde1985 [reader] -- await x
2 c165d679-b69e-4025-82fc-e69d18844b49 [entry] -- op relu(h) >> h -- (0ms 88us 761ns)
5 ba43e648-0c95-4cdf-ad64-e71ac6f74d5d [writer] -- await x
9 3f47f6c1-754e-489f-a22c-f749e96e4014 [reader] -- op relu(x) >> h2 -- (0ms 144us 208ns)
10 425767ee-f9ce-408a-af2c-bc678a45bb62 [reader] -- yield x
6 3a4e62a3-f69a-4436-b543-8fd0b65e16c0 [writer] -- op add(x,bias) >> x -- (0ms 80us 307ns)
7 b82f32d5-8438-45e3-9e46-553c14fa7cbb [writer] -- yield x
3 982dc585-32b6-4b49-badd-01741499b021 [entry] -- await x
4 569ae720-4172-48a5-b85a-ecb28f4d4ed4 [entry] -- return
x[0..8] = [0.600452, 0.45852458, 0.11033394, 0.53058904, 0.6259034, -0.9439832, 0.3392783, 0.18437307]

All Rust examples completed successfully.
