Running Rust examples (24)...
=== Example: accumulate_packed ===
==> cargo run --package openinfer --example accumulate_packed --features avx,avx2,vulkan -- --target cpu
04:34:43 [0m[34m[INFO] [0madd_i8_i16: i16 [-3, -1, 1, 2, 0, 0, 3, 5]
04:34:43 [0m[34m[INFO] [0madd_i16_i32: i32 [-3, -1, 1, 2, 0, 0, 3, 5]
04:34:43 [0m[34m[INFO] [0madd_i32_i64: i64 [-3, -1, 1, 2, 0, 0, 3, 5]
04:34:43 [0m[34m[INFO] [0madd_u8_u16: u16 [1, 1, 4, 4, 4, 7, 7, 7]
04:34:43 [0m[34m[INFO] [0madd_u16_u32: u32 [1, 1, 4, 4, 4, 7, 7, 7]
04:34:43 [0m[34m[INFO] [0madd_u32_u64: u64 [1, 1, 4, 4, 4, 7, 7, 7]
04:34:43 [0m[34m[INFO] [0madd_i4_i8: i8 [-7, -5, 1, -2, 4, 0, 10, 3]
04:34:43 [0m[34m[INFO] [0madd_i2_i8: i8 [-1, -1, -1, -1, -1, -1, -1, -1]
04:34:43 [0m[34m[INFO] [0madd_i1_i8: i8 [-1, -1, -1, -1, -1, -1, -1, -1]
04:34:43 [0m[34m[INFO] [0madd_u4_u8: u8 [1, 3, 5, 7, 4, 6, 16, 18]
04:34:43 [0m[34m[INFO] [0madd_u2_u8: u8 [3, 3, 3, 3, 3, 3, 3, 3]
04:34:43 [0m[34m[INFO] [0madd_u1_u8: u8 [1, 1, 1, 1, 1, 1, 1, 1]
04:34:43 [0m[34m[INFO] [0mmul_i8_i16: i16 [-4, -2, -2, 0, -1, -4, 0, 4]
04:34:43 [0m[34m[INFO] [0mmul_i16_i32: i32 [-4, -2, -2, 0, -1, -4, 0, 4]
04:34:43 [0m[34m[INFO] [0mmul_i32_i64: i64 [-4, -2, -2, 0, -1, -4, 0, 4]
04:34:43 [0m[34m[INFO] [0mmul_u8_u16: u16 [0, 0, 4, 3, 0, 10, 6, 0]
04:34:43 [0m[34m[INFO] [0mmul_u16_u32: u32 [0, 0, 4, 3, 0, 10, 6, 0]
04:34:43 [0m[34m[INFO] [0mmul_u32_u64: u64 [0, 0, 4, 3, 0, 10, 6, 0]
04:34:43 [0m[34m[INFO] [0mmul_i4_i8: i8 [-8, 4, -2, 0, 3, -9, 24, -28]
04:34:43 [0m[34m[INFO] [0mmul_i2_i8: i8 [-2, 0, 0, -2, -2, 0, 0, -2]
04:34:43 [0m[34m[INFO] [0mmul_i1_i8: i8 [0, 0, 0, 0, 0, 0, 0, 0]
04:34:43 [0m[34m[INFO] [0mmul_u4_u8: u8 [0, 2, 6, 12, 0, 5, 28, 45]
04:34:43 [0m[34m[INFO] [0mmul_u2_u8: u8 [0, 2, 2, 0, 0, 2, 2, 0]
04:34:43 [0m[34m[INFO] [0mmul_u1_u8: u8 [0, 0, 0, 0, 0, 0, 0, 0]
04:34:43 [0m[34m[INFO] [0mabs_i8_i16: i16 [4, 2, 1, 0, 1, 2, 3, 4]
04:34:43 [0m[34m[INFO] [0mabs_i16_i32: i32 [4, 2, 1, 0, 1, 2, 3, 4]
04:34:43 [0m[34m[INFO] [0mabs_i32_i64: i64 [4, 2, 1, 0, 1, 2, 3, 4]
04:34:43 [0m[34m[INFO] [0mabs_i4_i8: i8 [8, 4, 1, 0, 1, 3, 6, 7]
04:34:43 [0m[34m[INFO] [0mabs_i2_i8: i8 [2, 1, 0, 1, 2, 1, 0, 1]
04:34:43 [0m[34m[INFO] [0mabs_i1_i8: i8 [1, 0, 1, 0, 1, 0, 1, 0]

==> cargo run --package openinfer --example accumulate_packed --features avx,avx2,vulkan -- --target avx
04:34:44 [0m[34m[INFO] [0madd_i8_i16: i16 [-3, -1, 1, 2, 0, 0, 3, 5]
04:34:44 [0m[34m[INFO] [0madd_i16_i32: i32 [-3, -1, 1, 2, 0, 0, 3, 5]
04:34:44 [0m[34m[INFO] [0madd_i32_i64: i64 [-3, -1, 1, 2, 0, 0, 3, 5]
04:34:44 [0m[34m[INFO] [0madd_u8_u16: u16 [1, 1, 4, 4, 4, 7, 7, 7]
04:34:44 [0m[34m[INFO] [0madd_u16_u32: u32 [1, 1, 4, 4, 4, 7, 7, 7]
04:34:44 [0m[34m[INFO] [0madd_u32_u64: u64 [1, 1, 4, 4, 4, 7, 7, 7]
04:34:44 [0m[34m[INFO] [0madd_i4_i8: i8 [-7, -5, 1, -2, 4, 0, 10, 3]
04:34:44 [0m[34m[INFO] [0madd_i2_i8: i8 [-1, -1, -1, -1, -1, -1, -1, -1]
04:34:44 [0m[34m[INFO] [0madd_i1_i8: i8 [-1, -1, -1, -1, -1, -1, -1, -1]
04:34:44 [0m[34m[INFO] [0madd_u4_u8: u8 [1, 3, 5, 7, 4, 6, 16, 18]
04:34:44 [0m[34m[INFO] [0madd_u2_u8: u8 [3, 3, 3, 3, 3, 3, 3, 3]
04:34:44 [0m[34m[INFO] [0madd_u1_u8: u8 [1, 1, 1, 1, 1, 1, 1, 1]
04:34:44 [0m[34m[INFO] [0mmul_i8_i16: i16 [-4, -2, -2, 0, -1, -4, 0, 4]
04:34:44 [0m[34m[INFO] [0mmul_i16_i32: i32 [-4, -2, -2, 0, -1, -4, 0, 4]
04:34:44 [0m[34m[INFO] [0mmul_i32_i64: i64 [-4, -2, -2, 0, -1, -4, 0, 4]
04:34:44 [0m[34m[INFO] [0mmul_u8_u16: u16 [0, 0, 4, 3, 0, 10, 6, 0]
04:34:44 [0m[34m[INFO] [0mmul_u16_u32: u32 [0, 0, 4, 3, 0, 10, 6, 0]
04:34:44 [0m[34m[INFO] [0mmul_u32_u64: u64 [0, 0, 4, 3, 0, 10, 6, 0]
04:34:44 [0m[34m[INFO] [0mmul_i4_i8: i8 [-8, 4, -2, 0, 3, -9, 24, -28]
04:34:44 [0m[34m[INFO] [0mmul_i2_i8: i8 [-2, 0, 0, -2, -2, 0, 0, -2]
04:34:44 [0m[34m[INFO] [0mmul_i1_i8: i8 [0, 0, 0, 0, 0, 0, 0, 0]
04:34:44 [0m[34m[INFO] [0mmul_u4_u8: u8 [0, 2, 6, 12, 0, 5, 28, 45]
04:34:44 [0m[34m[INFO] [0mmul_u2_u8: u8 [0, 2, 2, 0, 0, 2, 2, 0]
04:34:44 [0m[34m[INFO] [0mmul_u1_u8: u8 [0, 0, 0, 0, 0, 0, 0, 0]
04:34:44 [0m[34m[INFO] [0mabs_i8_i16: i16 [4, 2, 1, 0, 1, 2, 3, 4]
04:34:44 [0m[34m[INFO] [0mabs_i16_i32: i32 [4, 2, 1, 0, 1, 2, 3, 4]
04:34:44 [0m[34m[INFO] [0mabs_i32_i64: i64 [4, 2, 1, 0, 1, 2, 3, 4]
04:34:44 [0m[34m[INFO] [0mabs_i4_i8: i8 [8, 4, 1, 0, 1, 3, 6, 7]
04:34:44 [0m[34m[INFO] [0mabs_i2_i8: i8 [2, 1, 0, 1, 2, 1, 0, 1]
04:34:44 [0m[34m[INFO] [0mabs_i1_i8: i8 [1, 0, 1, 0, 1, 0, 1, 0]

==> cargo run --package openinfer --example accumulate_packed --features avx,avx2,vulkan -- --target avx2
04:34:44 [0m[34m[INFO] [0madd_i8_i16: i16 [-3, -1, 1, 2, 0, 0, 3, 5]
04:34:44 [0m[34m[INFO] [0madd_i16_i32: i32 [-3, -1, 1, 2, 0, 0, 3, 5]
04:34:44 [0m[34m[INFO] [0madd_i32_i64: i64 [-3, -1, 1, 2, 0, 0, 3, 5]
04:34:44 [0m[34m[INFO] [0madd_u8_u16: u16 [1, 1, 4, 4, 4, 7, 7, 7]
04:34:44 [0m[34m[INFO] [0madd_u16_u32: u32 [1, 1, 4, 4, 4, 7, 7, 7]
04:34:44 [0m[34m[INFO] [0madd_u32_u64: u64 [1, 1, 4, 4, 4, 7, 7, 7]
04:34:44 [0m[34m[INFO] [0madd_i4_i8: i8 [-7, -5, 1, -2, 4, 0, 10, 3]
04:34:44 [0m[34m[INFO] [0madd_i2_i8: i8 [-1, -1, -1, -1, -1, -1, -1, -1]
04:34:44 [0m[34m[INFO] [0madd_i1_i8: i8 [-1, -1, -1, -1, -1, -1, -1, -1]
04:34:44 [0m[34m[INFO] [0madd_u4_u8: u8 [1, 3, 5, 7, 4, 6, 16, 18]
04:34:44 [0m[34m[INFO] [0madd_u2_u8: u8 [3, 3, 3, 3, 3, 3, 3, 3]
04:34:44 [0m[34m[INFO] [0madd_u1_u8: u8 [1, 1, 1, 1, 1, 1, 1, 1]
04:34:44 [0m[34m[INFO] [0mmul_i8_i16: i16 [-4, -2, -2, 0, -1, -4, 0, 4]
04:34:44 [0m[34m[INFO] [0mmul_i16_i32: i32 [-4, -2, -2, 0, -1, -4, 0, 4]
04:34:44 [0m[34m[INFO] [0mmul_i32_i64: i64 [-4, -2, -2, 0, -1, -4, 0, 4]
04:34:44 [0m[34m[INFO] [0mmul_u8_u16: u16 [0, 0, 4, 3, 0, 10, 6, 0]
04:34:44 [0m[34m[INFO] [0mmul_u16_u32: u32 [0, 0, 4, 3, 0, 10, 6, 0]
04:34:44 [0m[34m[INFO] [0mmul_u32_u64: u64 [0, 0, 4, 3, 0, 10, 6, 0]
04:34:44 [0m[34m[INFO] [0mmul_i4_i8: i8 [-8, 4, -2, 0, 3, -9, 24, -28]
04:34:44 [0m[34m[INFO] [0mmul_i2_i8: i8 [-2, 0, 0, -2, -2, 0, 0, -2]
04:34:44 [0m[34m[INFO] [0mmul_i1_i8: i8 [0, 0, 0, 0, 0, 0, 0, 0]
04:34:44 [0m[34m[INFO] [0mmul_u4_u8: u8 [0, 2, 6, 12, 0, 5, 28, 45]
04:34:44 [0m[34m[INFO] [0mmul_u2_u8: u8 [0, 2, 2, 0, 0, 2, 2, 0]
04:34:44 [0m[34m[INFO] [0mmul_u1_u8: u8 [0, 0, 0, 0, 0, 0, 0, 0]
04:34:44 [0m[34m[INFO] [0mabs_i8_i16: i16 [4, 2, 1, 0, 1, 2, 3, 4]
04:34:44 [0m[34m[INFO] [0mabs_i16_i32: i32 [4, 2, 1, 0, 1, 2, 3, 4]
04:34:44 [0m[34m[INFO] [0mabs_i32_i64: i64 [4, 2, 1, 0, 1, 2, 3, 4]
04:34:44 [0m[34m[INFO] [0mabs_i4_i8: i8 [8, 4, 1, 0, 1, 3, 6, 7]
04:34:44 [0m[34m[INFO] [0mabs_i2_i8: i8 [2, 1, 0, 1, 2, 1, 0, 1]
04:34:44 [0m[34m[INFO] [0mabs_i1_i8: i8 [1, 0, 1, 0, 1, 0, 1, 0]

==> cargo run --package openinfer --example accumulate_packed --features avx,avx2,vulkan -- --target vulkan
04:34:44 [0m[34m[INFO] [0madd_i8_i16: i16 [-3, -1, 1, 2, 0, 0, 3, 5]
04:34:44 [0m[34m[INFO] [0madd_i16_i32: i32 [-3, -1, 1, 2, 0, 0, 3, 5]
04:34:44 [0m[34m[INFO] [0madd_i32_i64: i64 [-3, -1, 1, 2, 0, 0, 3, 5]
04:34:44 [0m[34m[INFO] [0madd_u8_u16: u16 [1, 1, 4, 4, 4, 7, 7, 7]
04:34:44 [0m[34m[INFO] [0madd_u16_u32: u32 [1, 1, 4, 4, 4, 7, 7, 7]
04:34:44 [0m[34m[INFO] [0madd_u32_u64: u64 [1, 1, 4, 4, 4, 7, 7, 7]
04:34:44 [0m[34m[INFO] [0madd_i4_i8: i8 [-7, -5, 1, -2, 4, 0, 10, 3]
04:34:44 [0m[34m[INFO] [0madd_i2_i8: i8 [-1, -1, -1, -1, -1, -1, -1, -1]
04:34:44 [0m[34m[INFO] [0madd_i1_i8: i8 [-1, -1, -1, -1, -1, -1, -1, -1]
04:34:44 [0m[34m[INFO] [0madd_u4_u8: u8 [1, 3, 5, 7, 4, 6, 16, 18]
04:34:44 [0m[34m[INFO] [0madd_u2_u8: u8 [3, 3, 3, 3, 3, 3, 3, 3]
04:34:44 [0m[34m[INFO] [0madd_u1_u8: u8 [1, 1, 1, 1, 1, 1, 1, 1]
04:34:44 [0m[34m[INFO] [0mmul_i8_i16: i16 [-4, -2, -2, 0, -1, -4, 0, 4]
04:34:44 [0m[34m[INFO] [0mmul_i16_i32: i32 [-4, -2, -2, 0, -1, -4, 0, 4]
04:34:44 [0m[34m[INFO] [0mmul_i32_i64: i64 [-4, -2, -2, 0, -1, -4, 0, 4]
04:34:44 [0m[34m[INFO] [0mmul_u8_u16: u16 [0, 0, 4, 3, 0, 10, 6, 0]
04:34:44 [0m[34m[INFO] [0mmul_u16_u32: u32 [0, 0, 4, 3, 0, 10, 6, 0]
04:34:44 [0m[34m[INFO] [0mmul_u32_u64: u64 [0, 0, 4, 3, 0, 10, 6, 0]
04:34:44 [0m[34m[INFO] [0mmul_i4_i8: i8 [-8, 4, -2, 0, 3, -9, 24, -28]
04:34:44 [0m[34m[INFO] [0mmul_i2_i8: i8 [-2, 0, 0, -2, -2, 0, 0, -2]
04:34:44 [0m[34m[INFO] [0mmul_i1_i8: i8 [0, 0, 0, 0, 0, 0, 0, 0]
04:34:44 [0m[34m[INFO] [0mmul_u4_u8: u8 [0, 2, 6, 12, 0, 5, 28, 45]
04:34:44 [0m[34m[INFO] [0mmul_u2_u8: u8 [0, 2, 2, 0, 0, 2, 2, 0]
04:34:44 [0m[34m[INFO] [0mmul_u1_u8: u8 [0, 0, 0, 0, 0, 0, 0, 0]
04:34:44 [0m[34m[INFO] [0mabs_i8_i16: i16 [4, 2, 1, 0, 1, 2, 3, 4]
04:34:44 [0m[34m[INFO] [0mabs_i16_i32: i32 [4, 2, 1, 0, 1, 2, 3, 4]
04:34:44 [0m[34m[INFO] [0mabs_i32_i64: i64 [4, 2, 1, 0, 1, 2, 3, 4]
04:34:44 [0m[34m[INFO] [0mabs_i4_i8: i8 [8, 4, 1, 0, 1, 3, 6, 7]
04:34:44 [0m[34m[INFO] [0mabs_i2_i8: i8 [2, 1, 0, 1, 2, 1, 0, 1]
04:34:44 [0m[34m[INFO] [0mabs_i1_i8: i8 [1, 0, 1, 0, 1, 0, 1, 0]

=== Example: branching_bad ===
==> cargo run --package openinfer --example branching_bad --features avx,avx2,vulkan -- --target cpu
04:34:45 [0m[34m[INFO] [0m0 cc259caf-789c-4c13-b4b3-62140e0c3e2a [entry] -- op matmul(x,w) >> h -- (293ms 3us 59ns)
04:34:45 [0m[34m[INFO] [0m1 c8ef60a6-35b8-44c8-b2ec-e06ce8effd3e [entry] -- op is_finite(h) >> cond -- (0ms 4us 113ns)
04:34:45 [0m[34m[INFO] [0m7 8f798074-56df-40b4-aebe-f8803217ac47 [bad] -- op fill(h) >> h -- (0ms 425us 516ns)
04:34:45 [0m[34m[INFO] [0m8 ab15693c-1201-4e83-9867-d3fd62589eab [bad] -- return
04:34:45 [0m[34m[INFO] [0m9 c285c95f-30a4-4637-b126-c22dc541c542 [algorithm] -- op add(h,x) >> h -- (2ms 747us 623ns)
04:34:45 [0m[34m[INFO] [0m10 e9d59f9b-c36d-48de-a11f-34c595635f2f [algorithm] -- return
04:34:45 [0m[34m[INFO] [0m4 1ffc398b-cc3c-4a14-9149-836ba6906ab1 [entry] -- return
04:34:45 [0m[34m[INFO] [0mbranch condition: false
04:34:45 [0m[34m[INFO] [0mh[0..100] = [NaN, -1.6191635, 1.9223928, -0.5900496, -1.4298182, -1.2646194, 0.81199145, -0.29402804, 0.40900683, -1.0378484, -1.3911409, -0.3824942, -0.39965796, -0.5789803, 1.9948573, 0.57005286, -1.9125714, -0.07803035, -0.7567271, 1.8490815, 0.12245965, 0.08744073, -0.049154043, 0.1809628, 1.7674994, 1.7445683, -1.5426888, 1.6718054, 1.310194, -1.372572, 0.15709949, 0.45003772, 0.37553525, 1.013504, -1.0684189, 0.7961166, -0.7092413, 1.6136756, 1.8817787, -0.71331155, 0.50361085, 0.3119042, -0.9204968, 1.575788, -1.4955177, -1.25213, 1.9723754, -1.0020918, -1.9858856, 1.2910538, 1.080719, 1.0460563, 1.1128011, 0.992995, 0.743531, 0.39066052, -0.26690888, -1.9280562, 1.7468729, -0.2523806, -1.3370771, 1.6038256, 1.7167454, 1.2041135, 1.220151, -0.016360521, -0.579975, 0.8463018, -0.5428113, 1.3154616, 1.7843723, -1.3906889, -1.0405134, 1.357729, -1.5992846, 0.31235576, -1.147106, -1.2236832, -1.094735, 0.92385936, 0.67897296, -1.4407067, -0.95826185, 1.569963, 1.6063905, 1.6889081, 0.8055761, 1.8530431, -0.5621623, 0.15377927, 0.73950124, 1.6642103, 1.7946639, -0.29309535, 1.7243066, 0.33243966, -0.64327705, 0.7116773, 1.7865682, 1.7103577]

==> cargo run --package openinfer --example branching_bad --features avx,avx2,vulkan -- --target avx
04:34:46 [0m[34m[INFO] [0m0 7c38e2b3-5fdd-4b27-b703-a4524d2d81e3 [entry] -- op matmul(x,w) >> h -- (288ms 957us 10ns)
04:34:46 [0m[34m[INFO] [0m1 3c6cac3e-a2bb-4c6a-a55c-30652b6cf157 [entry] -- op is_finite(h) >> cond -- (0ms 1us 959ns)
04:34:46 [0m[34m[INFO] [0m7 367ce984-dc27-4d28-8db4-c8a9320c4f8a [bad] -- op fill(h) >> h -- (0ms 522us 919ns)
04:34:46 [0m[34m[INFO] [0m8 7422aa25-c60a-4c64-9b3a-ba1155b8d871 [bad] -- return
04:34:46 [0m[34m[INFO] [0m9 e9662b5d-2682-474a-b1af-2db6c23e3505 [algorithm] -- op add(h,x) >> h -- (0ms 718us 611ns)
04:34:46 [0m[34m[INFO] [0m10 49a2762f-730d-467f-82cc-f51250b655ad [algorithm] -- return
04:34:46 [0m[34m[INFO] [0m4 f0bcc039-a498-40f4-87bc-5332545d8b52 [entry] -- return
04:34:46 [0m[34m[INFO] [0mbranch condition: false
04:34:46 [0m[34m[INFO] [0mh[0..100] = [NaN, -1.6191635, 1.9223928, -0.5900496, -1.4298182, -1.2646194, 0.81199145, -0.29402804, 0.40900683, -1.0378484, -1.3911409, -0.3824942, -0.39965796, -0.5789803, 1.9948573, 0.57005286, -1.9125714, -0.07803035, -0.7567271, 1.8490815, 0.12245965, 0.08744073, -0.049154043, 0.1809628, 1.7674994, 1.7445683, -1.5426888, 1.6718054, 1.310194, -1.372572, 0.15709949, 0.45003772, 0.37553525, 1.013504, -1.0684189, 0.7961166, -0.7092413, 1.6136756, 1.8817787, -0.71331155, 0.50361085, 0.3119042, -0.9204968, 1.575788, -1.4955177, -1.25213, 1.9723754, -1.0020918, -1.9858856, 1.2910538, 1.080719, 1.0460563, 1.1128011, 0.992995, 0.743531, 0.39066052, -0.26690888, -1.9280562, 1.7468729, -0.2523806, -1.3370771, 1.6038256, 1.7167454, 1.2041135, 1.220151, -0.016360521, -0.579975, 0.8463018, -0.5428113, 1.3154616, 1.7843723, -1.3906889, -1.0405134, 1.357729, -1.5992846, 0.31235576, -1.147106, -1.2236832, -1.094735, 0.92385936, 0.67897296, -1.4407067, -0.95826185, 1.569963, 1.6063905, 1.6889081, 0.8055761, 1.8530431, -0.5621623, 0.15377927, 0.73950124, 1.6642103, 1.7946639, -0.29309535, 1.7243066, 0.33243966, -0.64327705, 0.7116773, 1.7865682, 1.7103577]

==> cargo run --package openinfer --example branching_bad --features avx,avx2,vulkan -- --target avx2
04:34:47 [0m[34m[INFO] [0m0 9b2fda37-f078-4ef3-8882-680d5ab1ccd8 [entry] -- op matmul(x,w) >> h -- (332ms 234us 587ns)
04:34:47 [0m[34m[INFO] [0m1 7c810c7e-f59f-4a67-ad43-5af3908d56c4 [entry] -- op is_finite(h) >> cond -- (0ms 1us 478ns)
04:34:47 [0m[34m[INFO] [0m7 20ebe3a9-5163-4ee5-887d-ff230d704bef [bad] -- op fill(h) >> h -- (0ms 460us 211ns)
04:34:47 [0m[34m[INFO] [0m8 289dab25-a195-4ca5-b85e-3255c978df4f [bad] -- return
04:34:47 [0m[34m[INFO] [0m9 2d9adcbf-9106-457e-8206-ff70b128b4f0 [algorithm] -- op add(h,x) >> h -- (0ms 681us 821ns)
04:34:47 [0m[34m[INFO] [0m10 23f0bdec-97c4-42c3-a482-911e19cb23d9 [algorithm] -- return
04:34:47 [0m[34m[INFO] [0m4 1f8ae021-4bdb-42f0-850f-11ab1da674e7 [entry] -- return
04:34:47 [0m[34m[INFO] [0mbranch condition: false
04:34:47 [0m[34m[INFO] [0mh[0..100] = [NaN, -1.6191635, 1.9223928, -0.5900496, -1.4298182, -1.2646194, 0.81199145, -0.29402804, 0.40900683, -1.0378484, -1.3911409, -0.3824942, -0.39965796, -0.5789803, 1.9948573, 0.57005286, -1.9125714, -0.07803035, -0.7567271, 1.8490815, 0.12245965, 0.08744073, -0.049154043, 0.1809628, 1.7674994, 1.7445683, -1.5426888, 1.6718054, 1.310194, -1.372572, 0.15709949, 0.45003772, 0.37553525, 1.013504, -1.0684189, 0.7961166, -0.7092413, 1.6136756, 1.8817787, -0.71331155, 0.50361085, 0.3119042, -0.9204968, 1.575788, -1.4955177, -1.25213, 1.9723754, -1.0020918, -1.9858856, 1.2910538, 1.080719, 1.0460563, 1.1128011, 0.992995, 0.743531, 0.39066052, -0.26690888, -1.9280562, 1.7468729, -0.2523806, -1.3370771, 1.6038256, 1.7167454, 1.2041135, 1.220151, -0.016360521, -0.579975, 0.8463018, -0.5428113, 1.3154616, 1.7843723, -1.3906889, -1.0405134, 1.357729, -1.5992846, 0.31235576, -1.147106, -1.2236832, -1.094735, 0.92385936, 0.67897296, -1.4407067, -0.95826185, 1.569963, 1.6063905, 1.6889081, 0.8055761, 1.8530431, -0.5621623, 0.15377927, 0.73950124, 1.6642103, 1.7946639, -0.29309535, 1.7243066, 0.33243966, -0.64327705, 0.7116773, 1.7865682, 1.7103577]

==> cargo run --package openinfer --example branching_bad --features avx,avx2,vulkan -- --target vulkan
04:34:47 [0m[34m[INFO] [0m0 41556491-e33b-47d7-b6f7-7465bc1d92fd [entry] -- op matmul(x,w) >> h -- (1ms 550us 989ns)
