Running Rust examples (26)...
=== Example: accumulate_packed ===
==> cargo run --package openinfer --example accumulate_packed  -- --target cpu
01:46:44 [[34mTRACE[0m] -- add_i8_i16: i16 [-3, -1, 1, 2, 0, 0, 3, 5]
01:46:44 [[34mTRACE[0m] -- add_i16_i32: i32 [-3, -1, 1, 2, 0, 0, 3, 5]
01:46:44 [[34mTRACE[0m] -- add_i32_i64: i64 [-3, -1, 1, 2, 0, 0, 3, 5]
01:46:44 [[34mTRACE[0m] -- add_u8_u16: u16 [1, 1, 4, 4, 4, 7, 7, 7]
01:46:44 [[34mTRACE[0m] -- add_u16_u32: u32 [1, 1, 4, 4, 4, 7, 7, 7]
01:46:44 [[34mTRACE[0m] -- add_u32_u64: u64 [1, 1, 4, 4, 4, 7, 7, 7]
01:46:44 [[34mTRACE[0m] -- add_i4_i8: i8 [-7, -5, 1, -2, 4, 0, 10, 3]
01:46:44 [[34mTRACE[0m] -- add_i2_i8: i8 [-1, -1, -1, -1, -1, -1, -1, -1]
01:46:44 [[34mTRACE[0m] -- add_i1_i8: i8 [-1, -1, -1, -1, -1, -1, -1, -1]
01:46:44 [[34mTRACE[0m] -- add_u4_u8: u8 [1, 3, 5, 7, 4, 6, 16, 18]
01:46:44 [[34mTRACE[0m] -- add_u2_u8: u8 [3, 3, 3, 3, 3, 3, 3, 3]
01:46:44 [[34mTRACE[0m] -- add_u1_u8: u8 [1, 1, 1, 1, 1, 1, 1, 1]
01:46:44 [[34mTRACE[0m] -- mul_i8_i16: i16 [-4, -2, -2, 0, -1, -4, 0, 4]
01:46:44 [[34mTRACE[0m] -- mul_i16_i32: i32 [-4, -2, -2, 0, -1, -4, 0, 4]
01:46:44 [[34mTRACE[0m] -- mul_i32_i64: i64 [-4, -2, -2, 0, -1, -4, 0, 4]
01:46:44 [[34mTRACE[0m] -- mul_u8_u16: u16 [0, 0, 4, 3, 0, 10, 6, 0]
01:46:44 [[34mTRACE[0m] -- mul_u16_u32: u32 [0, 0, 4, 3, 0, 10, 6, 0]
01:46:44 [[34mTRACE[0m] -- mul_u32_u64: u64 [0, 0, 4, 3, 0, 10, 6, 0]
01:46:44 [[34mTRACE[0m] -- mul_i4_i8: i8 [-8, 4, -2, 0, 3, -9, 24, -28]
01:46:44 [[34mTRACE[0m] -- mul_i2_i8: i8 [-2, 0, 0, -2, -2, 0, 0, -2]
01:46:44 [[34mTRACE[0m] -- mul_i1_i8: i8 [0, 0, 0, 0, 0, 0, 0, 0]
01:46:44 [[34mTRACE[0m] -- mul_u4_u8: u8 [0, 2, 6, 12, 0, 5, 28, 45]
01:46:44 [[34mTRACE[0m] -- mul_u2_u8: u8 [0, 2, 2, 0, 0, 2, 2, 0]
01:46:44 [[34mTRACE[0m] -- mul_u1_u8: u8 [0, 0, 0, 0, 0, 0, 0, 0]
01:46:44 [[34mTRACE[0m] -- abs_i8_i16: i16 [4, 2, 1, 0, 1, 2, 3, 4]
01:46:44 [[34mTRACE[0m] -- abs_i16_i32: i32 [4, 2, 1, 0, 1, 2, 3, 4]
01:46:44 [[34mTRACE[0m] -- abs_i32_i64: i64 [4, 2, 1, 0, 1, 2, 3, 4]
01:46:44 [[34mTRACE[0m] -- abs_i4_i8: i8 [8, 1, 1, 6, 0, 0, 0, 0]
01:46:44 [[34mTRACE[0m] -- abs_i2_i8: i8 [2, 2, 0, 0, 0, 0, 0, 0]
01:46:44 [[34mTRACE[0m] -- abs_i1_i8: i8 [1, 0, 0, 0, 0, 0, 0, 0]

=== Example: branching_bad ===
==> cargo run --package openinfer --example branching_bad  -- --target cpu
0 f2f7cb3d-3023-43cc-831f-d82dbd1fabf2 [entry] -- op matmul(x,w) >> h -- (198ms 965us 914ns)
1 63f72e37-5196-48c3-b0ae-894285ad7327 [entry] -- op is_finite(h) >> cond -- (0ms 192us 222ns)
2 3c4a13e1-ee41-4a38-bad3-85fb83af63bf [entry] -- branch cond ok bad -- (0ms 0us 0ns)
7 1554dce1-de78-4f89-88a8-3937b559d206 [bad] -- op fill(x) >> x -- (0ms 419us 697ns)
8 0a8526f2-f68a-4484-9802-c44cb9a8f28f [bad] -- op fill(h) >> h -- (0ms 419us 963ns)
9 d4de028e-c15c-436a-8322-cf3c25cd9519 [bad] -- return -- (0ms 0us 0ns)
3 f4273ca5-3a05-4da8-b63a-a9585d212554 [entry] -- branch algorithm -- (0ms 0us 0ns)
10 11d8c994-5990-4c5a-add8-6bf1a7935deb [algorithm] -- op add(h,x) >> h -- (25ms 814us 577ns)
11 2e58b1f9-d169-432c-8344-f4ca7838723a [algorithm] -- return -- (0ms 0us 0ns)
4 e7612faf-fed0-48f2-a385-59eedabdb2a2 [entry] -- return -- (0ms 0us 0ns)
01:46:45 [[34mTRACE[0m] -- branch condition: false
01:46:45 [[34mTRACE[0m] -- h[0..100] = [0.0, 0.0, 0.0, 0.0, 0.0, 0.0, 0.0, 0.0, 0.0, 0.0, 0.0, 0.0, 0.0, 0.0, 0.0, 0.0, 0.0, 0.0, 0.0, 0.0, 0.0, 0.0, 0.0, 0.0, 0.0, 0.0, 0.0, 0.0, 0.0, 0.0, 0.0, 0.0, 0.0, 0.0, 0.0, 0.0, 0.0, 0.0, 0.0, 0.0, 0.0, 0.0, 0.0, 0.0, 0.0, 0.0, 0.0, 0.0, 0.0, 0.0, 0.0, 0.0, 0.0, 0.0, 0.0, 0.0, 0.0, 0.0, 0.0, 0.0, 0.0, 0.0, 0.0, 0.0, 0.0, 0.0, 0.0, 0.0, 0.0, 0.0, 0.0, 0.0, 0.0, 0.0, 0.0, 0.0, 0.0, 0.0, 0.0, 0.0, 0.0, 0.0, 0.0, 0.0, 0.0, 0.0, 0.0, 0.0, 0.0, 0.0, 0.0, 0.0, 0.0, 0.0, 0.0, 0.0, 0.0, 0.0, 0.0, 0.0]

=== Example: branching_good ===
==> cargo run --package openinfer --example branching_good  -- --target cpu
0 376a77f6-a386-445b-90fb-bf548d9daee6 [entry] -- op matmul(x,w) >> h -- (191ms 130us 79ns)
1 7867a303-404c-484e-919a-be65d1fa55e7 [entry] -- op is_finite(h) >> cond -- (0ms 565us 163ns)
2 59b1df98-24b1-4a8a-a95e-d61e36b233fe [entry] -- branch cond ok bad -- (0ms 0us 0ns)
5 97d5a24a-394f-43dc-a8a1-af3f7ce7c049 [ok] -- op relu(h) >> h -- (0ms 755us 365ns)
6 c3fd1649-156d-46b2-8398-d6e6efbff775 [ok] -- return -- (0ms 0us 0ns)
3 d667719b-24c4-4ca1-8e67-446cb86bed66 [entry] -- branch algorithm -- (0ms 0us 0ns)
10 48609c78-b0a2-4a80-9d22-f42a340e214c [algorithm] -- op add(h,x) >> h -- (25ms 590us 483ns)
11 f63beedd-a437-4006-903e-f999d40690c9 [algorithm] -- return -- (0ms 0us 0ns)
4 31e36170-f2fb-45b5-a8f1-cda26c589890 [entry] -- return -- (0ms 0us 0ns)
01:46:45 [[34mTRACE[0m] -- branch condition: true
01:46:45 [[34mTRACE[0m] -- h[0..100] = [2.0239592, -1.6191635, 2.7444534, -0.5900496, -1.4298182, 1.6507215, 0.81199145, 5.764553, 1.9409258, 5.648092, -1.3911409, 11.957924, 7.077615, -0.5789803, 5.310196, 0.57005286, 5.915538, 15.66467, 3.7640586, 1.8490815, 0.12245965, 2.1702785, 2.8210366, 0.1809628, 1.7674994, 5.9436984, -1.5426888, 13.82932, 2.0954661, -1.372572, 0.15709949, 0.45003772, 0.37553525, 1.013504, -0.46800947, 6.217969, 1.3188826, 12.470707, 7.3582306, -0.71331155, 0.50361085, 7.3153553, -0.9204968, 4.689171, 11.087003, 1.5467954, 1.9723754, -1.0020918, -1.9858856, 4.1264586, 1.080719, 1.5935211, 6.7715373, 5.6089125, 6.0948067, 0.39066052, 16.165125, -1.9280562, 1.7468729, -0.2523806, -1.3370771, 8.58633, 1.7167454, 12.462051, 1.220151, 16.234507, -0.579975, 4.768346, -0.40354446, 1.3154616, 6.3475823, 3.9559436, 4.105328, 8.369709, -1.5992846, 13.363926, -0.28400576, -1.2236832, -1.094735, 10.961312, 5.7909937, 3.2890692, 2.8219156, 1.569963, 1.6063905, 3.0355768, 10.785418, 1.8530431, 11.274473, 0.15377927, 7.9682093, 1.6642103, 5.866636, 2.9095628, 1.7243066, 0.33243966, -0.64327705, 12.276399, 1.7865682, 1.7103577]

=== Example: cache_auto_dim ===
==> cargo run --package openinfer --example cache_auto_dim  -- --target cpu
01:46:45 [[34mTRACE[0m] -- step 1 L shape = [5, 4]
01:46:45 [[34mTRACE[0m] -- step 1 M shape = [2, 7]
01:46:45 [[34mTRACE[0m] -- step 1 N shape = [7, 2]
01:46:45 [[34mTRACE[0m] -- 
01:46:45 [[34mTRACE[0m] -- step 2 L shape = [8, 6]
01:46:45 [[34mTRACE[0m] -- step 2 M shape = [2, 12]
01:46:45 [[34mTRACE[0m] -- step 2 N shape = [12, 2]
01:46:45 [[34mTRACE[0m] -- 
01:46:45 [[34mTRACE[0m] -- step 3 L shape = [11, 8]
01:46:45 [[34mTRACE[0m] -- step 3 M shape = [2, 17]
01:46:45 [[34mTRACE[0m] -- step 3 N shape = [17, 2]

=== Example: cache_fixed_limit ===
==> cargo run --package openinfer --example cache_fixed_limit  -- --target cpu
01:46:45 [[34mTRACE[0m] -- Expected cache limit error: auto_dim M exceeds fixed max 4 for 0

=== Example: cache_scalar ===
==> cargo run --package openinfer --example cache_scalar  -- --target cpu
01:46:46 [[34mTRACE[0m] -- step 0 read = 0
01:46:46 [[34mTRACE[0m] -- step 1 read = 1

=== Example: cache_table ===
==> cargo run --package openinfer --example cache_table  -- --target cpu
01:46:46 [[34mTRACE[0m] -- out_full shape = [3, 4]
01:46:46 [[34mTRACE[0m] -- out_slice shape = [2, 4]
01:46:46 [[34mTRACE[0m] -- out_reset[0..8] = [0.64990544, 0.94848967, 0.59415936, 0.3824712, 0.0, 0.0, 0.0, 0.0]

=== Example: cache_weight_update ===
==> cargo run --package openinfer --example cache_weight_update  -- --target cpu
01:46:46 [[34mTRACE[0m] -- step 1 out[0..4] = [0.31340373, -0.7802436, 1.0227059, -0.38774607]
01:46:46 [[34mTRACE[0m] -- step 2 out[0..4] = [0.62680745, -1.5604872, 2.0454118, -0.7754921]

=== Example: deserialize ===
==> cargo run --package openinfer --example deserialize  -- --target cpu
0 69adf822-a856-40a0-8f05-f86cd26932f1 [entry] -- assign t0 -- (0ms 0us 0ns)
1 e353fac5-1776-4d0b-8001-375f436228bd [entry] -- op add(x,a) >> t0 -- (0ms 0us 0ns)
2 20ff82ef-c8e8-44d6-b9b6-2a7bba0a2343 [entry] -- op mul(y,t0) >> y -- (0ms 0us 0ns)
3 7f1d3a60-dac5-4921-8c3c-470c97d30779 [entry] -- return -- (0ms 0us 0ns)
01:46:46 [[34mTRACE[0m] -- y[0..100] = [30.264147, 27.615976, 1.9704801, 31.83252, 29.052525, -48.182278, 20.4248, 7.507924, 37.558743, -28.50735, -35.1819, 27.580126, -44.666138, -25.246027, 26.937254, 28.90633, 8.0797615, 23.964973, 0.05002767, 44.516903, 37.50197, 47.43583, -21.900875, -31.254988, -40.761982, -36.465603, 49.469322, 44.252487, -32.795532, -40.36075, -6.7792597, -11.271144, 16.422276, -1.1752007, -29.752789, 46.59925, 44.940166, -27.010052, -10.770239, 1.5567281, 20.003702, -30.934765, 23.028147, 31.150932, -0.14228255, -29.447533, -42.323906, 2.8432312, 34.513756, 16.971205, 26.575024, 0.75591534, -18.642351, 40.631363, 26.2729, 32.881565, 26.748686, -40.06402, 46.28954, 48.408157, -36.104546, -33.249332, -4.846969, 49.904427, -16.938805, 39.563164, -14.025449, 19.113659, -9.0368395, -43.860786, 28.370054, -43.25571, 39.53979, 11.042625, 20.978024, 6.621832, 18.90035, 32.71466, -14.236973, 20.444061, 38.066776, -44.103844, 34.30115, -44.486805, 48.789642, -2.5016356, 39.35639, 21.938873, -25.855982, 34.94481, -31.510696, -44.453808, -27.462963, -19.82955, 37.413155, -32.052902, 34.575325, 3.5758142, 11.11801, 49.920616]

=== Example: dtypes ===
==> cargo run --package openinfer --example dtypes  -- --target cpu
01:46:46 [[34mTRACE[0m] -- cpu universal graph: ok
01:46:46 [[34mTRACE[0m] -- cpu special graph: ok
01:46:46 [[34mTRACE[0m] -- a_f64: dtype=F64 shape=[8]
01:46:46 [[34mTRACE[0m] --   values={0.13, -0.13, 0.64, 0.10, -0.54, 0.36, 1.30, 0.95}
01:46:46 [[34mTRACE[0m] -- b_f32: dtype=F32 shape=[8]
01:46:46 [[34mTRACE[0m] --   values={-0.70, -1.27, -0.62, 0.04, -2.33, -0.22, -1.25, -0.73}
01:46:46 [[34mTRACE[0m] -- c_i64: dtype=I64 shape=[8]
01:46:46 [[34mTRACE[0m] --   values={-4, -3, -2, -1, 0, 1, 2, 3}
01:46:46 [[34mTRACE[0m] -- d_i32: dtype=I32 shape=[8]
01:46:46 [[34mTRACE[0m] --   values={-4, -3, -2, -1, 0, 1, 2, 3}
01:46:46 [[34mTRACE[0m] -- e_i16: dtype=I16 shape=[8]
01:46:46 [[34mTRACE[0m] --   values={-4, -3, -2, -1, 0, 1, 2, 3}
01:46:46 [[34mTRACE[0m] -- f_i8: dtype=I8 shape=[8]
01:46:46 [[34mTRACE[0m] --   values={-4, -3, -2, -1, 0, 1, 2, 3}
01:46:46 [[34mTRACE[0m] -- g_u64: dtype=U64 shape=[8]
01:46:46 [[34mTRACE[0m] --   values={0, 1, 2, 3, 4, 5, 6, 7}
01:46:46 [[34mTRACE[0m] -- h_u32: dtype=U32 shape=[8]
01:46:46 [[34mTRACE[0m] --   values={0, 1, 2, 3, 4, 5, 6, 7}
01:46:46 [[34mTRACE[0m] -- i_u16: dtype=U16 shape=[8]
01:46:46 [[34mTRACE[0m] --   values={0, 1, 2, 3, 4, 5, 6, 7}
01:46:46 [[34mTRACE[0m] -- j_u8: dtype=U8 shape=[8]
01:46:46 [[34mTRACE[0m] --   values={0, 1, 2, 3, 4, 5, 6, 7}
01:46:46 [[34mTRACE[0m] -- k_bool: dtype=Bool shape=[8]
01:46:46 [[34mTRACE[0m] --   values={true, false, true, false, true, false, true, false}
01:46:46 [[34mTRACE[0m] -- l_f16: dtype=F16 shape=[8]
01:46:46 [[34mTRACE[0m] --   values={F16 { bits: 15824 }, F16 { bits: 12623 }, F16 { bits: 47721 }, F16 { bits: 46323 }, F16 { bits: 49036 }, F16 { bits: 48643 }, F16 { bits: 14710 }, F16 { bits: 14518 }}
01:46:46 [[34mTRACE[0m] -- m_bf16: dtype=BF16 shape=[8]
01:46:46 [[34mTRACE[0m] --   values={0.46, -0.46, 1.99, 1.92, 0.74, 0.60, 0.75, -0.44}
01:46:46 [[34mTRACE[0m] -- n_f8: dtype=F8 shape=[8]
01:46:46 [[34mTRACE[0m] --   values={-0.75, 0.44, 0.05, -0.38, -0.03, 0.75, 0.88, -0.31}
01:46:46 [[34mTRACE[0m] -- o_i4: dtype=I4 shape=[8]
01:46:46 [[34mTRACE[0m] --   packed_bytes={248, 16, 215, 36}
01:46:46 [[34mTRACE[0m] --   values={-8, -1, 0, 1, 7, -3, 4, 2}
01:46:46 [[34mTRACE[0m] -- p_i2: dtype=I2 shape=[8]
01:46:46 [[34mTRACE[0m] --   packed_bytes={78, 198}
01:46:46 [[34mTRACE[0m] --   values={-2, -1, 0, 1, -2, 1, 0, -1}
01:46:46 [[34mTRACE[0m] -- q_i1: dtype=I1 shape=[8]
01:46:46 [[34mTRACE[0m] --   packed_bytes={85}
01:46:46 [[34mTRACE[0m] --   values={-1, 0, -1, 0, -1, 0, -1, 0}
01:46:46 [[34mTRACE[0m] -- r_u4: dtype=U4 shape=[8]
01:46:46 [[34mTRACE[0m] --   packed_bytes={16, 50, 84, 254}
01:46:46 [[34mTRACE[0m] --   values={0, 1, 2, 3, 4, 5, 14, 15}
01:46:46 [[34mTRACE[0m] -- s_u2: dtype=U2 shape=[8]
01:46:46 [[34mTRACE[0m] --   packed_bytes={228, 228}
01:46:46 [[34mTRACE[0m] --   values={0, 1, 2, 3, 0, 1, 2, 3}
01:46:46 [[34mTRACE[0m] -- t_u1: dtype=U1 shape=[8]
01:46:46 [[34mTRACE[0m] --   packed_bytes={90}
01:46:46 [[34mTRACE[0m] --   values={0, 1, 0, 1, 1, 0, 1, 0}
01:46:46 [[34mTRACE[0m] -- u_t2: dtype=T2 shape=[8]
01:46:46 [[34mTRACE[0m] --   packed_bytes={211, 52}
01:46:46 [[34mTRACE[0m] --   values={-1, 0, 1, -1, 0, 1, -1, 0}
01:46:46 [[34mTRACE[0m] -- v_t1: dtype=T1 shape=[8]
01:46:46 [[34mTRACE[0m] --   packed_bytes={90}
01:46:46 [[34mTRACE[0m] --   values={-1, 1, -1, 1, 1, -1, 1, -1}

=== Example: f16_benchmark ===
==> cargo run --package openinfer --example f16_benchmark  -- --target cpu
01:46:52 [[34mTRACE[0m] -- 
=== native f16 (default) ===
0 5cda756b-a237-443d-b3eb-b6dd52f91fca [entry] -- op add(x0,y0) >> z0 -- (49ms 598us 23ns)
1 95af000e-50cb-446a-83ef-2999cd614e2f [entry] -- op add(x1,y1) >> z1 -- (216ms 983us 571ns)
2 c35ff520-3488-4d30-884d-d10dbc970a1a [entry] -- op add(x2,y2) >> z2 -- (843ms 297us 701ns)
3 fdc29d82-4093-43e6-b41a-dad3b3d71148 [entry] -- op add(x3,y3) >> z3 -- (3261ms 371us 836ns)
4 aadf0968-8d52-4c0a-98ba-890e544d7508 [entry] -- return -- (0ms 0us 0ns)
01:46:56 [[34mTRACE[0m] -- 
=== simulated f16 (forced) ===
0 5cda756b-a237-443d-b3eb-b6dd52f91fca [entry] -- op add(x0,y0) >> z0 -- (52ms 948us 840ns)
1 95af000e-50cb-446a-83ef-2999cd614e2f [entry] -- op add(x1,y1) >> z1 -- (213ms 123us 304ns)
2 c35ff520-3488-4d30-884d-d10dbc970a1a [entry] -- op add(x2,y2) >> z2 -- (882ms 580us 842ns)
3 fdc29d82-4093-43e6-b41a-dad3b3d71148 [entry] -- op add(x3,y3) >> z3 -- (3555ms 588us 517ns)
4 aadf0968-8d52-4c0a-98ba-890e544d7508 [entry] -- return -- (0ms 0us 0ns)
01:47:01 [[34mTRACE[0m] -- 
=== CPU f16 (default) ===
0 5cda756b-a237-443d-b3eb-b6dd52f91fca [entry] -- op add(x0,y0) >> z0 -- (50ms 295us 434ns)
1 95af000e-50cb-446a-83ef-2999cd614e2f [entry] -- op add(x1,y1) >> z1 -- (202ms 4us 403ns)
2 c35ff520-3488-4d30-884d-d10dbc970a1a [entry] -- op add(x2,y2) >> z2 -- (863ms 144us 397ns)
3 fdc29d82-4093-43e6-b41a-dad3b3d71148 [entry] -- op add(x3,y3) >> z3 -- (3246ms 599us 262ns)
4 aadf0968-8d52-4c0a-98ba-890e544d7508 [entry] -- return -- (0ms 0us 0ns)

=== Example: graph_nodes_traverse ===
==> cargo run --package openinfer --example graph_nodes_traverse  -- --target cpu
01:47:06 [[34mTRACE[0m] -- y={5.00, 5.00 ... 5.00, 5.00}      -- [Assign] entry ::  (0ms 0us 0ns)
01:47:06 [[34mTRACE[0m] -- y={5.00, 5.00 ... 5.00, 5.00}      -- [OpExecute] entry :: add (0ms 518us 826ns)
01:47:06 [[34mTRACE[0m] -- y={30.26, 27.62 ... 33.23, -39.93} -- [OpExecute] entry :: mul (0ms 450us 581ns)
01:47:06 [[34mTRACE[0m] -- y={30.26, 27.62 ... 33.23, -39.93} -- [Return] entry ::  (0ms 0us 0ns)

=== Example: loop ===
==> cargo run --package openinfer --example loop  -- --target cpu
0 837b714e-84de-4754-bd62-d058080dd179 [entry] -- op add(x,QKV[0,0]) >> y -- (0ms 0us 0ns)
3 3481f6a7-5c03-4631-83e0-1f434afbe639 [entry] -- loop layers (l in 0..num_layers) -- (0ms 0us 0ns)
2 0a0443e0-c0d2-4fc1-bfad-7ebcb7e3127b [entry] -- loop heads (h in 0..num_heads) -- (0ms 0us 0ns)
1 3dada05a-09fb-48ff-8c59-80cc63556af8 [entry] -- op add(y,QKV[l,h]) >> y -- (0ms 0us 0ns)
1 3dada05a-09fb-48ff-8c59-80cc63556af8 [entry] -- op add(y,QKV[l,h]) >> y -- (0ms 0us 0ns)
1 3dada05a-09fb-48ff-8c59-80cc63556af8 [entry] -- op add(y,QKV[l,h]) >> y -- (0ms 0us 0ns)
2 0a0443e0-c0d2-4fc1-bfad-7ebcb7e3127b [entry] -- loop heads (h in 0..num_heads) -- (0ms 0us 0ns)
1 3dada05a-09fb-48ff-8c59-80cc63556af8 [entry] -- op add(y,QKV[l,h]) >> y -- (0ms 0us 0ns)
1 3dada05a-09fb-48ff-8c59-80cc63556af8 [entry] -- op add(y,QKV[l,h]) >> y -- (0ms 0us 0ns)
1 3dada05a-09fb-48ff-8c59-80cc63556af8 [entry] -- op add(y,QKV[l,h]) >> y -- (0ms 0us 0ns)
4 276d2ea6-7f35-4bda-91e1-43213b87893e [entry] -- return -- (0ms 0us 0ns)
01:47:06 [[34mTRACE[0m] -- y[0..8] = [-0.7331805, 0.05311477, -0.50252336, 0.08545053, 0.73685336, 0.27293026, 0.98016953, -0.18819654]

=== Example: minimal ===
==> cargo run --package openinfer --example minimal  -- --target cpu
01:47:06 [[34mTRACE[0m] -- y[0..100] = [30.264147, 27.615976, 1.9704801, 31.83252, 29.052525, -48.182278, 20.4248, 7.507924, 37.558743, -28.50735, -35.1819, 27.580126, -44.666138, -25.246027, 26.937254, 28.90633, 8.0797615, 23.964973, 0.05002767, 44.516903, 37.50197, 47.43583, -21.900875, -31.254988, -40.761982, -36.465603, 49.469322, 44.252487, -32.795532, -40.36075, -6.7792597, -11.271144, 16.422276, -1.1752007, -29.752789, 46.59925, 44.940166, -27.010052, -10.770239, 1.5567281, 20.003702, -30.934765, 23.028147, 31.150932, -0.14228255, -29.447533, -42.323906, 2.8432312, 34.513756, 16.971205, 26.575024, 0.75591534, -18.642351, 40.631363, 26.2729, 32.881565, 26.748686, -40.06402, 46.28954, 48.408157, -36.104546, -33.249332, -4.846969, 49.904427, -16.938805, 39.563164, -14.025449, 19.113659, -9.0368395, -43.860786, 28.370054, -43.25571, 39.53979, 11.042625, 20.978024, 6.621832, 18.90035, 32.71466, -14.236973, 20.444061, 38.066776, -44.103844, 34.30115, -44.486805, 48.789642, -2.5016356, 39.35639, 21.938873, -25.855982, 34.94481, -31.510696, -44.453808, -27.462963, -19.82955, 37.413155, -32.052902, 34.575325, 3.5758142, 11.11801, 49.920616]

=== Example: multidim_broadcast ===
==> cargo run --package openinfer --example multidim_broadcast  -- --target cpu
01:47:07 [[34mTRACE[0m] -- x = {0.00, 0.10, 0.20, 0.30, 0.40 ... 13106.70, 13106.80, 13106.90, 13107.00, 13107.10}
01:47:07 [[34mTRACE[0m] -- y = {0.00, 0.01, 0.02, 0.03, 0.04 ... 1.23, 1.24, 1.25, 1.26, 1.27}
01:47:07 [[34mTRACE[0m] -- z = {1.00, 2.00, 3.00, 4.00, 5.00 ... 1020.00, 1021.00, 1022.00, 1023.00, 1024.00}
01:47:07 [[34mTRACE[0m] -- out shape = [1024, 128]
01:47:07 [[34mTRACE[0m] -- out = {0.00, 0.00, 0.00, 0.00, 0.00 ... 0.00, 0.00, 0.00, 0.00, 0.00}

=== Example: ops_accumulate_inplace ===
==> cargo run --package openinfer --example ops_accumulate_inplace  -- --target cpu
01:47:07 [[34mTRACE[0m] -- ⚠️ == Pass but drift. ✅ == Pass with no drift. ❌ == Fail
01:47:07 [[34mTRACE[0m] -- [✅] add_i8 = {-5, -3 ... 7, 9} -- ref = {-5, -3 ... 7, 9}
01:47:07 [[34mTRACE[0m] -- [✅] add_i16 = {-5, -3 ... 7, 9} -- ref = {-5, -3 ... 7, 9}
01:47:07 [[34mTRACE[0m] -- [✅] add_i32 = {-5, -3 ... 7, 9} -- ref = {-5, -3 ... 7, 9}
01:47:07 [[34mTRACE[0m] -- [✅] add_i64 = {-5, -3 ... 7, 9} -- ref = {-5, -3 ... 7, 9}
01:47:07 [[34mTRACE[0m] -- [✅] add_u8 = {1, 3 ... 13, 15} -- ref = {1, 3 ... 13, 15}
01:47:07 [[34mTRACE[0m] -- [✅] add_u16 = {1, 3 ... 13, 15} -- ref = {1, 3 ... 13, 15}
01:47:07 [[34mTRACE[0m] -- [✅] add_u32 = {1, 3 ... 13, 15} -- ref = {1, 3 ... 13, 15}
01:47:07 [[34mTRACE[0m] -- [✅] add_u64 = {1, 3 ... 13, 15} -- ref = {1, 3 ... 13, 15}
01:47:07 [[34mTRACE[0m] -- [✅] add_f16 = {F16 { bits: 48640 }, F16 { bits: 47104 } ... F16 { bits: 17536 }, F16 { bits: 17792 }} -- ref = {F16 { bits: 48640 }, F16 { bits: 47104 } ... F16 { bits: 17536 }, F16 { bits: 17792 }}
01:47:07 [[34mTRACE[0m] -- [✅] add_bf16 = {-1.50, -0.50 ... 4.50, 5.50} -- ref = {-1.50, -0.50 ... 4.50, 5.50}
01:47:07 [[34mTRACE[0m] -- [✅] add_f8 = {-1.50, -0.50 ... 5.00, 6.00} -- ref = {-1.50, -0.50 ... 5.00, 6.00}
01:47:07 [[34mTRACE[0m] -- [✅] add_f32 = {-1.50, -0.50 ... 4.50, 5.50} -- ref = {-1.50, -0.50 ... 4.50, 5.50}
01:47:07 [[34mTRACE[0m] -- [✅] add_f64 = {-1.50, -0.50 ... 4.50, 5.50} -- ref = {-1.50, -0.50 ... 4.50, 5.50}
01:47:07 [[34mTRACE[0m] -- [✅] add_bool = {true, false ... true, false} -- ref = {true, false ... true, false}
01:47:07 [[34mTRACE[0m] -- [✅] add_bitset = {Bitset { bits: 0 }, Bitset { bits: 8 } ... Bitset { bits: 48 }, Bitset { bits: 56 }} -- ref = {Bitset { bits: 0 }, Bitset { bits: 8 } ... Bitset { bits: 48 }, Bitset { bits: 56 }}
01:47:07 [[34mTRACE[0m] -- [✅] add_i4 = {0xb9, 0xe1, 0x04, 0x3a} -- ref = {0xb9, 0xe1, 0x04, 0x3a}
01:47:07 [[34mTRACE[0m] -- [✅] add_i2 = {0xff, 0xff} -- ref = {0xff, 0xff}
01:47:07 [[34mTRACE[0m] -- [✅] add_i1 = {0xff} -- ref = {0xff}
01:47:07 [[34mTRACE[0m] -- [✅] add_u4 = {0x31, 0x75, 0x64, 0x20} -- ref = {0x31, 0x75, 0x64, 0x20}
01:47:07 [[34mTRACE[0m] -- [✅] add_u2 = {0xff, 0xff} -- ref = {0xff, 0xff}
01:47:07 [[34mTRACE[0m] -- [✅] add_u1 = {0xff} -- ref = {0xff}
01:47:07 [[34mTRACE[0m] -- [✅] mul_i8 = {4, 0 ... 10, 18} -- ref = {4, 0 ... 10, 18}
01:47:07 [[34mTRACE[0m] -- [✅] mul_i16 = {4, 0 ... 10, 18} -- ref = {4, 0 ... 10, 18}
01:47:07 [[34mTRACE[0m] -- [✅] mul_i32 = {4, 0 ... 10, 18} -- ref = {4, 0 ... 10, 18}
01:47:07 [[34mTRACE[0m] -- [✅] mul_i64 = {4, 0 ... 10, 18} -- ref = {4, 0 ... 10, 18}
01:47:07 [[34mTRACE[0m] -- [✅] mul_u8 = {0, 2 ... 42, 56} -- ref = {0, 2 ... 42, 56}
01:47:07 [[34mTRACE[0m] -- [✅] mul_u16 = {0, 2 ... 42, 56} -- ref = {0, 2 ... 42, 56}
01:47:07 [[34mTRACE[0m] -- [✅] mul_u32 = {0, 2 ... 42, 56} -- ref = {0, 2 ... 42, 56}
01:47:07 [[34mTRACE[0m] -- [✅] mul_u64 = {0, 2 ... 42, 56} -- ref = {0, 2 ... 42, 56}
01:47:07 [[34mTRACE[0m] -- [✅] mul_f16 = {F16 { bits: 48128 }, F16 { bits: 48640 } ... F16 { bits: 17152 }, F16 { bits: 17920 }} -- ref = {F16 { bits: 48128 }, F16 { bits: 48640 } ... F16 { bits: 17152 }, F16 { bits: 17920 }}
01:47:07 [[34mTRACE[0m] -- [✅] mul_bf16 = {-1.00, -1.50 ... 3.50, 6.00} -- ref = {-1.00, -1.50 ... 3.50, 6.00}
01:47:07 [[34mTRACE[0m] -- [✅] mul_f8 = {-1.00, -1.50 ... 3.50, 6.00} -- ref = {-1.00, -1.50 ... 3.50, 6.00}
01:47:07 [[34mTRACE[0m] -- [✅] mul_f32 = {-1.00, -1.50 ... 3.50, 6.00} -- ref = {-1.00, -1.50 ... 3.50, 6.00}
01:47:07 [[34mTRACE[0m] -- [✅] mul_f64 = {-1.00, -1.50 ... 3.50, 6.00} -- ref = {-1.00, -1.50 ... 3.50, 6.00}
01:47:07 [[34mTRACE[0m] -- [✅] mul_bool = {true, false ... true, false} -- ref = {true, false ... true, false}
01:47:07 [[34mTRACE[0m] -- [✅] mul_bitset = {Bitset { bits: 0 }, Bitset { bits: 15 } ... Bitset { bits: 28 }, Bitset { bits: 223 }} -- ref = {Bitset { bits: 0 }, Bitset { bits: 15 } ... Bitset { bits: 28 }, Bitset { bits: 223 }}
01:47:07 [[34mTRACE[0m] -- [✅] mul_i4 = {0x48, 0x0e, 0x73, 0x48} -- ref = {0x48, 0x0e, 0x73, 0x48}
01:47:07 [[34mTRACE[0m] -- [✅] mul_i2 = {0x82, 0x82} -- ref = {0x82, 0x82}
01:47:07 [[34mTRACE[0m] -- [✅] mul_i1 = {0x00} -- ref = {0x00}
01:47:07 [[34mTRACE[0m] -- [✅] mul_u4 = {0x20, 0xc6, 0x50, 0xdc} -- ref = {0x20, 0xc6, 0x50, 0xdc}
01:47:07 [[34mTRACE[0m] -- [✅] mul_u2 = {0x28, 0x28} -- ref = {0x28, 0x28}
01:47:07 [[34mTRACE[0m] -- [✅] mul_u1 = {0x00} -- ref = {0x00}
01:47:07 [[34mTRACE[0m] -- [✅] abs_i8 = {4, 3 ... 2, 3} -- ref = {4, 3 ... 2, 3}
01:47:07 [[34mTRACE[0m] -- [✅] abs_i16 = {4, 3 ... 2, 3} -- ref = {4, 3 ... 2, 3}
01:47:07 [[34mTRACE[0m] -- [✅] abs_i32 = {4, 3 ... 2, 3} -- ref = {4, 3 ... 2, 3}
01:47:07 [[34mTRACE[0m] -- [✅] abs_i64 = {4, 3 ... 2, 3} -- ref = {4, 3 ... 2, 3}
01:47:07 [[34mTRACE[0m] -- [✅] abs_f16 = {F16 { bits: 16384 }, F16 { bits: 15872 } ... F16 { bits: 15360 }, F16 { bits: 15872 }} -- ref = {F16 { bits: 16384 }, F16 { bits: 15872 } ... F16 { bits: 15360 }, F16 { bits: 15872 }}
01:47:07 [[34mTRACE[0m] -- [✅] abs_bf16 = {2.00, 1.50 ... 1.00, 1.50} -- ref = {2.00, 1.50 ... 1.00, 1.50}
01:47:07 [[34mTRACE[0m] -- [✅] abs_f8 = {2.00, 1.50 ... 1.00, 1.50} -- ref = {2.00, 1.50 ... 1.00, 1.50}
01:47:07 [[34mTRACE[0m] -- [✅] abs_f32 = {2.00, 1.50 ... 1.00, 1.50} -- ref = {2.00, 1.50 ... 1.00, 1.50}
01:47:07 [[34mTRACE[0m] -- [✅] abs_f64 = {2.00, 1.50 ... 1.00, 1.50} -- ref = {2.00, 1.50 ... 1.00, 1.50}
01:47:07 [[34mTRACE[0m] -- [✅] abs_i4 = {0x48, 0x01, 0x00, 0x00} -- ref = {0x48, 0x01, 0x00, 0x00}
01:47:07 [[34mTRACE[0m] -- [✅] abs_i2 = {0x06, 0x00} -- ref = {0x06, 0x00}
01:47:07 [[34mTRACE[0m] -- [✅] abs_i1 = {0x01} -- ref = {0x01}
01:47:07 [[34mTRACE[0m] -- [✅] relu_i8 = {-4, -3 ... 2, 2} -- ref = {-4, -3 ... 2, 2}
01:47:07 [[34mTRACE[0m] -- [✅] relu_i16 = {-4, -3 ... 2, 2} -- ref = {-4, -3 ... 2, 2}
01:47:07 [[34mTRACE[0m] -- [✅] relu_i32 = {-4, -3 ... 2, 2} -- ref = {-4, -3 ... 2, 2}
01:47:07 [[34mTRACE[0m] -- [✅] relu_i64 = {-4, -3 ... 2, 2} -- ref = {-4, -3 ... 2, 2}
01:47:07 [[34mTRACE[0m] -- [✅] relu_f16 = {F16 { bits: 45670 }, F16 { bits: 45261 } ... F16 { bits: 15360 }, F16 { bits: 15872 }} -- ref = {F16 { bits: 45670 }, F16 { bits: 45261 } ... F16 { bits: 15360 }, F16 { bits: 15872 }}
01:47:07 [[34mTRACE[0m] -- [✅] relu_bf16 = {-0.20, -0.15 ... 1.00, 1.50} -- ref = {-0.20, -0.15 ... 1.00, 1.50}
01:47:07 [[34mTRACE[0m] -- [✅] relu_f8 = {-0.19, -0.16 ... 1.00, 1.50} -- ref = {-0.19, -0.16 ... 1.00, 1.50}
01:47:07 [[34mTRACE[0m] -- [✅] relu_f32 = {-0.20, -0.15 ... 1.00, 1.50} -- ref = {-0.20, -0.15 ... 1.00, 1.50}
01:47:07 [[34mTRACE[0m] -- [✅] relu_f64 = {-0.20, -0.15 ... 1.00, 1.50} -- ref = {-0.20, -0.15 ... 1.00, 1.50}
01:47:07 [[34mTRACE[0m] -- [✅] relu_i4 = {0xc8, 0x0f, 0x21, 0x22} -- ref = {0xc8, 0x0f, 0x21, 0x22}
01:47:07 [[34mTRACE[0m] -- [✅] fill_i8 = {1, 1 ... 1, 1} -- ref = {1, 1 ... 1, 1}
01:47:07 [[34mTRACE[0m] -- [✅] fill_i16 = {1, 1 ... 1, 1} -- ref = {1, 1 ... 1, 1}
01:47:07 [[34mTRACE[0m] -- [✅] fill_i32 = {1, 1 ... 1, 1} -- ref = {1, 1 ... 1, 1}
01:47:07 [[34mTRACE[0m] -- [✅] fill_i64 = {1, 1 ... 1, 1} -- ref = {1, 1 ... 1, 1}
01:47:07 [[34mTRACE[0m] -- [✅] fill_u8 = {1, 1 ... 1, 1} -- ref = {1, 1 ... 1, 1}
01:47:07 [[34mTRACE[0m] -- [✅] fill_u16 = {1, 1 ... 1, 1} -- ref = {1, 1 ... 1, 1}
01:47:07 [[34mTRACE[0m] -- [✅] fill_u32 = {1, 1 ... 1, 1} -- ref = {1, 1 ... 1, 1}
01:47:07 [[34mTRACE[0m] -- [✅] fill_u64 = {1, 1 ... 1, 1} -- ref = {1, 1 ... 1, 1}
01:47:07 [[34mTRACE[0m] -- [✅] fill_f16 = {F16 { bits: 15360 }, F16 { bits: 15360 } ... F16 { bits: 15360 }, F16 { bits: 15360 }} -- ref = {F16 { bits: 15360 }, F16 { bits: 15360 } ... F16 { bits: 15360 }, F16 { bits: 15360 }}
01:47:07 [[34mTRACE[0m] -- [✅] fill_bf16 = {1.00, 1.00 ... 1.00, 1.00} -- ref = {1.00, 1.00 ... 1.00, 1.00}
01:47:07 [[34mTRACE[0m] -- [✅] fill_f8 = {1.00, 1.00 ... 1.00, 1.00} -- ref = {1.00, 1.00 ... 1.00, 1.00}
01:47:07 [[34mTRACE[0m] -- [✅] fill_f32 = {1.00, 1.00 ... 1.00, 1.00} -- ref = {1.00, 1.00 ... 1.00, 1.00}
01:47:07 [[34mTRACE[0m] -- [✅] fill_f64 = {1.00, 1.00 ... 1.00, 1.00} -- ref = {1.00, 1.00 ... 1.00, 1.00}
01:47:07 [[34mTRACE[0m] -- [✅] fill_bool = {true, true ... true, true} -- ref = {true, true ... true, true}
01:47:07 [[34mTRACE[0m] -- [✅] fill_bitset = {Bitset { bits: 1 }, Bitset { bits: 1 } ... Bitset { bits: 1 }, Bitset { bits: 1 }} -- ref = {Bitset { bits: 1 }, Bitset { bits: 1 } ... Bitset { bits: 1 }, Bitset { bits: 1 }}
01:47:07 [[34mTRACE[0m] -- [✅] fill_i4 = {0x11, 0x11, 0x11, 0x11} -- ref = {0x11, 0x11, 0x11, 0x11}
01:47:07 [[34mTRACE[0m] -- [✅] fill_i2 = {0x55, 0x55} -- ref = {0x55, 0x55}
01:47:07 [[34mTRACE[0m] -- [✅] fill_i1 = {0x00} -- ref = {0x00}
01:47:07 [[34mTRACE[0m] -- [✅] fill_u4 = {0x11, 0x11, 0x11, 0x11} -- ref = {0x11, 0x11, 0x11, 0x11}
01:47:07 [[34mTRACE[0m] -- [✅] fill_u2 = {0x55, 0x55} -- ref = {0x55, 0x55}
01:47:07 [[34mTRACE[0m] -- [✅] fill_u1 = {0xff} -- ref = {0xff}
01:47:07 [[34mTRACE[0m] -- [✅] mm_i8 = {0, -3 ... -55, 14} -- ref = {0, -3 ... -55, 14}
01:47:07 [[34mTRACE[0m] -- [✅] mm_i16 = {0, -3 ... 201, 270} -- ref = {0, -3 ... 201, 270}
01:47:07 [[34mTRACE[0m] -- [✅] mm_i32 = {0, -3 ... 201, 270} -- ref = {0, -3 ... 201, 270}
01:47:07 [[34mTRACE[0m] -- [✅] mm_i64 = {0, -3 ... 201, 270} -- ref = {0, -3 ... 201, 270}
01:47:07 [[34mTRACE[0m] -- [✅] mm_u8 = {18, 21 ... 65, 140} -- ref = {18, 21 ... 65, 140}
01:47:07 [[34mTRACE[0m] -- [✅] mm_u16 = {18, 21 ... 321, 396} -- ref = {18, 21 ... 321, 396}
01:47:07 [[34mTRACE[0m] -- [✅] mm_u32 = {18, 21 ... 321, 396} -- ref = {18, 21 ... 321, 396}
01:47:07 [[34mTRACE[0m] -- [✅] mm_u64 = {18, 21 ... 321, 396} -- ref = {18, 21 ... 321, 396}
01:47:07 [[34mTRACE[0m] -- [✅] mm_f16 = {F16 { bits: 49376 }, F16 { bits: 49664 } ... F16 { bits: 18608 }, F16 { bits: 19464 }} -- ref = {F16 { bits: 49376 }, F16 { bits: 49664 } ... F16 { bits: 18608 }, F16 { bits: 19464 }}
01:47:07 [[34mTRACE[0m] -- [✅] mm_f32 = {-2.44, -3.00 ... 9.38, 16.12} -- ref = {-2.44, -3.00 ... 9.38, 16.12}
01:47:07 [[34mTRACE[0m] -- [✅] mm_f64 = {-2.44, -3.00 ... 9.38, 16.12} -- ref = {-2.44, -3.00 ... 9.38, 16.12}
01:47:07 [[34mTRACE[0m] -- [✅] mm_bool = {true, false ... false, true} -- ref = {true, false ... false, true}
01:47:07 [[34mTRACE[0m] -- [✅] mm_bitset = {Bitset { bits: 210 }, Bitset { bits: 252 } ... Bitset { bits: 104 }, Bitset { bits: 4 }} -- ref = {Bitset { bits: 210 }, Bitset { bits: 252 } ... Bitset { bits: 104 }, Bitset { bits: 4 }}
01:47:07 [[34mTRACE[0m] -- [✅] add_acc_i8 = {-5, -3 ... 7, 9} -- ref = {-5, -3 ... 7, 9}
01:47:07 [[34mTRACE[0m] -- [✅] add_acc_i16 = {-5, -3 ... 7, 9} -- ref = {-5, -3 ... 7, 9}
01:47:07 [[34mTRACE[0m] -- [✅] add_acc_i32 = {-5, -3 ... 7, 9} -- ref = {-5, -3 ... 7, 9}
01:47:07 [[34mTRACE[0m] -- [✅] add_acc_u8 = {1, 3 ... 13, 15} -- ref = {1, 3 ... 13, 15}
01:47:07 [[34mTRACE[0m] -- [✅] add_acc_u16 = {1, 3 ... 13, 15} -- ref = {1, 3 ... 13, 15}
01:47:07 [[34mTRACE[0m] -- [✅] add_acc_u32 = {1, 3 ... 13, 15} -- ref = {1, 3 ... 13, 15}
01:47:07 [[34mTRACE[0m] -- [✅] add_acc_i4 = {-7, -5 ... 10, 3} -- ref = {-7, -5 ... 10, 3}
01:47:07 [[34mTRACE[0m] -- [✅] add_acc_i2 = {-1, -1 ... -1, -1} -- ref = {-1, -1 ... -1, -1}
01:47:07 [[34mTRACE[0m] -- [✅] add_acc_i1 = {-1, -1 ... -1, -1} -- ref = {-1, -1 ... -1, -1}
01:47:07 [[34mTRACE[0m] -- [✅] add_acc_u4 = {1, 3 ... 16, 18} -- ref = {1, 3 ... 16, 18}
01:47:07 [[34mTRACE[0m] -- [✅] add_acc_u2 = {3, 3 ... 3, 3} -- ref = {3, 3 ... 3, 3}
01:47:07 [[34mTRACE[0m] -- [✅] add_acc_u1 = {1, 1 ... 1, 1} -- ref = {1, 1 ... 1, 1}
01:47:07 [[34mTRACE[0m] -- [✅] mul_acc_i8 = {4, 0 ... 10, 18} -- ref = {4, 0 ... 10, 18}
01:47:07 [[34mTRACE[0m] -- [✅] mul_acc_i16 = {4, 0 ... 10, 18} -- ref = {4, 0 ... 10, 18}
01:47:07 [[34mTRACE[0m] -- [✅] mul_acc_i32 = {4, 0 ... 10, 18} -- ref = {4, 0 ... 10, 18}
01:47:07 [[34mTRACE[0m] -- [✅] mul_acc_u8 = {0, 2 ... 42, 56} -- ref = {0, 2 ... 42, 56}
01:47:07 [[34mTRACE[0m] -- [✅] mul_acc_u16 = {0, 2 ... 42, 56} -- ref = {0, 2 ... 42, 56}
01:47:07 [[34mTRACE[0m] -- [✅] mul_acc_u32 = {0, 2 ... 42, 56} -- ref = {0, 2 ... 42, 56}
01:47:07 [[34mTRACE[0m] -- [✅] mul_acc_i4 = {-8, 4 ... 24, -28} -- ref = {-8, 4 ... 24, -28}
01:47:07 [[34mTRACE[0m] -- [✅] mul_acc_i2 = {-2, 0 ... 0, -2} -- ref = {-2, 0 ... 0, -2}
01:47:07 [[34mTRACE[0m] -- [✅] mul_acc_i1 = {0, 0 ... 0, 0} -- ref = {0, 0 ... 0, 0}
01:47:07 [[34mTRACE[0m] -- [✅] mul_acc_u4 = {0, 2 ... 28, 45} -- ref = {0, 2 ... 28, 45}
01:47:07 [[34mTRACE[0m] -- [✅] mul_acc_u2 = {0, 2 ... 2, 0} -- ref = {0, 2 ... 2, 0}
01:47:07 [[34mTRACE[0m] -- [✅] mul_acc_u1 = {0, 0 ... 0, 0} -- ref = {0, 0 ... 0, 0}
01:47:07 [[34mTRACE[0m] -- [✅] abs_acc_i8 = {4, 3 ... 2, 3} -- ref = {4, 3 ... 2, 3}
01:47:07 [[34mTRACE[0m] -- [✅] abs_acc_i16 = {4, 3 ... 2, 3} -- ref = {4, 3 ... 2, 3}
01:47:07 [[34mTRACE[0m] -- [✅] abs_acc_i32 = {4, 3 ... 2, 3} -- ref = {4, 3 ... 2, 3}
01:47:07 [[34mTRACE[0m] -- [✅] abs_acc_i4 = {8, 1 ... 0, 0} -- ref = {8, 1 ... 0, 0}
01:47:07 [[34mTRACE[0m] -- [✅] abs_acc_i2 = {2, 2 ... 0, 0} -- ref = {2, 2 ... 0, 0}
01:47:07 [[34mTRACE[0m] -- [✅] abs_acc_i1 = {1, 0 ... 0, 0} -- ref = {1, 0 ... 0, 0}
01:47:07 [[34mTRACE[0m] -- [✅] mm_acc_i8 = {0, -3 ... 201, 270} -- ref = {0, -3 ... 201, 270}
01:47:07 [[34mTRACE[0m] -- [✅] mm_acc_i16 = {0, -3 ... 201, 270} -- ref = {0, -3 ... 201, 270}
01:47:07 [[34mTRACE[0m] -- [✅] mm_acc_i32 = {0, -3 ... 201, 270} -- ref = {0, -3 ... 201, 270}
01:47:07 [[34mTRACE[0m] -- [✅] mm_acc_u8 = {18, 21 ... 321, 396} -- ref = {18, 21 ... 321, 396}
01:47:07 [[34mTRACE[0m] -- [✅] mm_acc_u16 = {18, 21 ... 321, 396} -- ref = {18, 21 ... 321, 396}
01:47:07 [[34mTRACE[0m] -- [✅] mm_acc_u32 = {18, 21 ... 321, 396} -- ref = {18, 21 ... 321, 396}
01:47:07 [[34mTRACE[0m] -- [✅] in_i8 = {1, 1 ... 1, 1} -- ref = {1, 1 ... 1, 1}
01:47:07 [[34mTRACE[0m] -- [✅] in_i16 = {1, 1 ... 1, 1} -- ref = {1, 1 ... 1, 1}
01:47:07 [[34mTRACE[0m] -- [✅] in_i32 = {1, 1 ... 1, 1} -- ref = {1, 1 ... 1, 1}
01:47:07 [[34mTRACE[0m] -- [✅] in_i64 = {1, 1 ... 1, 1} -- ref = {1, 1 ... 1, 1}
01:47:07 [[34mTRACE[0m] -- [✅] in_u8 = {1, 1 ... 1, 1} -- ref = {1, 1 ... 1, 1}
01:47:07 [[34mTRACE[0m] -- [✅] in_u16 = {1, 1 ... 1, 1} -- ref = {1, 1 ... 1, 1}
01:47:07 [[34mTRACE[0m] -- [✅] in_u32 = {1, 1 ... 1, 1} -- ref = {1, 1 ... 1, 1}
01:47:07 [[34mTRACE[0m] -- [✅] in_u64 = {1, 1 ... 1, 1} -- ref = {1, 1 ... 1, 1}
01:47:07 [[34mTRACE[0m] -- [✅] in_f16 = {F16 { bits: 15360 }, F16 { bits: 15360 } ... F16 { bits: 15360 }, F16 { bits: 15360 }} -- ref = {F16 { bits: 15360 }, F16 { bits: 15360 } ... F16 { bits: 15360 }, F16 { bits: 15360 }}
01:47:07 [[34mTRACE[0m] -- [✅] in_bf16 = {1.00, 1.00 ... 1.00, 1.00} -- ref = {1.00, 1.00 ... 1.00, 1.00}
01:47:07 [[34mTRACE[0m] -- [✅] in_f8 = {1.00, 1.00 ... 1.00, 1.00} -- ref = {1.00, 1.00 ... 1.00, 1.00}
01:47:07 [[34mTRACE[0m] -- [✅] in_f32 = {1.00, 1.00 ... 1.00, 1.00} -- ref = {1.00, 1.00 ... 1.00, 1.00}
01:47:07 [[34mTRACE[0m] -- [✅] in_f64 = {1.00, 1.00 ... 1.00, 1.00} -- ref = {1.00, 1.00 ... 1.00, 1.00}
01:47:07 [[34mTRACE[0m] -- [✅] in_bool = {true, true ... true, true} -- ref = {true, true ... true, true}
01:47:07 [[34mTRACE[0m] -- [✅] in_bitset = {Bitset { bits: 1 }, Bitset { bits: 1 } ... Bitset { bits: 1 }, Bitset { bits: 1 }} -- ref = {Bitset { bits: 1 }, Bitset { bits: 1 } ... Bitset { bits: 1 }, Bitset { bits: 1 }}
01:47:07 [[34mTRACE[0m] -- [✅] in_i4 = {0x11, 0x11, 0x11, 0x11} -- ref = {0x11, 0x11, 0x11, 0x11}
01:47:07 [[34mTRACE[0m] -- [✅] in_i2 = {0x55, 0x55} -- ref = {0x55, 0x55}
01:47:07 [[34mTRACE[0m] -- [✅] in_i1 = {0x00} -- ref = {0x00}
01:47:07 [[34mTRACE[0m] -- [✅] in_u4 = {0x11, 0x11, 0x11, 0x11} -- ref = {0x11, 0x11, 0x11, 0x11}
01:47:07 [[34mTRACE[0m] -- [✅] in_u2 = {0x55, 0x55} -- ref = {0x55, 0x55}
01:47:07 [[34mTRACE[0m] -- [✅] in_u1 = {0xff} -- ref = {0xff}
01:47:07 [[34mTRACE[0m] -- [✅] in_ma_i8 = {0, -3 ... -55, 14} -- ref = {0, -3 ... -55, 14}
01:47:07 [[34mTRACE[0m] -- [✅] in_ma_i16 = {0, -3 ... 201, 270} -- ref = {0, -3 ... 201, 270}
01:47:07 [[34mTRACE[0m] -- [✅] in_ma_i32 = {0, -3 ... 201, 270} -- ref = {0, -3 ... 201, 270}
01:47:07 [[34mTRACE[0m] -- [✅] in_ma_i64 = {0, -3 ... 201, 270} -- ref = {0, -3 ... 201, 270}
01:47:07 [[34mTRACE[0m] -- [✅] in_ma_u8 = {18, 21 ... 65, 140} -- ref = {18, 21 ... 65, 140}
01:47:07 [[34mTRACE[0m] -- [✅] in_ma_u16 = {18, 21 ... 321, 396} -- ref = {18, 21 ... 321, 396}
01:47:07 [[34mTRACE[0m] -- [✅] in_ma_u32 = {18, 21 ... 321, 396} -- ref = {18, 21 ... 321, 396}
01:47:07 [[34mTRACE[0m] -- [✅] in_ma_u64 = {18, 21 ... 321, 396} -- ref = {18, 21 ... 321, 396}
01:47:07 [[34mTRACE[0m] -- [✅] in_ma_f16 = {F16 { bits: 49376 }, F16 { bits: 49664 } ... F16 { bits: 18608 }, F16 { bits: 19464 }} -- ref = {F16 { bits: 49376 }, F16 { bits: 49664 } ... F16 { bits: 18608 }, F16 { bits: 19464 }}
01:47:07 [[34mTRACE[0m] -- [✅] in_ma_f32 = {-2.44, -3.00 ... 9.38, 16.12} -- ref = {-2.44, -3.00 ... 9.38, 16.12}
01:47:07 [[34mTRACE[0m] -- [✅] in_ma_f64 = {-2.44, -3.00 ... 9.38, 16.12} -- ref = {-2.44, -3.00 ... 9.38, 16.12}
01:47:07 [[34mTRACE[0m] -- [✅] in_ma_bool = {true, false ... false, true} -- ref = {true, false ... false, true}
01:47:07 [[34mTRACE[0m] -- [✅] in_ma_bitset = {Bitset { bits: 210 }, Bitset { bits: 252 } ... Bitset { bits: 104 }, Bitset { bits: 4 }} -- ref = {Bitset { bits: 210 }, Bitset { bits: 252 } ... Bitset { bits: 104 }, Bitset { bits: 4 }}
01:47:07 [[34mTRACE[0m] -- [✅] finite_f16 = {true} -- ref = {true}
01:47:07 [[34mTRACE[0m] -- [✅] finite_bf16 = {true} -- ref = {true}
01:47:07 [[34mTRACE[0m] -- [✅] finite_f8 = {true} -- ref = {true}
01:47:07 [[34mTRACE[0m] -- [✅] finite_f32 = {true} -- ref = {true}
01:47:07 [[34mTRACE[0m] -- [✅] finite_f64 = {true} -- ref = {true}
01:47:07 [[34mTRACE[0m] -- ops_accumulate_inplace completed on Cpu

=== Example: ops_broadcast_variants ===
==> cargo run --package openinfer --example ops_broadcast_variants  -- --target cpu
01:47:07 [[34mTRACE[0m] -- ⚠️ == Pass but drift. ✅ == Pass with no drift. ❌ == Fail
01:47:07 [[34mTRACE[0m] -- [✅] add_i8 = {-5, -3 ... 7, 9} -- ref = {-5, -3 ... 7, 9}
01:47:07 [[34mTRACE[0m] -- [✅] add_b_i8 = {-5, -4 ... 1, 2} -- ref = {-5, -4 ... 1, 2}
01:47:07 [[34mTRACE[0m] -- [✅] mul_i8 = {4, 0 ... 10, 18} -- ref = {4, 0 ... 10, 18}
01:47:07 [[34mTRACE[0m] -- [✅] mul_b_i8 = {4, 3 ... -2, -3} -- ref = {4, 3 ... -2, -3}
01:47:07 [[34mTRACE[0m] -- [✅] in_add_i8 = {-5, -3 ... 7, 9} -- ref = {-5, -3 ... 7, 9}
01:47:07 [[34mTRACE[0m] -- [✅] in_add_b_i8 = {-5, -4 ... 1, 2} -- ref = {-5, -4 ... 1, 2}
01:47:07 [[34mTRACE[0m] -- [✅] in_mul_i8 = {4, 0 ... 10, 18} -- ref = {4, 0 ... 10, 18}
01:47:07 [[34mTRACE[0m] -- [✅] in_mul_b_i8 = {4, 3 ... -2, -3} -- ref = {4, 3 ... -2, -3}
01:47:07 [[34mTRACE[0m] -- [✅] mm_i8 = {0, -3 ... -55, 14} -- ref = {0, -3 ... -55, 14}
01:47:07 [[34mTRACE[0m] -- [✅] mm_b_i8 = {0, -3 ... 66, 54} -- ref = {0, -3 ... 66, 54}
01:47:07 [[34mTRACE[0m] -- [✅] in_mm_i8 = {0, -3 ... -55, 14} -- ref = {0, -3 ... -55, 14}
01:47:07 [[34mTRACE[0m] -- [✅] in_mm_b_i8 = {0, -3 ... 66, 54} -- ref = {0, -3 ... 66, 54}
01:47:07 [[34mTRACE[0m] -- [✅] add_acc_i4 = {-7, -5 ... 10, 3} -- ref = {-7, -5 ... 10, 3}
01:47:07 [[34mTRACE[0m] -- [✅] add_acc_b_i4 = {-7, -3 ... 7, 8} -- ref = {-7, -3 ... 7, 8}
01:47:07 [[34mTRACE[0m] -- [✅] add_acc_i2 = {-1, -1 ... -1, -1} -- ref = {-1, -1 ... -1, -1}
01:47:07 [[34mTRACE[0m] -- [✅] add_acc_b_i2 = {-1, 0 ... 1, 2} -- ref = {-1, 0 ... 1, 2}
01:47:07 [[34mTRACE[0m] -- [✅] add_acc_i1 = {-1, -1 ... -1, -1} -- ref = {-1, -1 ... -1, -1}
01:47:07 [[34mTRACE[0m] -- [✅] add_acc_b_i1 = {-1, 0 ... -1, 0} -- ref = {-1, 0 ... -1, 0}
01:47:07 [[34mTRACE[0m] -- [✅] mul_acc_i4 = {-8, 4 ... 24, -28} -- ref = {-8, 4 ... 24, -28}
01:47:07 [[34mTRACE[0m] -- [✅] mul_acc_b_i4 = {-8, -4 ... 6, 7} -- ref = {-8, -4 ... 6, 7}
01:47:07 [[34mTRACE[0m] -- [✅] mul_acc_i2 = {-2, 0 ... 0, -2} -- ref = {-2, 0 ... 0, -2}
01:47:07 [[34mTRACE[0m] -- [✅] mul_acc_b_i2 = {-2, -1 ... 0, 1} -- ref = {-2, -1 ... 0, 1}
01:47:07 [[34mTRACE[0m] -- [✅] mul_acc_i1 = {0, 0 ... 0, 0} -- ref = {0, 0 ... 0, 0}
01:47:07 [[34mTRACE[0m] -- [✅] mul_acc_b_i1 = {0, 0 ... 0, 0} -- ref = {0, 0 ... 0, 0}
01:47:07 [[34mTRACE[0m] -- [✅] add_i16 = {-5, -3 ... 7, 9} -- ref = {-5, -3 ... 7, 9}
01:47:07 [[34mTRACE[0m] -- [✅] add_b_i16 = {-5, -4 ... 1, 2} -- ref = {-5, -4 ... 1, 2}
01:47:07 [[34mTRACE[0m] -- [✅] mul_i16 = {4, 0 ... 10, 18} -- ref = {4, 0 ... 10, 18}
01:47:07 [[34mTRACE[0m] -- [✅] mul_b_i16 = {4, 3 ... -2, -3} -- ref = {4, 3 ... -2, -3}
01:47:07 [[34mTRACE[0m] -- [✅] in_add_i16 = {-5, -3 ... 7, 9} -- ref = {-5, -3 ... 7, 9}
01:47:07 [[34mTRACE[0m] -- [✅] in_add_b_i16 = {-5, -4 ... 1, 2} -- ref = {-5, -4 ... 1, 2}
01:47:07 [[34mTRACE[0m] -- [✅] in_mul_i16 = {4, 0 ... 10, 18} -- ref = {4, 0 ... 10, 18}
01:47:07 [[34mTRACE[0m] -- [✅] in_mul_b_i16 = {4, 3 ... -2, -3} -- ref = {4, 3 ... -2, -3}
01:47:07 [[34mTRACE[0m] -- [✅] mm_i16 = {0, -3 ... 201, 270} -- ref = {0, -3 ... 201, 270}
01:47:07 [[34mTRACE[0m] -- [✅] mm_b_i16 = {0, -3 ... 66, 54} -- ref = {0, -3 ... 66, 54}
01:47:07 [[34mTRACE[0m] -- [✅] in_mm_i16 = {0, -3 ... 201, 270} -- ref = {0, -3 ... 201, 270}
01:47:07 [[34mTRACE[0m] -- [✅] in_mm_b_i16 = {0, -3 ... 66, 54} -- ref = {0, -3 ... 66, 54}
01:47:07 [[34mTRACE[0m] -- [✅] add_acc_i8 = {-5, -3 ... 7, 9} -- ref = {-5, -3 ... 7, 9}
01:47:07 [[34mTRACE[0m] -- [✅] add_acc_b_i8 = {-5, -4 ... 1, 2} -- ref = {-5, -4 ... 1, 2}
01:47:07 [[34mTRACE[0m] -- [✅] mul_acc_i8 = {4, 0 ... 10, 18} -- ref = {4, 0 ... 10, 18}
01:47:07 [[34mTRACE[0m] -- [✅] mul_acc_b_i8 = {4, 3 ... -2, -3} -- ref = {4, 3 ... -2, -3}
01:47:07 [[34mTRACE[0m] -- [✅] mm_acc_i8 = {0, -3 ... 201, 270} -- ref = {0, -3 ... 201, 270}
01:47:07 [[34mTRACE[0m] -- [✅] mm_acc_b_i8 = {0, -3 ... 66, 54} -- ref = {0, -3 ... 66, 54}
01:47:07 [[34mTRACE[0m] -- [✅] add_i32 = {-5, -3 ... 7, 9} -- ref = {-5, -3 ... 7, 9}
01:47:07 [[34mTRACE[0m] -- [✅] add_b_i32 = {-5, -4 ... 1, 2} -- ref = {-5, -4 ... 1, 2}
01:47:07 [[34mTRACE[0m] -- [✅] mul_i32 = {4, 0 ... 10, 18} -- ref = {4, 0 ... 10, 18}
01:47:07 [[34mTRACE[0m] -- [✅] mul_b_i32 = {4, 3 ... -2, -3} -- ref = {4, 3 ... -2, -3}
01:47:07 [[34mTRACE[0m] -- [✅] in_add_i32 = {-5, -3 ... 7, 9} -- ref = {-5, -3 ... 7, 9}
01:47:07 [[34mTRACE[0m] -- [✅] in_add_b_i32 = {-5, -4 ... 1, 2} -- ref = {-5, -4 ... 1, 2}
01:47:07 [[34mTRACE[0m] -- [✅] in_mul_i32 = {4, 0 ... 10, 18} -- ref = {4, 0 ... 10, 18}
01:47:07 [[34mTRACE[0m] -- [✅] in_mul_b_i32 = {4, 3 ... -2, -3} -- ref = {4, 3 ... -2, -3}
01:47:07 [[34mTRACE[0m] -- [✅] mm_i32 = {0, -3 ... 201, 270} -- ref = {0, -3 ... 201, 270}
01:47:07 [[34mTRACE[0m] -- [✅] mm_b_i32 = {0, -3 ... 66, 54} -- ref = {0, -3 ... 66, 54}
01:47:07 [[34mTRACE[0m] -- [✅] in_mm_i32 = {0, -3 ... 201, 270} -- ref = {0, -3 ... 201, 270}
01:47:07 [[34mTRACE[0m] -- [✅] in_mm_b_i32 = {0, -3 ... 66, 54} -- ref = {0, -3 ... 66, 54}
01:47:07 [[34mTRACE[0m] -- [✅] add_acc_i16 = {-5, -3 ... 7, 9} -- ref = {-5, -3 ... 7, 9}
01:47:07 [[34mTRACE[0m] -- [✅] add_acc_b_i16 = {-5, -4 ... 1, 2} -- ref = {-5, -4 ... 1, 2}
01:47:07 [[34mTRACE[0m] -- [✅] mul_acc_i16 = {4, 0 ... 10, 18} -- ref = {4, 0 ... 10, 18}
01:47:07 [[34mTRACE[0m] -- [✅] mul_acc_b_i16 = {4, 3 ... -2, -3} -- ref = {4, 3 ... -2, -3}
01:47:07 [[34mTRACE[0m] -- [✅] mm_acc_i16 = {0, -3 ... 201, 270} -- ref = {0, -3 ... 201, 270}
01:47:07 [[34mTRACE[0m] -- [✅] mm_acc_b_i16 = {0, -3 ... 66, 54} -- ref = {0, -3 ... 66, 54}
01:47:07 [[34mTRACE[0m] -- [✅] add_i64 = {-5, -3 ... 7, 9} -- ref = {-5, -3 ... 7, 9}
01:47:07 [[34mTRACE[0m] -- [✅] add_b_i64 = {-5, -4 ... 1, 2} -- ref = {-5, -4 ... 1, 2}
01:47:07 [[34mTRACE[0m] -- [✅] mul_i64 = {4, 0 ... 10, 18} -- ref = {4, 0 ... 10, 18}
01:47:07 [[34mTRACE[0m] -- [✅] mul_b_i64 = {4, 3 ... -2, -3} -- ref = {4, 3 ... -2, -3}
01:47:07 [[34mTRACE[0m] -- [✅] in_add_i64 = {-5, -3 ... 7, 9} -- ref = {-5, -3 ... 7, 9}
01:47:07 [[34mTRACE[0m] -- [✅] in_add_b_i64 = {-5, -4 ... 1, 2} -- ref = {-5, -4 ... 1, 2}
01:47:07 [[34mTRACE[0m] -- [✅] in_mul_i64 = {4, 0 ... 10, 18} -- ref = {4, 0 ... 10, 18}
01:47:07 [[34mTRACE[0m] -- [✅] in_mul_b_i64 = {4, 3 ... -2, -3} -- ref = {4, 3 ... -2, -3}
01:47:07 [[34mTRACE[0m] -- [✅] mm_i64 = {0, -3 ... 201, 270} -- ref = {0, -3 ... 201, 270}
01:47:07 [[34mTRACE[0m] -- [✅] mm_b_i64 = {0, -3 ... 66, 54} -- ref = {0, -3 ... 66, 54}
01:47:07 [[34mTRACE[0m] -- [✅] in_mm_i64 = {0, -3 ... 201, 270} -- ref = {0, -3 ... 201, 270}
01:47:07 [[34mTRACE[0m] -- [✅] in_mm_b_i64 = {0, -3 ... 66, 54} -- ref = {0, -3 ... 66, 54}
01:47:07 [[34mTRACE[0m] -- [✅] add_acc_i32 = {-5, -3 ... 7, 9} -- ref = {-5, -3 ... 7, 9}
01:47:07 [[34mTRACE[0m] -- [✅] add_acc_b_i32 = {-5, -4 ... 1, 2} -- ref = {-5, -4 ... 1, 2}
01:47:07 [[34mTRACE[0m] -- [✅] mul_acc_i32 = {4, 0 ... 10, 18} -- ref = {4, 0 ... 10, 18}
01:47:07 [[34mTRACE[0m] -- [✅] mul_acc_b_i32 = {4, 3 ... -2, -3} -- ref = {4, 3 ... -2, -3}
01:47:07 [[34mTRACE[0m] -- [✅] mm_acc_i32 = {0, -3 ... 201, 270} -- ref = {0, -3 ... 201, 270}
01:47:07 [[34mTRACE[0m] -- [✅] mm_acc_b_i32 = {0, -3 ... 66, 54} -- ref = {0, -3 ... 66, 54}
01:47:07 [[34mTRACE[0m] -- [✅] add_u8 = {1, 3 ... 13, 15} -- ref = {1, 3 ... 13, 15}
01:47:07 [[34mTRACE[0m] -- [✅] add_b_u8 = {1, 2 ... 7, 8} -- ref = {1, 2 ... 7, 8}
01:47:07 [[34mTRACE[0m] -- [✅] mul_u8 = {0, 2 ... 42, 56} -- ref = {0, 2 ... 42, 56}
01:47:07 [[34mTRACE[0m] -- [✅] mul_b_u8 = {0, 1 ... 6, 7} -- ref = {0, 1 ... 6, 7}
01:47:07 [[34mTRACE[0m] -- [✅] in_add_u8 = {1, 3 ... 13, 15} -- ref = {1, 3 ... 13, 15}
01:47:07 [[34mTRACE[0m] -- [✅] in_add_b_u8 = {1, 2 ... 7, 8} -- ref = {1, 2 ... 7, 8}
01:47:07 [[34mTRACE[0m] -- [✅] in_mul_u8 = {0, 2 ... 42, 56} -- ref = {0, 2 ... 42, 56}
01:47:07 [[34mTRACE[0m] -- [✅] in_mul_b_u8 = {0, 1 ... 6, 7} -- ref = {0, 1 ... 6, 7}
01:47:07 [[34mTRACE[0m] -- [✅] mm_u8 = {18, 21 ... 65, 140} -- ref = {18, 21 ... 65, 140}
01:47:07 [[34mTRACE[0m] -- [✅] mm_b_u8 = {18, 21 ... 132, 126} -- ref = {18, 21 ... 132, 126}
01:47:07 [[34mTRACE[0m] -- [✅] in_mm_u8 = {18, 21 ... 65, 140} -- ref = {18, 21 ... 65, 140}
01:47:07 [[34mTRACE[0m] -- [✅] in_mm_b_u8 = {18, 21 ... 132, 126} -- ref = {18, 21 ... 132, 126}
01:47:07 [[34mTRACE[0m] -- [✅] add_acc_u4 = {1, 3 ... 16, 18} -- ref = {1, 3 ... 16, 18}
01:47:07 [[34mTRACE[0m] -- [✅] add_acc_b_u4 = {1, 2 ... 15, 16} -- ref = {1, 2 ... 15, 16}
01:47:07 [[34mTRACE[0m] -- [✅] add_acc_u2 = {3, 3 ... 3, 3} -- ref = {3, 3 ... 3, 3}
01:47:07 [[34mTRACE[0m] -- [✅] add_acc_b_u2 = {3, 4 ... 5, 6} -- ref = {3, 4 ... 5, 6}
01:47:07 [[34mTRACE[0m] -- [✅] add_acc_u1 = {1, 1 ... 1, 1} -- ref = {1, 1 ... 1, 1}
01:47:07 [[34mTRACE[0m] -- [✅] add_acc_b_u1 = {1, 2 ... 2, 1} -- ref = {1, 2 ... 2, 1}
01:47:07 [[34mTRACE[0m] -- [✅] mul_acc_u4 = {0, 2 ... 28, 45} -- ref = {0, 2 ... 28, 45}
01:47:07 [[34mTRACE[0m] -- [✅] mul_acc_b_u4 = {0, 1 ... 14, 15} -- ref = {0, 1 ... 14, 15}
01:47:07 [[34mTRACE[0m] -- [✅] mul_acc_u2 = {0, 2 ... 2, 0} -- ref = {0, 2 ... 2, 0}
01:47:07 [[34mTRACE[0m] -- [✅] mul_acc_b_u2 = {0, 3 ... 6, 9} -- ref = {0, 3 ... 6, 9}
01:47:07 [[34mTRACE[0m] -- [✅] mul_acc_u1 = {0, 0 ... 0, 0} -- ref = {0, 0 ... 0, 0}
01:47:07 [[34mTRACE[0m] -- [✅] mul_acc_b_u1 = {0, 1 ... 1, 0} -- ref = {0, 1 ... 1, 0}
01:47:07 [[34mTRACE[0m] -- [✅] add_u16 = {1, 3 ... 13, 15} -- ref = {1, 3 ... 13, 15}
01:47:07 [[34mTRACE[0m] -- [✅] add_b_u16 = {1, 2 ... 7, 8} -- ref = {1, 2 ... 7, 8}
01:47:07 [[34mTRACE[0m] -- [✅] mul_u16 = {0, 2 ... 42, 56} -- ref = {0, 2 ... 42, 56}
01:47:07 [[34mTRACE[0m] -- [✅] mul_b_u16 = {0, 1 ... 6, 7} -- ref = {0, 1 ... 6, 7}
01:47:07 [[34mTRACE[0m] -- [✅] in_add_u16 = {1, 3 ... 13, 15} -- ref = {1, 3 ... 13, 15}
01:47:07 [[34mTRACE[0m] -- [✅] in_add_b_u16 = {1, 2 ... 7, 8} -- ref = {1, 2 ... 7, 8}
01:47:07 [[34mTRACE[0m] -- [✅] in_mul_u16 = {0, 2 ... 42, 56} -- ref = {0, 2 ... 42, 56}
01:47:07 [[34mTRACE[0m] -- [✅] in_mul_b_u16 = {0, 1 ... 6, 7} -- ref = {0, 1 ... 6, 7}
01:47:07 [[34mTRACE[0m] -- [✅] mm_u16 = {18, 21 ... 321, 396} -- ref = {18, 21 ... 321, 396}
01:47:07 [[34mTRACE[0m] -- [✅] mm_b_u16 = {18, 21 ... 132, 126} -- ref = {18, 21 ... 132, 126}
01:47:07 [[34mTRACE[0m] -- [✅] in_mm_u16 = {18, 21 ... 321, 396} -- ref = {18, 21 ... 321, 396}
01:47:07 [[34mTRACE[0m] -- [✅] in_mm_b_u16 = {18, 21 ... 132, 126} -- ref = {18, 21 ... 132, 126}
01:47:07 [[34mTRACE[0m] -- [✅] add_acc_u8 = {1, 3 ... 13, 15} -- ref = {1, 3 ... 13, 15}
01:47:07 [[34mTRACE[0m] -- [✅] add_acc_b_u8 = {1, 2 ... 7, 8} -- ref = {1, 2 ... 7, 8}
01:47:07 [[34mTRACE[0m] -- [✅] mul_acc_u8 = {0, 2 ... 42, 56} -- ref = {0, 2 ... 42, 56}
01:47:07 [[34mTRACE[0m] -- [✅] mul_acc_b_u8 = {0, 1 ... 6, 7} -- ref = {0, 1 ... 6, 7}
01:47:07 [[34mTRACE[0m] -- [✅] mm_acc_u8 = {18, 21 ... 321, 396} -- ref = {18, 21 ... 321, 396}
01:47:07 [[34mTRACE[0m] -- [✅] mm_acc_b_u8 = {18, 21 ... 132, 126} -- ref = {18, 21 ... 132, 126}
01:47:07 [[34mTRACE[0m] -- [✅] add_u32 = {1, 3 ... 13, 15} -- ref = {1, 3 ... 13, 15}
01:47:07 [[34mTRACE[0m] -- [✅] add_b_u32 = {1, 2 ... 7, 8} -- ref = {1, 2 ... 7, 8}
01:47:07 [[34mTRACE[0m] -- [✅] mul_u32 = {0, 2 ... 42, 56} -- ref = {0, 2 ... 42, 56}
01:47:07 [[34mTRACE[0m] -- [✅] mul_b_u32 = {0, 1 ... 6, 7} -- ref = {0, 1 ... 6, 7}
01:47:07 [[34mTRACE[0m] -- [✅] in_add_u32 = {1, 3 ... 13, 15} -- ref = {1, 3 ... 13, 15}
01:47:07 [[34mTRACE[0m] -- [✅] in_add_b_u32 = {1, 2 ... 7, 8} -- ref = {1, 2 ... 7, 8}
01:47:07 [[34mTRACE[0m] -- [✅] in_mul_u32 = {0, 2 ... 42, 56} -- ref = {0, 2 ... 42, 56}
01:47:07 [[34mTRACE[0m] -- [✅] in_mul_b_u32 = {0, 1 ... 6, 7} -- ref = {0, 1 ... 6, 7}
01:47:07 [[34mTRACE[0m] -- [✅] mm_u32 = {18, 21 ... 321, 396} -- ref = {18, 21 ... 321, 396}
01:47:07 [[34mTRACE[0m] -- [✅] mm_b_u32 = {18, 21 ... 132, 126} -- ref = {18, 21 ... 132, 126}
01:47:07 [[34mTRACE[0m] -- [✅] in_mm_u32 = {18, 21 ... 321, 396} -- ref = {18, 21 ... 321, 396}
01:47:07 [[34mTRACE[0m] -- [✅] in_mm_b_u32 = {18, 21 ... 132, 126} -- ref = {18, 21 ... 132, 126}
01:47:07 [[34mTRACE[0m] -- [✅] add_acc_u16 = {1, 3 ... 13, 15} -- ref = {1, 3 ... 13, 15}
01:47:07 [[34mTRACE[0m] -- [✅] add_acc_b_u16 = {1, 2 ... 7, 8} -- ref = {1, 2 ... 7, 8}
01:47:07 [[34mTRACE[0m] -- [✅] mul_acc_u16 = {0, 2 ... 42, 56} -- ref = {0, 2 ... 42, 56}
01:47:07 [[34mTRACE[0m] -- [✅] mul_acc_b_u16 = {0, 1 ... 6, 7} -- ref = {0, 1 ... 6, 7}
01:47:07 [[34mTRACE[0m] -- [✅] mm_acc_u16 = {18, 21 ... 321, 396} -- ref = {18, 21 ... 321, 396}
01:47:07 [[34mTRACE[0m] -- [✅] mm_acc_b_u16 = {18, 21 ... 132, 126} -- ref = {18, 21 ... 132, 126}
01:47:07 [[34mTRACE[0m] -- [✅] add_u64 = {1, 3 ... 13, 15} -- ref = {1, 3 ... 13, 15}
01:47:07 [[34mTRACE[0m] -- [✅] add_b_u64 = {1, 2 ... 7, 8} -- ref = {1, 2 ... 7, 8}
01:47:07 [[34mTRACE[0m] -- [✅] mul_u64 = {0, 2 ... 42, 56} -- ref = {0, 2 ... 42, 56}
01:47:07 [[34mTRACE[0m] -- [✅] mul_b_u64 = {0, 1 ... 6, 7} -- ref = {0, 1 ... 6, 7}
01:47:07 [[34mTRACE[0m] -- [✅] in_add_u64 = {1, 3 ... 13, 15} -- ref = {1, 3 ... 13, 15}
01:47:07 [[34mTRACE[0m] -- [✅] in_add_b_u64 = {1, 2 ... 7, 8} -- ref = {1, 2 ... 7, 8}
01:47:07 [[34mTRACE[0m] -- [✅] in_mul_u64 = {0, 2 ... 42, 56} -- ref = {0, 2 ... 42, 56}
01:47:07 [[34mTRACE[0m] -- [✅] in_mul_b_u64 = {0, 1 ... 6, 7} -- ref = {0, 1 ... 6, 7}
01:47:07 [[34mTRACE[0m] -- [✅] mm_u64 = {18, 21 ... 321, 396} -- ref = {18, 21 ... 321, 396}
01:47:07 [[34mTRACE[0m] -- [✅] mm_b_u64 = {18, 21 ... 132, 126} -- ref = {18, 21 ... 132, 126}
01:47:07 [[34mTRACE[0m] -- [✅] in_mm_u64 = {18, 21 ... 321, 396} -- ref = {18, 21 ... 321, 396}
01:47:07 [[34mTRACE[0m] -- [✅] in_mm_b_u64 = {18, 21 ... 132, 126} -- ref = {18, 21 ... 132, 126}
01:47:07 [[34mTRACE[0m] -- [✅] add_acc_u32 = {1, 3 ... 13, 15} -- ref = {1, 3 ... 13, 15}
01:47:07 [[34mTRACE[0m] -- [✅] add_acc_b_u32 = {1, 2 ... 7, 8} -- ref = {1, 2 ... 7, 8}
01:47:07 [[34mTRACE[0m] -- [✅] mul_acc_u32 = {0, 2 ... 42, 56} -- ref = {0, 2 ... 42, 56}
01:47:07 [[34mTRACE[0m] -- [✅] mul_acc_b_u32 = {0, 1 ... 6, 7} -- ref = {0, 1 ... 6, 7}
01:47:07 [[34mTRACE[0m] -- [✅] mm_acc_u32 = {18, 21 ... 321, 396} -- ref = {18, 21 ... 321, 396}
01:47:07 [[34mTRACE[0m] -- [✅] mm_acc_b_u32 = {18, 21 ... 132, 126} -- ref = {18, 21 ... 132, 126}
01:47:07 [[34mTRACE[0m] -- [✅] add_bool = {true, false ... true, false} -- ref = {true, false ... true, false}
01:47:07 [[34mTRACE[0m] -- [✅] add_b_bool = {true, true ... true, true} -- ref = {true, true ... true, true}
01:47:07 [[34mTRACE[0m] -- [✅] mul_bool = {true, false ... true, false} -- ref = {true, false ... true, false}
01:47:07 [[34mTRACE[0m] -- [✅] mul_b_bool = {true, false ... true, false} -- ref = {true, false ... true, false}
01:47:07 [[34mTRACE[0m] -- [✅] in_add_bool = {true, false ... true, false} -- ref = {true, false ... true, false}
01:47:07 [[34mTRACE[0m] -- [✅] in_add_b_bool = {true, true ... true, true} -- ref = {true, true ... true, true}
01:47:07 [[34mTRACE[0m] -- [✅] in_mul_bool = {true, false ... true, false} -- ref = {true, false ... true, false}
01:47:07 [[34mTRACE[0m] -- [✅] in_mul_b_bool = {true, false ... true, false} -- ref = {true, false ... true, false}
01:47:07 [[34mTRACE[0m] -- [✅] mm_bool = {true, false ... false, true} -- ref = {true, false ... false, true}
01:47:07 [[34mTRACE[0m] -- [✅] mm_b_bool = {true, false ... false, true} -- ref = {true, false ... false, true}
01:47:07 [[34mTRACE[0m] -- [✅] in_mm_bool = {true, false ... false, true} -- ref = {true, false ... false, true}
01:47:07 [[34mTRACE[0m] -- [✅] in_mm_b_bool = {true, false ... false, true} -- ref = {true, false ... false, true}
01:47:07 [[34mTRACE[0m] -- [✅] add_bitset = {Bitset { bits: 0 }, Bitset { bits: 8 } ... Bitset { bits: 48 }, Bitset { bits: 56 }} -- ref = {Bitset { bits: 0 }, Bitset { bits: 8 } ... Bitset { bits: 48 }, Bitset { bits: 56 }}
01:47:07 [[34mTRACE[0m] -- [✅] add_b_bitset = {Bitset { bits: 0 }, Bitset { bits: 3 } ... Bitset { bits: 18 }, Bitset { bits: 21 }} -- ref = {Bitset { bits: 0 }, Bitset { bits: 3 } ... Bitset { bits: 18 }, Bitset { bits: 21 }}
01:47:07 [[34mTRACE[0m] -- [✅] mul_bitset = {Bitset { bits: 0 }, Bitset { bits: 15 } ... Bitset { bits: 28 }, Bitset { bits: 223 }} -- ref = {Bitset { bits: 0 }, Bitset { bits: 15 } ... Bitset { bits: 28 }, Bitset { bits: 223 }}
01:47:07 [[34mTRACE[0m] -- [✅] mul_b_bitset = {Bitset { bits: 0 }, Bitset { bits: 0 } ... Bitset { bits: 0 }, Bitset { bits: 0 }} -- ref = {Bitset { bits: 0 }, Bitset { bits: 0 } ... Bitset { bits: 0 }, Bitset { bits: 0 }}
01:47:07 [[34mTRACE[0m] -- [✅] in_add_bitset = {Bitset { bits: 0 }, Bitset { bits: 8 } ... Bitset { bits: 48 }, Bitset { bits: 56 }} -- ref = {Bitset { bits: 0 }, Bitset { bits: 8 } ... Bitset { bits: 48 }, Bitset { bits: 56 }}
01:47:07 [[34mTRACE[0m] -- [✅] in_add_b_bitset = {Bitset { bits: 0 }, Bitset { bits: 3 } ... Bitset { bits: 18 }, Bitset { bits: 21 }} -- ref = {Bitset { bits: 0 }, Bitset { bits: 3 } ... Bitset { bits: 18 }, Bitset { bits: 21 }}
01:47:07 [[34mTRACE[0m] -- [✅] in_mul_bitset = {Bitset { bits: 0 }, Bitset { bits: 15 } ... Bitset { bits: 28 }, Bitset { bits: 223 }} -- ref = {Bitset { bits: 0 }, Bitset { bits: 15 } ... Bitset { bits: 28 }, Bitset { bits: 223 }}
01:47:07 [[34mTRACE[0m] -- [✅] in_mul_b_bitset = {Bitset { bits: 0 }, Bitset { bits: 0 } ... Bitset { bits: 0 }, Bitset { bits: 0 }} -- ref = {Bitset { bits: 0 }, Bitset { bits: 0 } ... Bitset { bits: 0 }, Bitset { bits: 0 }}
01:47:07 [[34mTRACE[0m] -- [✅] mm_bitset = {Bitset { bits: 210 }, Bitset { bits: 252 } ... Bitset { bits: 104 }, Bitset { bits: 4 }} -- ref = {Bitset { bits: 210 }, Bitset { bits: 252 } ... Bitset { bits: 104 }, Bitset { bits: 4 }}
01:47:07 [[34mTRACE[0m] -- [✅] mm_b_bitset = {Bitset { bits: 210 }, Bitset { bits: 252 } ... Bitset { bits: 18 }, Bitset { bits: 64 }} -- ref = {Bitset { bits: 210 }, Bitset { bits: 252 } ... Bitset { bits: 18 }, Bitset { bits: 64 }}
01:47:07 [[34mTRACE[0m] -- [✅] in_mm_bitset = {Bitset { bits: 210 }, Bitset { bits: 252 } ... Bitset { bits: 104 }, Bitset { bits: 4 }} -- ref = {Bitset { bits: 210 }, Bitset { bits: 252 } ... Bitset { bits: 104 }, Bitset { bits: 4 }}
01:47:07 [[34mTRACE[0m] -- [✅] in_mm_b_bitset = {Bitset { bits: 210 }, Bitset { bits: 252 } ... Bitset { bits: 18 }, Bitset { bits: 64 }} -- ref = {Bitset { bits: 210 }, Bitset { bits: 252 } ... Bitset { bits: 18 }, Bitset { bits: 64 }}
01:47:07 [[34mTRACE[0m] -- [✅] add_i4 = {0xb9, 0xe1, 0x04, 0x3a} -- ref = {0xb9, 0xe1, 0x04, 0x3a}
01:47:07 [[34mTRACE[0m] -- [✅] add_b_i4 = {0xd9, 0x10, 0x42, 0x87} -- ref = {0xd9, 0x10, 0x42, 0x87}
01:47:07 [[34mTRACE[0m] -- [✅] mul_i4 = {0x48, 0x0e, 0x73, 0x48} -- ref = {0x48, 0x0e, 0x73, 0x48}
01:47:07 [[34mTRACE[0m] -- [✅] mul_b_i4 = {0xc8, 0x0f, 0x31, 0x76} -- ref = {0xc8, 0x0f, 0x31, 0x76}
01:47:07 [[34mTRACE[0m] -- [✅] in_add_i4 = {0xb9, 0xe1, 0x04, 0x3a} -- ref = {0xb9, 0xe1, 0x04, 0x3a}
01:47:07 [[34mTRACE[0m] -- [✅] in_add_b_i4 = {0xd9, 0x10, 0x42, 0x87} -- ref = {0xd9, 0x10, 0x42, 0x87}
01:47:07 [[34mTRACE[0m] -- [✅] in_mul_i4 = {0x48, 0x0e, 0x73, 0x48} -- ref = {0x48, 0x0e, 0x73, 0x48}
01:47:07 [[34mTRACE[0m] -- [✅] in_mul_b_i4 = {0xc8, 0x0f, 0x31, 0x76} -- ref = {0xc8, 0x0f, 0x31, 0x76}
01:47:07 [[34mTRACE[0m] -- [✅] add_i2 = {0xff, 0xff} -- ref = {0xff, 0xff}
01:47:07 [[34mTRACE[0m] -- [✅] add_b_i2 = {0x93, 0x93} -- ref = {0x93, 0x93}
01:47:07 [[34mTRACE[0m] -- [✅] mul_i2 = {0x82, 0x82} -- ref = {0x82, 0x82}
01:47:07 [[34mTRACE[0m] -- [✅] mul_b_i2 = {0x4e, 0x4e} -- ref = {0x4e, 0x4e}
01:47:07 [[34mTRACE[0m] -- [✅] in_add_i2 = {0xff, 0xff} -- ref = {0xff, 0xff}
01:47:07 [[34mTRACE[0m] -- [✅] in_add_b_i2 = {0x93, 0x93} -- ref = {0x93, 0x93}
01:47:07 [[34mTRACE[0m] -- [✅] in_mul_i2 = {0x82, 0x82} -- ref = {0x82, 0x82}
01:47:07 [[34mTRACE[0m] -- [✅] in_mul_b_i2 = {0x4e, 0x4e} -- ref = {0x4e, 0x4e}
01:47:07 [[34mTRACE[0m] -- [✅] add_i1 = {0xff} -- ref = {0xff}
01:47:07 [[34mTRACE[0m] -- [✅] add_b_i1 = {0x55} -- ref = {0x55}
01:47:07 [[34mTRACE[0m] -- [✅] mul_i1 = {0x00} -- ref = {0x00}
01:47:07 [[34mTRACE[0m] -- [✅] mul_b_i1 = {0x00} -- ref = {0x00}
01:47:07 [[34mTRACE[0m] -- [✅] in_add_i1 = {0xff} -- ref = {0xff}
01:47:07 [[34mTRACE[0m] -- [✅] in_add_b_i1 = {0x55} -- ref = {0x55}
01:47:07 [[34mTRACE[0m] -- [✅] in_mul_i1 = {0x00} -- ref = {0x00}
01:47:07 [[34mTRACE[0m] -- [✅] in_mul_b_i1 = {0x00} -- ref = {0x00}
01:47:07 [[34mTRACE[0m] -- [✅] add_u4 = {0x31, 0x75, 0x64, 0x20} -- ref = {0x31, 0x75, 0x64, 0x20}
01:47:07 [[34mTRACE[0m] -- [✅] add_b_u4 = {0x21, 0x43, 0x65, 0x0f} -- ref = {0x21, 0x43, 0x65, 0x0f}
01:47:07 [[34mTRACE[0m] -- [✅] mul_u4 = {0x20, 0xc6, 0x50, 0xdc} -- ref = {0x20, 0xc6, 0x50, 0xdc}
01:47:07 [[34mTRACE[0m] -- [✅] mul_b_u4 = {0x10, 0x32, 0x54, 0xfe} -- ref = {0x10, 0x32, 0x54, 0xfe}
01:47:07 [[34mTRACE[0m] -- [✅] in_add_u4 = {0x31, 0x75, 0x64, 0x20} -- ref = {0x31, 0x75, 0x64, 0x20}
01:47:07 [[34mTRACE[0m] -- [✅] in_add_b_u4 = {0x21, 0x43, 0x65, 0x0f} -- ref = {0x21, 0x43, 0x65, 0x0f}
01:47:07 [[34mTRACE[0m] -- [✅] in_mul_u4 = {0x20, 0xc6, 0x50, 0xdc} -- ref = {0x20, 0xc6, 0x50, 0xdc}
01:47:07 [[34mTRACE[0m] -- [✅] in_mul_b_u4 = {0x10, 0x32, 0x54, 0xfe} -- ref = {0x10, 0x32, 0x54, 0xfe}
01:47:07 [[34mTRACE[0m] -- [✅] add_u2 = {0xff, 0xff} -- ref = {0xff, 0xff}
01:47:07 [[34mTRACE[0m] -- [✅] add_b_u2 = {0x93, 0x93} -- ref = {0x93, 0x93}
01:47:07 [[34mTRACE[0m] -- [✅] mul_u2 = {0x28, 0x28} -- ref = {0x28, 0x28}
01:47:07 [[34mTRACE[0m] -- [✅] mul_b_u2 = {0x6c, 0x6c} -- ref = {0x6c, 0x6c}
01:47:07 [[34mTRACE[0m] -- [✅] in_add_u2 = {0xff, 0xff} -- ref = {0xff, 0xff}
01:47:07 [[34mTRACE[0m] -- [✅] in_add_b_u2 = {0x93, 0x93} -- ref = {0x93, 0x93}
01:47:07 [[34mTRACE[0m] -- [✅] in_mul_u2 = {0x28, 0x28} -- ref = {0x28, 0x28}
01:47:07 [[34mTRACE[0m] -- [✅] in_mul_b_u2 = {0x6c, 0x6c} -- ref = {0x6c, 0x6c}
01:47:07 [[34mTRACE[0m] -- [✅] add_u1 = {0xff} -- ref = {0xff}
01:47:07 [[34mTRACE[0m] -- [✅] add_b_u1 = {0xa5} -- ref = {0xa5}
01:47:07 [[34mTRACE[0m] -- [✅] mul_u1 = {0x00} -- ref = {0x00}
01:47:07 [[34mTRACE[0m] -- [✅] mul_b_u1 = {0x5a} -- ref = {0x5a}
01:47:07 [[34mTRACE[0m] -- [✅] in_add_u1 = {0xff} -- ref = {0xff}
01:47:07 [[34mTRACE[0m] -- [✅] in_add_b_u1 = {0xa5} -- ref = {0xa5}
01:47:07 [[34mTRACE[0m] -- [✅] in_mul_u1 = {0x00} -- ref = {0x00}
01:47:07 [[34mTRACE[0m] -- [✅] in_mul_b_u1 = {0x5a} -- ref = {0x5a}
01:47:07 [[34mTRACE[0m] -- [✅] add_f16 = {F16 { bits: 48640 }, F16 { bits: 47104 } ... F16 { bits: 17536 }, F16 { bits: 17792 }} -- ref = {F16 { bits: 48640 }, F16 { bits: 47104 } ... F16 { bits: 17536 }, F16 { bits: 17792 }}
01:47:07 [[34mTRACE[0m] -- [✅] add_b_f16 = {F16 { bits: 48640 }, F16 { bits: 48128 } ... F16 { bits: 15872 }, F16 { bits: 16384 }} -- ref = {F16 { bits: 48640 }, F16 { bits: 48128 } ... F16 { bits: 15872 }, F16 { bits: 16384 }}
01:47:07 [[34mTRACE[0m] -- [✅] mul_f16 = {F16 { bits: 48128 }, F16 { bits: 48640 } ... F16 { bits: 17152 }, F16 { bits: 17920 }} -- ref = {F16 { bits: 48128 }, F16 { bits: 48640 } ... F16 { bits: 17152 }, F16 { bits: 17920 }}
01:47:07 [[34mTRACE[0m] -- [✅] mul_b_f16 = {F16 { bits: 48128 }, F16 { bits: 47616 } ... F16 { bits: 14336 }, F16 { bits: 14848 }} -- ref = {F16 { bits: 48128 }, F16 { bits: 47616 } ... F16 { bits: 14336 }, F16 { bits: 14848 }}
01:47:07 [[34mTRACE[0m] -- [✅] in_add_f16 = {F16 { bits: 48640 }, F16 { bits: 47104 } ... F16 { bits: 17536 }, F16 { bits: 17792 }} -- ref = {F16 { bits: 48640 }, F16 { bits: 47104 } ... F16 { bits: 17536 }, F16 { bits: 17792 }}
01:47:07 [[34mTRACE[0m] -- [✅] in_add_b_f16 = {F16 { bits: 48640 }, F16 { bits: 48128 } ... F16 { bits: 15872 }, F16 { bits: 16384 }} -- ref = {F16 { bits: 48640 }, F16 { bits: 48128 } ... F16 { bits: 15872 }, F16 { bits: 16384 }}
01:47:07 [[34mTRACE[0m] -- [✅] in_mul_f16 = {F16 { bits: 48128 }, F16 { bits: 48640 } ... F16 { bits: 17152 }, F16 { bits: 17920 }} -- ref = {F16 { bits: 48128 }, F16 { bits: 48640 } ... F16 { bits: 17152 }, F16 { bits: 17920 }}
01:47:07 [[34mTRACE[0m] -- [✅] in_mul_b_f16 = {F16 { bits: 48128 }, F16 { bits: 47616 } ... F16 { bits: 14336 }, F16 { bits: 14848 }} -- ref = {F16 { bits: 48128 }, F16 { bits: 47616 } ... F16 { bits: 14336 }, F16 { bits: 14848 }}
01:47:07 [[34mTRACE[0m] -- [✅] mm_f16 = {F16 { bits: 49376 }, F16 { bits: 49664 } ... F16 { bits: 18608 }, F16 { bits: 19464 }} -- ref = {F16 { bits: 49376 }, F16 { bits: 49664 } ... F16 { bits: 18608 }, F16 { bits: 19464 }}
01:47:07 [[34mTRACE[0m] -- [✅] mm_b_f16 = {F16 { bits: 49376 }, F16 { bits: 49664 } ... F16 { bits: 17488 }, F16 { bits: 17920 }} -- ref = {F16 { bits: 49376 }, F16 { bits: 49664 } ... F16 { bits: 17488 }, F16 { bits: 17920 }}
01:47:07 [[34mTRACE[0m] -- [✅] in_mm_f16 = {F16 { bits: 49376 }, F16 { bits: 49664 } ... F16 { bits: 18608 }, F16 { bits: 19464 }} -- ref = {F16 { bits: 49376 }, F16 { bits: 49664 } ... F16 { bits: 18608 }, F16 { bits: 19464 }}
01:47:07 [[34mTRACE[0m] -- [✅] in_mm_b_f16 = {F16 { bits: 49376 }, F16 { bits: 49664 } ... F16 { bits: 17488 }, F16 { bits: 17920 }} -- ref = {F16 { bits: 49376 }, F16 { bits: 49664 } ... F16 { bits: 17488 }, F16 { bits: 17920 }}
01:47:07 [[34mTRACE[0m] -- [✅] add_bf16 = {-1.50, -0.50 ... 4.50, 5.50} -- ref = {-1.50, -0.50 ... 4.50, 5.50}
01:47:07 [[34mTRACE[0m] -- [✅] add_b_bf16 = {-1.50, -1.00 ... 1.50, 2.00} -- ref = {-1.50, -1.00 ... 1.50, 2.00}
01:47:07 [[34mTRACE[0m] -- [✅] mul_bf16 = {-1.00, -1.50 ... 3.50, 6.00} -- ref = {-1.00, -1.50 ... 3.50, 6.00}
01:47:07 [[34mTRACE[0m] -- [✅] mul_b_bf16 = {-1.00, -0.75 ... 0.50, 0.75} -- ref = {-1.00, -0.75 ... 0.50, 0.75}
01:47:07 [[34mTRACE[0m] -- [✅] in_add_bf16 = {-1.50, -0.50 ... 4.50, 5.50} -- ref = {-1.50, -0.50 ... 4.50, 5.50}
01:47:07 [[34mTRACE[0m] -- [✅] in_add_b_bf16 = {-1.50, -1.00 ... 1.50, 2.00} -- ref = {-1.50, -1.00 ... 1.50, 2.00}
01:47:07 [[34mTRACE[0m] -- [✅] in_mul_bf16 = {-1.00, -1.50 ... 3.50, 6.00} -- ref = {-1.00, -1.50 ... 3.50, 6.00}
01:47:07 [[34mTRACE[0m] -- [✅] in_mul_b_bf16 = {-1.00, -0.75 ... 0.50, 0.75} -- ref = {-1.00, -0.75 ... 0.50, 0.75}
01:47:07 [[34mTRACE[0m] -- [✅] add_f8 = {-1.50, -0.50 ... 5.00, 6.00} -- ref = {-1.50, -0.50 ... 5.00, 6.00}
01:47:07 [[34mTRACE[0m] -- [✅] add_b_f8 = {-1.50, -1.00 ... 1.50, 2.00} -- ref = {-1.50, -1.00 ... 1.50, 2.00}
01:47:07 [[34mTRACE[0m] -- [✅] mul_f8 = {-1.00, -1.50 ... 3.50, 6.00} -- ref = {-1.00, -1.50 ... 3.50, 6.00}
01:47:07 [[34mTRACE[0m] -- [✅] mul_b_f8 = {-1.00, -0.75 ... 0.50, 0.75} -- ref = {-1.00, -0.75 ... 0.50, 0.75}
01:47:07 [[34mTRACE[0m] -- [✅] in_add_f8 = {-1.50, -0.50 ... 5.00, 6.00} -- ref = {-1.50, -0.50 ... 5.00, 6.00}
01:47:07 [[34mTRACE[0m] -- [✅] in_add_b_f8 = {-1.50, -1.00 ... 1.50, 2.00} -- ref = {-1.50, -1.00 ... 1.50, 2.00}
01:47:07 [[34mTRACE[0m] -- [✅] in_mul_f8 = {-1.00, -1.50 ... 3.50, 6.00} -- ref = {-1.00, -1.50 ... 3.50, 6.00}
01:47:07 [[34mTRACE[0m] -- [✅] in_mul_b_f8 = {-1.00, -0.75 ... 0.50, 0.75} -- ref = {-1.00, -0.75 ... 0.50, 0.75}
01:47:07 [[34mTRACE[0m] -- [✅] add_f32 = {-1.50, -0.50 ... 4.50, 5.50} -- ref = {-1.50, -0.50 ... 4.50, 5.50}
01:47:07 [[34mTRACE[0m] -- [✅] add_b_f32 = {-1.50, -1.00 ... 1.50, 2.00} -- ref = {-1.50, -1.00 ... 1.50, 2.00}
01:47:07 [[34mTRACE[0m] -- [✅] mul_f32 = {-1.00, -1.50 ... 3.50, 6.00} -- ref = {-1.00, -1.50 ... 3.50, 6.00}
01:47:07 [[34mTRACE[0m] -- [✅] mul_b_f32 = {-1.00, -0.75 ... 0.50, 0.75} -- ref = {-1.00, -0.75 ... 0.50, 0.75}
01:47:07 [[34mTRACE[0m] -- [✅] in_add_f32 = {-1.50, -0.50 ... 4.50, 5.50} -- ref = {-1.50, -0.50 ... 4.50, 5.50}
01:47:07 [[34mTRACE[0m] -- [✅] in_add_b_f32 = {-1.50, -1.00 ... 1.50, 2.00} -- ref = {-1.50, -1.00 ... 1.50, 2.00}
01:47:07 [[34mTRACE[0m] -- [✅] in_mul_f32 = {-1.00, -1.50 ... 3.50, 6.00} -- ref = {-1.00, -1.50 ... 3.50, 6.00}
01:47:07 [[34mTRACE[0m] -- [✅] in_mul_b_f32 = {-1.00, -0.75 ... 0.50, 0.75} -- ref = {-1.00, -0.75 ... 0.50, 0.75}
01:47:07 [[34mTRACE[0m] -- [✅] mm_f32 = {-2.44, -3.00 ... 9.38, 16.12} -- ref = {-2.44, -3.00 ... 9.38, 16.12}
01:47:07 [[34mTRACE[0m] -- [✅] mm_b_f32 = {-2.44, -3.00 ... 4.31, 6.00} -- ref = {-2.44, -3.00 ... 4.31, 6.00}
01:47:07 [[34mTRACE[0m] -- [✅] in_mm_f32 = {-2.44, -3.00 ... 9.38, 16.12} -- ref = {-2.44, -3.00 ... 9.38, 16.12}
01:47:07 [[34mTRACE[0m] -- [✅] in_mm_b_f32 = {-2.44, -3.00 ... 4.31, 6.00} -- ref = {-2.44, -3.00 ... 4.31, 6.00}
01:47:07 [[34mTRACE[0m] -- [✅] add_f64 = {-1.50, -0.50 ... 4.50, 5.50} -- ref = {-1.50, -0.50 ... 4.50, 5.50}
01:47:07 [[34mTRACE[0m] -- [✅] add_b_f64 = {-1.50, -1.00 ... 1.50, 2.00} -- ref = {-1.50, -1.00 ... 1.50, 2.00}
01:47:07 [[34mTRACE[0m] -- [✅] mul_f64 = {-1.00, -1.50 ... 3.50, 6.00} -- ref = {-1.00, -1.50 ... 3.50, 6.00}
01:47:07 [[34mTRACE[0m] -- [✅] mul_b_f64 = {-1.00, -0.75 ... 0.50, 0.75} -- ref = {-1.00, -0.75 ... 0.50, 0.75}
01:47:07 [[34mTRACE[0m] -- [✅] in_add_f64 = {-1.50, -0.50 ... 4.50, 5.50} -- ref = {-1.50, -0.50 ... 4.50, 5.50}
01:47:07 [[34mTRACE[0m] -- [✅] in_add_b_f64 = {-1.50, -1.00 ... 1.50, 2.00} -- ref = {-1.50, -1.00 ... 1.50, 2.00}
01:47:07 [[34mTRACE[0m] -- [✅] in_mul_f64 = {-1.00, -1.50 ... 3.50, 6.00} -- ref = {-1.00, -1.50 ... 3.50, 6.00}
01:47:07 [[34mTRACE[0m] -- [✅] in_mul_b_f64 = {-1.00, -0.75 ... 0.50, 0.75} -- ref = {-1.00, -0.75 ... 0.50, 0.75}
01:47:07 [[34mTRACE[0m] -- [✅] mm_f64 = {-2.44, -3.00 ... 9.38, 16.12} -- ref = {-2.44, -3.00 ... 9.38, 16.12}
01:47:07 [[34mTRACE[0m] -- [✅] mm_b_f64 = {-2.44, -3.00 ... 4.31, 6.00} -- ref = {-2.44, -3.00 ... 4.31, 6.00}
01:47:07 [[34mTRACE[0m] -- [✅] in_mm_f64 = {-2.44, -3.00 ... 9.38, 16.12} -- ref = {-2.44, -3.00 ... 9.38, 16.12}
01:47:07 [[34mTRACE[0m] -- [✅] in_mm_b_f64 = {-2.44, -3.00 ... 4.31, 6.00} -- ref = {-2.44, -3.00 ... 4.31, 6.00}
01:47:07 [[34mTRACE[0m] -- ops_broadcast_variants completed on Cpu

=== Example: ops_matrix ===
==> cargo run --package openinfer --example ops_matrix  -- --target cpu
01:47:07 [[34mTRACE[0m] -- === i8 ===
01:47:07 [[34mTRACE[0m] -- [✅] add[0..4] = [-5, -3, -1, 1] -- CPUref: [-5, -3, -1, 1]
01:47:07 [[34mTRACE[0m] -- [✅] mul[0..4] = [4, 0, -2, -2] -- CPUref: [4, 0, -2, -2]
01:47:07 [[34mTRACE[0m] -- [✅] abs[0..4] = [4, 3, 2, 1] -- CPUref: [4, 3, 2, 1]
01:47:07 [[34mTRACE[0m] -- [✅] relu[0..4] = [-4, -3, -2, -1] -- CPUref: [-4, -3, -2, -1]
01:47:07 [[34mTRACE[0m] -- [✅] fill[0..4] = [1, 1, 1, 1] -- CPUref: [1, 1, 1, 1]
01:47:07 [[34mTRACE[0m] -- [✅] mm[0..4] = [-1, -4, -7, -10] -- CPUref: [-1, -4, -7, -10]
01:47:07 [[34mTRACE[0m] -- 
01:47:07 [[34mTRACE[0m] -- === i16 ===
01:47:07 [[34mTRACE[0m] -- [✅] add[0..4] = [-5, -3, -1, 1] -- CPUref: [-5, -3, -1, 1]
01:47:07 [[34mTRACE[0m] -- [✅] mul[0..4] = [4, 0, -2, -2] -- CPUref: [4, 0, -2, -2]
01:47:07 [[34mTRACE[0m] -- [✅] abs[0..4] = [4, 3, 2, 1] -- CPUref: [4, 3, 2, 1]
01:47:07 [[34mTRACE[0m] -- [✅] relu[0..4] = [-4, -3, -2, -1] -- CPUref: [-4, -3, -2, -1]
01:47:07 [[34mTRACE[0m] -- [✅] fill[0..4] = [1, 1, 1, 1] -- CPUref: [1, 1, 1, 1]
01:47:07 [[34mTRACE[0m] -- [✅] mm[0..4] = [-1, -4, -7, -10] -- CPUref: [-1, -4, -7, -10]
01:47:07 [[34mTRACE[0m] -- 
01:47:07 [[34mTRACE[0m] -- === i32 ===
01:47:07 [[34mTRACE[0m] -- [✅] add[0..4] = [-5, -3, -1, 1] -- CPUref: [-5, -3, -1, 1]
01:47:07 [[34mTRACE[0m] -- [✅] mul[0..4] = [4, 0, -2, -2] -- CPUref: [4, 0, -2, -2]
01:47:07 [[34mTRACE[0m] -- [✅] abs[0..4] = [4, 3, 2, 1] -- CPUref: [4, 3, 2, 1]
01:47:07 [[34mTRACE[0m] -- [✅] relu[0..4] = [-4, -3, -2, -1] -- CPUref: [-4, -3, -2, -1]
01:47:07 [[34mTRACE[0m] -- [✅] fill[0..4] = [1, 1, 1, 1] -- CPUref: [1, 1, 1, 1]
01:47:07 [[34mTRACE[0m] -- [✅] mm[0..4] = [-1, -4, -7, -10] -- CPUref: [-1, -4, -7, -10]
01:47:07 [[34mTRACE[0m] -- 
01:47:07 [[34mTRACE[0m] -- === i64 ===
01:47:07 [[34mTRACE[0m] -- [✅] add[0..4] = [-5, -3, -1, 1] -- CPUref: [-5, -3, -1, 1]
01:47:07 [[34mTRACE[0m] -- [✅] mul[0..4] = [4, 0, -2, -2] -- CPUref: [4, 0, -2, -2]
01:47:07 [[34mTRACE[0m] -- [✅] abs[0..4] = [4, 3, 2, 1] -- CPUref: [4, 3, 2, 1]
01:47:07 [[34mTRACE[0m] -- [✅] relu[0..4] = [-4, -3, -2, -1] -- CPUref: [-4, -3, -2, -1]
01:47:07 [[34mTRACE[0m] -- [✅] fill[0..4] = [1, 1, 1, 1] -- CPUref: [1, 1, 1, 1]
01:47:07 [[34mTRACE[0m] -- [✅] mm[0..4] = [-1, -4, -7, -10] -- CPUref: [-1, -4, -7, -10]
01:47:07 [[34mTRACE[0m] -- 
01:47:07 [[34mTRACE[0m] -- === u8 ===
01:47:07 [[34mTRACE[0m] -- [✅] add[0..4] = [1, 3, 5, 7] -- CPUref: [1, 3, 5, 7]
01:47:07 [[34mTRACE[0m] -- [✅] mul[0..4] = [0, 2, 6, 12] -- CPUref: [0, 2, 6, 12]
01:47:07 [[34mTRACE[0m] -- [✅] fill[0..4] = [1, 1, 1, 1] -- CPUref: [1, 1, 1, 1]
01:47:07 [[34mTRACE[0m] -- [✅] mm[0..4] = [23, 26, 29, 32] -- CPUref: [23, 26, 29, 32]
01:47:07 [[34mTRACE[0m] -- 
01:47:07 [[34mTRACE[0m] -- === u16 ===
01:47:07 [[34mTRACE[0m] -- [✅] add[0..4] = [1, 3, 5, 7] -- CPUref: [1, 3, 5, 7]
01:47:07 [[34mTRACE[0m] -- [✅] mul[0..4] = [0, 2, 6, 12] -- CPUref: [0, 2, 6, 12]
01:47:07 [[34mTRACE[0m] -- [✅] fill[0..4] = [1, 1, 1, 1] -- CPUref: [1, 1, 1, 1]
01:47:07 [[34mTRACE[0m] -- [✅] mm[0..4] = [23, 26, 29, 32] -- CPUref: [23, 26, 29, 32]
01:47:07 [[34mTRACE[0m] -- 
01:47:07 [[34mTRACE[0m] -- === u32 ===
01:47:07 [[34mTRACE[0m] -- [✅] add[0..4] = [1, 3, 5, 7] -- CPUref: [1, 3, 5, 7]
01:47:07 [[34mTRACE[0m] -- [✅] mul[0..4] = [0, 2, 6, 12] -- CPUref: [0, 2, 6, 12]
01:47:07 [[34mTRACE[0m] -- [✅] fill[0..4] = [1, 1, 1, 1] -- CPUref: [1, 1, 1, 1]
01:47:07 [[34mTRACE[0m] -- [✅] mm[0..4] = [23, 26, 29, 32] -- CPUref: [23, 26, 29, 32]
01:47:07 [[34mTRACE[0m] -- 
01:47:07 [[34mTRACE[0m] -- === u64 ===
01:47:07 [[34mTRACE[0m] -- [✅] add[0..4] = [1, 3, 5, 7] -- CPUref: [1, 3, 5, 7]
01:47:07 [[34mTRACE[0m] -- [✅] mul[0..4] = [0, 2, 6, 12] -- CPUref: [0, 2, 6, 12]
01:47:07 [[34mTRACE[0m] -- [✅] fill[0..4] = [1, 1, 1, 1] -- CPUref: [1, 1, 1, 1]
01:47:07 [[34mTRACE[0m] -- [✅] mm[0..4] = [23, 26, 29, 32] -- CPUref: [23, 26, 29, 32]
01:47:07 [[34mTRACE[0m] -- 
01:47:07 [[34mTRACE[0m] -- === f16 ===
01:47:07 [[34mTRACE[0m] -- [✅] add[0..4] = [F16 { bits: 48640 }, F16 { bits: 47104 }, F16 { bits: 14336 }, F16 { bits: 15872 }] -- CPUref: [F16 { bits: 48640 }, F16 { bits: 47104 }, F16 { bits: 14336 }, F16 { bits: 15872 }]
01:47:07 [[34mTRACE[0m] -- [✅] mul[0..4] = [F16 { bits: 48128 }, F16 { bits: 48640 }, F16 { bits: 48640 }, F16 { bits: 48128 }] -- CPUref: [F16 { bits: 48128 }, F16 { bits: 48640 }, F16 { bits: 48640 }, F16 { bits: 48128 }]
01:47:07 [[34mTRACE[0m] -- [✅] abs[0..4] = [F16 { bits: 16384 }, F16 { bits: 15872 }, F16 { bits: 15360 }, F16 { bits: 14336 }] -- CPUref: [F16 { bits: 16384 }, F16 { bits: 15872 }, F16 { bits: 15360 }, F16 { bits: 14336 }]
01:47:07 [[34mTRACE[0m] -- [✅] relu[0..4] = [F16 { bits: 45670 }, F16 { bits: 45261 }, F16 { bits: 44646 }, F16 { bits: 43622 }] -- CPUref: [F16 { bits: 45670 }, F16 { bits: 45261 }, F16 { bits: 44646 }, F16 { bits: 43622 }]
01:47:07 [[34mTRACE[0m] -- [✅] fill[0..4] = [F16 { bits: 15360 }, F16 { bits: 15360 }, F16 { bits: 15360 }, F16 { bits: 15360 }] -- CPUref: [F16 { bits: 15360 }, F16 { bits: 15360 }, F16 { bits: 15360 }, F16 { bits: 15360 }]
01:47:07 [[34mTRACE[0m] -- [✅] finite = true -- CPUref: true
01:47:07 [[34mTRACE[0m] -- [✅] mm[0..4] = [F16 { bits: 49600 }, F16 { bits: 49888 }, F16 { bits: 50176 }, F16 { bits: 50320 }] -- CPUref: [F16 { bits: 49600 }, F16 { bits: 49888 }, F16 { bits: 50176 }, F16 { bits: 50320 }]
01:47:07 [[34mTRACE[0m] -- 
01:47:07 [[34mTRACE[0m] -- === f32 ===
01:47:07 [[34mTRACE[0m] -- [✅] add[0..4] = [-1.5, -0.5, 0.5, 1.5] -- CPUref: [-1.5, -0.5, 0.5, 1.5]
01:47:07 [[34mTRACE[0m] -- [✅] mul[0..4] = [-1.0, -1.5, -1.5, -1.0] -- CPUref: [-1.0, -1.5, -1.5, -1.0]
01:47:07 [[34mTRACE[0m] -- [✅] abs[0..4] = [2.0, 1.5, 1.0, 0.5] -- CPUref: [2.0, 1.5, 1.0, 0.5]
01:47:07 [[34mTRACE[0m] -- [✅] relu[0..4] = [-0.2, -0.15, -0.1, -0.05] -- CPUref: [-0.2, -0.15, -0.1, -0.05]
01:47:07 [[34mTRACE[0m] -- [✅] fill[0..4] = [1.0, 1.0, 1.0, 1.0] -- CPUref: [1.0, 1.0, 1.0, 1.0]
01:47:07 [[34mTRACE[0m] -- [✅] finite = true -- CPUref: true
01:47:07 [[34mTRACE[0m] -- [✅] mm[0..4] = [-2.875, -3.4375, -4.0, -4.5625] -- CPUref: [-2.875, -3.4375, -4.0, -4.5625]
01:47:07 [[34mTRACE[0m] -- 
01:47:07 [[34mTRACE[0m] -- === f64 ===
01:47:07 [[34mTRACE[0m] -- [✅] add[0..4] = [-1.5, -0.5, 0.5, 1.5] -- CPUref: [-1.5, -0.5, 0.5, 1.5]
01:47:07 [[34mTRACE[0m] -- [✅] mul[0..4] = [-1.0, -1.5, -1.5, -1.0] -- CPUref: [-1.0, -1.5, -1.5, -1.0]
01:47:07 [[34mTRACE[0m] -- [✅] abs[0..4] = [2.0, 1.5, 1.0, 0.5] -- CPUref: [2.0, 1.5, 1.0, 0.5]
01:47:07 [[34mTRACE[0m] -- [✅] relu[0..4] = [-0.2, -0.15000000000000002, -0.1, -0.05] -- CPUref: [-0.2, -0.15000000000000002, -0.1, -0.05]
01:47:07 [[34mTRACE[0m] -- [✅] fill[0..4] = [1.0, 1.0, 1.0, 1.0] -- CPUref: [1.0, 1.0, 1.0, 1.0]
01:47:07 [[34mTRACE[0m] -- [✅] finite = true -- CPUref: true
01:47:07 [[34mTRACE[0m] -- [✅] mm[0..4] = [-2.875, -3.4375, -4.0, -4.5625] -- CPUref: [-2.875, -3.4375, -4.0, -4.5625]
01:47:07 [[34mTRACE[0m] -- 
01:47:07 [[34mTRACE[0m] -- === bool ===
01:47:07 [[34mTRACE[0m] -- [✅] add[0..4] = [true, false, true, true] -- CPUref: [true, false, true, true]
01:47:07 [[34mTRACE[0m] -- [✅] mul[0..4] = [true, false, false, false] -- CPUref: [true, false, false, false]
01:47:07 [[34mTRACE[0m] -- [✅] fill[0..4] = [true, true, true, true] -- CPUref: [true, true, true, true]
01:47:07 [[34mTRACE[0m] -- [✅] mm[0..4] = [true, true, false, true] -- CPUref: [true, true, false, true]
01:47:07 [[34mTRACE[0m] -- 
01:47:07 [[34mTRACE[0m] -- === bitset ===
01:47:07 [[34mTRACE[0m] -- [✅] add[0..4] = [Bitset { bits: 0 }, Bitset { bits: 8 }, Bitset { bits: 16 }, Bitset { bits: 24 }] -- CPUref: [Bitset { bits: 0 }, Bitset { bits: 8 }, Bitset { bits: 16 }, Bitset { bits: 24 }]
01:47:07 [[34mTRACE[0m] -- [✅] mul[0..4] = [Bitset { bits: 0 }, Bitset { bits: 15 }, Bitset { bits: 60 }, Bitset { bits: 135 }] -- CPUref: [Bitset { bits: 0 }, Bitset { bits: 15 }, Bitset { bits: 60 }, Bitset { bits: 135 }]
01:47:07 [[34mTRACE[0m] -- [✅] fill[0..4] = [Bitset { bits: 255 }, Bitset { bits: 255 }, Bitset { bits: 255 }, Bitset { bits: 255 }] -- CPUref: [Bitset { bits: 255 }, Bitset { bits: 255 }, Bitset { bits: 255 }, Bitset { bits: 255 }]
01:47:07 [[34mTRACE[0m] -- [✅] mm[0..4] = [Bitset { bits: 24 }, Bitset { bits: 66 }, Bitset { bits: 108 }, Bitset { bits: 150 }] -- CPUref: [Bitset { bits: 24 }, Bitset { bits: 66 }, Bitset { bits: 108 }, Bitset { bits: 150 }]
01:47:07 [[34mTRACE[0m] -- 
01:47:07 [[34mTRACE[0m] -- ops_matrix completed

=== Example: ops_variants ===
==> cargo run --package openinfer --example ops_variants  -- --target cpu
01:47:08 [[34mTRACE[0m] -- ops_variants completed on Cpu

=== Example: prefix_table ===
==> cargo run --package openinfer --example prefix_table  -- --target cpu
0 6a66801b-3b57-4efc-9df7-20070caa5ce4 [entry] -- op add(x,W[0]) >> y -- (0ms 0us 0ns)
1 d895730e-09ff-40d0-a688-a934aa599d49 [entry] -- op add(y,W[1]) >> y -- (0ms 0us 0ns)
2 128fc451-9b6d-4e29-8b4c-8b6dfd8d19fc [entry] -- op add(y,W[2]) >> y -- (0ms 0us 0ns)
3 2e01ab88-5daa-47eb-b979-c999d1ee541c [entry] -- op add(y,W[3]) >> y -- (0ms 0us 0ns)
4 53800404-8be8-4880-b2fe-e3b1a464a71b [entry] -- op add(y,W[4]) >> y -- (0ms 0us 0ns)
5 b989991e-bc2f-41d2-9f6f-3b6dd55ce314 [entry] -- op add(y,W[5]) >> y -- (0ms 0us 0ns)
6 a0e6ebeb-3393-4f47-9db9-5d9d987a1191 [entry] -- op add(y,W[6]) >> y -- (0ms 0us 0ns)
7 149bfedf-0aa6-491d-a1d3-0972a2048b8d [entry] -- op add(y,W[7]) >> y -- (0ms 0us 0ns)
8 b12f2801-3d1f-43af-9218-72523a444d37 [entry] -- op add(y,W[8]) >> y -- (0ms 0us 0ns)
9 afd140a6-f3f6-4672-9cb6-5cce7febb46d [entry] -- op add(y,W[9]) >> y -- (0ms 0us 0ns)
10 93b39239-7f61-4c08-9234-d71193f8c250 [entry] -- op add(y,W[10]) >> y -- (0ms 0us 0ns)
11 bcb1d8db-5fab-411f-9f74-c0c45feb100e [entry] -- op add(y,QKV[0,0]) >> y -- (0ms 0us 0ns)
12 8e23455f-3c54-486a-a994-1290ebdcb27c [entry] -- op add(y,QKV[1,2]) >> y -- (0ms 0us 0ns)
13 1126678d-53b0-4290-a5c6-95d5efdf7011 [entry] -- return -- (0ms 0us 0ns)
01:47:08 [[34mTRACE[0m] -- y[0..8] = [-0.16671813, -0.9393654, -0.7148936, -0.38582748, -0.87854815, -0.7147157, 0.3036996, 0.08503449]

=== Example: reference ===
==> cargo run --package openinfer --example reference  -- --target cpu
01:47:08 [[34mTRACE[0m] -- out[0..8] = [-0.33343625, -1.8787308, -1.4297872, -0.77165496, -1.7570963, -1.4294314, 0.6073992, 0.17006898]

=== Example: relu ===
==> cargo run --package openinfer --example relu  -- --target cpu
01:47:08 [[34mTRACE[0m] -- relu settings: alpha=0.1, clamp_max=6
01:47:08 [[34mTRACE[0m] -- y[0..100] = [1.8087559, 1.3866806, 0.33173323, 1.6407619, 1.8560529, -0.28449327, 1.0288668, 0.504956, 2.2237687, -0.14269765, -0.22630219, 1.6319218, -0.25778076, -0.16878188, 1.7343187, 1.7622814, 0.7043607, 1.4960308, 0.1809287, 2.8136268, 2.0998993, 2.9779043, -0.1305167, -0.21637416, -0.27227134, -0.23228101, 2.9434233, 2.7890148, -0.1764123, -0.27036002, -0.041639637, -0.04457877, 0.91124296, -0.023652172, -0.18529692, 2.5455766, 2.9726543, -0.16377567, -0.06218157, 0.355994, 1.1154256, -0.20676656, 1.3259244, 2.012998, -0.021246552, -0.17725495, -0.2545968, 0.01877594, 2.282072, 0.8264966, 1.4845295, -0.012690306, -0.09335108, 2.256463, 1.76158, 2.2239628, 1.3917851, -0.26206112, 2.5514503, 2.9213443, -0.20307016, -0.1699215, -0.037825037, 2.8623204, -0.12176698, 2.5046635, -0.06706577, 1.063221, -0.07252431, -0.290985, 1.9118886, -0.25846705, 2.1355586, 0.70892763, 1.2049804, 0.6826155, 1.0299454, 1.7114267, -0.105031334, 0.995332, 2.1877937, -0.24935618, 1.8969593, -0.24962132, 2.7286143, 0.11227131, 2.1660914, 1.5176282, -0.14764471, 2.2066464, -0.20054439, -0.24743715, -0.15855315, -0.08932676, 2.3872929, -0.18758875, 2.310967, 0.13465309, 0.73882604, 2.8600612]

=== Example: serialize ===
==> cargo run --package openinfer --example serialize  -- --target cpu

=== Example: trace_example ===
==> cargo run --package openinfer --example trace_example  -- --target cpu
0 02ab5fa5-ce8b-4429-b36b-0aa51bfecde3 [entry] -- assign t0 -- (0ms 0us 0ns)
1 c5db6bff-f81c-40a8-a7fd-5caa8877961d [entry] -- op add(x,a) >> t0 -- (0ms 731us 606ns)
2 66fc6c57-7b14-4b8c-ab4a-38f40c189527 [entry] -- op mul(y,t0) >> y -- (0ms 549us 785ns)
3 67ee50aa-f1da-47d5-8cff-f2d0ec874731 [entry] -- return -- (0ms 0us 0ns)

=== Example: worst_case ===
==> cargo run --package openinfer --example worst_case  -- --target cpu
2 905d729a-610e-41f8-98a6-ee74d9f98d4b [entry] -- loop steps (l in 0..2) -- (0ms 0us 0ns)
0 4db657fd-4ae2-42e4-9cb2-92afb5acda08 [entry] -- op add(x,w) >> x2 -- (0ms 762us 819ns)
1 b35fea18-8df1-44ff-a089-a786b048df6c [entry] -- op abs(x2) >> x2 -- (0ms 37us 319ns)
0 4db657fd-4ae2-42e4-9cb2-92afb5acda08 [entry] -- op add(x,w) >> x2 -- (0ms 620us 317ns)
1 b35fea18-8df1-44ff-a089-a786b048df6c [entry] -- op abs(x2) >> x2 -- (0ms 32us 200ns)
3 a53499cd-7839-42cc-a558-0ac5109fcf57 [entry] -- return -- (0ms 0us 0ns)
01:47:09 [[34mTRACE[0m] -- x.len() = 1024
01:47:09 [[34mTRACE[0m] -- x[0..100] = [-0.16671813, -0.9393654, -0.7148936, -0.38582748, -0.87854815, -0.7147157, 0.3036996, 0.08503449, 0.23736966, -0.4550056, 0.47413385, 0.9022627, 0.19213736, -0.64907694, 0.48714817, -0.48646826, -0.05994904, -0.7495589, -0.24614131, 0.44690382, 0.003882289, 0.27775252, -0.21279514, -0.95874715, -0.8135228, -0.8299129, -0.36529082, -0.2522146, -0.43624967, 0.25772655, 0.5744362, 0.76358485, -0.22134578, 0.77832747, 0.85434985, 0.1356157, 0.77634215, 0.0027629137, -0.831239, 0.28714335, -0.7529645, -0.17295873, -0.54874533, -0.2433368, -0.9985719, -0.04233539, -0.278022, 0.57400775, -0.756546, -0.53142184, 0.6971016, -0.46289104, 0.7777593, 0.81742597, 0.69351697, 0.7984781, -0.45996612, -0.9440856, -0.86730146, 0.8551948, -0.54006046, -0.17054927, 0.032194257, -0.075229526, -0.6594403, 0.9118509, -0.828043, -0.38320726, 0.28036344, 0.12787855, -0.22944152, -0.97249293, 0.4989444, 0.35415804, -0.6027867, 0.17603004, -0.43186492, -0.10353005, 0.11264527, -0.43713707, 0.48052323, -0.5725362, 0.7939911, 0.33389223, -0.36337918, -0.7343564, -0.28584117, 0.935297, -0.9363947, -0.07592833, 0.76071167, 0.27405608, -0.33965844, -0.4273774, 0.4500414, -0.19091976, 0.8967991, -0.619878, -0.8046601, -0.4368667]
01:47:09 [[34mTRACE[0m] -- x2.len() = 1024
01:47:09 [[34mTRACE[0m] -- x2[0..100] = [0.7866814, 1.1789739, 0.13159889, 0.8624426, 1.2403541, 1.4785333, 0.21276778, 0.27789766, 1.165528, 0.927706, 0.3561461, 1.1220043, 0.91937995, 0.0784384, 0.8369108, 0.16671956, 0.41156635, 1.3040516, 0.90200895, 1.1877338, 0.87584037, 0.64513034, 0.1296809, 0.7367112, 1.6932483, 0.12562567, 0.48738757, 0.18702456, 1.429985, 0.23973924, 1.2914171, 0.6141815, 0.2502922, 1.6224139, 0.16129822, 1.1201341, 0.1410057, 0.8829887, 1.6574728, 0.22356477, 0.09498608, 0.6108542, 0.18943769, 0.7094964, 0.31514454, 0.14458819, 0.5370051, 0.53934664, 1.5721829, 1.0780556, 0.77023405, 0.0035722554, 0.67558086, 0.42842752, 1.5882361, 1.3005458, 0.5158692, 1.0295339, 0.37462586, 1.5659945, 0.95305735, 0.29607973, 0.6498557, 0.69894445, 1.6097739, 0.93694985, 0.6024716, 0.82250935, 0.18462689, 0.19032073, 0.7478276, 1.9605366, 0.09847903, 0.13209036, 0.9212971, 0.717966, 0.77887595, 0.70681363, 0.77107507, 0.1628938, 0.34859532, 1.1322153, 1.1563431, 0.3972876, 0.5496482, 1.4613085, 0.3095631, 0.93188405, 1.3269793, 0.6075162, 1.546728, 0.029129088, 1.1869676, 1.3597636, 0.37326807, 0.5567282, 0.59801805, 0.027163088, 0.08973807, 1.3027853]

=== Example: yield ===
==> cargo run --package openinfer --example yield  -- --target cpu
0 0df23f66-be9f-4c8e-a534-db8c962500ae [entry] -- op matmul(x,w) >> h -- (160ms 985us 96ns)
01:47:09 [[34mTRACE[0m] -- async.snapshot block=entry vars=1 total_elems=10240
1 006a5b39-e453-48c2-96d9-b9bfda06c064 [entry] -- yield x -- (0ms 0us 0ns)
01:47:09 [[34mTRACE[0m] -- async.start block=reader thread=ThreadId(3)
01:47:09 [[34mTRACE[0m] -- async.start block=writer thread=ThreadId(2)
2 0b661fd4-817e-47dd-b215-4d6c02b2af4f [entry] -- op relu(h) >> h -- (0ms 129us 687ns)
01:47:09 [[34mTRACE[0m] -- async.snapshot block=writer vars=1 total_elems=10240
01:47:09 [[34mTRACE[0m] -- async.end block=writer thread=ThreadId(2)
01:47:09 [[34mTRACE[0m] -- async.snapshot block=reader vars=1 total_elems=10240
01:47:09 [[34mTRACE[0m] -- async.end block=reader thread=ThreadId(3)
3 4a01bffd-a71b-446d-b5e7-ce635baeb2fc [entry] -- await x -- (0ms 0us 0ns)
4 87bfac27-6fcb-46de-ae1b-28bcd42c022d [entry] -- return -- (0ms 0us 0ns)
01:47:09 [[34mTRACE[0m] -- x[0..8] = [0.600452, 0.45852458, 0.11033394, 0.53058904, 0.6259034, -0.9439832, 0.3392783, 0.18437307]

All Rust examples completed successfully.
