Running Rust examples (18)...
=== Example: branching_bad ===
==> cargo run --package openinfer --example branching_bad --features avx2 -- --target avx2
0 abcc926c-256c-4e1a-81a7-6cdd38c36974 [entry] -- op matmul(x,w) >> h -- (260ms 136us 696ns)
1 5100df31-70fc-44ef-960d-713333b544d7 [entry] -- op is_finite(h) >> cond -- (0ms 0us 746ns)
7 8cba92c7-c8da-4c5b-a4fd-188be2d1f166 [bad] -- op fill(h) >> h -- (0ms 700us 609ns)
8 8e073c53-7b92-4817-a9fe-86a650f390ee [bad] -- return
9 4bb1ce4a-3b22-4134-bf47-a3ff796a8aa7 [algorithm] -- op add(h,x) >> h -- (0ms 776us 284ns)
10 f188f699-8892-4707-9ba9-b200a7d822dd [algorithm] -- return
4 93d4d202-3742-4489-8baf-4599f4e062ff [entry] -- return
branch condition: false
h[0..100] = [NaN, -1.6191635, 1.9223928, -0.5900496, -1.4298182, -1.2646194, 0.81199145, -0.29402804, 0.40900683, -1.0378484, -1.3911409, -0.3824942, -0.39965796, -0.5789803, 1.9948573, 0.57005286, -1.9125714, -0.07803035, -0.7567271, 1.8490815, 0.12245965, 0.08744073, -0.049154043, 0.1809628, 1.7674994, 1.7445683, -1.5426888, 1.6718054, 1.310194, -1.372572, 0.15709949, 0.45003772, 0.37553525, 1.013504, -1.0684189, 0.7961166, -0.7092413, 1.6136756, 1.8817787, -0.71331155, 0.50361085, 0.3119042, -0.9204968, 1.575788, -1.4955177, -1.25213, 1.9723754, -1.0020918, -1.9858856, 1.2910538, 1.080719, 1.0460563, 1.1128011, 0.992995, 0.743531, 0.39066052, -0.26690888, -1.9280562, 1.7468729, -0.2523806, -1.3370771, 1.6038256, 1.7167454, 1.2041135, 1.220151, -0.016360521, -0.579975, 0.8463018, -0.5428113, 1.3154616, 1.7843723, -1.3906889, -1.0405134, 1.357729, -1.5992846, 0.31235576, -1.147106, -1.2236832, -1.094735, 0.92385936, 0.67897296, -1.4407067, -0.95826185, 1.569963, 1.6063905, 1.6889081, 0.8055761, 1.8530431, -0.5621623, 0.15377927, 0.73950124, 1.6642103, 1.7946639, -0.29309535, 1.7243066, 0.33243966, -0.64327705, 0.7116773, 1.7865682, 1.7103577]

=== Example: branching_good ===
==> cargo run --package openinfer --example branching_good --features avx2 -- --target avx2
0 51a6a7d4-cee9-419e-8ebe-f208ac860e3c [entry] -- op matmul(x,w) >> h -- (260ms 971us 357ns)
1 65b1032e-8c94-48e0-9801-83b2d415c29b [entry] -- op is_finite(h) >> cond -- (0ms 361us 868ns)
5 307e12ee-9304-445b-a45e-d285c5c080a4 [ok] -- op relu(h) >> h -- (0ms 979us 613ns)
6 926f9821-616f-4e50-8276-1631e483480c [ok] -- return
9 2ad6ba1d-6dd1-4ed2-aa61-3e134e15aa62 [algorithm] -- op add(h,x) >> h -- (0ms 730us 765ns)
10 06403516-b5dc-44dd-b1a0-62bdad15c568 [algorithm] -- return
4 08d79670-2294-406a-8a1e-57ed77fb0bfa [entry] -- return
branch condition: true
h[0..100] = [2.0239592, -1.6191635, 2.7444534, -0.5900496, -1.4298182, 1.6507215, 0.81199145, 5.764553, 1.9409258, 5.648092, -1.3911409, 11.957924, 7.077615, -0.5789803, 5.310196, 0.57005286, 5.915538, 15.66467, 3.7640586, 1.8490815, 0.12245965, 2.1702785, 2.8210366, 0.1809628, 1.7674994, 5.9436984, -1.5426888, 13.82932, 2.0954661, -1.372572, 0.15709949, 0.45003772, 0.37553525, 1.013504, -0.46800947, 6.217969, 1.3188826, 12.470707, 7.3582306, -0.71331155, 0.50361085, 7.3153553, -0.9204968, 4.689171, 11.087003, 1.5467954, 1.9723754, -1.0020918, -1.9858856, 4.1264586, 1.080719, 1.5935211, 6.7715373, 5.6089125, 6.0948067, 0.39066052, 16.165125, -1.9280562, 1.7468729, -0.2523806, -1.3370771, 8.58633, 1.7167454, 12.462051, 1.220151, 16.234507, -0.579975, 4.768346, -0.40354446, 1.3154616, 6.3475823, 3.9559436, 4.105328, 8.369709, -1.5992846, 13.363926, -0.28400576, -1.2236832, -1.094735, 10.961312, 5.7909937, 3.2890692, 2.8219156, 1.569963, 1.6063905, 3.0355768, 10.785418, 1.8530431, 11.274473, 0.15377927, 7.9682093, 1.6642103, 5.866636, 2.9095628, 1.7243066, 0.33243966, -0.64327705, 12.276399, 1.7865682, 1.7103577]

=== Example: cache_auto_dim ===
==> cargo run --package openinfer --example cache_auto_dim --features avx2 -- --target avx2
step 1 L shape = [5, 4]
step 1 M shape = [2, 7]
step 1 N shape = [7, 2]

step 2 L shape = [8, 6]
step 2 M shape = [2, 12]
step 2 N shape = [12, 2]

step 3 L shape = [11, 8]
step 3 M shape = [2, 17]
step 3 N shape = [17, 2]

=== Example: cache_fixed_limit ===
==> cargo run --package openinfer --example cache_fixed_limit --features avx2 -- --target avx2
Expected cache limit error: auto_dim M exceeds fixed max 4 for 0

=== Example: cache_scalar ===
==> cargo run --package openinfer --example cache_scalar --features avx2 -- --target avx2
step 0 read = 0
step 1 read = 1

=== Example: cache_table ===
==> cargo run --package openinfer --example cache_table --features avx2 -- --target avx2
out_full shape = [3, 4]
out_slice shape = [2, 4]
out_reset[0..8] = [0.64990544, 0.94848967, 0.59415936, 0.3824712, 0.0, 0.0, 0.0, 0.0]

=== Example: cache_weight_update ===
==> cargo run --package openinfer --example cache_weight_update --features avx2 -- --target avx2
step 1 out[0..4] = [0.31340373, -0.7802436, 1.0227059, -0.38774607]
step 2 out[0..4] = [0.62680745, -1.5604872, 2.0454118, -0.7754921]

=== Example: deserialize ===
==> cargo run --package openinfer --example deserialize --features avx2 -- --target avx2
0 c6711876-25dd-418a-b71b-a02ed12a4f7c [entry] -- assign t0
1 445f512e-7070-436d-be91-625df245c31a [entry] -- op add(x,a) >> t0 -- (0ms 0us 0ns)
2 51effb46-bdae-4447-b7f1-60602c1863f6 [entry] -- op mul(y,t0) >> y -- (0ms 0us 0ns)
3 dfe17c88-0885-4fe5-a215-f64fa04077e8 [entry] -- return
y[0..100] = [30.264147, 27.615976, 1.9704801, 31.83252, 29.052525, -48.182278, 20.4248, 7.507924, 37.558743, -28.50735, -35.1819, 27.580126, -44.666138, -25.246027, 26.937254, 28.90633, 8.0797615, 23.964973, 0.05002767, 44.516903, 37.50197, 47.43583, -21.900875, -31.254988, -40.761982, -36.465603, 49.469322, 44.252487, -32.795532, -40.36075, -6.7792597, -11.271144, 16.422276, -1.1752007, -29.752789, 46.59925, 44.940166, -27.010052, -10.770239, 1.5567281, 20.003702, -30.934765, 23.028147, 31.150932, -0.14228255, -29.447533, -42.323906, 2.8432312, 34.513756, 16.971205, 26.575024, 0.75591534, -18.642351, 40.631363, 26.2729, 32.881565, 26.748686, -40.06402, 46.28954, 48.408157, -36.104546, -33.249332, -4.846969, 49.904427, -16.938805, 39.563164, -14.025449, 19.113659, -9.0368395, -43.860786, 28.370054, -43.25571, 39.53979, 11.042625, 20.978024, 6.621832, 18.90035, 32.71466, -14.236973, 20.444061, 38.066776, -44.103844, 34.30115, -44.486805, 48.789642, -2.5016356, 39.35639, 21.938873, -25.855982, 34.94481, -31.510696, -44.453808, -27.462963, -19.82955, 37.413155, -32.052902, 34.575325, 3.5758142, 11.11801, 49.920616]

=== Example: graph_nodes_traverse ===
==> cargo run --package openinfer --example graph_nodes_traverse --features avx2 -- --target avx2
y={5.00, 5.00 ... 5.00, 5.00}      -- [Assign] entry ::  ()
y={5.00, 5.00 ... 5.00, 5.00}      -- [OpExecute] entry :: add (0ms 8us 869ns)
y={30.26, 27.62 ... 33.23, -39.93} -- [OpExecute] entry :: mul (0ms 7us 847ns)
y={30.26, 27.62 ... 33.23, -39.93} -- [Return] entry ::  ()

=== Example: loop ===
==> cargo run --package openinfer --example loop --features avx2 -- --target avx2
0 8d4b0804-319b-47fc-9e4a-ff971f67d9bc [entry] -- op add(x,QKV[0, 0]) >> y -- (0ms 0us 0ns)
1 5b81e4c1-e3af-4bf5-af4a-4e75c8879da1 [entry] -- op add(y,QKV[l=0, h=0]) >> y -- (0ms 0us 0ns)
1 5b81e4c1-e3af-4bf5-af4a-4e75c8879da1 [entry] -- op add(y,QKV[l=0, h=1]) >> y -- (0ms 0us 0ns)
1 5b81e4c1-e3af-4bf5-af4a-4e75c8879da1 [entry] -- op add(y,QKV[l=0, h=2]) >> y -- (0ms 0us 0ns)
1 5b81e4c1-e3af-4bf5-af4a-4e75c8879da1 [entry] -- op add(y,QKV[l=1, h=0]) >> y -- (0ms 0us 0ns)
1 5b81e4c1-e3af-4bf5-af4a-4e75c8879da1 [entry] -- op add(y,QKV[l=1, h=1]) >> y -- (0ms 0us 0ns)
1 5b81e4c1-e3af-4bf5-af4a-4e75c8879da1 [entry] -- op add(y,QKV[l=1, h=2]) >> y -- (0ms 0us 0ns)
4 2f466f4e-215a-432d-a1bb-b6e339c18bde [entry] -- return
y[0..8] = [-2.7829034, 2.3224664, -0.26026878, -4.221941, 1.1039405, 0.055676937, -0.09576627, 4.407773]

=== Example: minimal ===
==> cargo run --package openinfer --example minimal --features avx2 -- --target avx2
y[0..100] = [30.264147, 27.615976, 1.9704801, 31.83252, 29.052525, -48.182278, 20.4248, 7.507924, 37.558743, -28.50735, -35.1819, 27.580126, -44.666138, -25.246027, 26.937254, 28.90633, 8.0797615, 23.964973, 0.05002767, 44.516903, 37.50197, 47.43583, -21.900875, -31.254988, -40.761982, -36.465603, 49.469322, 44.252487, -32.795532, -40.36075, -6.7792597, -11.271144, 16.422276, -1.1752007, -29.752789, 46.59925, 44.940166, -27.010052, -10.770239, 1.5567281, 20.003702, -30.934765, 23.028147, 31.150932, -0.14228255, -29.447533, -42.323906, 2.8432312, 34.513756, 16.971205, 26.575024, 0.75591534, -18.642351, 40.631363, 26.2729, 32.881565, 26.748686, -40.06402, 46.28954, 48.408157, -36.104546, -33.249332, -4.846969, 49.904427, -16.938805, 39.563164, -14.025449, 19.113659, -9.0368395, -43.860786, 28.370054, -43.25571, 39.53979, 11.042625, 20.978024, 6.621832, 18.90035, 32.71466, -14.236973, 20.444061, 38.066776, -44.103844, 34.30115, -44.486805, 48.789642, -2.5016356, 39.35639, 21.938873, -25.855982, 34.94481, -31.510696, -44.453808, -27.462963, -19.82955, 37.413155, -32.052902, 34.575325, 3.5758142, 11.11801, 49.920616]

=== Example: multidim_broadcast ===
==> cargo run --package openinfer --example multidim_broadcast --features avx2 -- --target avx2
out shape = [2, 4]
out[] = [0.0, 0.11, 0.22, 0.33, 0.8, 1.02, 1.24, 1.4599999]
out[0] = [0.0, 0.11, 0.22, 0.33]
out[1] = [0.8, 1.02, 1.24, 1.4599999]
out[1,3] = [1.4599999]

=== Example: ops_matrix ===
==> cargo run --package openinfer --example ops_matrix --features avx2 -- --target avx2
=== i8 ===
[✅] add[0..4] = [-5, -3, -1, 1] -- CPUref: [-5, -3, -1, 1]
[✅] mul[0..4] = [4, 0, -2, -2] -- CPUref: [4, 0, -2, -2]
[✅] abs[0..4] = [4, 3, 2, 1] -- CPUref: [4, 3, 2, 1]
[✅] relu[0..4] = [0, 0, 0, 0] -- CPUref: [0, 0, 0, 0]
[✅] fill[0..4] = [1, 1, 1, 1] -- CPUref: [1, 1, 1, 1]
[✅] finite = true -- CPUref: true
[✅] mm[0..4] = [-1, -4, -7, -10] -- CPUref: [-1, -4, -7, -10]

=== i16 ===
[✅] add[0..4] = [-5, -3, -1, 1] -- CPUref: [-5, -3, -1, 1]
[✅] mul[0..4] = [4, 0, -2, -2] -- CPUref: [4, 0, -2, -2]
[✅] abs[0..4] = [4, 3, 2, 1] -- CPUref: [4, 3, 2, 1]
[✅] relu[0..4] = [0, 0, 0, 0] -- CPUref: [0, 0, 0, 0]
[✅] fill[0..4] = [1, 1, 1, 1] -- CPUref: [1, 1, 1, 1]
[✅] finite = true -- CPUref: true
[✅] mm[0..4] = [-1, -4, -7, -10] -- CPUref: [-1, -4, -7, -10]

=== i32 ===
[✅] add[0..4] = [-5, -3, -1, 1] -- CPUref: [-5, -3, -1, 1]
[✅] mul[0..4] = [4, 0, -2, -2] -- CPUref: [4, 0, -2, -2]
[✅] abs[0..4] = [4, 3, 2, 1] -- CPUref: [4, 3, 2, 1]
[✅] relu[0..4] = [0, 0, 0, 0] -- CPUref: [0, 0, 0, 0]
[✅] fill[0..4] = [1, 1, 1, 1] -- CPUref: [1, 1, 1, 1]
[✅] finite = true -- CPUref: true
[✅] mm[0..4] = [-1, -4, -7, -10] -- CPUref: [-1, -4, -7, -10]

=== i64 ===
[✅] add[0..4] = [-5, -3, -1, 1] -- CPUref: [-5, -3, -1, 1]
[✅] mul[0..4] = [4, 0, -2, -2] -- CPUref: [4, 0, -2, -2]
[✅] abs[0..4] = [4, 3, 2, 1] -- CPUref: [4, 3, 2, 1]
[✅] relu[0..4] = [0, 0, 0, 0] -- CPUref: [0, 0, 0, 0]
[✅] fill[0..4] = [1, 1, 1, 1] -- CPUref: [1, 1, 1, 1]
[✅] finite = true -- CPUref: true
[✅] mm[0..4] = [-1, -4, -7, -10] -- CPUref: [-1, -4, -7, -10]

=== u8 ===
[✅] add[0..4] = [1, 3, 5, 7] -- CPUref: [1, 3, 5, 7]
[✅] mul[0..4] = [0, 2, 6, 12] -- CPUref: [0, 2, 6, 12]
[✅] abs[0..4] = [0, 1, 2, 3] -- CPUref: [0, 1, 2, 3]
[✅] relu[0..4] = [0, 1, 2, 2] -- CPUref: [0, 1, 2, 2]
[✅] fill[0..4] = [1, 1, 1, 1] -- CPUref: [1, 1, 1, 1]
[✅] finite = true -- CPUref: true
[✅] mm[0..4] = [23, 26, 29, 32] -- CPUref: [23, 26, 29, 32]

=== u16 ===
[✅] add[0..4] = [1, 3, 5, 7] -- CPUref: [1, 3, 5, 7]
[✅] mul[0..4] = [0, 2, 6, 12] -- CPUref: [0, 2, 6, 12]
[✅] abs[0..4] = [0, 1, 2, 3] -- CPUref: [0, 1, 2, 3]
[✅] relu[0..4] = [0, 1, 2, 2] -- CPUref: [0, 1, 2, 2]
[✅] fill[0..4] = [1, 1, 1, 1] -- CPUref: [1, 1, 1, 1]
[✅] finite = true -- CPUref: true
[✅] mm[0..4] = [23, 26, 29, 32] -- CPUref: [23, 26, 29, 32]

=== u32 ===
[✅] add[0..4] = [1, 3, 5, 7] -- CPUref: [1, 3, 5, 7]
[✅] mul[0..4] = [0, 2, 6, 12] -- CPUref: [0, 2, 6, 12]
[✅] abs[0..4] = [0, 1, 2, 3] -- CPUref: [0, 1, 2, 3]
[✅] relu[0..4] = [0, 1, 2, 2] -- CPUref: [0, 1, 2, 2]
[✅] fill[0..4] = [1, 1, 1, 1] -- CPUref: [1, 1, 1, 1]
[✅] finite = true -- CPUref: true
[✅] mm[0..4] = [23, 26, 29, 32] -- CPUref: [23, 26, 29, 32]

=== u64 ===
[✅] add[0..4] = [1, 3, 5, 7] -- CPUref: [1, 3, 5, 7]
[✅] mul[0..4] = [0, 2, 6, 12] -- CPUref: [0, 2, 6, 12]
[✅] abs[0..4] = [0, 1, 2, 3] -- CPUref: [0, 1, 2, 3]
[✅] relu[0..4] = [0, 1, 2, 2] -- CPUref: [0, 1, 2, 2]
[✅] fill[0..4] = [1, 1, 1, 1] -- CPUref: [1, 1, 1, 1]
[✅] finite = true -- CPUref: true
[✅] mm[0..4] = [23, 26, 29, 32] -- CPUref: [23, 26, 29, 32]

=== f16 ===
[✅] add[0..4] = [F16 { bits: 48640 }, F16 { bits: 47104 }, F16 { bits: 14336 }, F16 { bits: 15872 }] -- CPUref: [F16 { bits: 48640 }, F16 { bits: 47104 }, F16 { bits: 14336 }, F16 { bits: 15872 }]
[✅] mul[0..4] = [F16 { bits: 48128 }, F16 { bits: 48640 }, F16 { bits: 48640 }, F16 { bits: 48128 }] -- CPUref: [F16 { bits: 48128 }, F16 { bits: 48640 }, F16 { bits: 48640 }, F16 { bits: 48128 }]
[✅] abs[0..4] = [F16 { bits: 16384 }, F16 { bits: 15872 }, F16 { bits: 15360 }, F16 { bits: 14336 }] -- CPUref: [F16 { bits: 16384 }, F16 { bits: 15872 }, F16 { bits: 15360 }, F16 { bits: 14336 }]
[✅] relu[0..4] = [F16 { bits: 45670 }, F16 { bits: 45261 }, F16 { bits: 44646 }, F16 { bits: 43622 }] -- CPUref: [F16 { bits: 45670 }, F16 { bits: 45261 }, F16 { bits: 44646 }, F16 { bits: 43622 }]
[✅] fill[0..4] = [F16 { bits: 15360 }, F16 { bits: 15360 }, F16 { bits: 15360 }, F16 { bits: 15360 }] -- CPUref: [F16 { bits: 15360 }, F16 { bits: 15360 }, F16 { bits: 15360 }, F16 { bits: 15360 }]
[✅] finite = true -- CPUref: true
[✅] mm[0..4] = [F16 { bits: 49600 }, F16 { bits: 49888 }, F16 { bits: 50176 }, F16 { bits: 50320 }] -- CPUref: [F16 { bits: 49600 }, F16 { bits: 49888 }, F16 { bits: 50176 }, F16 { bits: 50320 }]

=== f32 ===
[✅] add[0..4] = [-1.5, -0.5, 0.5, 1.5] -- CPUref: [-1.5, -0.5, 0.5, 1.5]
[✅] mul[0..4] = [-1.0, -1.5, -1.5, -1.0] -- CPUref: [-1.0, -1.5, -1.5, -1.0]
[✅] abs[0..4] = [2.0, 1.5, 1.0, 0.5] -- CPUref: [2.0, 1.5, 1.0, 0.5]
[✅] relu[0..4] = [-0.2, -0.15, -0.1, -0.05] -- CPUref: [-0.2, -0.15, -0.1, -0.05]
[✅] fill[0..4] = [1.0, 1.0, 1.0, 1.0] -- CPUref: [1.0, 1.0, 1.0, 1.0]
[✅] finite = true -- CPUref: true
[✅] mm[0..4] = [-2.875, -3.4375, -4.0, -4.5625] -- CPUref: [-2.875, -3.4375, -4.0, -4.5625]

=== f64 ===
[✅] add[0..4] = [-1.5, -0.5, 0.5, 1.5] -- CPUref: [-1.5, -0.5, 0.5, 1.5]
[✅] mul[0..4] = [-1.0, -1.5, -1.5, -1.0] -- CPUref: [-1.0, -1.5, -1.5, -1.0]
[✅] abs[0..4] = [2.0, 1.5, 1.0, 0.5] -- CPUref: [2.0, 1.5, 1.0, 0.5]
[✅] relu[0..4] = [-0.20000000298023224, -0.15000000223517418, -0.10000000149011612, -0.05000000074505806] -- CPUref: [-0.20000000298023224, -0.15000000223517418, -0.10000000149011612, -0.05000000074505806]
[✅] fill[0..4] = [1.0, 1.0, 1.0, 1.0] -- CPUref: [1.0, 1.0, 1.0, 1.0]
[✅] finite = true -- CPUref: true
[✅] mm[0..4] = [-2.875, -3.4375, -4.0, -4.5625] -- CPUref: [-2.875, -3.4375, -4.0, -4.5625]

=== bool ===
[✅] add[0..4] = [true, false, true, true] -- CPUref: [true, false, true, true]
[✅] mul[0..4] = [true, false, false, false] -- CPUref: [true, false, false, false]
[✅] abs[0..4] = [true, false, true, false] -- CPUref: [true, false, true, false]
[✅] relu[0..4] = [true, false, true, false] -- CPUref: [true, false, true, false]
[✅] fill[0..4] = [true, true, true, true] -- CPUref: [true, true, true, true]
[✅] finite = true -- CPUref: true
[✅] mm[0..4] = [true, true, false, true] -- CPUref: [true, true, false, true]

=== bitset ===
[✅] add[0..4] = [Bitset { bits: 0 }, Bitset { bits: 8 }, Bitset { bits: 16 }, Bitset { bits: 24 }] -- CPUref: [Bitset { bits: 0 }, Bitset { bits: 8 }, Bitset { bits: 16 }, Bitset { bits: 24 }]
[✅] mul[0..4] = [Bitset { bits: 0 }, Bitset { bits: 15 }, Bitset { bits: 60 }, Bitset { bits: 135 }] -- CPUref: [Bitset { bits: 0 }, Bitset { bits: 15 }, Bitset { bits: 60 }, Bitset { bits: 135 }]
[✅] abs[0..4] = [Bitset { bits: 0 }, Bitset { bits: 3 }, Bitset { bits: 6 }, Bitset { bits: 9 }] -- CPUref: [Bitset { bits: 0 }, Bitset { bits: 3 }, Bitset { bits: 6 }, Bitset { bits: 9 }]
[✅] relu[0..4] = [Bitset { bits: 0 }, Bitset { bits: 2 }, Bitset { bits: 2 }, Bitset { bits: 2 }] -- CPUref: [Bitset { bits: 0 }, Bitset { bits: 2 }, Bitset { bits: 2 }, Bitset { bits: 2 }]
[✅] fill[0..4] = [Bitset { bits: 255 }, Bitset { bits: 255 }, Bitset { bits: 255 }, Bitset { bits: 255 }] -- CPUref: [Bitset { bits: 255 }, Bitset { bits: 255 }, Bitset { bits: 255 }, Bitset { bits: 255 }]
[✅] finite = true -- CPUref: true
[✅] mm[0..4] = [Bitset { bits: 24 }, Bitset { bits: 66 }, Bitset { bits: 108 }, Bitset { bits: 150 }] -- CPUref: [Bitset { bits: 24 }, Bitset { bits: 66 }, Bitset { bits: 108 }, Bitset { bits: 150 }]

ops_matrix completed

=== Example: prefix_table ===
==> cargo run --package openinfer --example prefix_table --features avx2 -- --target avx2
0 7f592e68-034f-40a9-b945-a2c5ff7225fe [entry] -- op add(x,W[0]) >> y -- (0ms 0us 0ns)
1 b5812a2b-c044-478f-8e74-9225621fc410 [entry] -- op add(y,W[1]) >> y -- (0ms 0us 0ns)
2 dc214008-bddc-4a7c-8f44-c9edc3593576 [entry] -- op add(y,W[2]) >> y -- (0ms 0us 0ns)
3 d4555331-92b6-499d-89a5-59b13cc11c43 [entry] -- op add(y,W[3]) >> y -- (0ms 0us 0ns)
4 8fba2ec6-c395-4d05-b4e6-e48d4240095b [entry] -- op add(y,W[4]) >> y -- (0ms 0us 0ns)
5 a20a9eeb-49c0-4280-a5ef-f975be69c9a0 [entry] -- op add(y,W[5]) >> y -- (0ms 0us 0ns)
6 297a4502-1a86-42ba-9f0f-86f19f16843f [entry] -- op add(y,W[6]) >> y -- (0ms 0us 0ns)
7 aecd46ff-88cb-4b43-9d50-e7fe70fc157d [entry] -- op add(y,W[7]) >> y -- (0ms 0us 0ns)
8 a5ea2481-1dad-4f79-bac0-d10e2bf15923 [entry] -- op add(y,W[8]) >> y -- (0ms 0us 0ns)
9 f7468c2c-7856-442f-b741-a0f1ad1859d5 [entry] -- op add(y,W[9]) >> y -- (0ms 0us 0ns)
10 3daeb07f-c8d8-43e4-a1c8-ab1faaed4ee8 [entry] -- op add(y,W[10]) >> y -- (0ms 0us 0ns)
11 3678da8e-b07e-4aed-84a2-a9277ea6edbc [entry] -- op add(y,QKV[0, 0]) >> y -- (0ms 0us 0ns)
12 ac131f54-3117-4f7b-b0ca-187f018fa888 [entry] -- op add(y,QKV[1, 2]) >> y -- (0ms 0us 0ns)
13 f9172969-a598-4ab1-bddf-749ffe2a7901 [entry] -- return
y[0..8] = [5.516369, -4.764134, 7.4285374, 1.0918117, -1.9848148, 1.5925673, 2.024328, -2.8601072]

=== Example: reference ===
==> cargo run --package openinfer --example reference --features avx2 -- --target avx2
out[0..8] = [-0.05902803, -2.334038, -0.88252354, -0.32670987, -2.3555837, -1.8749657, 0.62715816, 0.058831856]

=== Example: relu ===
==> cargo run --package openinfer --example relu --features avx2 -- --target avx2
relu settings: negative_slope=0.1, clamp_max=6
y[0..100] = [1.8087559, 1.3866806, 0.33173323, 1.6407619, 1.8560529, -0.28449327, 1.0288668, 0.504956, 2.2237687, -0.14269765, -0.22630219, 1.6319218, -0.25778076, -0.16878188, 1.7343187, 1.7622814, 0.7043607, 1.4960308, 0.1809287, 2.8136268, 2.0998993, 2.9779043, -0.1305167, -0.21637416, -0.27227134, -0.23228101, 2.9434233, 2.7890148, -0.1764123, -0.27036002, -0.041639637, -0.04457877, 0.91124296, -0.023652172, -0.18529692, 2.5455766, 2.9726543, -0.16377567, -0.06218157, 0.355994, 1.1154256, -0.20676656, 1.3259244, 2.012998, -0.021246552, -0.17725495, -0.2545968, 0.01877594, 2.282072, 0.8264966, 1.4845295, -0.012690306, -0.09335108, 2.256463, 1.76158, 2.2239628, 1.3917851, -0.26206112, 2.5514503, 2.9213443, -0.20307016, -0.1699215, -0.037825037, 2.8623204, -0.12176698, 2.5046635, -0.06706577, 1.063221, -0.07252431, -0.290985, 1.9118886, -0.25846705, 2.1355586, 0.70892763, 1.2049804, 0.6826155, 1.0299454, 1.7114267, -0.105031334, 0.995332, 2.1877937, -0.24935618, 1.8969593, -0.24962132, 2.7286143, 0.11227131, 2.1660914, 1.5176282, -0.14764471, 2.2066464, -0.20054439, -0.24743715, -0.15855315, -0.08932676, 2.3872929, -0.18758875, 2.310967, 0.13465309, 0.73882604, 2.8600612]

=== Example: serialize ===
==> cargo run --package openinfer --example serialize --features avx2 -- --target avx2

=== Example: trace_example ===
==> cargo run --package openinfer --example trace_example --features avx2 -- --target avx2
0 bea162b0-06b8-46c9-8f8d-bc4d1ad37223 [entry] -- assign t0
1 d3d30419-c8fa-4726-a329-a42532dffe4a [entry] -- op add(x,a) >> t0 -- (0ms 7us 802ns)
2 def8c925-859a-4d4d-a9ea-1ee868085e78 [entry] -- op mul(y,t0) >> y -- (0ms 7us 235ns)
3 ebe1521b-5367-4894-8ffc-26492f4e1103 [entry] -- return

All Rust examples completed successfully.
