Running Rust examples (18)...
=== Example: branching_bad ===
==> cargo run --package openinfer --example branching_bad --features avx -- --target avx
0 63a45b56-13af-437e-9130-9307d4bbd08c [entry] -- op matmul(x,w) >> h -- (268ms 769us 845ns)
1 841bb4b3-4df1-44b8-924b-cd510afa1144 [entry] -- op is_finite(h) >> cond -- (0ms 0us 747ns)
7 c38b5ca8-95b9-4028-a8e3-8b587e776b66 [bad] -- op fill(h) >> h -- (0ms 681us 573ns)
8 6bb82af7-589a-48e8-acfa-ed6e44e84aa7 [bad] -- return
9 4dd9ffc9-ed99-4a25-bcf0-82a055414370 [algorithm] -- op add(h,x) >> h -- (0ms 891us 967ns)
10 fc213b98-600d-4448-a6bd-2c8492245b54 [algorithm] -- return
4 6d96d4a9-c383-42f0-b1aa-9235f7b19b85 [entry] -- return
branch condition: false
h[0..100] = [NaN, -1.6191635, 1.9223928, -0.5900496, -1.4298182, -1.2646194, 0.81199145, -0.29402804, 0.40900683, -1.0378484, -1.3911409, -0.3824942, -0.39965796, -0.5789803, 1.9948573, 0.57005286, -1.9125714, -0.07803035, -0.7567271, 1.8490815, 0.12245965, 0.08744073, -0.049154043, 0.1809628, 1.7674994, 1.7445683, -1.5426888, 1.6718054, 1.310194, -1.372572, 0.15709949, 0.45003772, 0.37553525, 1.013504, -1.0684189, 0.7961166, -0.7092413, 1.6136756, 1.8817787, -0.71331155, 0.50361085, 0.3119042, -0.9204968, 1.575788, -1.4955177, -1.25213, 1.9723754, -1.0020918, -1.9858856, 1.2910538, 1.080719, 1.0460563, 1.1128011, 0.992995, 0.743531, 0.39066052, -0.26690888, -1.9280562, 1.7468729, -0.2523806, -1.3370771, 1.6038256, 1.7167454, 1.2041135, 1.220151, -0.016360521, -0.579975, 0.8463018, -0.5428113, 1.3154616, 1.7843723, -1.3906889, -1.0405134, 1.357729, -1.5992846, 0.31235576, -1.147106, -1.2236832, -1.094735, 0.92385936, 0.67897296, -1.4407067, -0.95826185, 1.569963, 1.6063905, 1.6889081, 0.8055761, 1.8530431, -0.5621623, 0.15377927, 0.73950124, 1.6642103, 1.7946639, -0.29309535, 1.7243066, 0.33243966, -0.64327705, 0.7116773, 1.7865682, 1.7103577]

=== Example: branching_good ===
==> cargo run --package openinfer --example branching_good --features avx -- --target avx
0 56174746-1916-4edf-8c2c-c5deec5ed2f5 [entry] -- op matmul(x,w) >> h -- (261ms 788us 889ns)
1 85713df8-67ca-4081-8417-50e88a2df3ba [entry] -- op is_finite(h) >> cond -- (0ms 350us 259ns)
5 6b5a5a52-fb15-4f63-9f63-bfd5b7e595aa [ok] -- op relu(h) >> h -- (0ms 901us 39ns)
6 2efe5ebe-daaa-40fe-af29-fa0cfb065626 [ok] -- return
9 2f7a0ce6-41c9-4037-b96c-8acf83812be6 [algorithm] -- op add(h,x) >> h -- (0ms 724us 254ns)
10 f6ff7a79-867c-4e94-9917-71bf94571d6d [algorithm] -- return
4 c4ed4b76-a3cc-4329-a4b9-b69e16225245 [entry] -- return
branch condition: true
h[0..100] = [2.0239592, -1.6191635, 2.7444534, -0.5900496, -1.4298182, 1.6507215, 0.81199145, 5.764553, 1.9409258, 5.648092, -1.3911409, 11.957924, 7.077615, -0.5789803, 5.310196, 0.57005286, 5.915538, 15.66467, 3.7640586, 1.8490815, 0.12245965, 2.1702785, 2.8210366, 0.1809628, 1.7674994, 5.9436984, -1.5426888, 13.82932, 2.0954661, -1.372572, 0.15709949, 0.45003772, 0.37553525, 1.013504, -0.46800947, 6.217969, 1.3188826, 12.470707, 7.3582306, -0.71331155, 0.50361085, 7.3153553, -0.9204968, 4.689171, 11.087003, 1.5467954, 1.9723754, -1.0020918, -1.9858856, 4.1264586, 1.080719, 1.5935211, 6.7715373, 5.6089125, 6.0948067, 0.39066052, 16.165125, -1.9280562, 1.7468729, -0.2523806, -1.3370771, 8.58633, 1.7167454, 12.462051, 1.220151, 16.234507, -0.579975, 4.768346, -0.40354446, 1.3154616, 6.3475823, 3.9559436, 4.105328, 8.369709, -1.5992846, 13.363926, -0.28400576, -1.2236832, -1.094735, 10.961312, 5.7909937, 3.2890692, 2.8219156, 1.569963, 1.6063905, 3.0355768, 10.785418, 1.8530431, 11.274473, 0.15377927, 7.9682093, 1.6642103, 5.866636, 2.9095628, 1.7243066, 0.33243966, -0.64327705, 12.276399, 1.7865682, 1.7103577]

=== Example: cache_auto_dim ===
==> cargo run --package openinfer --example cache_auto_dim --features avx -- --target avx
step 1 L shape = [5, 4]
step 1 M shape = [2, 7]
step 1 N shape = [7, 2]

step 2 L shape = [8, 6]
step 2 M shape = [2, 12]
step 2 N shape = [12, 2]

step 3 L shape = [11, 8]
step 3 M shape = [2, 17]
step 3 N shape = [17, 2]

=== Example: cache_fixed_limit ===
==> cargo run --package openinfer --example cache_fixed_limit --features avx -- --target avx
Expected cache limit error: auto_dim M exceeds fixed max 4 for 0

=== Example: cache_scalar ===
==> cargo run --package openinfer --example cache_scalar --features avx -- --target avx
step 0 read = 0
step 1 read = 1

=== Example: cache_table ===
==> cargo run --package openinfer --example cache_table --features avx -- --target avx
out_full shape = [3, 4]
out_slice shape = [2, 4]
out_reset[0..8] = [0.64990544, 0.94848967, 0.59415936, 0.3824712, 0.0, 0.0, 0.0, 0.0]

=== Example: cache_weight_update ===
==> cargo run --package openinfer --example cache_weight_update --features avx -- --target avx
step 1 out[0..4] = [0.31340373, -0.7802436, 1.0227059, -0.38774607]
step 2 out[0..4] = [0.62680745, -1.5604872, 2.0454118, -0.7754921]

=== Example: deserialize ===
==> cargo run --package openinfer --example deserialize --features avx -- --target avx
0 efbc8721-4213-45a6-b42c-e96dde106fc0 [entry] -- assign t0
1 f2bd0896-5e79-48c0-a31e-6b32c6bf0125 [entry] -- op add(x,a) >> t0 -- (0ms 0us 0ns)
2 71cc0b19-cfbb-4f64-97fb-21d5f0c11d96 [entry] -- op mul(y,t0) >> y -- (0ms 0us 0ns)
3 29d5f06d-ebc6-477b-b0fa-813b233f1c34 [entry] -- return
y[0..100] = [30.264147, 27.615976, 1.9704801, 31.83252, 29.052525, -48.182278, 20.4248, 7.507924, 37.558743, -28.50735, -35.1819, 27.580126, -44.666138, -25.246027, 26.937254, 28.90633, 8.0797615, 23.964973, 0.05002767, 44.516903, 37.50197, 47.43583, -21.900875, -31.254988, -40.761982, -36.465603, 49.469322, 44.252487, -32.795532, -40.36075, -6.7792597, -11.271144, 16.422276, -1.1752007, -29.752789, 46.59925, 44.940166, -27.010052, -10.770239, 1.5567281, 20.003702, -30.934765, 23.028147, 31.150932, -0.14228255, -29.447533, -42.323906, 2.8432312, 34.513756, 16.971205, 26.575024, 0.75591534, -18.642351, 40.631363, 26.2729, 32.881565, 26.748686, -40.06402, 46.28954, 48.408157, -36.104546, -33.249332, -4.846969, 49.904427, -16.938805, 39.563164, -14.025449, 19.113659, -9.0368395, -43.860786, 28.370054, -43.25571, 39.53979, 11.042625, 20.978024, 6.621832, 18.90035, 32.71466, -14.236973, 20.444061, 38.066776, -44.103844, 34.30115, -44.486805, 48.789642, -2.5016356, 39.35639, 21.938873, -25.855982, 34.94481, -31.510696, -44.453808, -27.462963, -19.82955, 37.413155, -32.052902, 34.575325, 3.5758142, 11.11801, 49.920616]

=== Example: graph_nodes_traverse ===
==> cargo run --package openinfer --example graph_nodes_traverse --features avx -- --target avx
y={5.00, 5.00 ... 5.00, 5.00}      -- [Assign] entry ::  ()
y={5.00, 5.00 ... 5.00, 5.00}      -- [OpExecute] entry :: add (0ms 8us 628ns)
y={30.26, 27.62 ... 33.23, -39.93} -- [OpExecute] entry :: mul (0ms 8us 33ns)
y={30.26, 27.62 ... 33.23, -39.93} -- [Return] entry ::  ()

=== Example: loop ===
==> cargo run --package openinfer --example loop --features avx -- --target avx
0 96cb78ae-d4fb-40f0-86fb-8baf3de5203c [entry] -- op add(x,QKV[0, 0]) >> y -- (0ms 0us 0ns)
1 76e281ea-0327-44aa-82c8-882e22603b60 [entry] -- op add(y,QKV[l=0, h=0]) >> y -- (0ms 0us 0ns)
1 76e281ea-0327-44aa-82c8-882e22603b60 [entry] -- op add(y,QKV[l=0, h=1]) >> y -- (0ms 0us 0ns)
1 76e281ea-0327-44aa-82c8-882e22603b60 [entry] -- op add(y,QKV[l=0, h=2]) >> y -- (0ms 0us 0ns)
1 76e281ea-0327-44aa-82c8-882e22603b60 [entry] -- op add(y,QKV[l=1, h=0]) >> y -- (0ms 0us 0ns)
1 76e281ea-0327-44aa-82c8-882e22603b60 [entry] -- op add(y,QKV[l=1, h=1]) >> y -- (0ms 0us 0ns)
1 76e281ea-0327-44aa-82c8-882e22603b60 [entry] -- op add(y,QKV[l=1, h=2]) >> y -- (0ms 0us 0ns)
4 f2a52b5e-a131-45b3-9e6e-ca8278620f9e [entry] -- return
y[0..8] = [-2.7829034, 2.3224664, -0.26026878, -4.221941, 1.1039405, 0.055676937, -0.09576627, 4.407773]

=== Example: minimal ===
==> cargo run --package openinfer --example minimal --features avx -- --target avx
y[0..100] = [30.264147, 27.615976, 1.9704801, 31.83252, 29.052525, -48.182278, 20.4248, 7.507924, 37.558743, -28.50735, -35.1819, 27.580126, -44.666138, -25.246027, 26.937254, 28.90633, 8.0797615, 23.964973, 0.05002767, 44.516903, 37.50197, 47.43583, -21.900875, -31.254988, -40.761982, -36.465603, 49.469322, 44.252487, -32.795532, -40.36075, -6.7792597, -11.271144, 16.422276, -1.1752007, -29.752789, 46.59925, 44.940166, -27.010052, -10.770239, 1.5567281, 20.003702, -30.934765, 23.028147, 31.150932, -0.14228255, -29.447533, -42.323906, 2.8432312, 34.513756, 16.971205, 26.575024, 0.75591534, -18.642351, 40.631363, 26.2729, 32.881565, 26.748686, -40.06402, 46.28954, 48.408157, -36.104546, -33.249332, -4.846969, 49.904427, -16.938805, 39.563164, -14.025449, 19.113659, -9.0368395, -43.860786, 28.370054, -43.25571, 39.53979, 11.042625, 20.978024, 6.621832, 18.90035, 32.71466, -14.236973, 20.444061, 38.066776, -44.103844, 34.30115, -44.486805, 48.789642, -2.5016356, 39.35639, 21.938873, -25.855982, 34.94481, -31.510696, -44.453808, -27.462963, -19.82955, 37.413155, -32.052902, 34.575325, 3.5758142, 11.11801, 49.920616]

=== Example: multidim_broadcast ===
==> cargo run --package openinfer --example multidim_broadcast --features avx -- --target avx
out shape = [2, 4]
out[] = [0.0, 0.11, 0.22, 0.33, 0.8, 1.02, 1.24, 1.4599999]
out[0] = [0.0, 0.11, 0.22, 0.33]
out[1] = [0.8, 1.02, 1.24, 1.4599999]
out[1,3] = [1.4599999]

=== Example: ops_matrix ===
==> cargo run --package openinfer --example ops_matrix --features avx -- --target avx
=== i8 ===
[✅] add[0..4] = [-5, -3, -1, 1] -- CPUref: [-5, -3, -1, 1]
[✅] mul[0..4] = [4, 0, -2, -2] -- CPUref: [4, 0, -2, -2]
[✅] abs[0..4] = [4, 3, 2, 1] -- CPUref: [4, 3, 2, 1]
[✅] relu[0..4] = [0, 0, 0, 0] -- CPUref: [0, 0, 0, 0]
[✅] fill[0..4] = [1, 1, 1, 1] -- CPUref: [1, 1, 1, 1]
[✅] finite = true -- CPUref: true
[✅] mm[0..4] = [-1, -4, -7, -10] -- CPUref: [-1, -4, -7, -10]

=== i16 ===
[✅] add[0..4] = [-5, -3, -1, 1] -- CPUref: [-5, -3, -1, 1]
[✅] mul[0..4] = [4, 0, -2, -2] -- CPUref: [4, 0, -2, -2]
[✅] abs[0..4] = [4, 3, 2, 1] -- CPUref: [4, 3, 2, 1]
[✅] relu[0..4] = [0, 0, 0, 0] -- CPUref: [0, 0, 0, 0]
[✅] fill[0..4] = [1, 1, 1, 1] -- CPUref: [1, 1, 1, 1]
[✅] finite = true -- CPUref: true
[✅] mm[0..4] = [-1, -4, -7, -10] -- CPUref: [-1, -4, -7, -10]

=== i32 ===
[✅] add[0..4] = [-5, -3, -1, 1] -- CPUref: [-5, -3, -1, 1]
[✅] mul[0..4] = [4, 0, -2, -2] -- CPUref: [4, 0, -2, -2]
[✅] abs[0..4] = [4, 3, 2, 1] -- CPUref: [4, 3, 2, 1]
[✅] relu[0..4] = [0, 0, 0, 0] -- CPUref: [0, 0, 0, 0]
[✅] fill[0..4] = [1, 1, 1, 1] -- CPUref: [1, 1, 1, 1]
[✅] finite = true -- CPUref: true
[✅] mm[0..4] = [-1, -4, -7, -10] -- CPUref: [-1, -4, -7, -10]

=== i64 ===
[✅] add[0..4] = [-5, -3, -1, 1] -- CPUref: [-5, -3, -1, 1]
[✅] mul[0..4] = [4, 0, -2, -2] -- CPUref: [4, 0, -2, -2]
[✅] abs[0..4] = [4, 3, 2, 1] -- CPUref: [4, 3, 2, 1]
[✅] relu[0..4] = [0, 0, 0, 0] -- CPUref: [0, 0, 0, 0]
[✅] fill[0..4] = [1, 1, 1, 1] -- CPUref: [1, 1, 1, 1]
[✅] finite = true -- CPUref: true
[✅] mm[0..4] = [-1, -4, -7, -10] -- CPUref: [-1, -4, -7, -10]

=== u8 ===
[✅] add[0..4] = [1, 3, 5, 7] -- CPUref: [1, 3, 5, 7]
[✅] mul[0..4] = [0, 2, 6, 12] -- CPUref: [0, 2, 6, 12]
[✅] abs[0..4] = [0, 1, 2, 3] -- CPUref: [0, 1, 2, 3]
[✅] relu[0..4] = [0, 1, 2, 2] -- CPUref: [0, 1, 2, 2]
[✅] fill[0..4] = [1, 1, 1, 1] -- CPUref: [1, 1, 1, 1]
[✅] finite = true -- CPUref: true
[✅] mm[0..4] = [23, 26, 29, 32] -- CPUref: [23, 26, 29, 32]

=== u16 ===
[✅] add[0..4] = [1, 3, 5, 7] -- CPUref: [1, 3, 5, 7]
[✅] mul[0..4] = [0, 2, 6, 12] -- CPUref: [0, 2, 6, 12]
[✅] abs[0..4] = [0, 1, 2, 3] -- CPUref: [0, 1, 2, 3]
[✅] relu[0..4] = [0, 1, 2, 2] -- CPUref: [0, 1, 2, 2]
[✅] fill[0..4] = [1, 1, 1, 1] -- CPUref: [1, 1, 1, 1]
[✅] finite = true -- CPUref: true
[✅] mm[0..4] = [23, 26, 29, 32] -- CPUref: [23, 26, 29, 32]

=== u32 ===
[✅] add[0..4] = [1, 3, 5, 7] -- CPUref: [1, 3, 5, 7]
[✅] mul[0..4] = [0, 2, 6, 12] -- CPUref: [0, 2, 6, 12]
[✅] abs[0..4] = [0, 1, 2, 3] -- CPUref: [0, 1, 2, 3]
[✅] relu[0..4] = [0, 1, 2, 2] -- CPUref: [0, 1, 2, 2]
[✅] fill[0..4] = [1, 1, 1, 1] -- CPUref: [1, 1, 1, 1]
[✅] finite = true -- CPUref: true
[✅] mm[0..4] = [23, 26, 29, 32] -- CPUref: [23, 26, 29, 32]

=== u64 ===
[✅] add[0..4] = [1, 3, 5, 7] -- CPUref: [1, 3, 5, 7]
[✅] mul[0..4] = [0, 2, 6, 12] -- CPUref: [0, 2, 6, 12]
[✅] abs[0..4] = [0, 1, 2, 3] -- CPUref: [0, 1, 2, 3]
[✅] relu[0..4] = [0, 1, 2, 2] -- CPUref: [0, 1, 2, 2]
[✅] fill[0..4] = [1, 1, 1, 1] -- CPUref: [1, 1, 1, 1]
[✅] finite = true -- CPUref: true
[✅] mm[0..4] = [23, 26, 29, 32] -- CPUref: [23, 26, 29, 32]

=== f16 ===
[✅] add[0..4] = [F16 { bits: 48640 }, F16 { bits: 47104 }, F16 { bits: 14336 }, F16 { bits: 15872 }] -- CPUref: [F16 { bits: 48640 }, F16 { bits: 47104 }, F16 { bits: 14336 }, F16 { bits: 15872 }]
[✅] mul[0..4] = [F16 { bits: 48128 }, F16 { bits: 48640 }, F16 { bits: 48640 }, F16 { bits: 48128 }] -- CPUref: [F16 { bits: 48128 }, F16 { bits: 48640 }, F16 { bits: 48640 }, F16 { bits: 48128 }]
[✅] abs[0..4] = [F16 { bits: 16384 }, F16 { bits: 15872 }, F16 { bits: 15360 }, F16 { bits: 14336 }] -- CPUref: [F16 { bits: 16384 }, F16 { bits: 15872 }, F16 { bits: 15360 }, F16 { bits: 14336 }]
[✅] relu[0..4] = [F16 { bits: 45670 }, F16 { bits: 45261 }, F16 { bits: 44646 }, F16 { bits: 43622 }] -- CPUref: [F16 { bits: 45670 }, F16 { bits: 45261 }, F16 { bits: 44646 }, F16 { bits: 43622 }]
[✅] fill[0..4] = [F16 { bits: 15360 }, F16 { bits: 15360 }, F16 { bits: 15360 }, F16 { bits: 15360 }] -- CPUref: [F16 { bits: 15360 }, F16 { bits: 15360 }, F16 { bits: 15360 }, F16 { bits: 15360 }]
[✅] finite = true -- CPUref: true
[✅] mm[0..4] = [F16 { bits: 49600 }, F16 { bits: 49888 }, F16 { bits: 50176 }, F16 { bits: 50320 }] -- CPUref: [F16 { bits: 49600 }, F16 { bits: 49888 }, F16 { bits: 50176 }, F16 { bits: 50320 }]

=== f32 ===
[✅] add[0..4] = [-1.5, -0.5, 0.5, 1.5] -- CPUref: [-1.5, -0.5, 0.5, 1.5]
[✅] mul[0..4] = [-1.0, -1.5, -1.5, -1.0] -- CPUref: [-1.0, -1.5, -1.5, -1.0]
[✅] abs[0..4] = [2.0, 1.5, 1.0, 0.5] -- CPUref: [2.0, 1.5, 1.0, 0.5]
[✅] relu[0..4] = [-0.2, -0.15, -0.1, -0.05] -- CPUref: [-0.2, -0.15, -0.1, -0.05]
[✅] fill[0..4] = [1.0, 1.0, 1.0, 1.0] -- CPUref: [1.0, 1.0, 1.0, 1.0]
[✅] finite = true -- CPUref: true
[✅] mm[0..4] = [-2.875, -3.4375, -4.0, -4.5625] -- CPUref: [-2.875, -3.4375, -4.0, -4.5625]

=== f64 ===
[✅] add[0..4] = [-1.5, -0.5, 0.5, 1.5] -- CPUref: [-1.5, -0.5, 0.5, 1.5]
[✅] mul[0..4] = [-1.0, -1.5, -1.5, -1.0] -- CPUref: [-1.0, -1.5, -1.5, -1.0]
[✅] abs[0..4] = [2.0, 1.5, 1.0, 0.5] -- CPUref: [2.0, 1.5, 1.0, 0.5]
[✅] relu[0..4] = [-0.20000000298023224, -0.15000000223517418, -0.10000000149011612, -0.05000000074505806] -- CPUref: [-0.20000000298023224, -0.15000000223517418, -0.10000000149011612, -0.05000000074505806]
[✅] fill[0..4] = [1.0, 1.0, 1.0, 1.0] -- CPUref: [1.0, 1.0, 1.0, 1.0]
[✅] finite = true -- CPUref: true
[✅] mm[0..4] = [-2.875, -3.4375, -4.0, -4.5625] -- CPUref: [-2.875, -3.4375, -4.0, -4.5625]

=== bool ===
[✅] add[0..4] = [true, false, true, true] -- CPUref: [true, false, true, true]
[✅] mul[0..4] = [true, false, false, false] -- CPUref: [true, false, false, false]
[✅] abs[0..4] = [true, false, true, false] -- CPUref: [true, false, true, false]
[✅] relu[0..4] = [true, false, true, false] -- CPUref: [true, false, true, false]
[✅] fill[0..4] = [true, true, true, true] -- CPUref: [true, true, true, true]
[✅] finite = true -- CPUref: true
[✅] mm[0..4] = [true, true, false, true] -- CPUref: [true, true, false, true]

=== bitset ===
[✅] add[0..4] = [Bitset { bits: 0 }, Bitset { bits: 8 }, Bitset { bits: 16 }, Bitset { bits: 24 }] -- CPUref: [Bitset { bits: 0 }, Bitset { bits: 8 }, Bitset { bits: 16 }, Bitset { bits: 24 }]
[✅] mul[0..4] = [Bitset { bits: 0 }, Bitset { bits: 15 }, Bitset { bits: 60 }, Bitset { bits: 135 }] -- CPUref: [Bitset { bits: 0 }, Bitset { bits: 15 }, Bitset { bits: 60 }, Bitset { bits: 135 }]
[✅] abs[0..4] = [Bitset { bits: 0 }, Bitset { bits: 3 }, Bitset { bits: 6 }, Bitset { bits: 9 }] -- CPUref: [Bitset { bits: 0 }, Bitset { bits: 3 }, Bitset { bits: 6 }, Bitset { bits: 9 }]
[✅] relu[0..4] = [Bitset { bits: 0 }, Bitset { bits: 2 }, Bitset { bits: 2 }, Bitset { bits: 2 }] -- CPUref: [Bitset { bits: 0 }, Bitset { bits: 2 }, Bitset { bits: 2 }, Bitset { bits: 2 }]
[✅] fill[0..4] = [Bitset { bits: 255 }, Bitset { bits: 255 }, Bitset { bits: 255 }, Bitset { bits: 255 }] -- CPUref: [Bitset { bits: 255 }, Bitset { bits: 255 }, Bitset { bits: 255 }, Bitset { bits: 255 }]
[✅] finite = true -- CPUref: true
[✅] mm[0..4] = [Bitset { bits: 24 }, Bitset { bits: 66 }, Bitset { bits: 108 }, Bitset { bits: 150 }] -- CPUref: [Bitset { bits: 24 }, Bitset { bits: 66 }, Bitset { bits: 108 }, Bitset { bits: 150 }]

ops_matrix completed

=== Example: prefix_table ===
==> cargo run --package openinfer --example prefix_table --features avx -- --target avx
0 bb345034-04b7-4381-a949-236dead7161d [entry] -- op add(x,W[0]) >> y -- (0ms 0us 0ns)
1 499269b5-b083-47f5-b97f-aeaada35121d [entry] -- op add(y,W[1]) >> y -- (0ms 0us 0ns)
2 7f80253f-7c62-4253-9205-4b1f3b19f2f2 [entry] -- op add(y,W[2]) >> y -- (0ms 0us 0ns)
3 38c4acf6-01bc-4d38-8ad1-c3f6a1c22181 [entry] -- op add(y,W[3]) >> y -- (0ms 0us 0ns)
4 bdadadb4-9dee-44b2-99a4-2bcf340edf4c [entry] -- op add(y,W[4]) >> y -- (0ms 0us 0ns)
5 892c6227-1fc3-4b2a-9baf-c8d0868564c3 [entry] -- op add(y,W[5]) >> y -- (0ms 0us 0ns)
6 7c3e9542-661c-4484-a259-0d54bef754b9 [entry] -- op add(y,W[6]) >> y -- (0ms 0us 0ns)
7 9228e477-fad9-407f-a577-3ae9ead4752c [entry] -- op add(y,W[7]) >> y -- (0ms 0us 0ns)
8 bc3fe8ac-3a3d-4425-b9d9-ec6dad193460 [entry] -- op add(y,W[8]) >> y -- (0ms 0us 0ns)
9 19d1f0d3-9aec-4f2c-9544-35f91ccbb922 [entry] -- op add(y,W[9]) >> y -- (0ms 0us 0ns)
10 9280a2d5-d5c6-4926-a32b-8b987e22489e [entry] -- op add(y,W[10]) >> y -- (0ms 0us 0ns)
11 b82ea11c-7a7b-4090-9bd7-abcd207c0fb3 [entry] -- op add(y,QKV[0, 0]) >> y -- (0ms 0us 0ns)
12 258f9a33-a8d8-4c49-891f-8354d4067f7b [entry] -- op add(y,QKV[1, 2]) >> y -- (0ms 0us 0ns)
13 add4b56c-bafa-4af7-8ab1-baf1df179f35 [entry] -- return
y[0..8] = [5.516369, -4.764134, 7.4285374, 1.0918117, -1.9848148, 1.5925673, 2.024328, -2.8601072]

=== Example: reference ===
==> cargo run --package openinfer --example reference --features avx -- --target avx
out[0..8] = [-0.05902803, -2.334038, -0.88252354, -0.32670987, -2.3555837, -1.8749657, 0.62715816, 0.058831856]

=== Example: relu ===
==> cargo run --package openinfer --example relu --features avx -- --target avx
relu settings: negative_slope=0.1, clamp_max=6
y[0..100] = [1.8087559, 1.3866806, 0.33173323, 1.6407619, 1.8560529, -0.28449327, 1.0288668, 0.504956, 2.2237687, -0.14269765, -0.22630219, 1.6319218, -0.25778076, -0.16878188, 1.7343187, 1.7622814, 0.7043607, 1.4960308, 0.1809287, 2.8136268, 2.0998993, 2.9779043, -0.1305167, -0.21637416, -0.27227134, -0.23228101, 2.9434233, 2.7890148, -0.1764123, -0.27036002, -0.041639637, -0.04457877, 0.91124296, -0.023652172, -0.18529692, 2.5455766, 2.9726543, -0.16377567, -0.06218157, 0.355994, 1.1154256, -0.20676656, 1.3259244, 2.012998, -0.021246552, -0.17725495, -0.2545968, 0.01877594, 2.282072, 0.8264966, 1.4845295, -0.012690306, -0.09335108, 2.256463, 1.76158, 2.2239628, 1.3917851, -0.26206112, 2.5514503, 2.9213443, -0.20307016, -0.1699215, -0.037825037, 2.8623204, -0.12176698, 2.5046635, -0.06706577, 1.063221, -0.07252431, -0.290985, 1.9118886, -0.25846705, 2.1355586, 0.70892763, 1.2049804, 0.6826155, 1.0299454, 1.7114267, -0.105031334, 0.995332, 2.1877937, -0.24935618, 1.8969593, -0.24962132, 2.7286143, 0.11227131, 2.1660914, 1.5176282, -0.14764471, 2.2066464, -0.20054439, -0.24743715, -0.15855315, -0.08932676, 2.3872929, -0.18758875, 2.310967, 0.13465309, 0.73882604, 2.8600612]

=== Example: serialize ===
==> cargo run --package openinfer --example serialize --features avx -- --target avx

=== Example: trace_example ===
==> cargo run --package openinfer --example trace_example --features avx -- --target avx
0 d58aadc5-fb55-45e8-a1f9-551bb09c99b4 [entry] -- assign t0
1 662a9a7d-b1f7-4043-bd96-4a3ab3a302aa [entry] -- op add(x,a) >> t0 -- (0ms 8us 692ns)
2 abfa2b46-d0de-4040-ae85-c5b3018ea1c3 [entry] -- op mul(y,t0) >> y -- (0ms 7us 947ns)
3 6af0f224-1661-4b50-ab49-c35b86f90395 [entry] -- return

All Rust examples completed successfully.
